[GA] start pop=400 gen=300 mut=0.15 customers=10 trucks=2 drones=2
[GA] gen=-1 feasible=400/400 bestFitness=182 bestCmax=182 bestPenalty=0 avgFitness=229.542
[GA] gen=0 feasible=332/400 bestFitness=182 bestCmax=182 bestPenalty=0 avgFitness=11088.4 children=399 twoPoint=197 mutCustomer=65 mutDrone=100 globalBestCmax=182 globalBestPenalty=0 globalBestFeasible=1
[GA] gen=1 feasible=297/400 bestFitness=181 bestCmax=181 bestPenalty=0 avgFitness=13158.9 children=399 twoPoint=201 mutCustomer=64 mutDrone=102 globalBestCmax=181 globalBestPenalty=0 globalBestFeasible=1
[GA] gen=2 feasible=273/400 bestFitness=181 bestCmax=181 bestPenalty=0 avgFitness=13456.7 children=399 twoPoint=212 mutCustomer=49 mutDrone=100 globalBestCmax=181 globalBestPenalty=0 globalBestFeasible=1
[GA] gen=3 feasible=272/400 bestFitness=181 bestCmax=181 bestPenalty=0 avgFitness=15328.3 children=399 twoPoint=191 mutCustomer=64 mutDrone=99 globalBestCmax=181 globalBestPenalty=0 globalBestFeasible=1
[GA] gen=4 feasible=259/400 bestFitness=156 bestCmax=156 bestPenalty=0 avgFitness=14452.7 children=399 twoPoint=191 mutCustomer=52 mutDrone=101 globalBestCmax=156 globalBestPenalty=0 globalBestFeasible=1
[GA] gen=5 feasible=247/400 bestFitness=156 bestCmax=156 bestPenalty=0 avgFitness=15749.8 children=399 twoPoint=194 mutCustomer=44 mutDrone=103 globalBestCmax=156 globalBestPenalty=0 globalBestFeasible=1
[GA] gen=6 feasible=203/400 bestFitness=156 bestCmax=156 bestPenalty=0 avgFitness=21496.2 children=399 twoPoint=181 mutCustomer=64 mutDrone=98 globalBestCmax=156 globalBestPenalty=0 globalBestFeasible=1
[GA] gen=7 feasible=192/400 bestFitness=156 bestCmax=156 bestPenalty=0 avgFitness=25218.8 children=399 twoPoint=187 mutCustomer=68 mutDrone=91 globalBestCmax=156 globalBestPenalty=0 globalBestFeasible=1
[GA] gen=8 feasible=181/400 bestFitness=156 bestCmax=156 bestPenalty=0 avgFitness=24642.1 children=399 twoPoint=194 mutCustomer=65 mutDrone=105 globalBestCmax=156 globalBestPenalty=0 globalBestFeasible=1
[GA] gen=9 feasible=212/400 bestFitness=156 bestCmax=156 bestPenalty=0 avgFitness=22240.8 children=399 twoPoint=195 mutCustomer=49 mutDrone=87 globalBestCmax=156 globalBestPenalty=0 globalBestFeasible=1
[GA] gen=10 feasible=182/400 bestFitness=156 bestCmax=156 bestPenalty=0 avgFitness=24964.8 children=399 twoPoint=196 mutCustomer=61 mutDrone=108 globalBestCmax=156 globalBestPenalty=0 globalBestFeasible=1
[GA] gen=11 feasible=157/400 bestFitness=156 bestCmax=156 bestPenalty=0 avgFitness=29061.3 children=399 twoPoint=187 mutCustomer=64 mutDrone=102 globalBestCmax=156 globalBestPenalty=0 globalBestFeasible=1
[GA] gen=12 feasible=168/400 bestFitness=156 bestCmax=156 bestPenalty=0 avgFitness=29434.3 children=399 twoPoint=205 mutCustomer=60 mutDrone=106 globalBestCmax=156 globalBestPenalty=0 globalBestFeasible=1
[GA] gen=13 feasible=181/400 bestFitness=156 bestCmax=156 bestPenalty=0 avgFitness=29856.9 children=399 twoPoint=180 mutCustomer=61 mutDrone=97 globalBestCmax=156 globalBestPenalty=0 globalBestFeasible=1
[GA] gen=14 feasible=182/400 bestFitness=156 bestCmax=156 bestPenalty=0 avgFitness=32503.5 children=399 twoPoint=213 mutCustomer=68 mutDrone=88 globalBestCmax=156 globalBestPenalty=0 globalBestFeasible=1
[GA] gen=15 feasible=207/400 bestFitness=156 bestCmax=156 bestPenalty=0 avgFitness=29076.1 children=399 twoPoint=208 mutCustomer=61 mutDrone=92 globalBestCmax=156 globalBestPenalty=0 globalBestFeasible=1
[GA] gen=16 feasible=231/400 bestFitness=156 bestCmax=156 bestPenalty=0 avgFitness=26395.1 children=399 twoPoint=183 mutCustomer=57 mutDrone=90 globalBestCmax=156 globalBestPenalty=0 globalBestFeasible=1
[GA] gen=17 feasible=291/400 bestFitness=156 bestCmax=156 bestPenalty=0 avgFitness=16591.1 children=399 twoPoint=201 mutCustomer=57 mutDrone=96 globalBestCmax=156 globalBestPenalty=0 globalBestFeasible=1
[GA] gen=18 feasible=306/400 bestFitness=156 bestCmax=156 bestPenalty=0 avgFitness=16562.3 children=399 twoPoint=197 mutCustomer=74 mutDrone=91 globalBestCmax=156 globalBestPenalty=0 globalBestFeasible=1
[GA] gen=19 feasible=326/400 bestFitness=156 bestCmax=156 bestPenalty=0 avgFitness=11987.3 children=399 twoPoint=201 mutCustomer=50 mutDrone=93 globalBestCmax=156 globalBestPenalty=0 globalBestFeasible=1
[GA] gen=20 feasible=312/400 bestFitness=156 bestCmax=156 bestPenalty=0 avgFitness=15411.6 children=399 twoPoint=183 mutCustomer=79 mutDrone=109 globalBestCmax=156 globalBestPenalty=0 globalBestFeasible=1
[GA] gen=21 feasible=310/400 bestFitness=156 bestCmax=156 bestPenalty=0 avgFitness=14686.1 children=399 twoPoint=209 mutCustomer=58 mutDrone=95 globalBestCmax=156 globalBestPenalty=0 globalBestFeasible=1
[GA] gen=22 feasible=336/400 bestFitness=156 bestCmax=156 bestPenalty=0 avgFitness=10885.9 children=399 twoPoint=202 mutCustomer=43 mutDrone=87 globalBestCmax=156 globalBestPenalty=0 globalBestFeasible=1
[GA] gen=23 feasible=324/400 bestFitness=156 bestCmax=156 bestPenalty=0 avgFitness=12236.9 children=399 twoPoint=210 mutCustomer=60 mutDrone=100 globalBestCmax=156 globalBestPenalty=0 globalBestFeasible=1
[GA] gen=24 feasible=319/400 bestFitness=156 bestCmax=156 bestPenalty=0 avgFitness=13337.2 children=399 twoPoint=190 mutCustomer=53 mutDrone=108 globalBestCmax=156 globalBestPenalty=0 globalBestFeasible=1
[GA] gen=25 feasible=310/400 bestFitness=156 bestCmax=156 bestPenalty=0 avgFitness=15311.6 children=399 twoPoint=200 mutCustomer=65 mutDrone=106 globalBestCmax=156 globalBestPenalty=0 globalBestFeasible=1
[GA] gen=26 feasible=304/400 bestFitness=156 bestCmax=156 bestPenalty=0 avgFitness=15412.7 children=399 twoPoint=192 mutCustomer=75 mutDrone=106 globalBestCmax=156 globalBestPenalty=0 globalBestFeasible=1
[GA] gen=27 feasible=286/400 bestFitness=156 bestCmax=156 bestPenalty=0 avgFitness=18936.5 children=399 twoPoint=198 mutCustomer=56 mutDrone=84 globalBestCmax=156 globalBestPenalty=0 globalBestFeasible=1
[GA] gen=28 feasible=296/400 bestFitness=156 bestCmax=156 bestPenalty=0 avgFitness=16886.8 children=399 twoPoint=210 mutCustomer=62 mutDrone=95 globalBestCmax=156 globalBestPenalty=0 globalBestFeasible=1
[GA] gen=29 feasible=284/400 bestFitness=156 bestCmax=156 bestPenalty=0 avgFitness=19061.3 children=399 twoPoint=199 mutCustomer=61 mutDrone=105 globalBestCmax=156 globalBestPenalty=0 globalBestFeasible=1
[GA] gen=30 feasible=271/400 bestFitness=156 bestCmax=156 bestPenalty=0 avgFitness=21461 children=399 twoPoint=196 mutCustomer=52 mutDrone=95 globalBestCmax=156 globalBestPenalty=0 globalBestFeasible=1
[GA] gen=31 feasible=257/400 bestFitness=156 bestCmax=156 bestPenalty=0 avgFitness=23337.5 children=399 twoPoint=203 mutCustomer=62 mutDrone=93 globalBestCmax=156 globalBestPenalty=0 globalBestFeasible=1
[GA] gen=32 feasible=262/400 bestFitness=156 bestCmax=156 bestPenalty=0 avgFitness=22412.1 children=399 twoPoint=209 mutCustomer=49 mutDrone=84 globalBestCmax=156 globalBestPenalty=0 globalBestFeasible=1
[GA] gen=33 feasible=274/400 bestFitness=156 bestCmax=156 bestPenalty=0 avgFitness=20486 children=399 twoPoint=214 mutCustomer=62 mutDrone=92 globalBestCmax=156 globalBestPenalty=0 globalBestFeasible=1
[GA-TS] Stagnation reached at gen=34 (30 gens stagnant). Running TS on 40 elite individuals...
[GA-TS] TS complete. New global best Cmax=141 Penalty=0 Feasible=1
[GA] gen=34 feasible=325/400 bestFitness=141 bestCmax=141 bestPenalty=0 avgFitness=12559.9 children=399 twoPoint=181 mutCustomer=59 mutDrone=87 globalBestCmax=141 globalBestPenalty=0 globalBestFeasible=1
[GA] gen=35 feasible=295/400 bestFitness=141 bestCmax=141 bestPenalty=0 avgFitness=15010.6 children=399 twoPoint=223 mutCustomer=63 mutDrone=90 globalBestCmax=141 globalBestPenalty=0 globalBestFeasible=1
[GA] gen=36 feasible=306/400 bestFitness=141 bestCmax=141 bestPenalty=0 avgFitness=13602.8 children=399 twoPoint=201 mutCustomer=70 mutDrone=105 globalBestCmax=141 globalBestPenalty=0 globalBestFeasible=1
[GA] gen=37 feasible=361/400 bestFitness=141 bestCmax=141 bestPenalty=0 avgFitness=7344.51 children=399 twoPoint=202 mutCustomer=57 mutDrone=87 globalBestCmax=141 globalBestPenalty=0 globalBestFeasible=1
[GA] gen=38 feasible=358/400 bestFitness=141 bestCmax=141 bestPenalty=0 avgFitness=8143.84 children=399 twoPoint=196 mutCustomer=59 mutDrone=96 globalBestCmax=141 globalBestPenalty=0 globalBestFeasible=1
[GA] gen=39 feasible=354/400 bestFitness=141 bestCmax=141 bestPenalty=0 avgFitness=7546.44 children=399 twoPoint=189 mutCustomer=68 mutDrone=102 globalBestCmax=141 globalBestPenalty=0 globalBestFeasible=1
[GA] gen=40 feasible=351/400 bestFitness=141 bestCmax=141 bestPenalty=0 avgFitness=9420.01 children=399 twoPoint=198 mutCustomer=61 mutDrone=96 globalBestCmax=141 globalBestPenalty=0 globalBestFeasible=1
[GA] gen=41 feasible=356/400 bestFitness=141 bestCmax=141 bestPenalty=0 avgFitness=8768.89 children=399 twoPoint=194 mutCustomer=57 mutDrone=95 globalBestCmax=141 globalBestPenalty=0 globalBestFeasible=1
[GA] gen=42 feasible=361/400 bestFitness=141 bestCmax=141 bestPenalty=0 avgFitness=7344.49 children=399 twoPoint=190 mutCustomer=59 mutDrone=92 globalBestCmax=141 globalBestPenalty=0 globalBestFeasible=1
[GA] gen=43 feasible=362/400 bestFitness=141 bestCmax=141 bestPenalty=0 avgFitness=7444.47 children=399 twoPoint=183 mutCustomer=59 mutDrone=96 globalBestCmax=141 globalBestPenalty=0 globalBestFeasible=1
[GA] gen=44 feasible=353/400 bestFitness=141 bestCmax=141 bestPenalty=0 avgFitness=8519.16 children=399 twoPoint=207 mutCustomer=54 mutDrone=101 globalBestCmax=141 globalBestPenalty=0 globalBestFeasible=1
[GA] gen=45 feasible=358/400 bestFitness=141 bestCmax=141 bestPenalty=0 avgFitness=8893.5 children=399 twoPoint=188 mutCustomer=63 mutDrone=97 globalBestCmax=141 globalBestPenalty=0 globalBestFeasible=1
[GA] gen=46 feasible=347/400 bestFitness=141 bestCmax=141 bestPenalty=0 avgFitness=10994.7 children=399 twoPoint=207 mutCustomer=66 mutDrone=94 globalBestCmax=141 globalBestPenalty=0 globalBestFeasible=1
[GA] gen=47 feasible=344/400 bestFitness=141 bestCmax=141 bestPenalty=0 avgFitness=10446.1 children=399 twoPoint=189 mutCustomer=74 mutDrone=93 globalBestCmax=141 globalBestPenalty=0 globalBestFeasible=1
[GA] gen=48 feasible=367/400 bestFitness=141 bestCmax=141 bestPenalty=0 avgFitness=6543.73 children=399 twoPoint=193 mutCustomer=51 mutDrone=87 globalBestCmax=141 globalBestPenalty=0 globalBestFeasible=1
[GA] gen=49 feasible=368/400 bestFitness=141 bestCmax=141 bestPenalty=0 avgFitness=6046.13 children=399 twoPoint=215 mutCustomer=56 mutDrone=106 globalBestCmax=141 globalBestPenalty=0 globalBestFeasible=1
[GA] gen=50 feasible=361/400 bestFitness=141 bestCmax=141 bestPenalty=0 avgFitness=8243.76 children=399 twoPoint=192 mutCustomer=58 mutDrone=82 globalBestCmax=141 globalBestPenalty=0 globalBestFeasible=1
[GA] gen=51 feasible=365/400 bestFitness=141 bestCmax=141 bestPenalty=0 avgFitness=6568.42 children=399 twoPoint=182 mutCustomer=45 mutDrone=90 globalBestCmax=141 globalBestPenalty=0 globalBestFeasible=1
[GA] gen=52 feasible=361/400 bestFitness=141 bestCmax=141 bestPenalty=0 avgFitness=7868.63 children=399 twoPoint=198 mutCustomer=58 mutDrone=76 globalBestCmax=141 globalBestPenalty=0 globalBestFeasible=1
[GA] gen=53 feasible=360/400 bestFitness=141 bestCmax=141 bestPenalty=0 avgFitness=6995.6 children=399 twoPoint=193 mutCustomer=58 mutDrone=94 globalBestCmax=141 globalBestPenalty=0 globalBestFeasible=1
[GA] gen=54 feasible=355/400 bestFitness=141 bestCmax=141 bestPenalty=0 avgFitness=9069.33 children=399 twoPoint=200 mutCustomer=62 mutDrone=94 globalBestCmax=141 globalBestPenalty=0 globalBestFeasible=1
[GA] gen=55 feasible=363/400 bestFitness=141 bestCmax=141 bestPenalty=0 avgFitness=7543.55 children=399 twoPoint=193 mutCustomer=54 mutDrone=109 globalBestCmax=141 globalBestPenalty=0 globalBestFeasible=1
[GA] gen=56 feasible=357/400 bestFitness=141 bestCmax=141 bestPenalty=0 avgFitness=7945.69 children=399 twoPoint=198 mutCustomer=66 mutDrone=118 globalBestCmax=141 globalBestPenalty=0 globalBestFeasible=1
[GA] gen=57 feasible=361/400 bestFitness=141 bestCmax=141 bestPenalty=0 avgFitness=7418.64 children=399 twoPoint=185 mutCustomer=50 mutDrone=104 globalBestCmax=141 globalBestPenalty=0 globalBestFeasible=1
[GA] gen=58 feasible=358/400 bestFitness=141 bestCmax=141 bestPenalty=0 avgFitness=8394.58 children=399 twoPoint=208 mutCustomer=59 mutDrone=89 globalBestCmax=141 globalBestPenalty=0 globalBestFeasible=1
[GA] gen=59 feasible=351/400 bestFitness=141 bestCmax=141 bestPenalty=0 avgFitness=9695.73 children=399 twoPoint=195 mutCustomer=72 mutDrone=105 globalBestCmax=141 globalBestPenalty=0 globalBestFeasible=1
[GA] gen=60 feasible=346/400 bestFitness=141 bestCmax=141 bestPenalty=0 avgFitness=11244.7 children=399 twoPoint=214 mutCustomer=78 mutDrone=110 globalBestCmax=141 globalBestPenalty=0 globalBestFeasible=1
[GA] gen=61 feasible=360/400 bestFitness=141 bestCmax=141 bestPenalty=0 avgFitness=8169.98 children=399 twoPoint=203 mutCustomer=62 mutDrone=86 globalBestCmax=141 globalBestPenalty=0 globalBestFeasible=1
[GA] gen=62 feasible=344/400 bestFitness=141 bestCmax=141 bestPenalty=0 avgFitness=10269.8 children=399 twoPoint=201 mutCustomer=67 mutDrone=106 globalBestCmax=141 globalBestPenalty=0 globalBestFeasible=1
[GA] gen=63 feasible=356/400 bestFitness=141 bestCmax=141 bestPenalty=0 avgFitness=8493.55 children=399 twoPoint=187 mutCustomer=53 mutDrone=91 globalBestCmax=141 globalBestPenalty=0 globalBestFeasible=1
[GA-TS] Stagnation reached at gen=64 (30 gens stagnant). Running TS on 40 elite individuals...
[GA-TS] TS complete. New global best Cmax=141 Penalty=0 Feasible=1
[GA] gen=64 feasible=349/400 bestFitness=141 bestCmax=141 bestPenalty=0 avgFitness=10044.8 children=399 twoPoint=217 mutCustomer=74 mutDrone=97 globalBestCmax=141 globalBestPenalty=0 globalBestFeasible=1
[GA] gen=65 feasible=351/400 bestFitness=141 bestCmax=141 bestPenalty=0 avgFitness=10394.1 children=399 twoPoint=200 mutCustomer=63 mutDrone=89 globalBestCmax=141 globalBestPenalty=0 globalBestFeasible=1
[GA] gen=66 feasible=358/400 bestFitness=141 bestCmax=141 bestPenalty=0 avgFitness=7895.98 children=399 twoPoint=189 mutCustomer=62 mutDrone=98 globalBestCmax=141 globalBestPenalty=0 globalBestFeasible=1
[GA] gen=67 feasible=357/400 bestFitness=141 bestCmax=141 bestPenalty=0 avgFitness=7944.69 children=399 twoPoint=201 mutCustomer=59 mutDrone=110 globalBestCmax=141 globalBestPenalty=0 globalBestFeasible=1
[GA] gen=68 feasible=360/400 bestFitness=141 bestCmax=141 bestPenalty=0 avgFitness=7094.48 children=399 twoPoint=193 mutCustomer=56 mutDrone=90 globalBestCmax=141 globalBestPenalty=0 globalBestFeasible=1
[GA] gen=69 feasible=346/400 bestFitness=141 bestCmax=141 bestPenalty=0 avgFitness=10768.4 children=399 twoPoint=197 mutCustomer=56 mutDrone=91 globalBestCmax=141 globalBestPenalty=0 globalBestFeasible=1
[GA] gen=70 feasible=363/400 bestFitness=141 bestCmax=141 bestPenalty=0 avgFitness=7169.93 children=399 twoPoint=199 mutCustomer=55 mutDrone=89 globalBestCmax=141 globalBestPenalty=0 globalBestFeasible=1
[GA] gen=71 feasible=361/400 bestFitness=141 bestCmax=141 bestPenalty=0 avgFitness=7918.73 children=399 twoPoint=197 mutCustomer=47 mutDrone=96 globalBestCmax=141 globalBestPenalty=0 globalBestFeasible=1
[GA] gen=72 feasible=353/400 bestFitness=141 bestCmax=141 bestPenalty=0 avgFitness=9669.45 children=399 twoPoint=190 mutCustomer=62 mutDrone=98 globalBestCmax=141 globalBestPenalty=0 globalBestFeasible=1
[GA] gen=73 feasible=350/400 bestFitness=141 bestCmax=141 bestPenalty=0 avgFitness=9718.75 children=399 twoPoint=203 mutCustomer=60 mutDrone=105 globalBestCmax=141 globalBestPenalty=0 globalBestFeasible=1
[GA] gen=74 feasible=351/400 bestFitness=141 bestCmax=141 bestPenalty=0 avgFitness=10593.9 children=399 twoPoint=210 mutCustomer=67 mutDrone=94 globalBestCmax=141 globalBestPenalty=0 globalBestFeasible=1
[GA] gen=75 feasible=354/400 bestFitness=141 bestCmax=141 bestPenalty=0 avgFitness=8319.7 children=399 twoPoint=203 mutCustomer=61 mutDrone=103 globalBestCmax=141 globalBestPenalty=0 globalBestFeasible=1
[GA] gen=76 feasible=360/400 bestFitness=141 bestCmax=141 bestPenalty=0 avgFitness=7645.65 children=399 twoPoint=183 mutCustomer=68 mutDrone=100 globalBestCmax=141 globalBestPenalty=0 globalBestFeasible=1
[GA] gen=77 feasible=367/400 bestFitness=141 bestCmax=141 bestPenalty=0 avgFitness=7069.03 children=399 twoPoint=205 mutCustomer=57 mutDrone=99 globalBestCmax=141 globalBestPenalty=0 globalBestFeasible=1
[GA] gen=78 feasible=354/400 bestFitness=141 bestCmax=141 bestPenalty=0 avgFitness=8870.31 children=399 twoPoint=192 mutCustomer=62 mutDrone=125 globalBestCmax=141 globalBestPenalty=0 globalBestFeasible=1
[GA] gen=79 feasible=351/400 bestFitness=141 bestCmax=141 bestPenalty=0 avgFitness=9195.99 children=399 twoPoint=205 mutCustomer=74 mutDrone=116 globalBestCmax=141 globalBestPenalty=0 globalBestFeasible=1
[GA] gen=80 feasible=366/400 bestFitness=141 bestCmax=141 bestPenalty=0 avgFitness=7044.38 children=399 twoPoint=184 mutCustomer=56 mutDrone=82 globalBestCmax=141 globalBestPenalty=0 globalBestFeasible=1
[GA] gen=81 feasible=351/400 bestFitness=141 bestCmax=141 bestPenalty=0 avgFitness=9520.08 children=399 twoPoint=214 mutCustomer=63 mutDrone=93 globalBestCmax=141 globalBestPenalty=0 globalBestFeasible=1
[GA] gen=82 feasible=360/400 bestFitness=141 bestCmax=141 bestPenalty=0 avgFitness=7695.27 children=399 twoPoint=211 mutCustomer=60 mutDrone=97 globalBestCmax=141 globalBestPenalty=0 globalBestFeasible=1
[GA] gen=83 feasible=364/400 bestFitness=141 bestCmax=141 bestPenalty=0 avgFitness=7443.85 children=399 twoPoint=206 mutCustomer=54 mutDrone=101 globalBestCmax=141 globalBestPenalty=0 globalBestFeasible=1
[GA] gen=84 feasible=351/400 bestFitness=141 bestCmax=141 bestPenalty=0 avgFitness=10043.9 children=399 twoPoint=205 mutCustomer=59 mutDrone=95 globalBestCmax=141 globalBestPenalty=0 globalBestFeasible=1
[GA] gen=85 feasible=349/400 bestFitness=141 bestCmax=141 bestPenalty=0 avgFitness=10668.8 children=399 twoPoint=190 mutCustomer=63 mutDrone=93 globalBestCmax=141 globalBestPenalty=0 globalBestFeasible=1
[GA] gen=86 feasible=349/400 bestFitness=141 bestCmax=141 bestPenalty=0 avgFitness=8970.06 children=399 twoPoint=193 mutCustomer=67 mutDrone=106 globalBestCmax=141 globalBestPenalty=0 globalBestFeasible=1
[GA] gen=87 feasible=353/400 bestFitness=141 bestCmax=141 bestPenalty=0 avgFitness=8869.77 children=399 twoPoint=208 mutCustomer=62 mutDrone=94 globalBestCmax=141 globalBestPenalty=0 globalBestFeasible=1
[GA] gen=88 feasible=369/400 bestFitness=141 bestCmax=141 bestPenalty=0 avgFitness=6768.51 children=399 twoPoint=179 mutCustomer=51 mutDrone=86 globalBestCmax=141 globalBestPenalty=0 globalBestFeasible=1
[GA] gen=89 feasible=347/400 bestFitness=141 bestCmax=141 bestPenalty=0 avgFitness=10044 children=399 twoPoint=173 mutCustomer=60 mutDrone=90 globalBestCmax=141 globalBestPenalty=0 globalBestFeasible=1
[GA] gen=90 feasible=359/400 bestFitness=141 bestCmax=141 bestPenalty=0 avgFitness=7843.73 children=399 twoPoint=199 mutCustomer=50 mutDrone=102 globalBestCmax=141 globalBestPenalty=0 globalBestFeasible=1
[GA] gen=91 feasible=353/400 bestFitness=141 bestCmax=141 bestPenalty=0 avgFitness=8145.67 children=399 twoPoint=202 mutCustomer=63 mutDrone=111 globalBestCmax=141 globalBestPenalty=0 globalBestFeasible=1
[GA] gen=92 feasible=366/400 bestFitness=141 bestCmax=141 bestPenalty=0 avgFitness=6420.26 children=399 twoPoint=186 mutCustomer=57 mutDrone=99 globalBestCmax=141 globalBestPenalty=0 globalBestFeasible=1
[GA] gen=93 feasible=349/400 bestFitness=141 bestCmax=141 bestPenalty=0 avgFitness=10194 children=399 twoPoint=198 mutCustomer=67 mutDrone=97 globalBestCmax=141 globalBestPenalty=0 globalBestFeasible=1
[GA-TS] Stagnation reached at gen=94 (30 gens stagnant). Running TS on 40 elite individuals...
[GA-TS] TS complete. New global best Cmax=141 Penalty=0 Feasible=1
[GA] gen=94 feasible=350/400 bestFitness=141 bestCmax=141 bestPenalty=0 avgFitness=10119.2 children=399 twoPoint=217 mutCustomer=65 mutDrone=90 globalBestCmax=141 globalBestPenalty=0 globalBestFeasible=1
[GA] gen=95 feasible=358/400 bestFitness=141 bestCmax=141 bestPenalty=0 avgFitness=8344.37 children=399 twoPoint=192 mutCustomer=56 mutDrone=86 globalBestCmax=141 globalBestPenalty=0 globalBestFeasible=1
[GA] gen=96 feasible=355/400 bestFitness=141 bestCmax=141 bestPenalty=0 avgFitness=8170.98 children=399 twoPoint=201 mutCustomer=66 mutDrone=102 globalBestCmax=141 globalBestPenalty=0 globalBestFeasible=1
[GA] gen=97 feasible=354/400 bestFitness=141 bestCmax=141 bestPenalty=0 avgFitness=8719.23 children=399 twoPoint=187 mutCustomer=59 mutDrone=101 globalBestCmax=141 globalBestPenalty=0 globalBestFeasible=1
[GA] gen=98 feasible=345/400 bestFitness=141 bestCmax=141 bestPenalty=0 avgFitness=10395.2 children=399 twoPoint=182 mutCustomer=75 mutDrone=96 globalBestCmax=141 globalBestPenalty=0 globalBestFeasible=1
[GA] gen=99 feasible=352/400 bestFitness=141 bestCmax=141 bestPenalty=0 avgFitness=8744.27 children=399 twoPoint=194 mutCustomer=57 mutDrone=110 globalBestCmax=141 globalBestPenalty=0 globalBestFeasible=1
[GA] gen=100 feasible=358/400 bestFitness=141 bestCmax=141 bestPenalty=0 avgFitness=7669.73 children=399 twoPoint=200 mutCustomer=59 mutDrone=96 globalBestCmax=141 globalBestPenalty=0 globalBestFeasible=1
[GA] gen=101 feasible=354/400 bestFitness=141 bestCmax=141 bestPenalty=0 avgFitness=8395.02 children=399 twoPoint=185 mutCustomer=59 mutDrone=108 globalBestCmax=141 globalBestPenalty=0 globalBestFeasible=1
[GA] gen=102 feasible=366/400 bestFitness=141 bestCmax=141 bestPenalty=0 avgFitness=6143.12 children=399 twoPoint=208 mutCustomer=36 mutDrone=94 globalBestCmax=141 globalBestPenalty=0 globalBestFeasible=1
[GA] gen=103 feasible=359/400 bestFitness=141 bestCmax=141 bestPenalty=0 avgFitness=7843.89 children=399 twoPoint=184 mutCustomer=58 mutDrone=104 globalBestCmax=141 globalBestPenalty=0 globalBestFeasible=1
[GA] gen=104 feasible=363/400 bestFitness=141 bestCmax=141 bestPenalty=0 avgFitness=7569.58 children=399 twoPoint=197 mutCustomer=60 mutDrone=98 globalBestCmax=141 globalBestPenalty=0 globalBestFeasible=1
[GA] gen=105 feasible=347/400 bestFitness=141 bestCmax=141 bestPenalty=0 avgFitness=10644.1 children=399 twoPoint=188 mutCustomer=66 mutDrone=103 globalBestCmax=141 globalBestPenalty=0 globalBestFeasible=1
[GA] gen=106 feasible=350/400 bestFitness=141 bestCmax=141 bestPenalty=0 avgFitness=9494.82 children=399 twoPoint=193 mutCustomer=66 mutDrone=104 globalBestCmax=141 globalBestPenalty=0 globalBestFeasible=1
[GA] gen=107 feasible=346/400 bestFitness=141 bestCmax=141 bestPenalty=0 avgFitness=10392.4 children=399 twoPoint=212 mutCustomer=56 mutDrone=101 globalBestCmax=141 globalBestPenalty=0 globalBestFeasible=1
[GA] gen=108 feasible=360/400 bestFitness=141 bestCmax=141 bestPenalty=0 avgFitness=7393.26 children=399 twoPoint=217 mutCustomer=47 mutDrone=107 globalBestCmax=141 globalBestPenalty=0 globalBestFeasible=1
[GA] gen=109 feasible=367/400 bestFitness=141 bestCmax=141 bestPenalty=0 avgFitness=6094.56 children=399 twoPoint=184 mutCustomer=45 mutDrone=103 globalBestCmax=141 globalBestPenalty=0 globalBestFeasible=1
[GA] gen=110 feasible=357/400 bestFitness=141 bestCmax=141 bestPenalty=0 avgFitness=8369.06 children=399 twoPoint=204 mutCustomer=59 mutDrone=100 globalBestCmax=141 globalBestPenalty=0 globalBestFeasible=1
[GA] gen=111 feasible=348/400 bestFitness=141 bestCmax=141 bestPenalty=0 avgFitness=9720.09 children=399 twoPoint=194 mutCustomer=71 mutDrone=100 globalBestCmax=141 globalBestPenalty=0 globalBestFeasible=1
[GA] gen=112 feasible=366/400 bestFitness=141 bestCmax=141 bestPenalty=0 avgFitness=7018.32 children=399 twoPoint=194 mutCustomer=44 mutDrone=83 globalBestCmax=141 globalBestPenalty=0 globalBestFeasible=1
[GA] gen=113 feasible=358/400 bestFitness=141 bestCmax=141 bestPenalty=0 avgFitness=8343.6 children=399 twoPoint=211 mutCustomer=56 mutDrone=89 globalBestCmax=141 globalBestPenalty=0 globalBestFeasible=1
[GA] gen=114 feasible=358/400 bestFitness=141 bestCmax=141 bestPenalty=0 avgFitness=8569.76 children=399 twoPoint=215 mutCustomer=65 mutDrone=95 globalBestCmax=141 globalBestPenalty=0 globalBestFeasible=1
[GA] gen=115 feasible=353/400 bestFitness=141 bestCmax=141 bestPenalty=0 avgFitness=8295.43 children=399 twoPoint=206 mutCustomer=62 mutDrone=100 globalBestCmax=141 globalBestPenalty=0 globalBestFeasible=1
[GA] gen=116 feasible=360/400 bestFitness=141 bestCmax=141 bestPenalty=0 avgFitness=8018.75 children=399 twoPoint=204 mutCustomer=54 mutDrone=95 globalBestCmax=141 globalBestPenalty=0 globalBestFeasible=1
[GA] gen=117 feasible=357/400 bestFitness=141 bestCmax=141 bestPenalty=0 avgFitness=8292.93 children=399 twoPoint=192 mutCustomer=51 mutDrone=92 globalBestCmax=141 globalBestPenalty=0 globalBestFeasible=1
[GA] gen=118 feasible=337/400 bestFitness=141 bestCmax=141 bestPenalty=0 avgFitness=12693.4 children=399 twoPoint=211 mutCustomer=68 mutDrone=99 globalBestCmax=141 globalBestPenalty=0 globalBestFeasible=1
[GA] gen=119 feasible=363/400 bestFitness=141 bestCmax=141 bestPenalty=0 avgFitness=7343.42 children=399 twoPoint=186 mutCustomer=47 mutDrone=98 globalBestCmax=141 globalBestPenalty=0 globalBestFeasible=1
[GA] gen=120 feasible=346/400 bestFitness=141 bestCmax=141 bestPenalty=0 avgFitness=10020.1 children=399 twoPoint=192 mutCustomer=65 mutDrone=99 globalBestCmax=141 globalBestPenalty=0 globalBestFeasible=1
[GA] gen=121 feasible=351/400 bestFitness=141 bestCmax=141 bestPenalty=0 avgFitness=9744.07 children=399 twoPoint=183 mutCustomer=65 mutDrone=100 globalBestCmax=141 globalBestPenalty=0 globalBestFeasible=1
[GA] gen=122 feasible=354/400 bestFitness=141 bestCmax=141 bestPenalty=0 avgFitness=9818.88 children=399 twoPoint=189 mutCustomer=67 mutDrone=97 globalBestCmax=141 globalBestPenalty=0 globalBestFeasible=1
[GA] gen=123 feasible=349/400 bestFitness=141 bestCmax=141 bestPenalty=0 avgFitness=10719.2 children=399 twoPoint=209 mutCustomer=72 mutDrone=98 globalBestCmax=141 globalBestPenalty=0 globalBestFeasible=1
[GA-TS] Stagnation reached at gen=124 (30 gens stagnant). Running TS on 40 elite individuals...
[GA-TS] TS complete. New global best Cmax=141 Penalty=0 Feasible=1
[GA] gen=124 feasible=359/400 bestFitness=141 bestCmax=141 bestPenalty=0 avgFitness=7544.29 children=399 twoPoint=205 mutCustomer=51 mutDrone=88 globalBestCmax=141 globalBestPenalty=0 globalBestFeasible=1
[GA] gen=125 feasible=348/400 bestFitness=141 bestCmax=141 bestPenalty=0 avgFitness=10319.8 children=399 twoPoint=204 mutCustomer=69 mutDrone=102 globalBestCmax=141 globalBestPenalty=0 globalBestFeasible=1
[GA] gen=126 feasible=349/400 bestFitness=141 bestCmax=141 bestPenalty=0 avgFitness=9745 children=399 twoPoint=188 mutCustomer=70 mutDrone=96 globalBestCmax=141 globalBestPenalty=0 globalBestFeasible=1
[GA] gen=127 feasible=362/400 bestFitness=141 bestCmax=141 bestPenalty=0 avgFitness=7343.72 children=399 twoPoint=202 mutCustomer=55 mutDrone=87 globalBestCmax=141 globalBestPenalty=0 globalBestFeasible=1
[GA] gen=128 feasible=352/400 bestFitness=141 bestCmax=141 bestPenalty=0 avgFitness=9068.87 children=399 twoPoint=203 mutCustomer=55 mutDrone=90 globalBestCmax=141 globalBestPenalty=0 globalBestFeasible=1
[GA] gen=129 feasible=361/400 bestFitness=141 bestCmax=141 bestPenalty=0 avgFitness=8194.95 children=399 twoPoint=189 mutCustomer=63 mutDrone=100 globalBestCmax=141 globalBestPenalty=0 globalBestFeasible=1
[GA] gen=130 feasible=357/400 bestFitness=141 bestCmax=141 bestPenalty=0 avgFitness=8068.95 children=399 twoPoint=198 mutCustomer=55 mutDrone=100 globalBestCmax=141 globalBestPenalty=0 globalBestFeasible=1
[GA] gen=131 feasible=357/400 bestFitness=141 bestCmax=141 bestPenalty=0 avgFitness=8669.36 children=399 twoPoint=193 mutCustomer=60 mutDrone=101 globalBestCmax=141 globalBestPenalty=0 globalBestFeasible=1
[GA] gen=132 feasible=361/400 bestFitness=141 bestCmax=141 bestPenalty=0 avgFitness=7893.98 children=399 twoPoint=196 mutCustomer=56 mutDrone=89 globalBestCmax=141 globalBestPenalty=0 globalBestFeasible=1
[GA] gen=133 feasible=349/400 bestFitness=141 bestCmax=141 bestPenalty=0 avgFitness=10121.3 children=399 twoPoint=200 mutCustomer=77 mutDrone=106 globalBestCmax=141 globalBestPenalty=0 globalBestFeasible=1
[GA] gen=134 feasible=359/400 bestFitness=141 bestCmax=141 bestPenalty=0 avgFitness=8420.11 children=399 twoPoint=191 mutCustomer=61 mutDrone=111 globalBestCmax=141 globalBestPenalty=0 globalBestFeasible=1
[GA] gen=135 feasible=357/400 bestFitness=141 bestCmax=141 bestPenalty=0 avgFitness=8717.87 children=399 twoPoint=197 mutCustomer=52 mutDrone=87 globalBestCmax=141 globalBestPenalty=0 globalBestFeasible=1
[GA] gen=136 feasible=353/400 bestFitness=141 bestCmax=141 bestPenalty=0 avgFitness=8521.25 children=399 twoPoint=193 mutCustomer=67 mutDrone=96 globalBestCmax=141 globalBestPenalty=0 globalBestFeasible=1
[GA] gen=137 feasible=349/400 bestFitness=141 bestCmax=141 bestPenalty=0 avgFitness=9969 children=399 twoPoint=192 mutCustomer=65 mutDrone=101 globalBestCmax=141 globalBestPenalty=0 globalBestFeasible=1
[GA] gen=138 feasible=361/400 bestFitness=141 bestCmax=141 bestPenalty=0 avgFitness=7419.48 children=399 twoPoint=208 mutCustomer=50 mutDrone=101 globalBestCmax=141 globalBestPenalty=0 globalBestFeasible=1
[GA] gen=139 feasible=352/400 bestFitness=141 bestCmax=141 bestPenalty=0 avgFitness=9519.88 children=399 twoPoint=231 mutCustomer=65 mutDrone=95 globalBestCmax=141 globalBestPenalty=0 globalBestFeasible=1
[GA] gen=140 feasible=347/400 bestFitness=141 bestCmax=141 bestPenalty=0 avgFitness=9696.03 children=399 twoPoint=204 mutCustomer=70 mutDrone=110 globalBestCmax=141 globalBestPenalty=0 globalBestFeasible=1
[GA] gen=141 feasible=356/400 bestFitness=141 bestCmax=141 bestPenalty=0 avgFitness=8993.78 children=399 twoPoint=191 mutCustomer=59 mutDrone=106 globalBestCmax=141 globalBestPenalty=0 globalBestFeasible=1
[GA] gen=142 feasible=347/400 bestFitness=141 bestCmax=141 bestPenalty=0 avgFitness=10994 children=399 twoPoint=195 mutCustomer=68 mutDrone=102 globalBestCmax=141 globalBestPenalty=0 globalBestFeasible=1
[GA] gen=143 feasible=357/400 bestFitness=141 bestCmax=141 bestPenalty=0 avgFitness=8095.33 children=399 twoPoint=212 mutCustomer=66 mutDrone=104 globalBestCmax=141 globalBestPenalty=0 globalBestFeasible=1
[GA] gen=144 feasible=348/400 bestFitness=141 bestCmax=141 bestPenalty=0 avgFitness=10293.8 children=399 twoPoint=183 mutCustomer=63 mutDrone=109 globalBestCmax=141 globalBestPenalty=0 globalBestFeasible=1
[GA] gen=145 feasible=354/400 bestFitness=141 bestCmax=141 bestPenalty=0 avgFitness=9118.5 children=399 twoPoint=187 mutCustomer=58 mutDrone=92 globalBestCmax=141 globalBestPenalty=0 globalBestFeasible=1
[GA] gen=146 feasible=354/400 bestFitness=141 bestCmax=141 bestPenalty=0 avgFitness=8994.86 children=399 twoPoint=189 mutCustomer=66 mutDrone=96 globalBestCmax=141 globalBestPenalty=0 globalBestFeasible=1
[GA] gen=147 feasible=359/400 bestFitness=141 bestCmax=141 bestPenalty=0 avgFitness=7719.39 children=399 twoPoint=202 mutCustomer=55 mutDrone=103 globalBestCmax=141 globalBestPenalty=0 globalBestFeasible=1
[GA] gen=148 feasible=359/400 bestFitness=141 bestCmax=141 bestPenalty=0 avgFitness=8495.4 children=399 twoPoint=194 mutCustomer=63 mutDrone=99 globalBestCmax=141 globalBestPenalty=0 globalBestFeasible=1
[GA] gen=149 feasible=363/400 bestFitness=141 bestCmax=141 bestPenalty=0 avgFitness=6843.39 children=399 twoPoint=177 mutCustomer=45 mutDrone=111 globalBestCmax=141 globalBestPenalty=0 globalBestFeasible=1
[GA] gen=150 feasible=359/400 bestFitness=141 bestCmax=141 bestPenalty=0 avgFitness=7319.6 children=399 twoPoint=221 mutCustomer=59 mutDrone=100 globalBestCmax=141 globalBestPenalty=0 globalBestFeasible=1
[GA] gen=151 feasible=364/400 bestFitness=141 bestCmax=141 bestPenalty=0 avgFitness=6119.73 children=399 twoPoint=188 mutCustomer=52 mutDrone=105 globalBestCmax=141 globalBestPenalty=0 globalBestFeasible=1
[GA] gen=152 feasible=349/400 bestFitness=141 bestCmax=141 bestPenalty=0 avgFitness=9293.48 children=399 twoPoint=211 mutCustomer=64 mutDrone=104 globalBestCmax=141 globalBestPenalty=0 globalBestFeasible=1
[GA] gen=153 feasible=360/400 bestFitness=141 bestCmax=141 bestPenalty=0 avgFitness=7745.24 children=399 twoPoint=221 mutCustomer=58 mutDrone=111 globalBestCmax=141 globalBestPenalty=0 globalBestFeasible=1
[GA-TS] Stagnation reached at gen=154 (30 gens stagnant). Running TS on 40 elite individuals...
[GA-TS] TS complete. New global best Cmax=141 Penalty=0 Feasible=1
[GA] gen=154 feasible=351/400 bestFitness=141 bestCmax=141 bestPenalty=0 avgFitness=9695.36 children=399 twoPoint=207 mutCustomer=66 mutDrone=96 globalBestCmax=141 globalBestPenalty=0 globalBestFeasible=1
[GA] gen=155 feasible=357/400 bestFitness=141 bestCmax=141 bestPenalty=0 avgFitness=8295.14 children=399 twoPoint=202 mutCustomer=61 mutDrone=95 globalBestCmax=141 globalBestPenalty=0 globalBestFeasible=1
[GA] gen=156 feasible=349/400 bestFitness=141 bestCmax=141 bestPenalty=0 avgFitness=10519.7 children=399 twoPoint=197 mutCustomer=73 mutDrone=103 globalBestCmax=141 globalBestPenalty=0 globalBestFeasible=1
[GA] gen=157 feasible=359/400 bestFitness=141 bestCmax=141 bestPenalty=0 avgFitness=7345.31 children=399 twoPoint=218 mutCustomer=63 mutDrone=104 globalBestCmax=141 globalBestPenalty=0 globalBestFeasible=1
[GA] gen=158 feasible=350/400 bestFitness=141 bestCmax=141 bestPenalty=0 avgFitness=9518.9 children=399 twoPoint=192 mutCustomer=63 mutDrone=100 globalBestCmax=141 globalBestPenalty=0 globalBestFeasible=1
[GA] gen=159 feasible=355/400 bestFitness=141 bestCmax=141 bestPenalty=0 avgFitness=8918.41 children=399 twoPoint=211 mutCustomer=49 mutDrone=77 globalBestCmax=141 globalBestPenalty=0 globalBestFeasible=1
[GA] gen=160 feasible=357/400 bestFitness=141 bestCmax=141 bestPenalty=0 avgFitness=7495.64 children=399 twoPoint=193 mutCustomer=59 mutDrone=104 globalBestCmax=141 globalBestPenalty=0 globalBestFeasible=1
[GA] gen=161 feasible=373/400 bestFitness=141 bestCmax=141 bestPenalty=0 avgFitness=5444.35 children=399 twoPoint=205 mutCustomer=47 mutDrone=103 globalBestCmax=141 globalBestPenalty=0 globalBestFeasible=1
[GA] gen=162 feasible=363/400 bestFitness=141 bestCmax=141 bestPenalty=0 avgFitness=7245.08 children=399 twoPoint=217 mutCustomer=59 mutDrone=103 globalBestCmax=141 globalBestPenalty=0 globalBestFeasible=1
[GA] gen=163 feasible=343/400 bestFitness=141 bestCmax=141 bestPenalty=0 avgFitness=10794.4 children=399 twoPoint=207 mutCustomer=72 mutDrone=106 globalBestCmax=141 globalBestPenalty=0 globalBestFeasible=1
[GA] gen=164 feasible=351/400 bestFitness=141 bestCmax=141 bestPenalty=0 avgFitness=9494.05 children=399 twoPoint=195 mutCustomer=58 mutDrone=94 globalBestCmax=141 globalBestPenalty=0 globalBestFeasible=1
[GA] gen=165 feasible=366/400 bestFitness=141 bestCmax=141 bestPenalty=0 avgFitness=6670.24 children=399 twoPoint=197 mutCustomer=52 mutDrone=89 globalBestCmax=141 globalBestPenalty=0 globalBestFeasible=1
[GA] gen=166 feasible=356/400 bestFitness=141 bestCmax=141 bestPenalty=0 avgFitness=8518.65 children=399 twoPoint=196 mutCustomer=56 mutDrone=99 globalBestCmax=141 globalBestPenalty=0 globalBestFeasible=1
[GA] gen=167 feasible=353/400 bestFitness=141 bestCmax=141 bestPenalty=0 avgFitness=9818.55 children=399 twoPoint=208 mutCustomer=56 mutDrone=95 globalBestCmax=141 globalBestPenalty=0 globalBestFeasible=1
[GA] gen=168 feasible=360/400 bestFitness=141 bestCmax=141 bestPenalty=0 avgFitness=8043.27 children=399 twoPoint=195 mutCustomer=56 mutDrone=94 globalBestCmax=141 globalBestPenalty=0 globalBestFeasible=1
[GA] gen=169 feasible=347/400 bestFitness=141 bestCmax=141 bestPenalty=0 avgFitness=10393.8 children=399 twoPoint=202 mutCustomer=57 mutDrone=100 globalBestCmax=141 globalBestPenalty=0 globalBestFeasible=1
[GA] gen=170 feasible=364/400 bestFitness=141 bestCmax=141 bestPenalty=0 avgFitness=6644.68 children=399 twoPoint=179 mutCustomer=60 mutDrone=99 globalBestCmax=141 globalBestPenalty=0 globalBestFeasible=1
[GA] gen=171 feasible=355/400 bestFitness=141 bestCmax=141 bestPenalty=0 avgFitness=8145.23 children=399 twoPoint=180 mutCustomer=62 mutDrone=116 globalBestCmax=141 globalBestPenalty=0 globalBestFeasible=1
[GA] gen=172 feasible=344/400 bestFitness=141 bestCmax=141 bestPenalty=0 avgFitness=10471.5 children=399 twoPoint=206 mutCustomer=76 mutDrone=104 globalBestCmax=141 globalBestPenalty=0 globalBestFeasible=1
[GA] gen=173 feasible=363/400 bestFitness=141 bestCmax=141 bestPenalty=0 avgFitness=6543.61 children=399 twoPoint=186 mutCustomer=46 mutDrone=95 globalBestCmax=141 globalBestPenalty=0 globalBestFeasible=1
[GA] gen=174 feasible=347/400 bestFitness=141 bestCmax=141 bestPenalty=0 avgFitness=11069.3 children=399 twoPoint=173 mutCustomer=69 mutDrone=96 globalBestCmax=141 globalBestPenalty=0 globalBestFeasible=1
[GA] gen=175 feasible=356/400 bestFitness=141 bestCmax=141 bestPenalty=0 avgFitness=8368.91 children=399 twoPoint=196 mutCustomer=57 mutDrone=90 globalBestCmax=141 globalBestPenalty=0 globalBestFeasible=1
[GA] gen=176 feasible=357/400 bestFitness=141 bestCmax=141 bestPenalty=0 avgFitness=7844.24 children=399 twoPoint=206 mutCustomer=56 mutDrone=93 globalBestCmax=141 globalBestPenalty=0 globalBestFeasible=1
[GA] gen=177 feasible=353/400 bestFitness=141 bestCmax=141 bestPenalty=0 avgFitness=9443.5 children=399 twoPoint=195 mutCustomer=58 mutDrone=91 globalBestCmax=141 globalBestPenalty=0 globalBestFeasible=1
[GA] gen=178 feasible=362/400 bestFitness=141 bestCmax=141 bestPenalty=0 avgFitness=7518.27 children=399 twoPoint=199 mutCustomer=51 mutDrone=95 globalBestCmax=141 globalBestPenalty=0 globalBestFeasible=1
[GA] gen=179 feasible=361/400 bestFitness=141 bestCmax=141 bestPenalty=0 avgFitness=8468.41 children=399 twoPoint=217 mutCustomer=61 mutDrone=76 globalBestCmax=141 globalBestPenalty=0 globalBestFeasible=1
[GA] gen=180 feasible=346/400 bestFitness=141 bestCmax=141 bestPenalty=0 avgFitness=10369.8 children=399 twoPoint=189 mutCustomer=67 mutDrone=105 globalBestCmax=141 globalBestPenalty=0 globalBestFeasible=1
[GA] gen=181 feasible=351/400 bestFitness=141 bestCmax=141 bestPenalty=0 avgFitness=9994.26 children=399 twoPoint=209 mutCustomer=61 mutDrone=103 globalBestCmax=141 globalBestPenalty=0 globalBestFeasible=1
[GA] gen=182 feasible=354/400 bestFitness=141 bestCmax=141 bestPenalty=0 avgFitness=8918.2 children=399 twoPoint=179 mutCustomer=52 mutDrone=82 globalBestCmax=141 globalBestPenalty=0 globalBestFeasible=1
[GA] gen=183 feasible=353/400 bestFitness=141 bestCmax=141 bestPenalty=0 avgFitness=9569.95 children=399 twoPoint=217 mutCustomer=70 mutDrone=111 globalBestCmax=141 globalBestPenalty=0 globalBestFeasible=1
[GA-TS] Stagnation reached at gen=184 (30 gens stagnant). Running TS on 40 elite individuals...
[GA-TS] TS complete. New global best Cmax=141 Penalty=0 Feasible=1
[GA] gen=184 feasible=352/400 bestFitness=141 bestCmax=141 bestPenalty=0 avgFitness=9370.18 children=399 twoPoint=198 mutCustomer=60 mutDrone=97 globalBestCmax=141 globalBestPenalty=0 globalBestFeasible=1
[GA] gen=185 feasible=349/400 bestFitness=141 bestCmax=141 bestPenalty=0 avgFitness=10395 children=399 twoPoint=185 mutCustomer=68 mutDrone=89 globalBestCmax=141 globalBestPenalty=0 globalBestFeasible=1
[GA] gen=186 feasible=356/400 bestFitness=141 bestCmax=141 bestPenalty=0 avgFitness=7894.55 children=399 twoPoint=181 mutCustomer=56 mutDrone=110 globalBestCmax=141 globalBestPenalty=0 globalBestFeasible=1
[GA] gen=187 feasible=358/400 bestFitness=141 bestCmax=141 bestPenalty=0 avgFitness=8895.75 children=399 twoPoint=203 mutCustomer=69 mutDrone=105 globalBestCmax=141 globalBestPenalty=0 globalBestFeasible=1
[GA] gen=188 feasible=342/400 bestFitness=141 bestCmax=141 bestPenalty=0 avgFitness=11794.3 children=399 twoPoint=198 mutCustomer=65 mutDrone=108 globalBestCmax=141 globalBestPenalty=0 globalBestFeasible=1
[GA] gen=189 feasible=343/400 bestFitness=141 bestCmax=141 bestPenalty=0 avgFitness=11369.1 children=399 twoPoint=212 mutCustomer=70 mutDrone=93 globalBestCmax=141 globalBestPenalty=0 globalBestFeasible=1
[GA] gen=190 feasible=352/400 bestFitness=141 bestCmax=141 bestPenalty=0 avgFitness=9818.58 children=399 twoPoint=188 mutCustomer=64 mutDrone=104 globalBestCmax=141 globalBestPenalty=0 globalBestFeasible=1
[GA] gen=191 feasible=354/400 bestFitness=141 bestCmax=141 bestPenalty=0 avgFitness=8819.75 children=399 twoPoint=178 mutCustomer=62 mutDrone=88 globalBestCmax=141 globalBestPenalty=0 globalBestFeasible=1
[GA] gen=192 feasible=363/400 bestFitness=141 bestCmax=141 bestPenalty=0 avgFitness=7018.56 children=399 twoPoint=196 mutCustomer=44 mutDrone=93 globalBestCmax=141 globalBestPenalty=0 globalBestFeasible=1
[GA] gen=193 feasible=350/400 bestFitness=141 bestCmax=141 bestPenalty=0 avgFitness=9819.75 children=399 twoPoint=204 mutCustomer=63 mutDrone=115 globalBestCmax=141 globalBestPenalty=0 globalBestFeasible=1
[GA] gen=194 feasible=358/400 bestFitness=141 bestCmax=141 bestPenalty=0 avgFitness=8842.49 children=399 twoPoint=200 mutCustomer=49 mutDrone=74 globalBestCmax=141 globalBestPenalty=0 globalBestFeasible=1
[GA] gen=195 feasible=358/400 bestFitness=141 bestCmax=141 bestPenalty=0 avgFitness=8493.88 children=399 twoPoint=199 mutCustomer=62 mutDrone=98 globalBestCmax=141 globalBestPenalty=0 globalBestFeasible=1
[GA] gen=196 feasible=361/400 bestFitness=141 bestCmax=141 bestPenalty=0 avgFitness=7968.41 children=399 twoPoint=190 mutCustomer=51 mutDrone=89 globalBestCmax=141 globalBestPenalty=0 globalBestFeasible=1
[GA] gen=197 feasible=346/400 bestFitness=141 bestCmax=141 bestPenalty=0 avgFitness=10718.2 children=399 twoPoint=201 mutCustomer=59 mutDrone=92 globalBestCmax=141 globalBestPenalty=0 globalBestFeasible=1
[GA] gen=198 feasible=369/400 bestFitness=141 bestCmax=141 bestPenalty=0 avgFitness=5869.31 children=399 twoPoint=194 mutCustomer=49 mutDrone=94 globalBestCmax=141 globalBestPenalty=0 globalBestFeasible=1
[GA] gen=199 feasible=363/400 bestFitness=141 bestCmax=141 bestPenalty=0 avgFitness=7044.41 children=399 twoPoint=203 mutCustomer=52 mutDrone=103 globalBestCmax=141 globalBestPenalty=0 globalBestFeasible=1
[GA] gen=200 feasible=361/400 bestFitness=141 bestCmax=141 bestPenalty=0 avgFitness=7368.62 children=399 twoPoint=189 mutCustomer=50 mutDrone=96 globalBestCmax=141 globalBestPenalty=0 globalBestFeasible=1
[GA] gen=201 feasible=349/400 bestFitness=141 bestCmax=141 bestPenalty=0 avgFitness=9269.32 children=399 twoPoint=209 mutCustomer=58 mutDrone=102 globalBestCmax=141 globalBestPenalty=0 globalBestFeasible=1
[GA] gen=202 feasible=351/400 bestFitness=141 bestCmax=141 bestPenalty=0 avgFitness=9369.05 children=399 twoPoint=197 mutCustomer=63 mutDrone=89 globalBestCmax=141 globalBestPenalty=0 globalBestFeasible=1
[GA] gen=203 feasible=349/400 bestFitness=141 bestCmax=141 bestPenalty=0 avgFitness=9920.48 children=399 twoPoint=193 mutCustomer=67 mutDrone=99 globalBestCmax=141 globalBestPenalty=0 globalBestFeasible=1
[GA] gen=204 feasible=358/400 bestFitness=141 bestCmax=141 bestPenalty=0 avgFitness=7769.01 children=399 twoPoint=206 mutCustomer=54 mutDrone=92 globalBestCmax=141 globalBestPenalty=0 globalBestFeasible=1
[GA] gen=205 feasible=360/400 bestFitness=141 bestCmax=141 bestPenalty=0 avgFitness=7793.61 children=399 twoPoint=204 mutCustomer=44 mutDrone=84 globalBestCmax=141 globalBestPenalty=0 globalBestFeasible=1
[GA] gen=206 feasible=360/400 bestFitness=141 bestCmax=141 bestPenalty=0 avgFitness=7793.75 children=399 twoPoint=208 mutCustomer=51 mutDrone=96 globalBestCmax=141 globalBestPenalty=0 globalBestFeasible=1
[GA] gen=207 feasible=361/400 bestFitness=141 bestCmax=141 bestPenalty=0 avgFitness=8093.95 children=399 twoPoint=197 mutCustomer=58 mutDrone=92 globalBestCmax=141 globalBestPenalty=0 globalBestFeasible=1
[GA] gen=208 feasible=370/400 bestFitness=141 bestCmax=141 bestPenalty=0 avgFitness=5118.32 children=399 twoPoint=197 mutCustomer=39 mutDrone=91 globalBestCmax=141 globalBestPenalty=0 globalBestFeasible=1
[GA] gen=209 feasible=356/400 bestFitness=141 bestCmax=141 bestPenalty=0 avgFitness=8144.56 children=399 twoPoint=202 mutCustomer=53 mutDrone=92 globalBestCmax=141 globalBestPenalty=0 globalBestFeasible=1
[GA] gen=210 feasible=365/400 bestFitness=141 bestCmax=141 bestPenalty=0 avgFitness=6494.69 children=399 twoPoint=194 mutCustomer=50 mutDrone=98 globalBestCmax=141 globalBestPenalty=0 globalBestFeasible=1
[GA] gen=211 feasible=358/400 bestFitness=141 bestCmax=141 bestPenalty=0 avgFitness=8544.22 children=399 twoPoint=195 mutCustomer=59 mutDrone=97 globalBestCmax=141 globalBestPenalty=0 globalBestFeasible=1
[GA] gen=212 feasible=353/400 bestFitness=141 bestCmax=141 bestPenalty=0 avgFitness=9319.62 children=399 twoPoint=221 mutCustomer=57 mutDrone=85 globalBestCmax=141 globalBestPenalty=0 globalBestFeasible=1
[GA] gen=213 feasible=364/400 bestFitness=141 bestCmax=141 bestPenalty=0 avgFitness=7468.48 children=399 twoPoint=189 mutCustomer=54 mutDrone=104 globalBestCmax=141 globalBestPenalty=0 globalBestFeasible=1
[GA-TS] Stagnation reached at gen=214 (30 gens stagnant). Running TS on 40 elite individuals...
[GA-TS] TS complete. New global best Cmax=141 Penalty=0 Feasible=1
[GA] gen=214 feasible=365/400 bestFitness=141 bestCmax=141 bestPenalty=0 avgFitness=6719.25 children=399 twoPoint=213 mutCustomer=50 mutDrone=96 globalBestCmax=141 globalBestPenalty=0 globalBestFeasible=1
[GA] gen=215 feasible=359/400 bestFitness=141 bestCmax=141 bestPenalty=0 avgFitness=7820.45 children=399 twoPoint=182 mutCustomer=61 mutDrone=108 globalBestCmax=141 globalBestPenalty=0 globalBestFeasible=1
[GA] gen=216 feasible=358/400 bestFitness=141 bestCmax=141 bestPenalty=0 avgFitness=7794.84 children=399 twoPoint=171 mutCustomer=60 mutDrone=111 globalBestCmax=141 globalBestPenalty=0 globalBestFeasible=1
[GA] gen=217 feasible=353/400 bestFitness=141 bestCmax=141 bestPenalty=0 avgFitness=9368.96 children=399 twoPoint=211 mutCustomer=58 mutDrone=102 globalBestCmax=141 globalBestPenalty=0 globalBestFeasible=1
[GA] gen=218 feasible=360/400 bestFitness=141 bestCmax=141 bestPenalty=0 avgFitness=6795.81 children=399 twoPoint=215 mutCustomer=58 mutDrone=113 globalBestCmax=141 globalBestPenalty=0 globalBestFeasible=1
[GA] gen=219 feasible=357/400 bestFitness=141 bestCmax=141 bestPenalty=0 avgFitness=7295.24 children=399 twoPoint=204 mutCustomer=58 mutDrone=90 globalBestCmax=141 globalBestPenalty=0 globalBestFeasible=1
[GA] gen=220 feasible=352/400 bestFitness=141 bestCmax=141 bestPenalty=0 avgFitness=9495.02 children=399 twoPoint=202 mutCustomer=65 mutDrone=97 globalBestCmax=141 globalBestPenalty=0 globalBestFeasible=1
[GA] gen=221 feasible=348/400 bestFitness=141 bestCmax=141 bestPenalty=0 avgFitness=9994.01 children=399 twoPoint=226 mutCustomer=57 mutDrone=96 globalBestCmax=141 globalBestPenalty=0 globalBestFeasible=1
[GA] gen=222 feasible=367/400 bestFitness=141 bestCmax=141 bestPenalty=0 avgFitness=6818.86 children=399 twoPoint=187 mutCustomer=46 mutDrone=91 globalBestCmax=141 globalBestPenalty=0 globalBestFeasible=1
[GA] gen=223 feasible=366/400 bestFitness=141 bestCmax=141 bestPenalty=0 avgFitness=6343.9 children=399 twoPoint=186 mutCustomer=45 mutDrone=98 globalBestCmax=141 globalBestPenalty=0 globalBestFeasible=1
[GA] gen=224 feasible=350/400 bestFitness=141 bestCmax=141 bestPenalty=0 avgFitness=9244.63 children=399 twoPoint=193 mutCustomer=60 mutDrone=102 globalBestCmax=141 globalBestPenalty=0 globalBestFeasible=1
[GA] gen=225 feasible=353/400 bestFitness=141 bestCmax=141 bestPenalty=0 avgFitness=9120.15 children=399 twoPoint=204 mutCustomer=63 mutDrone=100 globalBestCmax=141 globalBestPenalty=0 globalBestFeasible=1
[GA] gen=226 feasible=355/400 bestFitness=141 bestCmax=141 bestPenalty=0 avgFitness=8868.69 children=399 twoPoint=197 mutCustomer=57 mutDrone=91 globalBestCmax=141 globalBestPenalty=0 globalBestFeasible=1
[GA] gen=227 feasible=365/400 bestFitness=141 bestCmax=141 bestPenalty=0 avgFitness=6795.38 children=399 twoPoint=199 mutCustomer=51 mutDrone=100 globalBestCmax=141 globalBestPenalty=0 globalBestFeasible=1
[GA] gen=228 feasible=370/400 bestFitness=141 bestCmax=141 bestPenalty=0 avgFitness=5792.81 children=399 twoPoint=196 mutCustomer=43 mutDrone=82 globalBestCmax=141 globalBestPenalty=0 globalBestFeasible=1
[GA] gen=229 feasible=355/400 bestFitness=141 bestCmax=141 bestPenalty=0 avgFitness=8294.19 children=399 twoPoint=214 mutCustomer=61 mutDrone=93 globalBestCmax=141 globalBestPenalty=0 globalBestFeasible=1
[GA] gen=230 feasible=356/400 bestFitness=141 bestCmax=141 bestPenalty=0 avgFitness=8494.45 children=399 twoPoint=197 mutCustomer=54 mutDrone=98 globalBestCmax=141 globalBestPenalty=0 globalBestFeasible=1
[GA] gen=231 feasible=357/400 bestFitness=141 bestCmax=141 bestPenalty=0 avgFitness=7869.1 children=399 twoPoint=203 mutCustomer=53 mutDrone=96 globalBestCmax=141 globalBestPenalty=0 globalBestFeasible=1
[GA] gen=232 feasible=366/400 bestFitness=141 bestCmax=141 bestPenalty=0 avgFitness=6618.66 children=399 twoPoint=210 mutCustomer=50 mutDrone=91 globalBestCmax=141 globalBestPenalty=0 globalBestFeasible=1
[GA] gen=233 feasible=356/400 bestFitness=141 bestCmax=141 bestPenalty=0 avgFitness=8744.28 children=399 twoPoint=205 mutCustomer=58 mutDrone=102 globalBestCmax=141 globalBestPenalty=0 globalBestFeasible=1
[GA] gen=234 feasible=363/400 bestFitness=141 bestCmax=141 bestPenalty=0 avgFitness=6895.3 children=399 twoPoint=194 mutCustomer=60 mutDrone=97 globalBestCmax=141 globalBestPenalty=0 globalBestFeasible=1
[GA] gen=235 feasible=355/400 bestFitness=141 bestCmax=141 bestPenalty=0 avgFitness=7745.3 children=399 twoPoint=204 mutCustomer=61 mutDrone=107 globalBestCmax=141 globalBestPenalty=0 globalBestFeasible=1
[GA] gen=236 feasible=355/400 bestFitness=141 bestCmax=141 bestPenalty=0 avgFitness=9294.98 children=399 twoPoint=204 mutCustomer=61 mutDrone=102 globalBestCmax=141 globalBestPenalty=0 globalBestFeasible=1
[GA] gen=237 feasible=356/400 bestFitness=141 bestCmax=141 bestPenalty=0 avgFitness=8519.45 children=399 twoPoint=211 mutCustomer=59 mutDrone=106 globalBestCmax=141 globalBestPenalty=0 globalBestFeasible=1
[GA] gen=238 feasible=342/400 bestFitness=141 bestCmax=141 bestPenalty=0 avgFitness=10746.1 children=399 twoPoint=200 mutCustomer=76 mutDrone=115 globalBestCmax=141 globalBestPenalty=0 globalBestFeasible=1
[GA] gen=239 feasible=351/400 bestFitness=141 bestCmax=141 bestPenalty=0 avgFitness=9644.49 children=399 twoPoint=178 mutCustomer=61 mutDrone=99 globalBestCmax=141 globalBestPenalty=0 globalBestFeasible=1
[GA] gen=240 feasible=362/400 bestFitness=141 bestCmax=141 bestPenalty=0 avgFitness=6919.97 children=399 twoPoint=209 mutCustomer=54 mutDrone=98 globalBestCmax=141 globalBestPenalty=0 globalBestFeasible=1
[GA] gen=241 feasible=347/400 bestFitness=141 bestCmax=141 bestPenalty=0 avgFitness=11243 children=399 twoPoint=216 mutCustomer=64 mutDrone=76 globalBestCmax=141 globalBestPenalty=0 globalBestFeasible=1
[GA] gen=242 feasible=361/400 bestFitness=141 bestCmax=141 bestPenalty=0 avgFitness=7319.84 children=399 twoPoint=202 mutCustomer=58 mutDrone=102 globalBestCmax=141 globalBestPenalty=0 globalBestFeasible=1
[GA] gen=243 feasible=355/400 bestFitness=141 bestCmax=141 bestPenalty=0 avgFitness=8744.2 children=399 twoPoint=194 mutCustomer=60 mutDrone=113 globalBestCmax=141 globalBestPenalty=0 globalBestFeasible=1
[GA-TS] Stagnation reached at gen=244 (30 gens stagnant). Running TS on 40 elite individuals...
[GA-TS] TS complete. New global best Cmax=141 Penalty=0 Feasible=1
[GA] gen=244 feasible=356/400 bestFitness=141 bestCmax=141 bestPenalty=0 avgFitness=8718.2 children=399 twoPoint=196 mutCustomer=56 mutDrone=99 globalBestCmax=141 globalBestPenalty=0 globalBestFeasible=1
[GA] gen=245 feasible=359/400 bestFitness=141 bestCmax=141 bestPenalty=0 avgFitness=7869.29 children=399 twoPoint=187 mutCustomer=62 mutDrone=110 globalBestCmax=141 globalBestPenalty=0 globalBestFeasible=1
[GA] gen=246 feasible=353/400 bestFitness=141 bestCmax=141 bestPenalty=0 avgFitness=9369.57 children=399 twoPoint=207 mutCustomer=66 mutDrone=97 globalBestCmax=141 globalBestPenalty=0 globalBestFeasible=1
[GA] gen=247 feasible=364/400 bestFitness=141 bestCmax=141 bestPenalty=0 avgFitness=6618.91 children=399 twoPoint=199 mutCustomer=52 mutDrone=93 globalBestCmax=141 globalBestPenalty=0 globalBestFeasible=1
[GA] gen=248 feasible=352/400 bestFitness=141 bestCmax=141 bestPenalty=0 avgFitness=9644.66 children=399 twoPoint=213 mutCustomer=70 mutDrone=78 globalBestCmax=141 globalBestPenalty=0 globalBestFeasible=1
[GA] gen=249 feasible=350/400 bestFitness=141 bestCmax=141 bestPenalty=0 avgFitness=8870.3 children=399 twoPoint=209 mutCustomer=65 mutDrone=109 globalBestCmax=141 globalBestPenalty=0 globalBestFeasible=1
[GA] gen=250 feasible=355/400 bestFitness=141 bestCmax=141 bestPenalty=0 avgFitness=9293.89 children=399 twoPoint=194 mutCustomer=58 mutDrone=104 globalBestCmax=141 globalBestPenalty=0 globalBestFeasible=1
[GA] gen=251 feasible=358/400 bestFitness=141 bestCmax=141 bestPenalty=0 avgFitness=8218.56 children=399 twoPoint=203 mutCustomer=52 mutDrone=89 globalBestCmax=141 globalBestPenalty=0 globalBestFeasible=1
[GA] gen=252 feasible=354/400 bestFitness=141 bestCmax=141 bestPenalty=0 avgFitness=9020.2 children=399 twoPoint=198 mutCustomer=66 mutDrone=95 globalBestCmax=141 globalBestPenalty=0 globalBestFeasible=1
[GA] gen=253 feasible=357/400 bestFitness=141 bestCmax=141 bestPenalty=0 avgFitness=8444.59 children=399 twoPoint=196 mutCustomer=64 mutDrone=104 globalBestCmax=141 globalBestPenalty=0 globalBestFeasible=1
[GA] gen=254 feasible=356/400 bestFitness=141 bestCmax=141 bestPenalty=0 avgFitness=8245.01 children=399 twoPoint=205 mutCustomer=67 mutDrone=98 globalBestCmax=141 globalBestPenalty=0 globalBestFeasible=1
[GA] gen=255 feasible=347/400 bestFitness=141 bestCmax=141 bestPenalty=0 avgFitness=11294.8 children=399 twoPoint=191 mutCustomer=74 mutDrone=100 globalBestCmax=141 globalBestPenalty=0 globalBestFeasible=1
[GA] gen=256 feasible=346/400 bestFitness=141 bestCmax=141 bestPenalty=0 avgFitness=9945.22 children=399 twoPoint=178 mutCustomer=69 mutDrone=102 globalBestCmax=141 globalBestPenalty=0 globalBestFeasible=1
[GA] gen=257 feasible=359/400 bestFitness=141 bestCmax=141 bestPenalty=0 avgFitness=7819.31 children=399 twoPoint=202 mutCustomer=57 mutDrone=99 globalBestCmax=141 globalBestPenalty=0 globalBestFeasible=1
[GA] gen=258 feasible=361/400 bestFitness=141 bestCmax=141 bestPenalty=0 avgFitness=7619.59 children=399 twoPoint=197 mutCustomer=53 mutDrone=87 globalBestCmax=141 globalBestPenalty=0 globalBestFeasible=1
[GA] gen=259 feasible=355/400 bestFitness=141 bestCmax=141 bestPenalty=0 avgFitness=8770.58 children=399 twoPoint=200 mutCustomer=67 mutDrone=110 globalBestCmax=141 globalBestPenalty=0 globalBestFeasible=1
[GA] gen=260 feasible=356/400 bestFitness=141 bestCmax=141 bestPenalty=0 avgFitness=7845.25 children=399 twoPoint=222 mutCustomer=61 mutDrone=106 globalBestCmax=141 globalBestPenalty=0 globalBestFeasible=1
[GA] gen=261 feasible=359/400 bestFitness=141 bestCmax=141 bestPenalty=0 avgFitness=8194.28 children=399 twoPoint=193 mutCustomer=62 mutDrone=94 globalBestCmax=141 globalBestPenalty=0 globalBestFeasible=1
[GA] gen=262 feasible=351/400 bestFitness=141 bestCmax=141 bestPenalty=0 avgFitness=9519.22 children=399 twoPoint=198 mutCustomer=57 mutDrone=98 globalBestCmax=141 globalBestPenalty=0 globalBestFeasible=1
[GA] gen=263 feasible=345/400 bestFitness=141 bestCmax=141 bestPenalty=0 avgFitness=10919.3 children=399 twoPoint=204 mutCustomer=67 mutDrone=95 globalBestCmax=141 globalBestPenalty=0 globalBestFeasible=1
[GA] gen=264 feasible=359/400 bestFitness=141 bestCmax=141 bestPenalty=0 avgFitness=7943.28 children=399 twoPoint=196 mutCustomer=45 mutDrone=102 globalBestCmax=141 globalBestPenalty=0 globalBestFeasible=1
[GA] gen=265 feasible=350/400 bestFitness=141 bestCmax=141 bestPenalty=0 avgFitness=10444.2 children=399 twoPoint=198 mutCustomer=64 mutDrone=97 globalBestCmax=141 globalBestPenalty=0 globalBestFeasible=1
[GA] gen=266 feasible=345/400 bestFitness=141 bestCmax=141 bestPenalty=0 avgFitness=9320.01 children=399 twoPoint=222 mutCustomer=58 mutDrone=108 globalBestCmax=141 globalBestPenalty=0 globalBestFeasible=1
[GA] gen=267 feasible=351/400 bestFitness=141 bestCmax=141 bestPenalty=0 avgFitness=9469.58 children=399 twoPoint=179 mutCustomer=63 mutDrone=101 globalBestCmax=141 globalBestPenalty=0 globalBestFeasible=1
[GA] gen=268 feasible=358/400 bestFitness=141 bestCmax=141 bestPenalty=0 avgFitness=8119.8 children=399 twoPoint=200 mutCustomer=60 mutDrone=99 globalBestCmax=141 globalBestPenalty=0 globalBestFeasible=1
[GA] gen=269 feasible=363/400 bestFitness=141 bestCmax=141 bestPenalty=0 avgFitness=6869.81 children=399 twoPoint=180 mutCustomer=53 mutDrone=103 globalBestCmax=141 globalBestPenalty=0 globalBestFeasible=1
[GA] gen=270 feasible=362/400 bestFitness=141 bestCmax=141 bestPenalty=0 avgFitness=7693.45 children=399 twoPoint=202 mutCustomer=52 mutDrone=95 globalBestCmax=141 globalBestPenalty=0 globalBestFeasible=1
[GA] gen=271 feasible=362/400 bestFitness=141 bestCmax=141 bestPenalty=0 avgFitness=7892.95 children=399 twoPoint=204 mutCustomer=49 mutDrone=76 globalBestCmax=141 globalBestPenalty=0 globalBestFeasible=1
[GA] gen=272 feasible=343/400 bestFitness=141 bestCmax=141 bestPenalty=0 avgFitness=10769.8 children=399 twoPoint=201 mutCustomer=71 mutDrone=105 globalBestCmax=141 globalBestPenalty=0 globalBestFeasible=1
[GA] gen=273 feasible=345/400 bestFitness=141 bestCmax=141 bestPenalty=0 avgFitness=10569.7 children=399 twoPoint=212 mutCustomer=67 mutDrone=106 globalBestCmax=141 globalBestPenalty=0 globalBestFeasible=1
[GA-TS] Stagnation reached at gen=274 (30 gens stagnant). Running TS on 40 elite individuals...
[GA-TS] TS complete. New global best Cmax=141 Penalty=0 Feasible=1
[GA] gen=274 feasible=351/400 bestFitness=141 bestCmax=141 bestPenalty=0 avgFitness=9443.86 children=399 twoPoint=191 mutCustomer=57 mutDrone=97 globalBestCmax=141 globalBestPenalty=0 globalBestFeasible=1
[GA] gen=275 feasible=348/400 bestFitness=141 bestCmax=141 bestPenalty=0 avgFitness=10369.6 children=399 twoPoint=196 mutCustomer=70 mutDrone=103 globalBestCmax=141 globalBestPenalty=0 globalBestFeasible=1
[GA] gen=276 feasible=360/400 bestFitness=141 bestCmax=141 bestPenalty=0 avgFitness=7719.84 children=399 twoPoint=192 mutCustomer=57 mutDrone=95 globalBestCmax=141 globalBestPenalty=0 globalBestFeasible=1
[GA] gen=277 feasible=363/400 bestFitness=141 bestCmax=141 bestPenalty=0 avgFitness=6769.12 children=399 twoPoint=197 mutCustomer=48 mutDrone=95 globalBestCmax=141 globalBestPenalty=0 globalBestFeasible=1
[GA] gen=278 feasible=352/400 bestFitness=141 bestCmax=141 bestPenalty=0 avgFitness=9419.66 children=399 twoPoint=188 mutCustomer=61 mutDrone=94 globalBestCmax=141 globalBestPenalty=0 globalBestFeasible=1
[GA] gen=279 feasible=355/400 bestFitness=141 bestCmax=141 bestPenalty=0 avgFitness=9218.98 children=399 twoPoint=179 mutCustomer=56 mutDrone=100 globalBestCmax=141 globalBestPenalty=0 globalBestFeasible=1
[GA] gen=280 feasible=353/400 bestFitness=141 bestCmax=141 bestPenalty=0 avgFitness=9369.19 children=399 twoPoint=199 mutCustomer=57 mutDrone=96 globalBestCmax=141 globalBestPenalty=0 globalBestFeasible=1
[GA] gen=281 feasible=352/400 bestFitness=141 bestCmax=141 bestPenalty=0 avgFitness=9344.26 children=399 twoPoint=210 mutCustomer=61 mutDrone=90 globalBestCmax=141 globalBestPenalty=0 globalBestFeasible=1
[GA] gen=282 feasible=349/400 bestFitness=141 bestCmax=141 bestPenalty=0 avgFitness=10318.6 children=399 twoPoint=199 mutCustomer=68 mutDrone=102 globalBestCmax=141 globalBestPenalty=0 globalBestFeasible=1
[GA] gen=283 feasible=347/400 bestFitness=141 bestCmax=141 bestPenalty=0 avgFitness=10992.9 children=399 twoPoint=202 mutCustomer=67 mutDrone=88 globalBestCmax=141 globalBestPenalty=0 globalBestFeasible=1
[GA] gen=284 feasible=354/400 bestFitness=141 bestCmax=141 bestPenalty=0 avgFitness=8469.55 children=399 twoPoint=206 mutCustomer=65 mutDrone=103 globalBestCmax=141 globalBestPenalty=0 globalBestFeasible=1
[GA] gen=285 feasible=346/400 bestFitness=141 bestCmax=141 bestPenalty=0 avgFitness=10818.1 children=399 twoPoint=195 mutCustomer=62 mutDrone=86 globalBestCmax=141 globalBestPenalty=0 globalBestFeasible=1
[GA] gen=286 feasible=349/400 bestFitness=141 bestCmax=141 bestPenalty=0 avgFitness=9170.8 children=399 twoPoint=216 mutCustomer=71 mutDrone=98 globalBestCmax=141 globalBestPenalty=0 globalBestFeasible=1
[GA] gen=287 feasible=355/400 bestFitness=141 bestCmax=141 bestPenalty=0 avgFitness=9345.11 children=399 twoPoint=191 mutCustomer=68 mutDrone=102 globalBestCmax=141 globalBestPenalty=0 globalBestFeasible=1
[GA] gen=288 feasible=362/400 bestFitness=141 bestCmax=141 bestPenalty=0 avgFitness=7344.01 children=399 twoPoint=211 mutCustomer=55 mutDrone=94 globalBestCmax=141 globalBestPenalty=0 globalBestFeasible=1
[GA] gen=289 feasible=350/400 bestFitness=141 bestCmax=141 bestPenalty=0 avgFitness=9169.69 children=399 twoPoint=211 mutCustomer=64 mutDrone=101 globalBestCmax=141 globalBestPenalty=0 globalBestFeasible=1
[GA] gen=290 feasible=357/400 bestFitness=141 bestCmax=141 bestPenalty=0 avgFitness=8544.19 children=399 twoPoint=205 mutCustomer=59 mutDrone=86 globalBestCmax=141 globalBestPenalty=0 globalBestFeasible=1
[GA] gen=291 feasible=362/400 bestFitness=141 bestCmax=141 bestPenalty=0 avgFitness=7369.85 children=399 twoPoint=203 mutCustomer=64 mutDrone=94 globalBestCmax=141 globalBestPenalty=0 globalBestFeasible=1
[GA] gen=292 feasible=343/400 bestFitness=141 bestCmax=141 bestPenalty=0 avgFitness=11419.8 children=399 twoPoint=179 mutCustomer=76 mutDrone=93 globalBestCmax=141 globalBestPenalty=0 globalBestFeasible=1
[GA] gen=293 feasible=359/400 bestFitness=141 bestCmax=141 bestPenalty=0 avgFitness=7795.31 children=399 twoPoint=188 mutCustomer=58 mutDrone=95 globalBestCmax=141 globalBestPenalty=0 globalBestFeasible=1
[GA] gen=294 feasible=355/400 bestFitness=141 bestCmax=141 bestPenalty=0 avgFitness=8470.31 children=399 twoPoint=196 mutCustomer=63 mutDrone=91 globalBestCmax=141 globalBestPenalty=0 globalBestFeasible=1
[GA] gen=295 feasible=350/400 bestFitness=141 bestCmax=141 bestPenalty=0 avgFitness=10419.8 children=399 twoPoint=197 mutCustomer=71 mutDrone=95 globalBestCmax=141 globalBestPenalty=0 globalBestFeasible=1
[GA] gen=296 feasible=350/400 bestFitness=141 bestCmax=141 bestPenalty=0 avgFitness=9520.38 children=399 twoPoint=210 mutCustomer=64 mutDrone=98 globalBestCmax=141 globalBestPenalty=0 globalBestFeasible=1
[GA] gen=297 feasible=363/400 bestFitness=141 bestCmax=141 bestPenalty=0 avgFitness=7395.16 children=399 twoPoint=198 mutCustomer=61 mutDrone=114 globalBestCmax=141 globalBestPenalty=0 globalBestFeasible=1
[GA] gen=298 feasible=356/400 bestFitness=141 bestCmax=141 bestPenalty=0 avgFitness=8571.02 children=399 twoPoint=203 mutCustomer=62 mutDrone=120 globalBestCmax=141 globalBestPenalty=0 globalBestFeasible=1
[GA] gen=299 feasible=351/400 bestFitness=141 bestCmax=141 bestPenalty=0 avgFitness=8894.36 children=399 twoPoint=187 mutCustomer=63 mutDrone=100 globalBestCmax=141 globalBestPenalty=0 globalBestFeasible=1
