
+========================================================+
|     PDP SOLVER - GA + TABU SEARCH                  |
+========================================================+

Reading instance: U_10_2.0_Num_7_pd.txt
Reading: U_10_2.0_Num_7_pd.txt
Truck (Manhattan) and Drone (Euclidean) distance matrices built.
Loaded 11 nodes, 10 customers.

Instance details:
  Customers: 10
  Trucks: 2
  Drones: 2
  Drone endurance: 90 minutes

=========================================
  GENETIC ALGORITHM + TABU SEARCH (PDP)
=========================================
Population size: 50
Max generations: 50
Base mutation rate: 0.1 (adaptive)
Tabu threshold: 10% of max gen without improvement
Adaptive operators: ENABLED

[1] Initializing population...
PDP Population distribution (NO SEPARATOR):
   Random: 5
   Greedy Time: 15
   Sweep: 15
   Nearest Neighbor: 15
Generated 50 PDP individuals (sequence only, no separators)
Initial best cost: 375.04 (penalty: 0.00)
Gen 0: New best = 333.26 (penalty: 0.00, mut_rate: 0.100)
Gen 1: New best = 319.92 (penalty: 0.00, mut_rate: 0.100)
Gen 2: New best = 301.84 (penalty: 0.00, mut_rate: 0.100)
Gen 4: New best = 268.77 (penalty: 0.00, mut_rate: 0.100)
Gen 5: New best = 260.40 (penalty: 0.00, mut_rate: 0.100)
Gen 6: New best = 254.92 (penalty: 0.00, mut_rate: 0.090)
Gen 8: New best = 250.98 (penalty: 0.00, mut_rate: 0.090)
Gen 10: New best = 250.18 (penalty: 0.00, mut_rate: 0.090)
[ADAPT] Gen 10 - Crossover rates: 0.37 0.26 0.14 0.43 , Mutation rate: 0.081

[TABU] No improvement for 2 generations. Applying Tabu Search...
[TABU] After Tabu Search: 250.18 (penalty: 0.00)

[TABU] No improvement for 2 generations. Applying Tabu Search...
[TABU] After Tabu Search: 250.18 (penalty: 0.00)

[TABU] No improvement for 2 generations. Applying Tabu Search...
[TABU] After Tabu Search: 250.18 (penalty: 0.00)

[TABU] No improvement for 2 generations. Applying Tabu Search...
[TABU] After Tabu Search: 250.18 (penalty: 0.00)
[ADAPT] Gen 20 - Crossover rates: 0.37 0.27 0.15 0.40 , Mutation rate: 0.097

[TABU] No improvement for 2 generations. Applying Tabu Search...
[TABU] After Tabu Search: 250.18 (penalty: 0.00)

[TABU] No improvement for 2 generations. Applying Tabu Search...
[TABU] After Tabu Search: 250.18 (penalty: 0.00)

[TABU] No improvement for 2 generations. Applying Tabu Search...
[TABU] After Tabu Search: 250.18 (penalty: 0.00)

[TABU] No improvement for 2 generations. Applying Tabu Search...
[TABU] After Tabu Search: 250.18 (penalty: 0.00)

[TABU] No improvement for 2 generations. Applying Tabu Search...
[TABU] After Tabu Search: 250.18 (penalty: 0.00)
[ADAPT] Gen 30 - Crossover rates: 0.38 0.28 0.15 0.39 , Mutation rate: 0.140

[TABU] No improvement for 2 generations. Applying Tabu Search...
[TABU] After Tabu Search: 250.18 (penalty: 0.00)

[TABU] No improvement for 2 generations. Applying Tabu Search...
[TABU] After Tabu Search: 250.18 (penalty: 0.00)

[TABU] No improvement for 2 generations. Applying Tabu Search...
[TABU] After Tabu Search: 250.18 (penalty: 0.00)

[TABU] No improvement for 2 generations. Applying Tabu Search...
[TABU] After Tabu Search: 250.18 (penalty: 0.00)

[TABU] No improvement for 2 generations. Applying Tabu Search...
[TABU] After Tabu Search: 250.18 (penalty: 0.00)
[ADAPT] Gen 40 - Crossover rates: 0.38 0.28 0.15 0.39 , Mutation rate: 0.202

[TABU] No improvement for 2 generations. Applying Tabu Search...
[TABU] After Tabu Search: 250.18 (penalty: 0.00)

[TABU] No improvement for 2 generations. Applying Tabu Search...
[TABU] After Tabu Search: 250.18 (penalty: 0.00)

[TABU] No improvement for 2 generations. Applying Tabu Search...
[TABU] After Tabu Search: 250.18 (penalty: 0.00)

[TABU] No improvement for 2 generations. Applying Tabu Search...
[TABU] After Tabu Search: 250.18 (penalty: 0.00)

[TABU] No improvement for 2 generations. Applying Tabu Search...
[TABU] After Tabu Search: 250.18 (penalty: 0.00)

=========================================
  GA + TABU COMPLETED
=========================================
Final best cost: 250.18 (penalty: 0.00)

[ADAPTIVE STATS]
Final mutation rate: 0.242
Crossover success rates: [0]:0.02 [1]:0.01 [2]:0.00 [3]:0.02 
Mutation success rates: [0]:0.07 [1]:0.07 [2]:0.03 [3]:0.00 [4]:0.05 

+========================================================+
|     INTEGRATED LOCAL SEARCH (Truck + Drone)         |
+========================================================+

[ADAPTIVE LS] Starting Adaptive Local Search with 11 operators...
[ADAPTIVE LS] Initial C_max: 250.18 minutes
[ADAPTIVE LS] Truck routes: 2
[ADAPTIVE LS] Drone trips: 6
[ADAPTIVE LS] Perturbation #1 (diversification)
[ADAPTIVE LS] Perturbation #2 (diversification)

[ADAPTIVE LS] ====== FINAL RESULTS ======
[ADAPTIVE LS] Completed after 50 iterations
[ADAPTIVE LS] Final C_max: 250.18 minutes
[ADAPTIVE LS] Improvements: Truck=0, Drone=0
[ADAPTIVE LS] Perturbations used: 2
[ADAPTIVE LS] No improvement found (solution may be near optimal)

[ADAPTIVE] Operator Performance Statistics:
-------------------------------------------------------------
              Operator  Attempts   Success     Rate(%)    AvgImprv    Weight
-------------------------------------------------------------
            Truck-2Opt        50         7       14.0%       37.62      4.41
            Truck-Swap        50         6       12.0%       37.62      4.46
        Truck-Relocate        50        25       50.0%       20.04      3.45
   Truck-CrossExchange        50         0        0.0%        0.00      0.50
         Drone-Reorder        50         0        0.0%        0.00      0.50
            Drone-Swap        50        16       32.0%       18.78      2.88
            Drone-Move        50         0        0.0%        0.00      0.50
           Drone-Merge        50         0        0.0%        0.00      0.50
           Drone-Split        50         0        0.0%        0.00      0.50
        Drone-Reassign        50        25       50.0%       17.30      2.93
  Drone-InsertIntoTrip        50         0        0.0%        0.00      0.50
-------------------------------------------------------------

+========================================================+
|               FINAL SOLUTION                       |
+========================================================+

+=============================================================+
|              SOLUTION DETAILS (Thoi gian thuc te)          |
+=============================================================+

 TONG QUAN:
   Total Cost (C_max): 250.18 phut
   Feasible: YES

CHI TIET CAC XE TAI:

   +-- Xe 0 --------------------------------------
   | Hoan thanh: 250.12 phut
   | Route: 0(D) -> 1(P) -> 9(DL) -> 5(D) -> 0(D) -> 6(D) -> 0(D)
   | Timeline:
   |    0. Node  0 ( D): Den=   0.0' Roi=   0.0'
   |    1. Node  1 ( P): Den=  30.4' Roi=  33.4'
   |    2. Node  9 (DL): Den=  87.3' Roi=  90.3'
   |    3. Node  5 ( D): Den= 109.2' Roi= 117.2'
   |    4. Node  0 ( D): Den= 124.8' Roi= 129.8'
   |    5. Node  6 ( D): Den= 227.1' Roi= 230.1'
   |    6. Node  0 ( D): Den= 250.1' Roi= 250.1'
   +-----------------------------------------------------

   +-- Xe 1 --------------------------------------
   | Hoan thanh: 250.18 phut
   | Route: 0(D) -> 10(D) -> 3(D) -> 2(D) -> 0(D) -> 8(D) -> 7(D) -> 4(D) -> 0(D)
   | Timeline:
   |    0. Node  0 ( D): Den=   0.0' Roi=   0.0'
   |    1. Node 10 ( D): Den=  37.9' Roi=  60.4'
   |    2. Node  3 ( D): Den=  93.3' Roi= 101.3'
   |    3. Node  2 ( D): Den= 111.0' Roi= 125.5'
   |    4. Node  0 ( D): Den= 140.2' Roi= 145.2'
   |    5. Node  8 ( D): Den= 167.1' Roi= 170.1'
   |    6. Node  7 ( D): Den= 193.6' Roi= 201.6'
   |    7. Node  4 ( D): Den= 205.7' Roi= 231.7'
   |    8. Node  0 ( D): Den= 250.2' Roi= 250.2'
   +-----------------------------------------------------

CHI TIET DRONE RESUPPLY (WITH CONSOLIDATION):

   +-- Resupply Trip #1 ----------------------------------
   | Drone: Drone 0 | Xe: Xe 1
   | So khach hang: 1 customers
   | Customers: Node 10
   | Total flight time: 31.8 phut
   | Timeline:
   |   - Drone roi depot:       39.0 phut
   |   [Customer 10]
   |     - Drone den:          52.4 phut
   |     - Xe den:             37.9 phut
   |     - Bat dau resupply:   52.4 phut
   |     - Ket thuc:           60.4 phut
   |   - Drone ve depot:        73.8 phut
   +-----------------------------------------------------

   +-- Resupply Trip #2 ----------------------------------
   | Drone: Drone 0 | Xe: Xe 1
   | So khach hang: 1 customers
   | Customers: Node 3
   | Total flight time: 25.1 phut
   | Timeline:
   |   - Drone roi depot:       78.8 phut
   |   [Customer 3]
   |     - Drone den:          84.5 phut
   |     - Xe den:             93.3 phut
   |     - Bat dau resupply:   93.3 phut
   |     - Ket thuc:          101.3 phut
   |   - Drone ve depot:       106.9 phut
   +-----------------------------------------------------

   +-- Resupply Trip #3 ----------------------------------
   | Drone: Drone 1 | Xe: Xe 0
   | So khach hang: 1 customers
   | Customers: Node 5
   | Total flight time: 39.6 phut
   | Timeline:
   |   - Drone roi depot:       78.0 phut
   |   [Customer 5]
   |     - Drone den:          81.4 phut
   |     - Xe den:            109.2 phut
   |     - Bat dau resupply:  109.2 phut
   |     - Ket thuc:          117.2 phut
   |   - Drone ve depot:       120.6 phut
   +-----------------------------------------------------

   +-- Resupply Trip #4 ----------------------------------
   | Drone: Drone 0 | Xe: Xe 1
   | So khach hang: 1 customers
   | Customers: Node 2
   | Total flight time: 16.1 phut
   | Timeline:
   |   - Drone roi depot:      111.9 phut
   |   [Customer 2]
   |     - Drone den:         117.5 phut
   |     - Xe den:            111.0 phut
   |     - Bat dau resupply:  117.5 phut
   |     - Ket thuc:          125.5 phut
   |   - Drone ve depot:       131.0 phut
   +-----------------------------------------------------

   +-- Resupply Trip #5 ----------------------------------
   | Drone: Drone 0 | Xe: Xe 1
   | So khach hang: 1 customers
   | Customers: Node 7
   | Total flight time: 38.7 phut
   | Timeline:
   |   - Drone roi depot:      167.0 phut
   |   [Customer 7]
   |     - Drone den:         174.0 phut
   |     - Xe den:            193.6 phut
   |     - Bat dau resupply:  193.6 phut
   |     - Ket thuc:          201.6 phut
   |   - Drone ve depot:       208.7 phut
   +-----------------------------------------------------

   +-- Resupply Trip #6 ----------------------------------
   | Drone: Drone 0 | Xe: Xe 1
   | So khach hang: 1 customers
   | Customers: Node 4
   | Total flight time: 18.4 phut
   | Timeline:
   |   - Drone roi depot:      217.0 phut
   |   [Customer 4]
   |     - Drone den:         223.7 phut
   |     - Xe den:            205.7 phut
   |     - Bat dau resupply:  223.7 phut
   |     - Ket thuc:          231.7 phut
   |   - Drone ve depot:       238.4 phut
   +-----------------------------------------------------

 THOI GIAN HOAN THANH CAC DRONE:
   Drone 0: 238.44 phut
   Drone 1: 120.60 phut

=============================================================

=========================================
SUMMARY:
  Cost before Local Search: 250.18 minutes
  Cost after Local Search: 250.18 minutes
  Total Penalty: 0.00
  Feasible: YES
  Resupply Events: 6
=========================================
