
+========================================================+
|     PDP SOLVER - GA + TABU SEARCH                  |
+========================================================+

Reading instance: U_10_1.5_Num_9_pd.txt
Reading: U_10_1.5_Num_9_pd.txt
Truck (Manhattan) and Drone (Euclidean) distance matrices built.
Loaded 11 nodes, 10 customers.

Instance details:
  Customers: 10
  Trucks: 2
  Drones: 2
  Drone endurance: 90 minutes

=========================================
  GENETIC ALGORITHM + TABU SEARCH (PDP)
=========================================
Population size: 50
Max generations: 50
Base mutation rate: 0.1 (adaptive)
Tabu threshold: 10% of max gen without improvement
Adaptive operators: ENABLED

[1] Initializing population...
PDP Population distribution (NO SEPARATOR):
   Random: 5
   Greedy Time: 15
   Sweep: 15
   Nearest Neighbor: 15
Generated 50 PDP individuals (sequence only, no separators)
Initial best cost: 301.80 (penalty: 0.00)
Gen 0: New best = 249.51 (penalty: 0.00, mut_rate: 0.100)
Gen 2: New best = 239.52 (penalty: 0.00, mut_rate: 0.100)

[TABU] No improvement for 2 generations. Applying Tabu Search...
  Tabu iter 50: best=230.914 current=230.914
[TABU] After Tabu Search: 230.91 (penalty: 0.00)

[TABU] No improvement for 2 generations. Applying Tabu Search...
[TABU] After Tabu Search: 230.91 (penalty: 0.00)

[TABU] No improvement for 2 generations. Applying Tabu Search...
[TABU] After Tabu Search: 230.91 (penalty: 0.00)
[ADAPT] Gen 10 - Crossover rates: 0.46 0.31 0.10 0.34 , Mutation rate: 0.120

[TABU] No improvement for 2 generations. Applying Tabu Search...
[TABU] After Tabu Search: 230.91 (penalty: 0.00)

[TABU] No improvement for 2 generations. Applying Tabu Search...
[TABU] After Tabu Search: 230.91 (penalty: 0.00)

[TABU] No improvement for 2 generations. Applying Tabu Search...
[TABU] After Tabu Search: 230.91 (penalty: 0.00)

[TABU] No improvement for 2 generations. Applying Tabu Search...
[TABU] After Tabu Search: 230.91 (penalty: 0.00)

[TABU] No improvement for 2 generations. Applying Tabu Search...
[TABU] After Tabu Search: 230.91 (penalty: 0.00)
[ADAPT] Gen 20 - Crossover rates: 0.45 0.33 0.10 0.32 , Mutation rate: 0.173

[TABU] No improvement for 2 generations. Applying Tabu Search...
[TABU] After Tabu Search: 230.91 (penalty: 0.00)

[TABU] No improvement for 2 generations. Applying Tabu Search...
[TABU] After Tabu Search: 230.91 (penalty: 0.00)

[TABU] No improvement for 2 generations. Applying Tabu Search...
[TABU] After Tabu Search: 230.91 (penalty: 0.00)

[TABU] No improvement for 2 generations. Applying Tabu Search...
[TABU] After Tabu Search: 230.91 (penalty: 0.00)

[TABU] No improvement for 2 generations. Applying Tabu Search...
[TABU] After Tabu Search: 230.91 (penalty: 0.00)
[ADAPT] Gen 30 - Crossover rates: 0.45 0.33 0.10 0.33 , Mutation rate: 0.249

[TABU] No improvement for 2 generations. Applying Tabu Search...
[TABU] After Tabu Search: 230.91 (penalty: 0.00)

[TABU] No improvement for 2 generations. Applying Tabu Search...
[TABU] After Tabu Search: 230.91 (penalty: 0.00)

[TABU] No improvement for 2 generations. Applying Tabu Search...
[TABU] After Tabu Search: 230.91 (penalty: 0.00)

[TABU] No improvement for 2 generations. Applying Tabu Search...
[TABU] After Tabu Search: 230.91 (penalty: 0.00)

[TABU] No improvement for 2 generations. Applying Tabu Search...
[TABU] After Tabu Search: 230.91 (penalty: 0.00)
[ADAPT] Gen 40 - Crossover rates: 0.44 0.33 0.10 0.33 , Mutation rate: 0.358

[TABU] No improvement for 2 generations. Applying Tabu Search...
[TABU] After Tabu Search: 230.91 (penalty: 0.00)

[TABU] No improvement for 2 generations. Applying Tabu Search...
[TABU] After Tabu Search: 230.91 (penalty: 0.00)

[TABU] No improvement for 2 generations. Applying Tabu Search...
[TABU] After Tabu Search: 230.91 (penalty: 0.00)

[TABU] No improvement for 2 generations. Applying Tabu Search...
[TABU] After Tabu Search: 230.91 (penalty: 0.00)

[TABU] No improvement for 2 generations. Applying Tabu Search...
[TABU] After Tabu Search: 230.91 (penalty: 0.00)

=========================================
  GA + TABU COMPLETED
=========================================
Final best cost: 230.91 (penalty: 0.00)

[ADAPTIVE STATS]
Final mutation rate: 0.430
Crossover success rates: [0]:0.00 [1]:0.00 [2]:0.00 [3]:0.00 
Mutation success rates: [0]:0.00 [1]:0.05 [2]:0.00 [3]:0.06 [4]:0.02 

+========================================================+
|     INTEGRATED LOCAL SEARCH (Truck + Drone)         |
+========================================================+

[ADAPTIVE LS] Starting Adaptive Local Search with 11 operators...
[ADAPTIVE LS] Initial C_max: 230.91 minutes
[ADAPTIVE LS] Truck routes: 2
[ADAPTIVE LS] Drone trips: 4
[ADAPTIVE LS] Iter 0: Drone improved to 229.40 min
[ADAPTIVE LS] Iter 1: Truck improved to 219.25 min
[ADAPTIVE LS] Perturbation #1 (diversification)

[ADAPTIVE LS] ====== FINAL RESULTS ======
[ADAPTIVE LS] Completed after 50 iterations
[ADAPTIVE LS] Final C_max: 219.25 minutes
[ADAPTIVE LS] Improvements: Truck=1, Drone=1
[ADAPTIVE LS] Perturbations used: 1
[ADAPTIVE LS] Total improvement: 11.67 minutes (5.1%)

[ADAPTIVE] Operator Performance Statistics:
-------------------------------------------------------------
              Operator  Attempts   Success     Rate(%)    AvgImprv    Weight
-------------------------------------------------------------
            Truck-2Opt        50        23       46.0%      109.50      5.00
            Truck-Swap        50         9       18.0%       25.91      3.04
        Truck-Relocate        50         0        0.0%        0.00      0.50
   Truck-CrossExchange        50         0        0.0%        0.00      0.50
         Drone-Reorder        50         0        0.0%        0.00      0.50
            Drone-Swap        50        24       48.0%      129.37      5.00
            Drone-Move        50         0        0.0%        0.00      0.50
           Drone-Merge        50         0        0.0%        0.00      0.50
           Drone-Split        50         0        0.0%        0.00      0.50
        Drone-Reassign        50         0        0.0%        0.00      0.50
  Drone-InsertIntoTrip        50         1        2.0%       21.60      0.50
-------------------------------------------------------------

+========================================================+
|               FINAL SOLUTION                       |
+========================================================+

+=============================================================+
|              SOLUTION DETAILS (Thoi gian thuc te)          |
+=============================================================+

 TONG QUAN:
   Total Cost (C_max): 219.25 phut
   Feasible: YES

CHI TIET CAC XE TAI:

   +-- Xe 0 --------------------------------------
   | Hoan thanh: 131.04 phut
   | Route: 0(D) -> 8(P) -> 4(DL) -> 0(D) -> 1(D) -> 0(D) -> 3(D) -> 9(D) -> 0(D)
   | Timeline:
   |    0. Node  0 ( D): Den=   0.0' Roi=   0.0'
   |    1. Node  8 ( P): Den=   8.1' Roi=  11.1'
   |    2. Node  4 (DL): Den=  20.9' Roi=  23.9'
   |    3. Node  0 ( D): Den=  35.5' Roi=  40.5'
   |    4. Node  1 ( D): Den=  50.3' Roi=  53.3'
   |    5. Node  0 ( D): Den=  63.2' Roi=  68.2'
   |    6. Node  3 ( D): Den=  91.3' Roi=  94.3'
   |    7. Node  9 ( D): Den= 113.6' Roi= 116.6'
   |    8. Node  0 ( D): Den= 126.0' Roi= 131.0'
   +-----------------------------------------------------

   +-- Xe 1 --------------------------------------
   | Hoan thanh: 213.96 phut
   | Route: 0(D) -> 10(D) -> 0(D) -> 5(D) -> 6(D) -> 7(D) -> 2(D) -> 0(D)
   | Timeline:
   |    0. Node  0 ( D): Den=   0.0' Roi=   0.0'
   |    1. Node 10 ( D): Den=  29.2' Roi=  32.2'
   |    2. Node  0 ( D): Den=  61.4' Roi=  66.4'
   |    3. Node  5 ( D): Den=  77.9' Roi=  80.9'
   |    4. Node  6 ( D): Den=  92.0' Roi= 111.0'
   |    5. Node  7 ( D): Den= 134.4' Roi= 165.7'
   |    6. Node  2 ( D): Den= 187.6' Roi= 190.6'
   |    7. Node  0 ( D): Den= 209.0' Roi= 214.0'
   +-----------------------------------------------------

CHI TIET DRONE RESUPPLY (WITH CONSOLIDATION):

   +-- Resupply Trip #1 ----------------------------------
   | Drone: Drone 0 | Xe: Xe 1
   | So khach hang: 1 customers
   | Customers: Node 6
   | Total flight time: 46.8 phut
   | Timeline:
   |   - Drone roi depot:       64.0 phut
   |   [Customer 6]
   |     - Drone den:          66.8 phut
   |     - Xe den:            103.0 phut
   |     - Bat dau resupply:  103.0 phut
   |     - Ket thuc:          111.0 phut
   |   - Drone ve depot:       113.8 phut
   +-----------------------------------------------------

   +-- Resupply Trip #2 ----------------------------------
   | Drone: Drone 0 | Xe: Xe 1
   | So khach hang: 1 customers
   | Customers: Node 7
   | Total flight time: 39.8 phut
   | Timeline:
   |   - Drone roi depot:      134.0 phut
   |   [Customer 7]
   |     - Drone den:         145.1 phut
   |     - Xe den:            157.7 phut
   |     - Bat dau resupply:  157.7 phut
   |     - Ket thuc:          165.7 phut
   |   - Drone ve depot:       176.8 phut
   +-----------------------------------------------------

   +-- Resupply Trip #3 ----------------------------------
   | Drone: Drone 0 | Xe: Xe 1
   | So khach hang: 1 customers
   | Customers: Node 9
   | Total flight time: 12.2 phut
   | Timeline:
   |   - Drone roi depot:      204.0 phut
   |   [Customer 9]
   |     - Drone den:         207.6 phut
   |     - Xe den:              9.5 phut
   |     - Bat dau resupply:  207.6 phut
   |     - Ket thuc:          215.6 phut
   |   - Drone ve depot:       219.2 phut
   +-----------------------------------------------------

   +-- Resupply Trip #4 ----------------------------------
   | Drone: Drone 1 | Xe: Xe 0
   | So khach hang: 1 customers
   | Customers: Node 10
   | Total flight time: 26.4 phut
   | Timeline:
   |   - Drone roi depot:      183.0 phut
   |   [Customer 10]
   |     - Drone den:         193.7 phut
   |     - Xe den:             29.2 phut
   |     - Bat dau resupply:  193.7 phut
   |     - Ket thuc:          201.7 phut
   |   - Drone ve depot:       212.4 phut
   +-----------------------------------------------------

 THOI GIAN HOAN THANH CAC DRONE:
   Drone 0: 212.39 phut
   Drone 1: 222.72 phut

=============================================================

=========================================
SUMMARY:
  Cost before Local Search: 230.91 minutes
  Cost after Local Search: 219.25 minutes
  Improvement by LS: 11.67 minutes (5.1%)
  Total Penalty: 0.0
  Feasible: YES
  Resupply Events: 4
=========================================
