
+========================================================+
|     PDP SOLVER - GA + TABU SEARCH                  |
+========================================================+

Reading instance: U_10_2.5_Num_5_pd.txt
Reading: U_10_2.5_Num_5_pd.txt
Truck (Manhattan) and Drone (Euclidean) distance matrices built.
Loaded 11 nodes, 10 customers.

Instance details:
  Customers: 10
  Trucks: 2
  Drones: 2
  Drone endurance: 90 minutes

=========================================
  GENETIC ALGORITHM + TABU SEARCH (PDP)
=========================================
Population size: 50
Max generations: 50
Base mutation rate: 0.1 (adaptive)
Tabu threshold: 10% of max gen without improvement
Adaptive operators: ENABLED

[1] Initializing population...
PDP Population distribution (NO SEPARATOR):
   Random: 5
   Greedy Time: 15
   Sweep: 15
   Nearest Neighbor: 15
Generated 50 PDP individuals (sequence only, no separators)
Initial best cost: 356.32 (penalty: 0.00)
Gen 0: New best = 345.60 (penalty: 0.00, mut_rate: 0.100)

[TABU] No improvement for 2 generations. Applying Tabu Search...
[TABU] After Tabu Search: 345.60 (penalty: 0.00)

[TABU] No improvement for 2 generations. Applying Tabu Search...
[TABU] After Tabu Search: 345.60 (penalty: 0.00)

[TABU] No improvement for 2 generations. Applying Tabu Search...
[TABU] After Tabu Search: 345.60 (penalty: 0.00)

[TABU] No improvement for 2 generations. Applying Tabu Search...
[TABU] After Tabu Search: 345.60 (penalty: 0.00)
[ADAPT] Gen 10 - Crossover rates: 0.10 0.10 0.10 0.90 , Mutation rate: 0.120

[TABU] No improvement for 2 generations. Applying Tabu Search...
[TABU] After Tabu Search: 345.60 (penalty: 0.00)

[TABU] No improvement for 2 generations. Applying Tabu Search...
[TABU] After Tabu Search: 345.60 (penalty: 0.00)

[TABU] No improvement for 2 generations. Applying Tabu Search...
[TABU] After Tabu Search: 345.60 (penalty: 0.00)

[TABU] No improvement for 2 generations. Applying Tabu Search...
[TABU] After Tabu Search: 345.60 (penalty: 0.00)

[TABU] No improvement for 2 generations. Applying Tabu Search...
[TABU] After Tabu Search: 345.60 (penalty: 0.00)
[ADAPT] Gen 20 - Crossover rates: 0.10 0.10 0.10 0.90 , Mutation rate: 0.173

[TABU] No improvement for 2 generations. Applying Tabu Search...
[TABU] After Tabu Search: 345.60 (penalty: 0.00)

[TABU] No improvement for 2 generations. Applying Tabu Search...
[TABU] After Tabu Search: 345.60 (penalty: 0.00)

[TABU] No improvement for 2 generations. Applying Tabu Search...
[TABU] After Tabu Search: 345.60 (penalty: 0.00)

[TABU] No improvement for 2 generations. Applying Tabu Search...
[TABU] After Tabu Search: 345.60 (penalty: 0.00)

[TABU] No improvement for 2 generations. Applying Tabu Search...
[TABU] After Tabu Search: 345.60 (penalty: 0.00)
[ADAPT] Gen 30 - Crossover rates: 0.10 0.10 0.10 0.90 , Mutation rate: 0.249

[TABU] No improvement for 2 generations. Applying Tabu Search...
[TABU] After Tabu Search: 345.60 (penalty: 0.00)

[TABU] No improvement for 2 generations. Applying Tabu Search...
[TABU] After Tabu Search: 345.60 (penalty: 0.00)

[TABU] No improvement for 2 generations. Applying Tabu Search...
[TABU] After Tabu Search: 345.60 (penalty: 0.00)

[TABU] No improvement for 2 generations. Applying Tabu Search...
[TABU] After Tabu Search: 345.60 (penalty: 0.00)

[TABU] No improvement for 2 generations. Applying Tabu Search...
[TABU] After Tabu Search: 345.60 (penalty: 0.00)
[ADAPT] Gen 40 - Crossover rates: 0.10 0.10 0.10 0.90 , Mutation rate: 0.358

[TABU] No improvement for 2 generations. Applying Tabu Search...
[TABU] After Tabu Search: 345.60 (penalty: 0.00)

[TABU] No improvement for 2 generations. Applying Tabu Search...
[TABU] After Tabu Search: 345.60 (penalty: 0.00)

[TABU] No improvement for 2 generations. Applying Tabu Search...
[TABU] After Tabu Search: 345.60 (penalty: 0.00)

[TABU] No improvement for 2 generations. Applying Tabu Search...
[TABU] After Tabu Search: 345.60 (penalty: 0.00)

[TABU] No improvement for 2 generations. Applying Tabu Search...
[TABU] After Tabu Search: 345.60 (penalty: 0.00)

=========================================
  GA + TABU COMPLETED
=========================================
Final best cost: 345.60 (penalty: 0.00)

[ADAPTIVE STATS]
Final mutation rate: 0.430
Crossover success rates: [0]:0.00 [1]:0.00 [2]:0.00 [3]:0.00 
Mutation success rates: [0]:0.02 [1]:0.04 [2]:0.02 [3]:0.04 [4]:0.00 

+========================================================+
|     INTEGRATED LOCAL SEARCH (Truck + Drone)         |
+========================================================+

[ADAPTIVE LS] Starting Adaptive Local Search with 11 operators...
[ADAPTIVE LS] Initial C_max: 345.60 minutes
[ADAPTIVE LS] Truck routes: 2
[ADAPTIVE LS] Drone trips: 1
[ADAPTIVE LS] Perturbation #1 (diversification)
[ADAPTIVE LS] Perturbation #2 (diversification)

[ADAPTIVE LS] ====== FINAL RESULTS ======
[ADAPTIVE LS] Completed after 50 iterations
[ADAPTIVE LS] Final C_max: 345.60 minutes
[ADAPTIVE LS] Improvements: Truck=0, Drone=0
[ADAPTIVE LS] Perturbations used: 2
[ADAPTIVE LS] No improvement found (solution may be near optimal)

[ADAPTIVE] Operator Performance Statistics:
-------------------------------------------------------------
              Operator  Attempts   Success     Rate(%)    AvgImprv    Weight
-------------------------------------------------------------
            Truck-2Opt        50         0        0.0%        0.00      0.50
            Truck-Swap        50         0        0.0%        0.00      0.50
        Truck-Relocate        50         0        0.0%        0.00      0.50
   Truck-CrossExchange        50         0        0.0%        0.00      0.50
         Drone-Reorder        50         0        0.0%        0.00      0.50
            Drone-Swap        50         0        0.0%        0.00      0.50
            Drone-Move        50         0        0.0%        0.00      0.50
           Drone-Merge        50         0        0.0%        0.00      0.50
           Drone-Split        50         0        0.0%        0.00      0.50
        Drone-Reassign        50         0        0.0%        0.00      0.50
  Drone-InsertIntoTrip        50         0        0.0%        0.00      0.50
-------------------------------------------------------------

+========================================================+
|               FINAL SOLUTION                       |
+========================================================+

+=============================================================+
|              SOLUTION DETAILS (Thoi gian thuc te)          |
+=============================================================+

 TONG QUAN:
   Total Cost (C_max): 345.60 phut
   Feasible: YES

CHI TIET CAC XE TAI:

   +-- Xe 0 --------------------------------------
   | Hoan thanh: 317.04 phut
   | Route: 0(D) -> 3(D) -> 0(D) -> 7(D) -> 6(P) -> 4(DL) -> 0(D) -> 5(D) -> 0(D)
   | Timeline:
   |    0. Node  0 ( D): Den=   0.0' Roi=   0.0'
   |    1. Node  3 ( D): Den= 179.5' Roi= 182.5'
   |    2. Node  0 ( D): Den= 196.0' Roi= 201.0'
   |    3. Node  7 ( D): Den= 220.8' Roi= 223.8'
   |    4. Node  6 ( P): Den= 228.9' Roi= 231.9'
   |    5. Node  4 (DL): Den= 265.4' Roi= 268.4'
   |    6. Node  0 ( D): Den= 287.4' Roi= 292.4'
   |    7. Node  5 ( D): Den= 303.2' Roi= 306.2'
   |    8. Node  0 ( D): Den= 317.0' Roi= 317.0'
   +-----------------------------------------------------

   +-- Xe 1 --------------------------------------
   | Hoan thanh: 345.60 phut
   | Route: 0(D) -> 9(D) -> 0(D) -> 10(D) -> 0(D) -> 1(D) -> 0(D) -> 2(D) -> 8(D) -> 0(D)
   | Timeline:
   |    0. Node  0 ( D): Den=   0.0' Roi=   0.0'
   |    1. Node  9 ( D): Den=  80.3' Roi=  83.3'
   |    2. Node  0 ( D): Den= 102.5' Roi= 107.5'
   |    3. Node 10 ( D): Den= 174.9' Roi= 177.9'
   |    4. Node  0 ( D): Den= 207.8' Roi= 212.8'
   |    5. Node  1 ( D): Den= 230.1' Roi= 233.1'
   |    6. Node  0 ( D): Den= 250.4' Roi= 255.4'
   |    7. Node  2 ( D): Den= 277.5' Roi= 280.5'
   |    8. Node  8 ( D): Den= 299.1' Roi= 313.4'
   |    9. Node  0 ( D): Den= 345.6' Roi= 345.6'
   +-----------------------------------------------------

CHI TIET DRONE RESUPPLY (WITH CONSOLIDATION):

   +-- Resupply Trip #1 ----------------------------------
   | Drone: Drone 0 | Xe: Xe 1
   | So khach hang: 1 customers
   | Customers: Node 8
   | Total flight time: 27.9 phut
   | Timeline:
   |   - Drone roi depot:      294.0 phut
   |   [Customer 8]
   |     - Drone den:         305.4 phut
   |     - Xe den:            299.1 phut
   |     - Bat dau resupply:  305.4 phut
   |     - Ket thuc:          313.4 phut
   |   - Drone ve depot:       324.9 phut
   +-----------------------------------------------------

 THOI GIAN HOAN THANH CAC DRONE:
   Drone 0: 324.87 phut
   Drone 1: 0.00 phut

=============================================================

=========================================
SUMMARY:
  Cost before Local Search: 345.60 minutes
  Cost after Local Search: 345.60 minutes
  Total Penalty: 0.00
  Feasible: YES
  Resupply Events: 1
=========================================
