
+========================================================+
|     PDP SOLVER - GA + TABU SEARCH                  |
+========================================================+

Reading instance: U_10_1.5_Num_5_pd.txt
Reading: U_10_1.5_Num_5_pd.txt
Truck (Manhattan) and Drone (Euclidean) distance matrices built.
Loaded 11 nodes, 10 customers.

Instance details:
  Customers: 10
  Trucks: 2
  Drones: 2
  Drone endurance: 90 minutes

=========================================
  GENETIC ALGORITHM + TABU SEARCH (PDP)
=========================================
Population size: 50
Max generations: 50
Base mutation rate: 0.1 (adaptive)
Tabu threshold: 10% of max gen without improvement
Adaptive operators: ENABLED

[1] Initializing population...
PDP Population distribution (NO SEPARATOR):
   Random: 5
   Greedy Time: 15
   Sweep: 15
   Nearest Neighbor: 15
Generated 50 PDP individuals (sequence only, no separators)
Initial best cost: 324.76 (penalty: 1000.00)
Gen 0: New best = 277.20 (penalty: 0.00, mut_rate: 0.100)

[TABU] No improvement for 2 generations. Applying Tabu Search...
[TABU] After Tabu Search: 275.85 (penalty: 0.00)

[TABU] No improvement for 2 generations. Applying Tabu Search...
[TABU] After Tabu Search: 275.85 (penalty: 0.00)

[TABU] No improvement for 2 generations. Applying Tabu Search...
[TABU] After Tabu Search: 275.85 (penalty: 0.00)

[TABU] No improvement for 2 generations. Applying Tabu Search...
[TABU] After Tabu Search: 275.85 (penalty: 0.00)
[ADAPT] Gen 10 - Crossover rates: 0.29 0.40 0.10 0.41 , Mutation rate: 0.120

[TABU] No improvement for 2 generations. Applying Tabu Search...
[TABU] After Tabu Search: 275.85 (penalty: 0.00)

[TABU] No improvement for 2 generations. Applying Tabu Search...
[TABU] After Tabu Search: 275.85 (penalty: 0.00)

[TABU] No improvement for 2 generations. Applying Tabu Search...
[TABU] After Tabu Search: 275.85 (penalty: 0.00)

[TABU] No improvement for 2 generations. Applying Tabu Search...
[TABU] After Tabu Search: 275.85 (penalty: 0.00)

[TABU] No improvement for 2 generations. Applying Tabu Search...
[TABU] After Tabu Search: 275.85 (penalty: 0.00)
[ADAPT] Gen 20 - Crossover rates: 0.30 0.39 0.10 0.41 , Mutation rate: 0.173

[TABU] No improvement for 2 generations. Applying Tabu Search...
[TABU] After Tabu Search: 275.85 (penalty: 0.00)

[TABU] No improvement for 2 generations. Applying Tabu Search...
[TABU] After Tabu Search: 275.85 (penalty: 0.00)

[TABU] No improvement for 2 generations. Applying Tabu Search...
[TABU] After Tabu Search: 275.85 (penalty: 0.00)

[TABU] No improvement for 2 generations. Applying Tabu Search...
[TABU] After Tabu Search: 275.85 (penalty: 0.00)

[TABU] No improvement for 2 generations. Applying Tabu Search...
[TABU] After Tabu Search: 275.85 (penalty: 0.00)
[ADAPT] Gen 30 - Crossover rates: 0.30 0.41 0.10 0.40 , Mutation rate: 0.249

[TABU] No improvement for 2 generations. Applying Tabu Search...
[TABU] After Tabu Search: 275.85 (penalty: 0.00)

[TABU] No improvement for 2 generations. Applying Tabu Search...
[TABU] After Tabu Search: 275.85 (penalty: 0.00)

[TABU] No improvement for 2 generations. Applying Tabu Search...
[TABU] After Tabu Search: 275.85 (penalty: 0.00)

[TABU] No improvement for 2 generations. Applying Tabu Search...
[TABU] After Tabu Search: 275.85 (penalty: 0.00)

[TABU] No improvement for 2 generations. Applying Tabu Search...
[TABU] After Tabu Search: 275.85 (penalty: 0.00)
[ADAPT] Gen 40 - Crossover rates: 0.29 0.41 0.10 0.40 , Mutation rate: 0.358

[TABU] No improvement for 2 generations. Applying Tabu Search...
[TABU] After Tabu Search: 275.85 (penalty: 0.00)

[TABU] No improvement for 2 generations. Applying Tabu Search...
[TABU] After Tabu Search: 275.85 (penalty: 0.00)

[TABU] No improvement for 2 generations. Applying Tabu Search...
[TABU] After Tabu Search: 275.85 (penalty: 0.00)

[TABU] No improvement for 2 generations. Applying Tabu Search...
[TABU] After Tabu Search: 275.85 (penalty: 0.00)

[TABU] No improvement for 2 generations. Applying Tabu Search...
[TABU] After Tabu Search: 275.85 (penalty: 0.00)

=========================================
  GA + TABU COMPLETED
=========================================
Final best cost: 275.85 (penalty: 0.00)

[ADAPTIVE STATS]
Final mutation rate: 0.430
Crossover success rates: [0]:0.00 [1]:0.01 [2]:0.00 [3]:0.01 
Mutation success rates: [0]:0.04 [1]:0.00 [2]:0.05 [3]:0.05 [4]:0.03 

+========================================================+
|     INTEGRATED LOCAL SEARCH (Truck + Drone)         |
+========================================================+

[ADAPTIVE LS] Starting Adaptive Local Search with 11 operators...
[ADAPTIVE LS] Initial C_max: 275.85 minutes
[ADAPTIVE LS] Truck routes: 2
[ADAPTIVE LS] Drone trips: 3
[ADAPTIVE LS] Perturbation #1 (diversification)
[ADAPTIVE LS] Perturbation #2 (diversification)

[ADAPTIVE LS] ====== FINAL RESULTS ======
[ADAPTIVE LS] Completed after 50 iterations
[ADAPTIVE LS] Final C_max: 275.85 minutes
[ADAPTIVE LS] Improvements: Truck=0, Drone=0
[ADAPTIVE LS] Perturbations used: 2
[ADAPTIVE LS] No improvement found (solution may be near optimal)

[ADAPTIVE] Operator Performance Statistics:
-------------------------------------------------------------
              Operator  Attempts   Success     Rate(%)    AvgImprv    Weight
-------------------------------------------------------------
            Truck-2Opt        50        16       32.0%      142.42      5.00
            Truck-Swap        50         3        6.0%        0.32      0.68
        Truck-Relocate        50        25       50.0%      192.64      5.00
   Truck-CrossExchange        50         0        0.0%        0.00      0.50
         Drone-Reorder        50         0        0.0%        0.00      0.50
            Drone-Swap        50        15       30.0%       80.91      5.00
            Drone-Move        50         0        0.0%        0.00      0.50
           Drone-Merge        50         0        0.0%        0.00      0.50
           Drone-Split        50         0        0.0%        0.00      0.50
        Drone-Reassign        50        25       50.0%      151.73      5.00
  Drone-InsertIntoTrip        50         1        2.0%       16.32      0.50
-------------------------------------------------------------

+========================================================+
|               FINAL SOLUTION                       |
+========================================================+

+=============================================================+
|              SOLUTION DETAILS (Thoi gian thuc te)          |
+=============================================================+

 TONG QUAN:
   Total Cost (C_max): 275.85 phut
   Feasible: YES

CHI TIET CAC XE TAI:

   +-- Xe 0 --------------------------------------
   | Hoan thanh: 222.96 phut
   | Route: 0(D) -> 1(D) -> 0(D) -> 2(D) -> 0(D) -> 3(D) -> 0(D)
   | Timeline:
   |    0. Node  0 ( D): Den=   0.0' Roi=   0.0'
   |    1. Node  1 ( D): Den=  27.3' Roi=  30.3'
   |    2. Node  0 ( D): Den=  47.6' Roi=  52.6'
   |    3. Node  2 ( D): Den= 161.1' Roi= 164.1'
   |    4. Node  0 ( D): Den= 186.2' Roi= 191.2'
   |    5. Node  3 ( D): Den= 206.5' Roi= 209.5'
   |    6. Node  0 ( D): Den= 223.0' Roi= 223.0'
   +-----------------------------------------------------

   +-- Xe 1 --------------------------------------
   | Hoan thanh: 275.85 phut
   | Route: 0(D) -> 7(P) -> 5(DL) -> 0(D) -> 4(D) -> 8(D) -> 0(D) -> 9(D) -> 6(D) -> 10(D) -> 0(D)
   | Timeline:
   |    0. Node  0 ( D): Den=   0.0' Roi=   0.0'
   |    1. Node  7 ( P): Den=  19.9' Roi=  22.9'
   |    2. Node  5 (DL): Den=  53.5' Roi=  56.5'
   |    3. Node  0 ( D): Den=  67.4' Roi=  72.4'
   |    4. Node  4 ( D): Den=  97.0' Roi= 100.0'
   |    5. Node  8 ( D): Den= 113.2' Roi= 121.2'
   |    6. Node  0 ( D): Den= 153.3' Roi= 158.3'
   |    7. Node  9 ( D): Den= 177.6' Roi= 180.6'
   |    8. Node  6 ( D): Den= 201.2' Roi= 209.2'
   |    9. Node 10 ( D): Den= 235.6' Roi= 246.0'
   |   10. Node  0 ( D): Den= 275.9' Roi= 275.9'
   +-----------------------------------------------------

CHI TIET DRONE RESUPPLY (WITH CONSOLIDATION):

   +-- Resupply Trip #1 ----------------------------------
   | Drone: Drone 0 | Xe: Xe 1
   | So khach hang: 1 customers
   | Customers: Node 8
   | Total flight time: 56.6 phut
   | Timeline:
   |   - Drone roi depot:       73.0 phut
   |   [Customer 8]
   |     - Drone den:          84.4 phut
   |     - Xe den:            113.2 phut
   |     - Bat dau resupply:  113.2 phut
   |     - Ket thuc:          121.2 phut
   |   - Drone ve depot:       132.6 phut
   +-----------------------------------------------------

   +-- Resupply Trip #2 ----------------------------------
   | Drone: Drone 0 | Xe: Xe 1
   | So khach hang: 1 customers
   | Customers: Node 6
   | Total flight time: 77.0 phut
   | Timeline:
   |   - Drone roi depot:      137.6 phut
   |   [Customer 6]
   |     - Drone den:         146.1 phut
   |     - Xe den:            201.2 phut
   |     - Bat dau resupply:  201.2 phut
   |     - Ket thuc:          209.2 phut
   |   - Drone ve depot:       217.6 phut
   +-----------------------------------------------------

   +-- Resupply Trip #3 ----------------------------------
   | Drone: Drone 0 | Xe: Xe 1
   | So khach hang: 1 customers
   | Customers: Node 10
   | Total flight time: 26.9 phut
   | Timeline:
   |   - Drone roi depot:      227.0 phut
   |   [Customer 10]
   |     - Drone den:         238.0 phut
   |     - Xe den:            235.6 phut
   |     - Bat dau resupply:  238.0 phut
   |     - Ket thuc:          246.0 phut
   |   - Drone ve depot:       256.9 phut
   +-----------------------------------------------------

 THOI GIAN HOAN THANH CAC DRONE:
   Drone 0: 256.95 phut
   Drone 1: 0.00 phut

=============================================================

=========================================
SUMMARY:
  Cost before Local Search: 275.85 minutes
  Cost after Local Search: 275.85 minutes
  Total Penalty: 0.00
  Feasible: YES
  Resupply Events: 3
=========================================
