
+========================================================+
|     PDP SOLVER - GA + TABU SEARCH                  |
+========================================================+

Reading instance: U_10_2.0_Num_3_pd.txt
Reading: U_10_2.0_Num_3_pd.txt
Truck (Manhattan) and Drone (Euclidean) distance matrices built.
Loaded 11 nodes, 10 customers.

Instance details:
  Customers: 10
  Trucks: 2
  Drones: 2
  Drone endurance: 90 minutes

=========================================
  GENETIC ALGORITHM + TABU SEARCH (PDP)
=========================================
Population size: 50
Max generations: 50
Base mutation rate: 0.1 (adaptive)
Tabu threshold: 10% of max gen without improvement
Adaptive operators: ENABLED

[1] Initializing population...
PDP Population distribution (NO SEPARATOR):
   Random: 5
   Greedy Time: 15
   Sweep: 15
   Nearest Neighbor: 15
Generated 50 PDP individuals (sequence only, no separators)
Initial best cost: 354.24 (penalty: 0.00)
Gen 0: New best = 284.88 (penalty: 0.00, mut_rate: 0.100)
Gen 2: New best = 273.46 (penalty: 0.00, mut_rate: 0.100)

[TABU] No improvement for 2 generations. Applying Tabu Search...
  Tabu iter 50: best=273.360 current=279.635
[TABU] After Tabu Search: 273.36 (penalty: 0.00)

[TABU] No improvement for 2 generations. Applying Tabu Search...
[TABU] After Tabu Search: 273.36 (penalty: 0.00)

[TABU] No improvement for 2 generations. Applying Tabu Search...
[TABU] After Tabu Search: 273.36 (penalty: 0.00)
[ADAPT] Gen 10 - Crossover rates: 0.28 0.34 0.10 0.49 , Mutation rate: 0.120

[TABU] No improvement for 2 generations. Applying Tabu Search...
[TABU] After Tabu Search: 273.36 (penalty: 0.00)

[TABU] No improvement for 2 generations. Applying Tabu Search...
[TABU] After Tabu Search: 273.36 (penalty: 0.00)

[TABU] No improvement for 2 generations. Applying Tabu Search...
[TABU] After Tabu Search: 273.36 (penalty: 0.00)

[TABU] No improvement for 2 generations. Applying Tabu Search...
[TABU] After Tabu Search: 273.36 (penalty: 0.00)

[TABU] No improvement for 2 generations. Applying Tabu Search...
[TABU] After Tabu Search: 273.36 (penalty: 0.00)
[ADAPT] Gen 20 - Crossover rates: 0.29 0.33 0.10 0.48 , Mutation rate: 0.173

[TABU] No improvement for 2 generations. Applying Tabu Search...
[TABU] After Tabu Search: 273.36 (penalty: 0.00)

[TABU] No improvement for 2 generations. Applying Tabu Search...
[TABU] After Tabu Search: 273.36 (penalty: 0.00)

[TABU] No improvement for 2 generations. Applying Tabu Search...
[TABU] After Tabu Search: 273.36 (penalty: 0.00)

[TABU] No improvement for 2 generations. Applying Tabu Search...
[TABU] After Tabu Search: 273.36 (penalty: 0.00)

[TABU] No improvement for 2 generations. Applying Tabu Search...
[TABU] After Tabu Search: 273.36 (penalty: 0.00)
[ADAPT] Gen 30 - Crossover rates: 0.29 0.35 0.10 0.47 , Mutation rate: 0.249

[TABU] No improvement for 2 generations. Applying Tabu Search...
[TABU] After Tabu Search: 273.36 (penalty: 0.00)

[TABU] No improvement for 2 generations. Applying Tabu Search...
[TABU] After Tabu Search: 273.36 (penalty: 0.00)

[TABU] No improvement for 2 generations. Applying Tabu Search...
[TABU] After Tabu Search: 273.36 (penalty: 0.00)

[TABU] No improvement for 2 generations. Applying Tabu Search...
[TABU] After Tabu Search: 273.36 (penalty: 0.00)

[TABU] No improvement for 2 generations. Applying Tabu Search...
[TABU] After Tabu Search: 273.36 (penalty: 0.00)
[ADAPT] Gen 40 - Crossover rates: 0.28 0.35 0.10 0.47 , Mutation rate: 0.358

[TABU] No improvement for 2 generations. Applying Tabu Search...
[TABU] After Tabu Search: 273.36 (penalty: 0.00)

[TABU] No improvement for 2 generations. Applying Tabu Search...
[TABU] After Tabu Search: 273.36 (penalty: 0.00)

[TABU] No improvement for 2 generations. Applying Tabu Search...
[TABU] After Tabu Search: 273.36 (penalty: 0.00)

[TABU] No improvement for 2 generations. Applying Tabu Search...
[TABU] After Tabu Search: 273.36 (penalty: 0.00)

[TABU] No improvement for 2 generations. Applying Tabu Search...
[TABU] After Tabu Search: 273.36 (penalty: 0.00)

=========================================
  GA + TABU COMPLETED
=========================================
Final best cost: 273.36 (penalty: 0.00)

[ADAPTIVE STATS]
Final mutation rate: 0.430
Crossover success rates: [0]:0.00 [1]:0.00 [2]:0.00 [3]:0.01 
Mutation success rates: [0]:0.01 [1]:0.04 [2]:0.02 [3]:0.03 [4]:0.00 

+========================================================+
|     INTEGRATED LOCAL SEARCH (Truck + Drone)         |
+========================================================+

[ADAPTIVE LS] Starting Adaptive Local Search with 11 operators...
[ADAPTIVE LS] Initial C_max: 273.36 minutes
[ADAPTIVE LS] Truck routes: 2
[ADAPTIVE LS] Drone trips: 3
[ADAPTIVE LS] Perturbation #1 (diversification)
[ADAPTIVE LS] Perturbation #2 (diversification)

[ADAPTIVE LS] ====== FINAL RESULTS ======
[ADAPTIVE LS] Completed after 50 iterations
[ADAPTIVE LS] Final C_max: 273.36 minutes
[ADAPTIVE LS] Improvements: Truck=0, Drone=0
[ADAPTIVE LS] Perturbations used: 2
[ADAPTIVE LS] No improvement found (solution may be near optimal)

[ADAPTIVE] Operator Performance Statistics:
-------------------------------------------------------------
              Operator  Attempts   Success     Rate(%)    AvgImprv    Weight
-------------------------------------------------------------
            Truck-2Opt        50        12       24.0%        7.63      1.66
            Truck-Swap        50        10       20.0%        7.63      1.56
        Truck-Relocate        50         3        6.0%        7.63      1.31
   Truck-CrossExchange        50         0        0.0%        0.00      0.50
         Drone-Reorder        50         0        0.0%        0.00      0.50
            Drone-Swap        50         0        0.0%        0.00      0.50
            Drone-Move        50         0        0.0%        0.00      0.50
           Drone-Merge        50         0        0.0%        0.00      0.50
           Drone-Split        50         0        0.0%        0.00      0.50
        Drone-Reassign        50        25       50.0%        9.13      2.16
  Drone-InsertIntoTrip        50         0        0.0%        0.00      0.50
-------------------------------------------------------------

+========================================================+
|               FINAL SOLUTION                       |
+========================================================+

+=============================================================+
|              SOLUTION DETAILS (Thoi gian thuc te)          |
+=============================================================+

 TONG QUAN:
   Total Cost (C_max): 273.36 phut
   Feasible: YES

CHI TIET CAC XE TAI:

   +-- Xe 0 --------------------------------------
   | Hoan thanh: 270.84 phut
   | Route: 0(D) -> 5(D) -> 4(P) -> 1(DL) -> 0(D) -> 3(D) -> 10(D) -> 2(D) -> 7(D) -> 6(D) -> 0(D)
   | Timeline:
   |    0. Node  0 ( D): Den=   0.0' Roi=   0.0'
   |    1. Node  5 ( D): Den=  49.9' Roi=  52.9'
   |    2. Node  4 ( P): Den=  70.1' Roi=  73.1'
   |    3. Node  1 (DL): Den=  94.4' Roi=  97.4'
   |    4. Node  0 ( D): Den= 108.2' Roi= 113.2'
   |    5. Node  3 ( D): Den= 140.0' Roi= 143.0'
   |    6. Node 10 ( D): Den= 187.2' Roi= 195.2'
   |    7. Node  2 ( D): Den= 220.6' Roi= 229.7'
   |    8. Node  7 ( D): Den= 219.7' Roi= 241.3'
   |    9. Node  6 ( D): Den= 245.6' Roi= 253.6'
   |   10. Node  0 ( D): Den= 270.8' Roi= 270.8'
   +-----------------------------------------------------

   +-- Xe 1 --------------------------------------
   | Hoan thanh: 273.36 phut
   | Route: 0(D) -> 8(D) -> 0(D) -> 9(D) -> 0(D)
   | Timeline:
   |    0. Node  0 ( D): Den=   0.0' Roi=   0.0'
   |    1. Node  8 ( D): Den= 114.7' Roi= 117.7'
   |    2. Node  0 ( D): Den= 123.4' Roi= 128.4'
   |    3. Node  9 ( D): Den= 245.7' Roi= 248.7'
   |    4. Node  0 ( D): Den= 273.4' Roi= 273.4'
   +-----------------------------------------------------

CHI TIET DRONE RESUPPLY (WITH CONSOLIDATION):

   +-- Resupply Trip #1 ----------------------------------
   | Drone: Drone 0 | Xe: Xe 0
   | So khach hang: 1 customers
   | Customers: Node 10
   | Total flight time: 76.6 phut
   | Timeline:
   |   - Drone roi depot:      127.0 phut
   |   [Customer 10]
   |     - Drone den:         138.4 phut
   |     - Xe den:            187.2 phut
   |     - Bat dau resupply:  187.2 phut
   |     - Ket thuc:          195.2 phut
   |   - Drone ve depot:       206.6 phut
   +-----------------------------------------------------

   +-- Resupply Trip #2 ----------------------------------
   | Drone: Drone 0 | Xe: Xe 0
   | So khach hang: 2 customers
   | Customers: Node 2, Node 7
   | Total flight time: 29.7 phut
   | Timeline:
   |   - Drone roi depot:      212.0 phut
   |   [Customer 2]
   |     - Drone den:         221.7 phut
   |     - Xe den:            220.6 phut
   |     - Bat dau resupply:  221.7 phut
   |     - Ket thuc:          229.7 phut
   |   [Customer 7]
   |     - Drone den:         233.3 phut
   |     - Xe den:            219.7 phut
   |     - Bat dau resupply:  233.3 phut
   |     - Ket thuc:          241.3 phut
   |   - Drone ve depot:       247.7 phut
   +-----------------------------------------------------

   +-- Resupply Trip #3 ----------------------------------
   | Drone: Drone 1 | Xe: Xe 0
   | So khach hang: 1 customers
   | Customers: Node 6
   | Total flight time: 29.8 phut
   | Timeline:
   |   - Drone roi depot:      227.0 phut
   |   [Customer 6]
   |     - Drone den:         233.2 phut
   |     - Xe den:            245.6 phut
   |     - Bat dau resupply:  245.6 phut
   |     - Ket thuc:          253.6 phut
   |   - Drone ve depot:       259.8 phut
   +-----------------------------------------------------

 THOI GIAN HOAN THANH CAC DRONE:
   Drone 0: 247.69 phut
   Drone 1: 259.79 phut

=============================================================

=========================================
SUMMARY:
  Cost before Local Search: 273.36 minutes
  Cost after Local Search: 273.36 minutes
  Total Penalty: 0.00
  Feasible: YES
  Resupply Events: 3
=========================================
