
+========================================================+
|     PDP SOLVER - GA + TABU SEARCH                  |
+========================================================+

Reading instance: U_10_1.0_Num_8_pd.txt
Reading: U_10_1.0_Num_8_pd.txt
Truck (Manhattan) and Drone (Euclidean) distance matrices built.
Loaded 11 nodes, 10 customers.

Instance details:
  Customers: 10
  Trucks: 2
  Drones: 2
  Drone endurance: 90 minutes

=========================================
  GENETIC ALGORITHM + TABU SEARCH (PDP)
=========================================
Population size: 50
Max generations: 50
Base mutation rate: 0.1 (adaptive)
Tabu threshold: 10% of max gen without improvement
Adaptive operators: ENABLED

[1] Initializing population...
PDP Population distribution (NO SEPARATOR):
   Random: 5
   Greedy Time: 15
   Sweep: 15
   Nearest Neighbor: 15
Generated 50 PDP individuals (sequence only, no separators)
Initial best cost: 242.20 (penalty: 1000.00)
Gen 0: New best = 291.26 (penalty: 0.00, mut_rate: 0.100)
Gen 1: New best = 215.52 (penalty: 0.00, mut_rate: 0.100)

[TABU] No improvement for 2 generations. Applying Tabu Search...
  Tabu iter 50: best=198.840 current=198.840
[TABU] After Tabu Search: 198.84 (penalty: 0.00)

[TABU] No improvement for 2 generations. Applying Tabu Search...
  Tabu iter 50: best=198.28 current=198.84
[TABU] After Tabu Search: 198.28 (penalty: 0.00)

[TABU] No improvement for 2 generations. Applying Tabu Search...
  Tabu iter 50: best=196.58 current=196.58
[TABU] After Tabu Search: 196.58 (penalty: 0.00)

[TABU] No improvement for 2 generations. Applying Tabu Search...
[TABU] After Tabu Search: 196.58 (penalty: 0.00)
[ADAPT] Gen 10 - Crossover rates: 0.34 0.31 0.18 0.36 , Mutation rate: 0.120

[TABU] No improvement for 2 generations. Applying Tabu Search...
[TABU] After Tabu Search: 196.58 (penalty: 0.00)

[TABU] No improvement for 2 generations. Applying Tabu Search...
[TABU] After Tabu Search: 196.58 (penalty: 0.00)

[TABU] No improvement for 2 generations. Applying Tabu Search...
[TABU] After Tabu Search: 196.58 (penalty: 0.00)

[TABU] No improvement for 2 generations. Applying Tabu Search...
[TABU] After Tabu Search: 196.58 (penalty: 0.00)

[TABU] No improvement for 2 generations. Applying Tabu Search...
[TABU] After Tabu Search: 196.58 (penalty: 0.00)
[ADAPT] Gen 20 - Crossover rates: 0.32 0.32 0.20 0.36 , Mutation rate: 0.173

[TABU] No improvement for 2 generations. Applying Tabu Search...
[TABU] After Tabu Search: 196.58 (penalty: 0.00)

[TABU] No improvement for 2 generations. Applying Tabu Search...
[TABU] After Tabu Search: 196.58 (penalty: 0.00)

[TABU] No improvement for 2 generations. Applying Tabu Search...
[TABU] After Tabu Search: 196.58 (penalty: 0.00)

[TABU] No improvement for 2 generations. Applying Tabu Search...
[TABU] After Tabu Search: 196.58 (penalty: 0.00)

[TABU] No improvement for 2 generations. Applying Tabu Search...
[TABU] After Tabu Search: 196.58 (penalty: 0.00)
[ADAPT] Gen 30 - Crossover rates: 0.32 0.32 0.20 0.35 , Mutation rate: 0.249

[TABU] No improvement for 2 generations. Applying Tabu Search...
[TABU] After Tabu Search: 196.58 (penalty: 0.00)

[TABU] No improvement for 2 generations. Applying Tabu Search...
[TABU] After Tabu Search: 196.58 (penalty: 0.00)

[TABU] No improvement for 2 generations. Applying Tabu Search...
[TABU] After Tabu Search: 196.58 (penalty: 0.00)

[TABU] No improvement for 2 generations. Applying Tabu Search...
[TABU] After Tabu Search: 196.58 (penalty: 0.00)

[TABU] No improvement for 2 generations. Applying Tabu Search...
[TABU] After Tabu Search: 196.58 (penalty: 0.00)
[ADAPT] Gen 40 - Crossover rates: 0.32 0.33 0.20 0.35 , Mutation rate: 0.358

[TABU] No improvement for 2 generations. Applying Tabu Search...
[TABU] After Tabu Search: 196.58 (penalty: 0.00)

[TABU] No improvement for 2 generations. Applying Tabu Search...
[TABU] After Tabu Search: 196.58 (penalty: 0.00)

[TABU] No improvement for 2 generations. Applying Tabu Search...
[TABU] After Tabu Search: 196.58 (penalty: 0.00)

[TABU] No improvement for 2 generations. Applying Tabu Search...
[TABU] After Tabu Search: 196.58 (penalty: 0.00)

[TABU] No improvement for 2 generations. Applying Tabu Search...
[TABU] After Tabu Search: 196.58 (penalty: 0.00)

=========================================
  GA + TABU COMPLETED
=========================================
Final best cost: 196.58 (penalty: 0.00)

[ADAPTIVE STATS]
Final mutation rate: 0.430
Crossover success rates: [0]:0.01 [1]:0.01 [2]:0.00 [3]:0.01 
Mutation success rates: [0]:0.06 [1]:0.03 [2]:0.04 [3]:0.03 [4]:0.05 

+========================================================+
|     INTEGRATED LOCAL SEARCH (Truck + Drone)         |
+========================================================+

[ADAPTIVE LS] Starting Adaptive Local Search with 11 operators...
[ADAPTIVE LS] Initial C_max: 196.58 minutes
[ADAPTIVE LS] Truck routes: 2
[ADAPTIVE LS] Drone trips: 2
[ADAPTIVE LS] Perturbation #1 (diversification)
[ADAPTIVE LS] Perturbation #2 (diversification)

[ADAPTIVE LS] ====== FINAL RESULTS ======
[ADAPTIVE LS] Completed after 50 iterations
[ADAPTIVE LS] Final C_max: 196.58 minutes
[ADAPTIVE LS] Improvements: Truck=0, Drone=0
[ADAPTIVE LS] Perturbations used: 2
[ADAPTIVE LS] No improvement found (solution may be near optimal)

[ADAPTIVE] Operator Performance Statistics:
-------------------------------------------------------------
              Operator  Attempts   Success     Rate(%)    AvgImprv    Weight
-------------------------------------------------------------
            Truck-2Opt        50         0        0.0%        0.00      0.50
            Truck-Swap        50         0        0.0%        0.00      0.50
        Truck-Relocate        50         0        0.0%        0.00      0.50
   Truck-CrossExchange        50         0        0.0%        0.00      0.50
         Drone-Reorder        50         0        0.0%        0.00      0.50
            Drone-Swap        50         0        0.0%        0.00      0.50
            Drone-Move        50         0        0.0%        0.00      0.50
           Drone-Merge        50         0        0.0%        0.00      0.50
           Drone-Split        50         0        0.0%        0.00      0.50
        Drone-Reassign        50         0        0.0%        0.00      0.50
  Drone-InsertIntoTrip        50         0        0.0%        0.00      0.50
-------------------------------------------------------------

+========================================================+
|               FINAL SOLUTION                       |
+========================================================+

+=============================================================+
|              SOLUTION DETAILS (Thoi gian thuc te)          |
+=============================================================+

 TONG QUAN:
   Total Cost (C_max): 196.58 phut
   Feasible: YES

CHI TIET CAC XE TAI:

   +-- Xe 0 --------------------------------------
   | Hoan thanh: 194.64 phut
   | Route: 0(D) -> 5(P) -> 1(D) -> 7(DL) -> 0(D) -> 6(D) -> 0(D) -> 4(D) -> 0(D) -> 9(D) -> 0(D)
   | Timeline:
   |    0. Node  0 ( D): Den=   0.0' Roi=   0.0'
   |    1. Node  5 ( P): Den=  13.4' Roi=  16.4'
   |    2. Node  1 ( D): Den=  24.2' Roi=  32.2'
   |    3. Node  7 (DL): Den=  62.8' Roi=  65.8'
   |    4. Node  0 ( D): Den=  78.7' Roi=  83.7'
   |    5. Node  6 ( D): Den=  99.2' Roi= 102.2'
   |    6. Node  0 ( D): Den= 107.3' Roi= 112.3'
   |    7. Node  4 ( D): Den= 131.6' Roi= 134.6'
   |    8. Node  0 ( D): Den= 154.0' Roi= 159.0'
   |    9. Node  9 ( D): Den= 175.3' Roi= 178.3'
   |   10. Node  0 ( D): Den= 194.6' Roi= 194.6'
   +-----------------------------------------------------

   +-- Xe 1 --------------------------------------
   | Hoan thanh: 196.58 phut
   | Route: 0(D) -> 10(D) -> 0(D) -> 8(D) -> 0(D) -> 3(D) -> 2(D) -> 0(D)
   | Timeline:
   |    0. Node  0 ( D): Den=   0.0' Roi=   0.0'
   |    1. Node 10 ( D): Den=  32.3' Roi=  35.3'
   |    2. Node  0 ( D): Den=  54.5' Roi=  59.5'
   |    3. Node  8 ( D): Den=  82.5' Roi=  85.5'
   |    4. Node  0 ( D): Den= 101.9' Roi= 106.9'
   |    5. Node  3 ( D): Den= 134.5' Roi= 137.5'
   |    6. Node  2 ( D): Den= 161.9' Roi= 175.2'
   |    7. Node  0 ( D): Den= 196.6' Roi= 196.6'
   +-----------------------------------------------------

CHI TIET DRONE RESUPPLY (WITH CONSOLIDATION):

   +-- Resupply Trip #1 ----------------------------------
   | Drone: Drone 0 | Xe: Xe 0
   | So khach hang: 1 customers
   | Customers: Node 1
   | Total flight time: 25.0 phut
   | Timeline:
   |   - Drone roi depot:       11.0 phut
   |   [Customer 1]
   |     - Drone den:          17.8 phut
   |     - Xe den:             24.2 phut
   |     - Bat dau resupply:   24.2 phut
   |     - Ket thuc:           32.2 phut
   |   - Drone ve depot:        39.0 phut
   +-----------------------------------------------------

   +-- Resupply Trip #2 ----------------------------------
   | Drone: Drone 0 | Xe: Xe 1
   | So khach hang: 1 customers
   | Customers: Node 2
   | Total flight time: 23.3 phut
   | Timeline:
   |   - Drone roi depot:      158.0 phut
   |   [Customer 2]
   |     - Drone den:         167.2 phut
   |     - Xe den:            161.9 phut
   |     - Bat dau resupply:  167.2 phut
   |     - Ket thuc:          175.2 phut
   |   - Drone ve depot:       184.3 phut
   +-----------------------------------------------------

 THOI GIAN HOAN THANH CAC DRONE:
   Drone 0: 184.32 phut
   Drone 1: 0.00 phut

=============================================================

=========================================
SUMMARY:
  Cost before Local Search: 196.58 minutes
  Cost after Local Search: 196.58 minutes
  Total Penalty: 0.00
  Feasible: YES
  Resupply Events: 2
=========================================
