
+========================================================+
|     PDP SOLVER - GA + TABU SEARCH                  |
+========================================================+

Reading instance: U_10_2.5_Num_4_pd.txt
Reading: U_10_2.5_Num_4_pd.txt
Truck (Manhattan) and Drone (Euclidean) distance matrices built.
Loaded 11 nodes, 10 customers.

Instance details:
  Customers: 10
  Trucks: 2
  Drones: 2
  Drone endurance: 90 minutes

=========================================
  GENETIC ALGORITHM + TABU SEARCH (PDP)
=========================================
Population size: 50
Max generations: 50
Base mutation rate: 0.1 (adaptive)
Tabu threshold: 10% of max gen without improvement
Adaptive operators: ENABLED

[1] Initializing population...
PDP Population distribution (NO SEPARATOR):
   Random: 5
   Greedy Time: 15
   Sweep: 15
   Nearest Neighbor: 15
Generated 50 PDP individuals (sequence only, no separators)
Initial best cost: 512.20 (penalty: 0.00)

[TABU] No improvement for 2 generations. Applying Tabu Search...
  Tabu iter 50: best=505.75 current=505.75
[TABU] After Tabu Search: 505.75 (penalty: 0.00)

[TABU] No improvement for 2 generations. Applying Tabu Search...
[TABU] After Tabu Search: 505.75 (penalty: 0.00)

[TABU] No improvement for 2 generations. Applying Tabu Search...
[TABU] After Tabu Search: 505.75 (penalty: 0.00)

[TABU] No improvement for 2 generations. Applying Tabu Search...
[TABU] After Tabu Search: 505.75 (penalty: 0.00)

[TABU] No improvement for 2 generations. Applying Tabu Search...
[TABU] After Tabu Search: 505.75 (penalty: 0.00)
[ADAPT] Gen 10 - Crossover rates: 0.10 0.10 0.10 0.90 , Mutation rate: 0.144

[TABU] No improvement for 2 generations. Applying Tabu Search...
[TABU] After Tabu Search: 505.75 (penalty: 0.00)

[TABU] No improvement for 2 generations. Applying Tabu Search...
[TABU] After Tabu Search: 505.75 (penalty: 0.00)

[TABU] No improvement for 2 generations. Applying Tabu Search...
[TABU] After Tabu Search: 505.75 (penalty: 0.00)

[TABU] No improvement for 2 generations. Applying Tabu Search...
[TABU] After Tabu Search: 505.75 (penalty: 0.00)

[TABU] No improvement for 2 generations. Applying Tabu Search...
[TABU] After Tabu Search: 505.75 (penalty: 0.00)
[ADAPT] Gen 20 - Crossover rates: 0.10 0.10 0.10 0.90 , Mutation rate: 0.207

[TABU] No improvement for 2 generations. Applying Tabu Search...
[TABU] After Tabu Search: 505.75 (penalty: 0.00)

[TABU] No improvement for 2 generations. Applying Tabu Search...
[TABU] After Tabu Search: 505.75 (penalty: 0.00)

[TABU] No improvement for 2 generations. Applying Tabu Search...
[TABU] After Tabu Search: 505.75 (penalty: 0.00)

[TABU] No improvement for 2 generations. Applying Tabu Search...
[TABU] After Tabu Search: 505.75 (penalty: 0.00)

[TABU] No improvement for 2 generations. Applying Tabu Search...
[TABU] After Tabu Search: 505.75 (penalty: 0.00)
[ADAPT] Gen 30 - Crossover rates: 0.10 0.10 0.10 0.90 , Mutation rate: 0.299

[TABU] No improvement for 2 generations. Applying Tabu Search...
[TABU] After Tabu Search: 505.75 (penalty: 0.00)

[TABU] No improvement for 2 generations. Applying Tabu Search...
[TABU] After Tabu Search: 505.75 (penalty: 0.00)

[TABU] No improvement for 2 generations. Applying Tabu Search...
[TABU] After Tabu Search: 505.75 (penalty: 0.00)

[TABU] No improvement for 2 generations. Applying Tabu Search...
[TABU] After Tabu Search: 505.75 (penalty: 0.00)

[TABU] No improvement for 2 generations. Applying Tabu Search...
[TABU] After Tabu Search: 505.75 (penalty: 0.00)
[ADAPT] Gen 40 - Crossover rates: 0.10 0.10 0.10 0.90 , Mutation rate: 0.430

[TABU] No improvement for 2 generations. Applying Tabu Search...
[TABU] After Tabu Search: 505.75 (penalty: 0.00)

[TABU] No improvement for 2 generations. Applying Tabu Search...
[TABU] After Tabu Search: 505.75 (penalty: 0.00)

[TABU] No improvement for 2 generations. Applying Tabu Search...
[TABU] After Tabu Search: 505.75 (penalty: 0.00)

[TABU] No improvement for 2 generations. Applying Tabu Search...
[TABU] After Tabu Search: 505.75 (penalty: 0.00)

[TABU] No improvement for 2 generations. Applying Tabu Search...
[TABU] After Tabu Search: 505.75 (penalty: 0.00)

=========================================
  GA + TABU COMPLETED
=========================================
Final best cost: 505.75 (penalty: 0.00)

[ADAPTIVE STATS]
Final mutation rate: 0.500
Crossover success rates: [0]:0.00 [1]:0.00 [2]:0.00 [3]:0.00 
Mutation success rates: [0]:0.00 [1]:0.02 [2]:0.00 [3]:0.00 [4]:0.03 

+========================================================+
|     INTEGRATED LOCAL SEARCH (Truck + Drone)         |
+========================================================+

[ADAPTIVE LS] Starting Adaptive Local Search with 11 operators...
[ADAPTIVE LS] Initial C_max: 505.75 minutes
[ADAPTIVE LS] Truck routes: 2
[ADAPTIVE LS] Drone trips: 1
[ADAPTIVE LS] Perturbation #1 (diversification)
[ADAPTIVE LS] Perturbation #2 (diversification)

[ADAPTIVE LS] ====== FINAL RESULTS ======
[ADAPTIVE LS] Completed after 50 iterations
[ADAPTIVE LS] Final C_max: 505.75 minutes
[ADAPTIVE LS] Improvements: Truck=0, Drone=0
[ADAPTIVE LS] Perturbations used: 2
[ADAPTIVE LS] No improvement found (solution may be near optimal)

[ADAPTIVE] Operator Performance Statistics:
-------------------------------------------------------------
              Operator  Attempts   Success     Rate(%)    AvgImprv    Weight
-------------------------------------------------------------
            Truck-2Opt        50         0        0.0%        0.00      0.50
            Truck-Swap        50         0        0.0%        0.00      0.50
        Truck-Relocate        50         0        0.0%        0.00      0.50
   Truck-CrossExchange        50         0        0.0%        0.00      0.50
         Drone-Reorder        50         0        0.0%        0.00      0.50
            Drone-Swap        50         0        0.0%        0.00      0.50
            Drone-Move        50         0        0.0%        0.00      0.50
           Drone-Merge        50         0        0.0%        0.00      0.50
           Drone-Split        50         0        0.0%        0.00      0.50
        Drone-Reassign        50         0        0.0%        0.00      0.50
  Drone-InsertIntoTrip        50         0        0.0%        0.00      0.50
-------------------------------------------------------------

+========================================================+
|               FINAL SOLUTION                       |
+========================================================+

+=============================================================+
|              SOLUTION DETAILS (Thoi gian thuc te)          |
+=============================================================+

 TONG QUAN:
   Total Cost (C_max): 505.75 phut
   Feasible: YES

CHI TIET CAC XE TAI:

   +-- Xe 0 --------------------------------------
   | Hoan thanh: 505.75 phut
   | Route: 0(D) -> 3(P) -> 4(DL) -> 0(D) -> 9(D) -> 0(D) -> 7(D) -> 0(D) -> 1(D) -> 6(D) -> 0(D)
   | Timeline:
   |    0. Node  0 ( D): Den=   0.0' Roi=   0.0'
   |    1. Node  3 ( P): Den=  23.7' Roi=  26.7'
   |    2. Node  4 (DL): Den=  55.3' Roi=  58.3'
   |    3. Node  0 ( D): Den=  88.5' Roi=  93.5'
   |    4. Node  9 ( D): Den= 294.1' Roi= 297.1'
   |    5. Node  0 ( D): Den= 321.2' Roi= 326.2'
   |    6. Node  7 ( D): Den= 353.4' Roi= 356.4'
   |    7. Node  0 ( D): Den= 383.6' Roi= 388.6'
   |    8. Node  1 ( D): Den= 423.0' Roi= 426.0'
   |    9. Node  6 ( D): Den= 452.4' Roi= 479.6'
   |   10. Node  0 ( D): Den= 505.7' Roi= 505.7'
   +-----------------------------------------------------

   +-- Xe 1 --------------------------------------
   | Hoan thanh: 471.28 phut
   | Route: 0(D) -> 2(D) -> 0(D) -> 5(D) -> 0(D) -> 8(D) -> 0(D) -> 10(D) -> 0(D)
   | Timeline:
   |    0. Node  0 ( D): Den=   0.0' Roi=   0.0'
   |    1. Node  2 ( D): Den=  72.8' Roi=  75.8'
   |    2. Node  0 ( D): Den=  89.5' Roi=  94.5'
   |    3. Node  5 ( D): Den= 315.3' Roi= 318.3'
   |    4. Node  0 ( D): Den= 343.6' Roi= 348.6'
   |    5. Node  8 ( D): Den= 378.7' Roi= 381.7'
   |    6. Node  0 ( D): Den= 411.8' Roi= 416.8'
   |    7. Node 10 ( D): Den= 442.6' Roi= 445.6'
   |    8. Node  0 ( D): Den= 471.3' Roi= 471.3'
   +-----------------------------------------------------

CHI TIET DRONE RESUPPLY (WITH CONSOLIDATION):

   +-- Resupply Trip #1 ----------------------------------
   | Drone: Drone 0 | Xe: Xe 0
   | So khach hang: 1 customers
   | Customers: Node 6
   | Total flight time: 24.3 phut
   | Timeline:
   |   - Drone roi depot:      462.0 phut
   |   [Customer 6]
   |     - Drone den:         471.6 phut
   |     - Xe den:            452.4 phut
   |     - Bat dau resupply:  471.6 phut
   |     - Ket thuc:          479.6 phut
   |   - Drone ve depot:       489.3 phut
   +-----------------------------------------------------

 THOI GIAN HOAN THANH CAC DRONE:
   Drone 0: 489.29 phut
   Drone 1: 0.00 phut

=============================================================

=========================================
SUMMARY:
  Cost before Local Search: 505.75 minutes
  Cost after Local Search: 505.75 minutes
  Total Penalty: 0.00
  Feasible: YES
  Resupply Events: 1
=========================================
