
+========================================================+
|     PDP SOLVER - GA + TABU SEARCH                  |
+========================================================+

Reading instance: U_10_2.0_Num_2_pd.txt
Reading: U_10_2.0_Num_2_pd.txt
Truck (Manhattan) and Drone (Euclidean) distance matrices built.
Loaded 11 nodes, 10 customers.

Instance details:
  Customers: 10
  Trucks: 2
  Drones: 2
  Drone endurance: 90 minutes

=========================================
  GENETIC ALGORITHM + TABU SEARCH (PDP)
=========================================
Population size: 50
Max generations: 50
Base mutation rate: 0.1 (adaptive)
Tabu threshold: 10% of max gen without improvement
Adaptive operators: ENABLED

[1] Initializing population...
PDP Population distribution (NO SEPARATOR):
   Random: 5
   Greedy Time: 15
   Sweep: 15
   Nearest Neighbor: 15
Generated 50 PDP individuals (sequence only, no separators)
Initial best cost: 445.57 (penalty: 0.00)
Gen 0: New best = 405.08 (penalty: 0.00, mut_rate: 0.100)

[TABU] No improvement for 2 generations. Applying Tabu Search...
  Tabu iter 50: best=399.650 current=405.240
[TABU] After Tabu Search: 399.65 (penalty: 0.00)

[TABU] No improvement for 2 generations. Applying Tabu Search...
[TABU] After Tabu Search: 399.65 (penalty: 0.00)

[TABU] No improvement for 2 generations. Applying Tabu Search...
[TABU] After Tabu Search: 399.65 (penalty: 0.00)

[TABU] No improvement for 2 generations. Applying Tabu Search...
[TABU] After Tabu Search: 399.65 (penalty: 0.00)
[ADAPT] Gen 10 - Crossover rates: 0.30 0.40 0.10 0.40 , Mutation rate: 0.120

[TABU] No improvement for 2 generations. Applying Tabu Search...
[TABU] After Tabu Search: 399.65 (penalty: 0.00)

[TABU] No improvement for 2 generations. Applying Tabu Search...
[TABU] After Tabu Search: 399.65 (penalty: 0.00)

[TABU] No improvement for 2 generations. Applying Tabu Search...
[TABU] After Tabu Search: 399.65 (penalty: 0.00)

[TABU] No improvement for 2 generations. Applying Tabu Search...
[TABU] After Tabu Search: 399.65 (penalty: 0.00)

[TABU] No improvement for 2 generations. Applying Tabu Search...
[TABU] After Tabu Search: 399.65 (penalty: 0.00)
[ADAPT] Gen 20 - Crossover rates: 0.30 0.41 0.10 0.39 , Mutation rate: 0.173

[TABU] No improvement for 2 generations. Applying Tabu Search...
[TABU] After Tabu Search: 399.65 (penalty: 0.00)

[TABU] No improvement for 2 generations. Applying Tabu Search...
[TABU] After Tabu Search: 399.65 (penalty: 0.00)

[TABU] No improvement for 2 generations. Applying Tabu Search...
[TABU] After Tabu Search: 399.65 (penalty: 0.00)

[TABU] No improvement for 2 generations. Applying Tabu Search...
[TABU] After Tabu Search: 399.65 (penalty: 0.00)

[TABU] No improvement for 2 generations. Applying Tabu Search...
[TABU] After Tabu Search: 399.65 (penalty: 0.00)
[ADAPT] Gen 30 - Crossover rates: 0.30 0.40 0.10 0.40 , Mutation rate: 0.249

[TABU] No improvement for 2 generations. Applying Tabu Search...
[TABU] After Tabu Search: 399.65 (penalty: 0.00)

[TABU] No improvement for 2 generations. Applying Tabu Search...
[TABU] After Tabu Search: 399.65 (penalty: 0.00)

[TABU] No improvement for 2 generations. Applying Tabu Search...
[TABU] After Tabu Search: 399.65 (penalty: 0.00)

[TABU] No improvement for 2 generations. Applying Tabu Search...
[TABU] After Tabu Search: 399.65 (penalty: 0.00)

[TABU] No improvement for 2 generations. Applying Tabu Search...
[TABU] After Tabu Search: 399.65 (penalty: 0.00)
[ADAPT] Gen 40 - Crossover rates: 0.30 0.39 0.10 0.40 , Mutation rate: 0.358

[TABU] No improvement for 2 generations. Applying Tabu Search...
[TABU] After Tabu Search: 399.65 (penalty: 0.00)

[TABU] No improvement for 2 generations. Applying Tabu Search...
[TABU] After Tabu Search: 399.65 (penalty: 0.00)

[TABU] No improvement for 2 generations. Applying Tabu Search...
[TABU] After Tabu Search: 399.65 (penalty: 0.00)

[TABU] No improvement for 2 generations. Applying Tabu Search...
[TABU] After Tabu Search: 399.65 (penalty: 0.00)

[TABU] No improvement for 2 generations. Applying Tabu Search...
[TABU] After Tabu Search: 399.65 (penalty: 0.00)

=========================================
  GA + TABU COMPLETED
=========================================
Final best cost: 399.65 (penalty: 0.00)

[ADAPTIVE STATS]
Final mutation rate: 0.430
Crossover success rates: [0]:0.00 [1]:0.00 [2]:0.00 [3]:0.00 
Mutation success rates: [0]:0.08 [1]:0.04 [2]:0.01 [3]:0.00 [4]:0.04 

+========================================================+
|     INTEGRATED LOCAL SEARCH (Truck + Drone)         |
+========================================================+

[ADAPTIVE LS] Starting Adaptive Local Search with 11 operators...
[ADAPTIVE LS] Initial C_max: 399.65 minutes
[ADAPTIVE LS] Truck routes: 2
[ADAPTIVE LS] Drone trips: 2
[ADAPTIVE LS] Perturbation #1 (diversification)
[ADAPTIVE LS] Perturbation #2 (diversification)

[ADAPTIVE LS] ====== FINAL RESULTS ======
[ADAPTIVE LS] Completed after 50 iterations
[ADAPTIVE LS] Final C_max: 399.65 minutes
[ADAPTIVE LS] Improvements: Truck=0, Drone=0
[ADAPTIVE LS] Perturbations used: 2
[ADAPTIVE LS] No improvement found (solution may be near optimal)

[ADAPTIVE] Operator Performance Statistics:
-------------------------------------------------------------
              Operator  Attempts   Success     Rate(%)    AvgImprv    Weight
-------------------------------------------------------------
            Truck-2Opt        50        16       32.0%       41.01      5.00
            Truck-Swap        50         4        8.0%        1.68      0.87
        Truck-Relocate        50         9       18.0%       41.43      4.89
   Truck-CrossExchange        50         0        0.0%        0.00      0.50
         Drone-Reorder        50         0        0.0%        0.00      0.50
            Drone-Swap        50        25       50.0%       49.83      5.00
            Drone-Move        50         0        0.0%        0.00      0.50
           Drone-Merge        50         0        0.0%        0.00      0.50
           Drone-Split        50         0        0.0%        0.00      0.50
        Drone-Reassign        50         0        0.0%        0.00      0.50
  Drone-InsertIntoTrip        50         0        0.0%        0.00      0.50
-------------------------------------------------------------

+========================================================+
|               FINAL SOLUTION                       |
+========================================================+

+=============================================================+
|              SOLUTION DETAILS (Thoi gian thuc te)          |
+=============================================================+

 TONG QUAN:
   Total Cost (C_max): 399.65 phut
   Feasible: YES

CHI TIET CAC XE TAI:

   +-- Xe 0 --------------------------------------
   | Hoan thanh: 399.65 phut
   | Route: 0(D) -> 2(D) -> 0(D) -> 1(D) -> 6(P) -> 7(DL) -> 0(D) -> 3(D) -> 9(D) -> 4(D) -> 0(D)
   | Timeline:
   |    0. Node  0 ( D): Den=   0.0' Roi=   0.0'
   |    1. Node  2 ( D): Den=  95.8' Roi=  98.8'
   |    2. Node  0 ( D): Den= 114.5' Roi= 119.5'
   |    3. Node  1 ( D): Den= 165.7' Roi= 168.7'
   |    4. Node  6 ( P): Den= 203.6' Roi= 206.6'
   |    5. Node  7 (DL): Den= 260.3' Roi= 263.3'
   |    6. Node  0 ( D): Den= 280.8' Roi= 285.8'
   |    7. Node  3 ( D): Den= 312.0' Roi= 315.0'
   |    8. Node  9 ( D): Den= 342.7' Roi= 353.5'
   |    9. Node  4 ( D): Den= 374.2' Roi= 382.2'
   |   10. Node  0 ( D): Den= 399.7' Roi= 399.7'
   +-----------------------------------------------------

   +-- Xe 1 --------------------------------------
   | Hoan thanh: 373.56 phut
   | Route: 0(D) -> 8(D) -> 0(D) -> 10(D) -> 0(D) -> 5(D) -> 0(D)
   | Timeline:
   |    0. Node  0 ( D): Den=   0.0' Roi=   0.0'
   |    1. Node  8 ( D): Den= 195.9' Roi= 198.9'
   |    2. Node  0 ( D): Den= 209.7' Roi= 214.7'
   |    3. Node 10 ( D): Den= 232.8' Roi= 235.8'
   |    4. Node  0 ( D): Den= 253.9' Roi= 258.9'
   |    5. Node  5 ( D): Den= 353.8' Roi= 356.8'
   |    6. Node  0 ( D): Den= 373.6' Roi= 373.6'
   +-----------------------------------------------------

CHI TIET DRONE RESUPPLY (WITH CONSOLIDATION):

   +-- Resupply Trip #1 ----------------------------------
   | Drone: Drone 0 | Xe: Xe 0
   | So khach hang: 1 customers
   | Customers: Node 9
   | Total flight time: 22.1 phut
   | Timeline:
   |   - Drone roi depot:      337.0 phut
   |   [Customer 9]
   |     - Drone den:         345.5 phut
   |     - Xe den:            342.7 phut
   |     - Bat dau resupply:  345.5 phut
   |     - Ket thuc:          353.5 phut
   |   - Drone ve depot:       362.1 phut
   +-----------------------------------------------------

   +-- Resupply Trip #2 ----------------------------------
   | Drone: Drone 0 | Xe: Xe 0
   | So khach hang: 1 customers
   | Customers: Node 4
   | Total flight time: 18.4 phut
   | Timeline:
   |   - Drone roi depot:      367.1 phut
   |   [Customer 4]
   |     - Drone den:         373.4 phut
   |     - Xe den:            374.2 phut
   |     - Bat dau resupply:  374.2 phut
   |     - Ket thuc:          382.2 phut
   |   - Drone ve depot:       388.5 phut
   +-----------------------------------------------------

 THOI GIAN HOAN THANH CAC DRONE:
   Drone 0: 388.46 phut
   Drone 1: 0.00 phut

=============================================================

=========================================
SUMMARY:
  Cost before Local Search: 399.65 minutes
  Cost after Local Search: 399.65 minutes
  Total Penalty: 0.00
  Feasible: YES
  Resupply Events: 2
=========================================
