
+========================================================+
|     PDP SOLVER - GA + TABU SEARCH                  |
+========================================================+

Reading instance: U_10_1.5_Num_8_pd.txt
Reading: U_10_1.5_Num_8_pd.txt
Truck (Manhattan) and Drone (Euclidean) distance matrices built.
Loaded 11 nodes, 10 customers.

Instance details:
  Customers: 10
  Trucks: 2
  Drones: 2
  Drone endurance: 90 minutes

=========================================
  GENETIC ALGORITHM + TABU SEARCH (PDP)
=========================================
Population size: 50
Max generations: 50
Base mutation rate: 0.1 (adaptive)
Tabu threshold: 10% of max gen without improvement
Adaptive operators: ENABLED

[1] Initializing population...
PDP Population distribution (NO SEPARATOR):
   Random: 5
   Greedy Time: 15
   Sweep: 15
   Nearest Neighbor: 15
Generated 50 PDP individuals (sequence only, no separators)
Initial best cost: 320.26 (penalty: 0.00)
Gen 0: New best = 313.00 (penalty: 0.00, mut_rate: 0.100)
Gen 2: New best = 302.60 (penalty: 0.00, mut_rate: 0.100)

[TABU] No improvement for 2 generations. Applying Tabu Search...
  Tabu iter 50: best=302.224 current=302.224
[TABU] After Tabu Search: 302.22 (penalty: 0.00)

[TABU] No improvement for 2 generations. Applying Tabu Search...
[TABU] After Tabu Search: 302.22 (penalty: 0.00)

[TABU] No improvement for 2 generations. Applying Tabu Search...
[TABU] After Tabu Search: 302.22 (penalty: 0.00)
[ADAPT] Gen 10 - Crossover rates: 0.10 0.49 0.10 0.51 , Mutation rate: 0.120

[TABU] No improvement for 2 generations. Applying Tabu Search...
[TABU] After Tabu Search: 302.22 (penalty: 0.00)

[TABU] No improvement for 2 generations. Applying Tabu Search...
[TABU] After Tabu Search: 302.22 (penalty: 0.00)

[TABU] No improvement for 2 generations. Applying Tabu Search...
[TABU] After Tabu Search: 302.22 (penalty: 0.00)

[TABU] No improvement for 2 generations. Applying Tabu Search...
[TABU] After Tabu Search: 302.22 (penalty: 0.00)

[TABU] No improvement for 2 generations. Applying Tabu Search...
[TABU] After Tabu Search: 302.22 (penalty: 0.00)
[ADAPT] Gen 20 - Crossover rates: 0.10 0.51 0.10 0.49 , Mutation rate: 0.173

[TABU] No improvement for 2 generations. Applying Tabu Search...
[TABU] After Tabu Search: 302.22 (penalty: 0.00)

[TABU] No improvement for 2 generations. Applying Tabu Search...
[TABU] After Tabu Search: 302.22 (penalty: 0.00)

[TABU] No improvement for 2 generations. Applying Tabu Search...
[TABU] After Tabu Search: 302.22 (penalty: 0.00)

[TABU] No improvement for 2 generations. Applying Tabu Search...
[TABU] After Tabu Search: 302.22 (penalty: 0.00)

[TABU] No improvement for 2 generations. Applying Tabu Search...
[TABU] After Tabu Search: 302.22 (penalty: 0.00)
[ADAPT] Gen 30 - Crossover rates: 0.10 0.50 0.10 0.50 , Mutation rate: 0.249

[TABU] No improvement for 2 generations. Applying Tabu Search...
[TABU] After Tabu Search: 302.22 (penalty: 0.00)

[TABU] No improvement for 2 generations. Applying Tabu Search...
[TABU] After Tabu Search: 302.22 (penalty: 0.00)

[TABU] No improvement for 2 generations. Applying Tabu Search...
[TABU] After Tabu Search: 302.22 (penalty: 0.00)

[TABU] No improvement for 2 generations. Applying Tabu Search...
[TABU] After Tabu Search: 302.22 (penalty: 0.00)

[TABU] No improvement for 2 generations. Applying Tabu Search...
[TABU] After Tabu Search: 302.22 (penalty: 0.00)
[ADAPT] Gen 40 - Crossover rates: 0.10 0.50 0.10 0.50 , Mutation rate: 0.358

[TABU] No improvement for 2 generations. Applying Tabu Search...
[TABU] After Tabu Search: 302.22 (penalty: 0.00)

[TABU] No improvement for 2 generations. Applying Tabu Search...
[TABU] After Tabu Search: 302.22 (penalty: 0.00)

[TABU] No improvement for 2 generations. Applying Tabu Search...
[TABU] After Tabu Search: 302.22 (penalty: 0.00)

[TABU] No improvement for 2 generations. Applying Tabu Search...
[TABU] After Tabu Search: 302.22 (penalty: 0.00)

[TABU] No improvement for 2 generations. Applying Tabu Search...
[TABU] After Tabu Search: 302.22 (penalty: 0.00)

=========================================
  GA + TABU COMPLETED
=========================================
Final best cost: 302.22 (penalty: 0.00)

[ADAPTIVE STATS]
Final mutation rate: 0.430
Crossover success rates: [0]:0.00 [1]:0.00 [2]:0.00 [3]:0.00 
Mutation success rates: [0]:0.07 [1]:0.02 [2]:0.04 [3]:0.03 [4]:0.04 

+========================================================+
|     INTEGRATED LOCAL SEARCH (Truck + Drone)         |
+========================================================+

[ADAPTIVE LS] Starting Adaptive Local Search with 11 operators...
[ADAPTIVE LS] Initial C_max: 302.22 minutes
[ADAPTIVE LS] Truck routes: 2
[ADAPTIVE LS] Drone trips: 3
[ADAPTIVE LS] Iter 0: Drone improved to 294.58 min
[ADAPTIVE LS] Iter 1: Drone improved to 270.03 min
[ADAPTIVE LS] Perturbation #1 (diversification)

[ADAPTIVE LS] ====== FINAL RESULTS ======
[ADAPTIVE LS] Completed after 50 iterations
[ADAPTIVE LS] Final C_max: 270.03 minutes
[ADAPTIVE LS] Improvements: Truck=0, Drone=2
[ADAPTIVE LS] Perturbations used: 1
[ADAPTIVE LS] Total improvement: 32.20 minutes (10.7%)

[ADAPTIVE] Operator Performance Statistics:
-------------------------------------------------------------
              Operator  Attempts   Success     Rate(%)    AvgImprv    Weight
-------------------------------------------------------------
            Truck-2Opt        50         0        0.0%        0.00      0.50
            Truck-Swap        50         0        0.0%        0.00      0.50
        Truck-Relocate        50         0        0.0%        0.00      0.50
   Truck-CrossExchange        50         0        0.0%        0.00      0.50
         Drone-Reorder        50         0        0.0%        0.00      0.50
            Drone-Swap        50        25       50.0%       48.53      5.00
            Drone-Move        50         0        0.0%        0.00      0.50
           Drone-Merge        50         1        2.0%       15.44      2.09
           Drone-Split        50         0        0.0%        0.00      0.50
        Drone-Reassign        50         1        2.0%       14.06      1.96
  Drone-InsertIntoTrip        50         0        0.0%        0.00      0.50
-------------------------------------------------------------

+========================================================+
|               FINAL SOLUTION                       |
+========================================================+

+=============================================================+
|              SOLUTION DETAILS (Thoi gian thuc te)          |
+=============================================================+

 TONG QUAN:
   Total Cost (C_max): 270.03 phut
   Feasible: YES

CHI TIET CAC XE TAI:

   +-- Xe 0 --------------------------------------
   | Hoan thanh: 270.03 phut
   | Route: 0(D) -> 7(D) -> 2(D) -> 8(D) -> 0(D)
   | Timeline:
   |    0. Node  0 ( D): Den=   0.0' Roi=   0.0'
   |    1. Node  7 ( D): Den=  12.8' Roi=  15.8'
   |    2. Node  2 ( D): Den=  38.8' Roi=  41.8'
   |    3. Node  8 ( D): Den=  66.3' Roi= 248.6'
   |    4. Node  0 ( D): Den= 265.0' Roi= 270.0'
   +-----------------------------------------------------

   +-- Xe 1 --------------------------------------
   | Hoan thanh: 248.24 phut
   | Route: 0(D) -> 6(P) -> 4(DL) -> 0(D) -> 5(D) -> 0(D) -> 9(D) -> 0(D) -> 1(D) -> 10(D) -> 0(D) -> 3(D) -> 0(D)
   | Timeline:
   |    0. Node  0 ( D): Den=   0.0' Roi=   0.0'
   |    1. Node  6 ( P): Den=   5.2' Roi=   8.2'
   |    2. Node  4 (DL): Den=  25.6' Roi=  28.6'
   |    3. Node  0 ( D): Den=  48.0' Roi=  53.0'
   |    4. Node  5 ( D): Den=  66.4' Roi=  69.4'
   |    5. Node  0 ( D): Den=  82.8' Roi=  87.8'
   |    6. Node  9 ( D): Den= 104.1' Roi= 107.1'
   |    7. Node  0 ( D): Den= 123.4' Roi= 128.4'
   |    8. Node  1 ( D): Den= 146.3' Roi= 149.3'
   |    9. Node 10 ( D): Den= 157.9' Roi= 160.9'
   |   10. Node  0 ( D): Den= 180.2' Roi= 185.2'
   |   11. Node  3 ( D): Den= 212.7' Roi= 215.7'
   |   12. Node  0 ( D): Den= 243.2' Roi= 248.2'
   +-----------------------------------------------------

CHI TIET DRONE RESUPPLY (WITH CONSOLIDATION):

   +-- Resupply Trip #1 ----------------------------------
   | Drone: Drone 1 | Xe: Xe 1
   | So khach hang: 1 customers
   | Customers: Node 2
   | Total flight time: 23.3 phut
   | Timeline:
   |   - Drone roi depot:      227.0 phut
   |   [Customer 2]
   |     - Drone den:         236.2 phut
   |     - Xe den:             21.4 phut
   |     - Bat dau resupply:  236.2 phut
   |     - Ket thuc:          244.2 phut
   |   - Drone ve depot:       253.3 phut
   +-----------------------------------------------------

   +-- Resupply Trip #2 ----------------------------------
   | Drone: Drone 0 | Xe: Xe 0
   | So khach hang: 1 customers
   | Customers: Node 10
   | Total flight time: 22.8 phut
   | Timeline:
   |   - Drone roi depot:      203.0 phut
   |   [Customer 10]
   |     - Drone den:         211.9 phut
   |     - Xe den:             19.3 phut
   |     - Bat dau resupply:  211.9 phut
   |     - Ket thuc:          219.9 phut
   |   - Drone ve depot:       228.8 phut
   +-----------------------------------------------------

   +-- Resupply Trip #3 ----------------------------------
   | Drone: Drone 0 | Xe: Xe 0
   | So khach hang: 1 customers
   | Customers: Node 8
   | Total flight time: 18.6 phut
   | Timeline:
   |   - Drone roi depot:      233.8 phut
   |   [Customer 8]
   |     - Drone den:         240.6 phut
   |     - Xe den:             90.8 phut
   |     - Bat dau resupply:  240.6 phut
   |     - Ket thuc:          248.6 phut
   |   - Drone ve depot:       255.4 phut
   +-----------------------------------------------------

 THOI GIAN HOAN THANH CAC DRONE:
   Drone 0: 289.10 phut
   Drone 1: 258.94 phut

=============================================================

=========================================
SUMMARY:
  Cost before Local Search: 302.22 minutes
  Cost after Local Search: 270.03 minutes
  Improvement by LS: 32.20 minutes (10.7%)
  Total Penalty: 0.0
  Feasible: YES
  Resupply Events: 3
=========================================
