
+========================================================+
|     PDP SOLVER - GA + TABU SEARCH                  |
+========================================================+

Reading instance: U_10_3.0_Num_4_pd.txt
Reading: U_10_3.0_Num_4_pd.txt
Truck (Manhattan) and Drone (Euclidean) distance matrices built.
Loaded 11 nodes, 10 customers.

Instance details:
  Customers: 10
  Trucks: 2
  Drones: 2
  Drone endurance: 90 minutes

=========================================
  GENETIC ALGORITHM + TABU SEARCH (PDP)
=========================================
Population size: 50
Max generations: 50
Base mutation rate: 0.1 (adaptive)
Tabu threshold: 10% of max gen without improvement
Adaptive operators: ENABLED

[1] Initializing population...
PDP Population distribution (NO SEPARATOR):
   Random: 5
   Greedy Time: 15
   Sweep: 15
   Nearest Neighbor: 15
Generated 50 PDP individuals (sequence only, no separators)
Initial best cost: 610.44 (penalty: 0.00)

[TABU] No improvement for 2 generations. Applying Tabu Search...
  Tabu iter 50: best=603.81 current=603.81
[TABU] After Tabu Search: 603.81 (penalty: 0.00)

[TABU] No improvement for 2 generations. Applying Tabu Search...
[TABU] After Tabu Search: 603.81 (penalty: 0.00)

[TABU] No improvement for 2 generations. Applying Tabu Search...
[TABU] After Tabu Search: 603.81 (penalty: 0.00)

[TABU] No improvement for 2 generations. Applying Tabu Search...
[TABU] After Tabu Search: 603.81 (penalty: 0.00)

[TABU] No improvement for 2 generations. Applying Tabu Search...
[TABU] After Tabu Search: 603.81 (penalty: 0.00)
[ADAPT] Gen 10 - Crossover rates: 0.25 0.25 0.25 0.25 , Mutation rate: 0.144

[TABU] No improvement for 2 generations. Applying Tabu Search...
[TABU] After Tabu Search: 603.81 (penalty: 0.00)

[TABU] No improvement for 2 generations. Applying Tabu Search...
[TABU] After Tabu Search: 603.81 (penalty: 0.00)

[TABU] No improvement for 2 generations. Applying Tabu Search...
[TABU] After Tabu Search: 603.81 (penalty: 0.00)

[TABU] No improvement for 2 generations. Applying Tabu Search...
[TABU] After Tabu Search: 603.81 (penalty: 0.00)

[TABU] No improvement for 2 generations. Applying Tabu Search...
[TABU] After Tabu Search: 603.81 (penalty: 0.00)
[ADAPT] Gen 20 - Crossover rates: 0.25 0.25 0.25 0.25 , Mutation rate: 0.207

[TABU] No improvement for 2 generations. Applying Tabu Search...
[TABU] After Tabu Search: 603.81 (penalty: 0.00)

[TABU] No improvement for 2 generations. Applying Tabu Search...
[TABU] After Tabu Search: 603.81 (penalty: 0.00)

[TABU] No improvement for 2 generations. Applying Tabu Search...
[TABU] After Tabu Search: 603.81 (penalty: 0.00)

[TABU] No improvement for 2 generations. Applying Tabu Search...
[TABU] After Tabu Search: 603.81 (penalty: 0.00)

[TABU] No improvement for 2 generations. Applying Tabu Search...
[TABU] After Tabu Search: 603.81 (penalty: 0.00)
[ADAPT] Gen 30 - Crossover rates: 0.25 0.25 0.25 0.25 , Mutation rate: 0.299

[TABU] No improvement for 2 generations. Applying Tabu Search...
[TABU] After Tabu Search: 603.81 (penalty: 0.00)

[TABU] No improvement for 2 generations. Applying Tabu Search...
[TABU] After Tabu Search: 603.81 (penalty: 0.00)

[TABU] No improvement for 2 generations. Applying Tabu Search...
[TABU] After Tabu Search: 603.81 (penalty: 0.00)

[TABU] No improvement for 2 generations. Applying Tabu Search...
[TABU] After Tabu Search: 603.81 (penalty: 0.00)

[TABU] No improvement for 2 generations. Applying Tabu Search...
[TABU] After Tabu Search: 603.81 (penalty: 0.00)
[ADAPT] Gen 40 - Crossover rates: 0.25 0.25 0.25 0.25 , Mutation rate: 0.430

[TABU] No improvement for 2 generations. Applying Tabu Search...
[TABU] After Tabu Search: 603.81 (penalty: 0.00)

[TABU] No improvement for 2 generations. Applying Tabu Search...
[TABU] After Tabu Search: 603.81 (penalty: 0.00)

[TABU] No improvement for 2 generations. Applying Tabu Search...
[TABU] After Tabu Search: 603.81 (penalty: 0.00)

[TABU] No improvement for 2 generations. Applying Tabu Search...
[TABU] After Tabu Search: 603.81 (penalty: 0.00)

[TABU] No improvement for 2 generations. Applying Tabu Search...
[TABU] After Tabu Search: 603.81 (penalty: 0.00)

=========================================
  GA + TABU COMPLETED
=========================================
Final best cost: 603.81 (penalty: 0.00)

[ADAPTIVE STATS]
Final mutation rate: 0.500
Crossover success rates: [0]:0.00 [1]:0.00 [2]:0.00 [3]:0.00 
Mutation success rates: [0]:0.00 [1]:0.05 [2]:0.00 [3]:0.03 [4]:0.00 

+========================================================+
|     INTEGRATED LOCAL SEARCH (Truck + Drone)         |
+========================================================+

[ADAPTIVE LS] Starting Adaptive Local Search with 11 operators...
[ADAPTIVE LS] Initial C_max: 603.81 minutes
[ADAPTIVE LS] Truck routes: 2
[ADAPTIVE LS] Drone trips: 1
[ADAPTIVE LS] Perturbation #1 (diversification)
[ADAPTIVE LS] Perturbation #2 (diversification)

[ADAPTIVE LS] ====== FINAL RESULTS ======
[ADAPTIVE LS] Completed after 50 iterations
[ADAPTIVE LS] Final C_max: 603.81 minutes
[ADAPTIVE LS] Improvements: Truck=0, Drone=0
[ADAPTIVE LS] Perturbations used: 2
[ADAPTIVE LS] No improvement found (solution may be near optimal)

[ADAPTIVE] Operator Performance Statistics:
-------------------------------------------------------------
              Operator  Attempts   Success     Rate(%)    AvgImprv    Weight
-------------------------------------------------------------
            Truck-2Opt        50         0        0.0%        0.00      0.50
            Truck-Swap        50         0        0.0%        0.00      0.50
        Truck-Relocate        50         0        0.0%        0.00      0.50
   Truck-CrossExchange        50         0        0.0%        0.00      0.50
         Drone-Reorder        50         0        0.0%        0.00      0.50
            Drone-Swap        50         0        0.0%        0.00      0.50
            Drone-Move        50         0        0.0%        0.00      0.50
           Drone-Merge        50         0        0.0%        0.00      0.50
           Drone-Split        50         0        0.0%        0.00      0.50
        Drone-Reassign        50         0        0.0%        0.00      0.50
  Drone-InsertIntoTrip        50         0        0.0%        0.00      0.50
-------------------------------------------------------------

+========================================================+
|               FINAL SOLUTION                       |
+========================================================+

+=============================================================+
|              SOLUTION DETAILS (Thoi gian thuc te)          |
+=============================================================+

 TONG QUAN:
   Total Cost (C_max): 603.81 phut
   Feasible: YES

CHI TIET CAC XE TAI:

   +-- Xe 0 --------------------------------------
   | Hoan thanh: 603.81 phut
   | Route: 0(D) -> 8(D) -> 2(P) -> 7(DL) -> 0(D) -> 9(D) -> 0(D) -> 6(D) -> 10(D) -> 0(D)
   | Timeline:
   |    0. Node  0 ( D): Den=   0.0' Roi=   0.0'
   |    1. Node  8 ( D): Den= 344.1' Roi= 347.1'
   |    2. Node  2 ( P): Den= 370.7' Roi= 373.7'
   |    3. Node  7 (DL): Den= 407.4' Roi= 410.4'
   |    4. Node  0 ( D): Den= 437.6' Roi= 442.6'
   |    5. Node  9 ( D): Den= 466.7' Roi= 469.7'
   |    6. Node  0 ( D): Den= 493.8' Roi= 498.8'
   |    7. Node  6 ( D): Den= 524.9' Roi= 527.9'
   |    8. Node 10 ( D): Den= 561.6' Roi= 578.1'
   |    9. Node  0 ( D): Den= 603.8' Roi= 603.8'
   +-----------------------------------------------------

   +-- Xe 1 --------------------------------------
   | Hoan thanh: 571.28 phut
   | Route: 0(D) -> 1(D) -> 0(D) -> 3(D) -> 0(D) -> 4(D) -> 0(D) -> 5(D) -> 0(D)
   | Timeline:
   |    0. Node  0 ( D): Den=   0.0' Roi=   0.0'
   |    1. Node  1 ( D): Den= 351.4' Roi= 354.4'
   |    2. Node  0 ( D): Den= 388.7' Roi= 393.7'
   |    3. Node  3 ( D): Den= 417.5' Roi= 420.5'
   |    4. Node  0 ( D): Den= 444.2' Roi= 449.2'
   |    5. Node  4 ( D): Den= 479.4' Roi= 482.4'
   |    6. Node  0 ( D): Den= 512.6' Roi= 517.6'
   |    7. Node  5 ( D): Den= 543.0' Roi= 546.0'
   |    8. Node  0 ( D): Den= 571.3' Roi= 571.3'
   +-----------------------------------------------------

CHI TIET DRONE RESUPPLY (WITH CONSOLIDATION):

   +-- Resupply Trip #1 ----------------------------------
   | Drone: Drone 0 | Xe: Xe 0
   | So khach hang: 1 customers
   | Customers: Node 10
   | Total flight time: 23.2 phut
   | Timeline:
   |   - Drone roi depot:      561.0 phut
   |   [Customer 10]
   |     - Drone den:         570.1 phut
   |     - Xe den:            561.6 phut
   |     - Bat dau resupply:  570.1 phut
   |     - Ket thuc:          578.1 phut
   |   - Drone ve depot:       587.2 phut
   +-----------------------------------------------------

 THOI GIAN HOAN THANH CAC DRONE:
   Drone 0: 587.19 phut
   Drone 1: 0.00 phut

=============================================================

=========================================
SUMMARY:
  Cost before Local Search: 603.81 minutes
  Cost after Local Search: 603.81 minutes
  Total Penalty: 0.00
  Feasible: YES
  Resupply Events: 1
=========================================
