
+========================================================+
|     PDP SOLVER - GA + TABU SEARCH                  |
+========================================================+

Reading instance: U_10_0.5_Num_3_pd.txt
Reading: U_10_0.5_Num_3_pd.txt
Truck (Manhattan) and Drone (Euclidean) distance matrices built.
Loaded 11 nodes, 10 customers.

Instance details:
  Customers: 10
  Trucks: 2
  Drones: 2
  Drone endurance: 90 minutes

=========================================
  GENETIC ALGORITHM + TABU SEARCH (PDP)
=========================================
Population size: 50
Max generations: 50
Base mutation rate: 0.1 (adaptive)
Tabu threshold: 10% of max gen without improvement
Adaptive operators: ENABLED

[1] Initializing population...
PDP Population distribution (NO SEPARATOR):
   Random: 5
   Greedy Time: 15
   Sweep: 15
   Nearest Neighbor: 15
Generated 50 PDP individuals (sequence only, no separators)
Initial best cost: 163.21 (penalty: 0.00)
Gen 1: New best = 161.20 (penalty: 0.00, mut_rate: 0.100)
Gen 2: New best = 154.85 (penalty: 0.00, mut_rate: 0.100)
Gen 4: New best = 152.52 (penalty: 0.00, mut_rate: 0.100)

[TABU] No improvement for 2 generations. Applying Tabu Search...
  Tabu iter 50: best=137.042 current=142.303
[TABU] After Tabu Search: 137.04 (penalty: 0.00)

[TABU] No improvement for 2 generations. Applying Tabu Search...
[TABU] After Tabu Search: 137.04 (penalty: 0.00)
[ADAPT] Gen 10 - Crossover rates: 0.27 0.36 0.16 0.41 , Mutation rate: 0.108

[TABU] No improvement for 2 generations. Applying Tabu Search...
[TABU] After Tabu Search: 137.04 (penalty: 0.00)

[TABU] No improvement for 2 generations. Applying Tabu Search...
[TABU] After Tabu Search: 137.04 (penalty: 0.00)

[TABU] No improvement for 2 generations. Applying Tabu Search...
[TABU] After Tabu Search: 137.04 (penalty: 0.00)

[TABU] No improvement for 2 generations. Applying Tabu Search...
[TABU] After Tabu Search: 137.04 (penalty: 0.00)

[TABU] No improvement for 2 generations. Applying Tabu Search...
[TABU] After Tabu Search: 137.04 (penalty: 0.00)
[ADAPT] Gen 20 - Crossover rates: 0.28 0.37 0.17 0.38 , Mutation rate: 0.156

[TABU] No improvement for 2 generations. Applying Tabu Search...
[TABU] After Tabu Search: 137.04 (penalty: 0.00)

[TABU] No improvement for 2 generations. Applying Tabu Search...
[TABU] After Tabu Search: 137.04 (penalty: 0.00)

[TABU] No improvement for 2 generations. Applying Tabu Search...
[TABU] After Tabu Search: 137.04 (penalty: 0.00)

[TABU] No improvement for 2 generations. Applying Tabu Search...
[TABU] After Tabu Search: 137.04 (penalty: 0.00)

[TABU] No improvement for 2 generations. Applying Tabu Search...
[TABU] After Tabu Search: 137.04 (penalty: 0.00)
[ADAPT] Gen 30 - Crossover rates: 0.28 0.37 0.18 0.37 , Mutation rate: 0.224

[TABU] No improvement for 2 generations. Applying Tabu Search...
[TABU] After Tabu Search: 137.04 (penalty: 0.00)

[TABU] No improvement for 2 generations. Applying Tabu Search...
[TABU] After Tabu Search: 137.04 (penalty: 0.00)

[TABU] No improvement for 2 generations. Applying Tabu Search...
[TABU] After Tabu Search: 137.04 (penalty: 0.00)

[TABU] No improvement for 2 generations. Applying Tabu Search...
[TABU] After Tabu Search: 137.04 (penalty: 0.00)

[TABU] No improvement for 2 generations. Applying Tabu Search...
[TABU] After Tabu Search: 137.04 (penalty: 0.00)
[ADAPT] Gen 40 - Crossover rates: 0.29 0.37 0.18 0.37 , Mutation rate: 0.322

[TABU] No improvement for 2 generations. Applying Tabu Search...
[TABU] After Tabu Search: 137.04 (penalty: 0.00)

[TABU] No improvement for 2 generations. Applying Tabu Search...
[TABU] After Tabu Search: 137.04 (penalty: 0.00)

[TABU] No improvement for 2 generations. Applying Tabu Search...
[TABU] After Tabu Search: 137.04 (penalty: 0.00)

[TABU] No improvement for 2 generations. Applying Tabu Search...
[TABU] After Tabu Search: 137.04 (penalty: 0.00)

[TABU] No improvement for 2 generations. Applying Tabu Search...
[TABU] After Tabu Search: 137.04 (penalty: 0.00)

=========================================
  GA + TABU COMPLETED
=========================================
Final best cost: 137.04 (penalty: 0.00)

[ADAPTIVE STATS]
Final mutation rate: 0.387
Crossover success rates: [0]:0.01 [1]:0.01 [2]:0.00 [3]:0.01 
Mutation success rates: [0]:0.01 [1]:0.00 [2]:0.00 [3]:0.04 [4]:0.03 

+========================================================+
|     INTEGRATED LOCAL SEARCH (Truck + Drone)         |
+========================================================+

[ADAPTIVE LS] Starting Adaptive Local Search with 11 operators...
[ADAPTIVE LS] Initial C_max: 137.04 minutes
[ADAPTIVE LS] Truck routes: 2
[ADAPTIVE LS] Drone trips: 5
[ADAPTIVE LS] Perturbation #1 (diversification)
[ADAPTIVE LS] Perturbation #2 (diversification)

[ADAPTIVE LS] ====== FINAL RESULTS ======
[ADAPTIVE LS] Completed after 50 iterations
[ADAPTIVE LS] Final C_max: 137.04 minutes
[ADAPTIVE LS] Improvements: Truck=0, Drone=0
[ADAPTIVE LS] Perturbations used: 2
[ADAPTIVE LS] No improvement found (solution may be near optimal)

[ADAPTIVE] Operator Performance Statistics:
-------------------------------------------------------------
              Operator  Attempts   Success     Rate(%)    AvgImprv    Weight
-------------------------------------------------------------
            Truck-2Opt        50        13       26.0%       39.30      4.87
            Truck-Swap        50         4        8.0%       18.98      2.60
        Truck-Relocate        50        25       50.0%       48.68      5.00
   Truck-CrossExchange        50         5       10.0%        9.27      1.48
         Drone-Reorder        50         0        0.0%        0.00      0.50
            Drone-Swap        50        25       50.0%      116.12      5.00
            Drone-Move        50         0        0.0%        0.00      0.50
           Drone-Merge        50         0        0.0%        0.00      0.50
           Drone-Split        50         0        0.0%        0.00      0.50
        Drone-Reassign        50         0        0.0%        0.00      0.50
  Drone-InsertIntoTrip        50         0        0.0%        0.00      0.50
-------------------------------------------------------------

+========================================================+
|               FINAL SOLUTION                       |
+========================================================+

+=============================================================+
|              SOLUTION DETAILS (Thoi gian thuc te)          |
+=============================================================+

 TONG QUAN:
   Total Cost (C_max): 137.04 phut
   Feasible: YES

CHI TIET CAC XE TAI:

   +-- Xe 0 --------------------------------------
   | Hoan thanh: 137.04 phut
   | Route: 0(D) -> 5(P) -> 6(DL) -> 3(D) -> 9(D) -> 4(D) -> 0(D)
   | Timeline:
   |    0. Node  0 ( D): Den=   0.0' Roi=   0.0'
   |    1. Node  5 ( P): Den=  22.9' Roi=  25.9'
   |    2. Node  6 (DL): Den=  52.1' Roi=  55.1'
   |    3. Node  3 ( D): Den=  70.7' Roi=  81.4'
   |    4. Node  9 ( D): Den=  83.2' Roi=  96.0'
   |    5. Node  4 ( D): Den= 118.6' Roi= 126.6'
   |    6. Node  0 ( D): Den= 137.0' Roi= 137.0'
   +-----------------------------------------------------

   +-- Xe 1 --------------------------------------
   | Hoan thanh: 129.01 phut
   | Route: 0(D) -> 1(D) -> 10(D) -> 7(D) -> 2(D) -> 8(D) -> 0(D)
   | Timeline:
   |    0. Node  0 ( D): Den=   0.0' Roi=   0.0'
   |    1. Node  1 ( D): Den=  12.8' Roi=  15.8'
   |    2. Node 10 ( D): Den=  37.1' Roi=  46.4'
   |    3. Node  7 ( D): Den=  70.9' Roi=  78.9'
   |    4. Node  2 ( D): Den=  89.2' Roi= 107.9'
   |    5. Node  8 ( D): Den=  89.4' Roi= 123.3'
   |    6. Node  0 ( D): Den= 129.0' Roi= 129.0'
   +-----------------------------------------------------

CHI TIET DRONE RESUPPLY (WITH CONSOLIDATION):

   +-- Resupply Trip #1 ----------------------------------
   | Drone: Drone 0 | Xe: Xe 1
   | So khach hang: 1 customers
   | Customers: Node 10
   | Total flight time: 27.7 phut
   | Timeline:
   |   - Drone roi depot:       27.0 phut
   |   [Customer 10]
   |     - Drone den:          38.4 phut
   |     - Xe den:             37.1 phut
   |     - Bat dau resupply:   38.4 phut
   |     - Ket thuc:           46.4 phut
   |   - Drone ve depot:        57.7 phut
   +-----------------------------------------------------

   +-- Resupply Trip #2 ----------------------------------
   | Drone: Drone 0 | Xe: Xe 1
   | So khach hang: 1 customers
   | Customers: Node 7
   | Total flight time: 19.2 phut
   | Timeline:
   |   - Drone roi depot:       63.0 phut
   |   [Customer 7]
   |     - Drone den:          69.3 phut
   |     - Xe den:             70.9 phut
   |     - Bat dau resupply:   70.9 phut
   |     - Ket thuc:           78.9 phut
   |   - Drone ve depot:        85.2 phut
   +-----------------------------------------------------

   +-- Resupply Trip #3 ----------------------------------
   | Drone: Drone 1 | Xe: Xe 0
   | So khach hang: 2 customers
   | Customers: Node 3, Node 9
   | Total flight time: 36.9 phut
   | Timeline:
   |   - Drone roi depot:       63.0 phut
   |   [Customer 3]
   |     - Drone den:          73.4 phut
   |     - Xe den:             70.7 phut
   |     - Bat dau resupply:   73.4 phut
   |     - Ket thuc:           81.4 phut
   |   [Customer 9]
   |     - Drone den:          88.0 phut
   |     - Xe den:             83.2 phut
   |     - Bat dau resupply:   88.0 phut
   |     - Ket thuc:           96.0 phut
   |   - Drone ve depot:       105.9 phut
   +-----------------------------------------------------

   +-- Resupply Trip #4 ----------------------------------
   | Drone: Drone 0 | Xe: Xe 1
   | So khach hang: 2 customers
   | Customers: Node 2, Node 8
   | Total flight time: 29.7 phut
   | Timeline:
   |   - Drone roi depot:       90.2 phut
   |   [Customer 2]
   |     - Drone den:          99.9 phut
   |     - Xe den:             89.2 phut
   |     - Bat dau resupply:   99.9 phut
   |     - Ket thuc:          107.9 phut
   |   [Customer 8]
   |     - Drone den:         115.3 phut
   |     - Xe den:             89.4 phut
   |     - Bat dau resupply:  115.3 phut
   |     - Ket thuc:          123.3 phut
   |   - Drone ve depot:       125.9 phut
   +-----------------------------------------------------

   +-- Resupply Trip #5 ----------------------------------
   | Drone: Drone 1 | Xe: Xe 0
   | So khach hang: 1 customers
   | Customers: Node 4
   | Total flight time: 17.8 phut
   | Timeline:
   |   - Drone roi depot:      110.9 phut
   |   [Customer 4]
   |     - Drone den:         115.9 phut
   |     - Xe den:            118.6 phut
   |     - Bat dau resupply:  118.6 phut
   |     - Ket thuc:          126.6 phut
   |   - Drone ve depot:       131.6 phut
   +-----------------------------------------------------

 THOI GIAN HOAN THANH CAC DRONE:
   Drone 0: 125.91 phut
   Drone 1: 131.63 phut

=============================================================

=========================================
SUMMARY:
  Cost before Local Search: 137.04 minutes
  Cost after Local Search: 137.04 minutes
  Total Penalty: 0.00
  Feasible: YES
  Resupply Events: 5
=========================================
