
+========================================================+
|     PDP SOLVER - GA + TABU SEARCH                  |
+========================================================+

Reading instance: U_10_0.5_Num_8_pd.txt
Reading: U_10_0.5_Num_8_pd.txt
Truck (Manhattan) and Drone (Euclidean) distance matrices built.
Loaded 11 nodes, 10 customers.

Instance details:
  Customers: 10
  Trucks: 2
  Drones: 2
  Drone endurance: 90 minutes

=========================================
  GENETIC ALGORITHM + TABU SEARCH (PDP)
=========================================
Population size: 50
Max generations: 50
Base mutation rate: 0.1 (adaptive)
Tabu threshold: 10% of max gen without improvement
Adaptive operators: ENABLED

[1] Initializing population...
PDP Population distribution (NO SEPARATOR):
   Random: 5
   Greedy Time: 15
   Sweep: 15
   Nearest Neighbor: 15
Generated 50 PDP individuals (sequence only, no separators)
Initial best cost: 203.68 (penalty: 0.00)
Gen 0: New best = 192.96 (penalty: 0.00, mut_rate: 0.100)
Gen 2: New best = 179.41 (penalty: 0.00, mut_rate: 0.100)

[TABU] No improvement for 2 generations. Applying Tabu Search...
  Tabu iter 50: best=171.685 current=171.685
[TABU] After Tabu Search: 171.68 (penalty: 0.00)

[TABU] No improvement for 2 generations. Applying Tabu Search...
[TABU] After Tabu Search: 171.68 (penalty: 0.00)

[TABU] No improvement for 2 generations. Applying Tabu Search...
  Tabu iter 50: best=166.37 current=166.37
[TABU] After Tabu Search: 166.37 (penalty: 0.00)
[ADAPT] Gen 10 - Crossover rates: 0.37 0.29 0.10 0.44 , Mutation rate: 0.120

[TABU] No improvement for 2 generations. Applying Tabu Search...
  Tabu iter 50: best=164.662 current=164.662
[TABU] After Tabu Search: 164.66 (penalty: 0.00)

[TABU] No improvement for 2 generations. Applying Tabu Search...
[TABU] After Tabu Search: 164.66 (penalty: 0.00)

[TABU] No improvement for 2 generations. Applying Tabu Search...
[TABU] After Tabu Search: 164.66 (penalty: 0.00)

[TABU] No improvement for 2 generations. Applying Tabu Search...
[TABU] After Tabu Search: 164.66 (penalty: 0.00)

[TABU] No improvement for 2 generations. Applying Tabu Search...
[TABU] After Tabu Search: 164.66 (penalty: 0.00)
[ADAPT] Gen 20 - Crossover rates: 0.36 0.31 0.10 0.43 , Mutation rate: 0.173

[TABU] No improvement for 2 generations. Applying Tabu Search...
[TABU] After Tabu Search: 164.66 (penalty: 0.00)

[TABU] No improvement for 2 generations. Applying Tabu Search...
[TABU] After Tabu Search: 164.66 (penalty: 0.00)

[TABU] No improvement for 2 generations. Applying Tabu Search...
[TABU] After Tabu Search: 164.66 (penalty: 0.00)

[TABU] No improvement for 2 generations. Applying Tabu Search...
[TABU] After Tabu Search: 164.66 (penalty: 0.00)

[TABU] No improvement for 2 generations. Applying Tabu Search...
[TABU] After Tabu Search: 164.66 (penalty: 0.00)
[ADAPT] Gen 30 - Crossover rates: 0.37 0.30 0.10 0.43 , Mutation rate: 0.249

[TABU] No improvement for 2 generations. Applying Tabu Search...
[TABU] After Tabu Search: 164.66 (penalty: 0.00)

[TABU] No improvement for 2 generations. Applying Tabu Search...
[TABU] After Tabu Search: 164.66 (penalty: 0.00)

[TABU] No improvement for 2 generations. Applying Tabu Search...
[TABU] After Tabu Search: 164.66 (penalty: 0.00)

[TABU] No improvement for 2 generations. Applying Tabu Search...
[TABU] After Tabu Search: 164.66 (penalty: 0.00)

[TABU] No improvement for 2 generations. Applying Tabu Search...
[TABU] After Tabu Search: 164.66 (penalty: 0.00)
[ADAPT] Gen 40 - Crossover rates: 0.37 0.30 0.10 0.43 , Mutation rate: 0.358

[TABU] No improvement for 2 generations. Applying Tabu Search...
[TABU] After Tabu Search: 164.66 (penalty: 0.00)

[TABU] No improvement for 2 generations. Applying Tabu Search...
[TABU] After Tabu Search: 164.66 (penalty: 0.00)

[TABU] No improvement for 2 generations. Applying Tabu Search...
[TABU] After Tabu Search: 164.66 (penalty: 0.00)

[TABU] No improvement for 2 generations. Applying Tabu Search...
[TABU] After Tabu Search: 164.66 (penalty: 0.00)

[TABU] No improvement for 2 generations. Applying Tabu Search...
[TABU] After Tabu Search: 164.66 (penalty: 0.00)

=========================================
  GA + TABU COMPLETED
=========================================
Final best cost: 164.66 (penalty: 0.00)

[ADAPTIVE STATS]
Final mutation rate: 0.430
Crossover success rates: [0]:0.01 [1]:0.01 [2]:0.00 [3]:0.01 
Mutation success rates: [0]:0.03 [1]:0.05 [2]:0.03 [3]:0.05 [4]:0.00 

+========================================================+
|     INTEGRATED LOCAL SEARCH (Truck + Drone)         |
+========================================================+

[ADAPTIVE LS] Starting Adaptive Local Search with 11 operators...
[ADAPTIVE LS] Initial C_max: 164.66 minutes
[ADAPTIVE LS] Truck routes: 2
[ADAPTIVE LS] Drone trips: 3
[ADAPTIVE LS] Perturbation #1 (diversification)
[ADAPTIVE LS] Perturbation #2 (diversification)

[ADAPTIVE LS] ====== FINAL RESULTS ======
[ADAPTIVE LS] Completed after 50 iterations
[ADAPTIVE LS] Final C_max: 164.66 minutes
[ADAPTIVE LS] Improvements: Truck=0, Drone=0
[ADAPTIVE LS] Perturbations used: 2
[ADAPTIVE LS] No improvement found (solution may be near optimal)

[ADAPTIVE] Operator Performance Statistics:
-------------------------------------------------------------
              Operator  Attempts   Success     Rate(%)    AvgImprv    Weight
-------------------------------------------------------------
            Truck-2Opt        50        13       26.0%      242.19      5.00
            Truck-Swap        50         2        4.0%        1.08      0.71
        Truck-Relocate        50        25       50.0%      173.79      5.00
   Truck-CrossExchange        50         0        0.0%        0.00      0.50
         Drone-Reorder        50         0        0.0%        0.00      0.50
            Drone-Swap        50         0        0.0%        0.00      0.50
            Drone-Move        50         0        0.0%        0.00      0.50
           Drone-Merge        50         0        0.0%        0.00      0.50
           Drone-Split        50         0        0.0%        0.00      0.50
        Drone-Reassign        50        25       50.0%      110.22      5.00
  Drone-InsertIntoTrip        50         0        0.0%        0.00      0.50
-------------------------------------------------------------

+========================================================+
|               FINAL SOLUTION                       |
+========================================================+

+=============================================================+
|              SOLUTION DETAILS (Thoi gian thuc te)          |
+=============================================================+

 TONG QUAN:
   Total Cost (C_max): 164.66 phut
   Feasible: YES

CHI TIET CAC XE TAI:

   +-- Xe 0 --------------------------------------
   | Hoan thanh: 164.66 phut
   | Route: 0(D) -> 1(P) -> 7(DL) -> 4(D) -> 0(D) -> 8(D) -> 9(D) -> 5(D) -> 0(D)
   | Timeline:
   |    0. Node  0 ( D): Den=   0.0' Roi=   0.0'
   |    1. Node  1 ( P): Den=  17.8' Roi=  20.8'
   |    2. Node  7 (DL): Den=  51.5' Roi=  54.5'
   |    3. Node  4 ( D): Den=  72.3' Roi=  80.3'
   |    4. Node  0 ( D): Den=  99.6' Roi= 104.6'
   |    5. Node  8 ( D): Den= 121.1' Roi= 124.1'
   |    6. Node  9 ( D): Den= 130.5' Roi= 138.5'
   |    7. Node  5 ( D): Den= 140.2' Roi= 151.3'
   |    8. Node  0 ( D): Den= 164.7' Roi= 164.7'
   +-----------------------------------------------------

   +-- Xe 1 --------------------------------------
   | Hoan thanh: 158.46 phut
   | Route: 0(D) -> 10(D) -> 0(D) -> 2(D) -> 3(D) -> 6(D) -> 0(D)
   | Timeline:
   |    0. Node  0 ( D): Den=   0.0' Roi=   0.0'
   |    1. Node 10 ( D): Den=  53.3' Roi=  56.3'
   |    2. Node  0 ( D): Den=  75.5' Roi=  80.5'
   |    3. Node  2 ( D): Den= 101.9' Roi= 104.9'
   |    4. Node  3 ( D): Den= 129.4' Roi= 137.4'
   |    5. Node  6 ( D): Den= 128.2' Roi= 153.3'
   |    6. Node  0 ( D): Den= 158.5' Roi= 158.5'
   +-----------------------------------------------------

CHI TIET DRONE RESUPPLY (WITH CONSOLIDATION):

   +-- Resupply Trip #1 ----------------------------------
   | Drone: Drone 0 | Xe: Xe 0
   | So khach hang: 1 customers
   | Customers: Node 4
   | Total flight time: 27.2 phut
   | Timeline:
   |   - Drone roi depot:       57.0 phut
   |   [Customer 4]
   |     - Drone den:          64.0 phut
   |     - Xe den:             72.3 phut
   |     - Bat dau resupply:   72.3 phut
   |     - Ket thuc:           80.3 phut
   |   - Drone ve depot:        87.2 phut
   +-----------------------------------------------------

   +-- Resupply Trip #2 ----------------------------------
   | Drone: Drone 0 | Xe: Xe 1
   | So khach hang: 2 customers
   | Customers: Node 3, Node 6
   | Total flight time: 57.0 phut
   | Timeline:
   |   - Drone roi depot:       92.2 phut
   |   [Customer 3]
   |     - Drone den:         102.0 phut
   |     - Xe den:            129.4 phut
   |     - Bat dau resupply:  129.4 phut
   |     - Ket thuc:          137.4 phut
   |   [Customer 6]
   |     - Drone den:         145.3 phut
   |     - Xe den:            128.2 phut
   |     - Bat dau resupply:  145.3 phut
   |     - Ket thuc:          153.3 phut
   |   - Drone ve depot:       155.2 phut
   +-----------------------------------------------------

   +-- Resupply Trip #3 ----------------------------------
   | Drone: Drone 1 | Xe: Xe 0
   | So khach hang: 2 customers
   | Customers: Node 9, Node 5
   | Total flight time: 89.0 phut
   | Timeline:
   |   - Drone roi depot:       61.0 phut
   |   [Customer 9]
   |     - Drone den:          68.5 phut
   |     - Xe den:            130.5 phut
   |     - Bat dau resupply:  130.5 phut
   |     - Ket thuc:          138.5 phut
   |   [Customer 5]
   |     - Drone den:         143.3 phut
   |     - Xe den:            140.2 phut
   |     - Bat dau resupply:  143.3 phut
   |     - Ket thuc:          151.3 phut
   |   - Drone ve depot:       156.0 phut
   +-----------------------------------------------------

 THOI GIAN HOAN THANH CAC DRONE:
   Drone 0: 155.24 phut
   Drone 1: 156.00 phut

=============================================================

=========================================
SUMMARY:
  Cost before Local Search: 164.66 minutes
  Cost after Local Search: 164.66 minutes
  Total Penalty: 0.00
  Feasible: YES
  Resupply Events: 3
=========================================
