
+========================================================+
|     PDP SOLVER - GA + TABU SEARCH                  |
+========================================================+

Reading instance: U_10_2.0_Num_10_pd.txt
Reading: U_10_2.0_Num_10_pd.txt
Truck (Manhattan) and Drone (Euclidean) distance matrices built.
Loaded 11 nodes, 10 customers.

Instance details:
  Customers: 10
  Trucks: 2
  Drones: 2
  Drone endurance: 90 minutes

=========================================
  GENETIC ALGORITHM + TABU SEARCH (PDP)
=========================================
Population size: 50
Max generations: 50
Base mutation rate: 0.1 (adaptive)
Tabu threshold: 10% of max gen without improvement
Adaptive operators: ENABLED

[1] Initializing population...
PDP Population distribution (NO SEPARATOR):
   Random: 5
   Greedy Time: 15
   Sweep: 15
   Nearest Neighbor: 15
Generated 50 PDP individuals (sequence only, no separators)
Initial best cost: 401.76 (penalty: 0.00)

[TABU] No improvement for 2 generations. Applying Tabu Search...
  Tabu iter 50: best=395.54 current=395.54
[TABU] After Tabu Search: 395.54 (penalty: 0.00)

[TABU] No improvement for 2 generations. Applying Tabu Search...
[TABU] After Tabu Search: 395.54 (penalty: 0.00)

[TABU] No improvement for 2 generations. Applying Tabu Search...
[TABU] After Tabu Search: 395.54 (penalty: 0.00)

[TABU] No improvement for 2 generations. Applying Tabu Search...
[TABU] After Tabu Search: 395.54 (penalty: 0.00)

[TABU] No improvement for 2 generations. Applying Tabu Search...
[TABU] After Tabu Search: 395.54 (penalty: 0.00)
[ADAPT] Gen 10 - Crossover rates: 0.38 0.30 0.10 0.41 , Mutation rate: 0.144

[TABU] No improvement for 2 generations. Applying Tabu Search...
[TABU] After Tabu Search: 395.54 (penalty: 0.00)

[TABU] No improvement for 2 generations. Applying Tabu Search...
[TABU] After Tabu Search: 395.54 (penalty: 0.00)

[TABU] No improvement for 2 generations. Applying Tabu Search...
[TABU] After Tabu Search: 395.54 (penalty: 0.00)

[TABU] No improvement for 2 generations. Applying Tabu Search...
[TABU] After Tabu Search: 395.54 (penalty: 0.00)

[TABU] No improvement for 2 generations. Applying Tabu Search...
[TABU] After Tabu Search: 395.54 (penalty: 0.00)
[ADAPT] Gen 20 - Crossover rates: 0.36 0.31 0.10 0.42 , Mutation rate: 0.207

[TABU] No improvement for 2 generations. Applying Tabu Search...
[TABU] After Tabu Search: 395.54 (penalty: 0.00)

[TABU] No improvement for 2 generations. Applying Tabu Search...
[TABU] After Tabu Search: 395.54 (penalty: 0.00)

[TABU] No improvement for 2 generations. Applying Tabu Search...
[TABU] After Tabu Search: 395.54 (penalty: 0.00)

[TABU] No improvement for 2 generations. Applying Tabu Search...
[TABU] After Tabu Search: 395.54 (penalty: 0.00)

[TABU] No improvement for 2 generations. Applying Tabu Search...
[TABU] After Tabu Search: 395.54 (penalty: 0.00)
[ADAPT] Gen 30 - Crossover rates: 0.37 0.31 0.10 0.42 , Mutation rate: 0.299

[TABU] No improvement for 2 generations. Applying Tabu Search...
[TABU] After Tabu Search: 395.54 (penalty: 0.00)

[TABU] No improvement for 2 generations. Applying Tabu Search...
[TABU] After Tabu Search: 395.54 (penalty: 0.00)

[TABU] No improvement for 2 generations. Applying Tabu Search...
[TABU] After Tabu Search: 395.54 (penalty: 0.00)

[TABU] No improvement for 2 generations. Applying Tabu Search...
[TABU] After Tabu Search: 395.54 (penalty: 0.00)

[TABU] No improvement for 2 generations. Applying Tabu Search...
[TABU] After Tabu Search: 395.54 (penalty: 0.00)
[ADAPT] Gen 40 - Crossover rates: 0.36 0.32 0.10 0.42 , Mutation rate: 0.430

[TABU] No improvement for 2 generations. Applying Tabu Search...
[TABU] After Tabu Search: 395.54 (penalty: 0.00)

[TABU] No improvement for 2 generations. Applying Tabu Search...
[TABU] After Tabu Search: 395.54 (penalty: 0.00)

[TABU] No improvement for 2 generations. Applying Tabu Search...
[TABU] After Tabu Search: 395.54 (penalty: 0.00)

[TABU] No improvement for 2 generations. Applying Tabu Search...
[TABU] After Tabu Search: 395.54 (penalty: 0.00)

[TABU] No improvement for 2 generations. Applying Tabu Search...
[TABU] After Tabu Search: 395.54 (penalty: 0.00)

=========================================
  GA + TABU COMPLETED
=========================================
Final best cost: 395.54 (penalty: 0.00)

[ADAPTIVE STATS]
Final mutation rate: 0.500
Crossover success rates: [0]:0.00 [1]:0.00 [2]:0.00 [3]:0.00 
Mutation success rates: [0]:0.05 [1]:0.03 [2]:0.02 [3]:0.05 [4]:0.00 

+========================================================+
|     INTEGRATED LOCAL SEARCH (Truck + Drone)         |
+========================================================+

[ADAPTIVE LS] Starting Adaptive Local Search with 11 operators...
[ADAPTIVE LS] Initial C_max: 395.54 minutes
[ADAPTIVE LS] Truck routes: 2
[ADAPTIVE LS] Drone trips: 1
[ADAPTIVE LS] Perturbation #1 (diversification)
[ADAPTIVE LS] Perturbation #2 (diversification)

[ADAPTIVE LS] ====== FINAL RESULTS ======
[ADAPTIVE LS] Completed after 50 iterations
[ADAPTIVE LS] Final C_max: 395.54 minutes
[ADAPTIVE LS] Improvements: Truck=0, Drone=0
[ADAPTIVE LS] Perturbations used: 2
[ADAPTIVE LS] No improvement found (solution may be near optimal)

[ADAPTIVE] Operator Performance Statistics:
-------------------------------------------------------------
              Operator  Attempts   Success     Rate(%)    AvgImprv    Weight
-------------------------------------------------------------
            Truck-2Opt        50         0        0.0%        0.00      0.50
            Truck-Swap        50         0        0.0%        0.00      0.50
        Truck-Relocate        50         0        0.0%        0.00      0.50
   Truck-CrossExchange        50         0        0.0%        0.00      0.50
         Drone-Reorder        50         0        0.0%        0.00      0.50
            Drone-Swap        50         0        0.0%        0.00      0.50
            Drone-Move        50         0        0.0%        0.00      0.50
           Drone-Merge        50         0        0.0%        0.00      0.50
           Drone-Split        50         0        0.0%        0.00      0.50
        Drone-Reassign        50         0        0.0%        0.00      0.50
  Drone-InsertIntoTrip        50         0        0.0%        0.00      0.50
-------------------------------------------------------------

+========================================================+
|               FINAL SOLUTION                       |
+========================================================+

+=============================================================+
|              SOLUTION DETAILS (Thoi gian thuc te)          |
+=============================================================+

 TONG QUAN:
   Total Cost (C_max): 395.54 phut
   Feasible: YES

CHI TIET CAC XE TAI:

   +-- Xe 0 --------------------------------------
   | Hoan thanh: 395.54 phut
   | Route: 0(D) -> 3(P) -> 5(DL) -> 0(D) -> 8(D) -> 0(D) -> 9(D) -> 6(D) -> 0(D)
   | Timeline:
   |    0. Node  0 ( D): Den=   0.0' Roi=   0.0'
   |    1. Node  3 ( P): Den=  35.0' Roi=  38.0'
   |    2. Node  5 (DL): Den=  92.8' Roi=  95.8'
   |    3. Node  0 ( D): Den= 115.6' Roi= 120.6'
   |    4. Node  8 ( D): Den= 254.3' Roi= 257.3'
   |    5. Node  0 ( D): Den= 276.6' Roi= 281.6'
   |    6. Node  9 ( D): Den= 312.9' Roi= 315.9'
   |    7. Node  6 ( D): Den= 356.0' Roi= 369.7'
   |    8. Node  0 ( D): Den= 395.5' Roi= 395.5'
   +-----------------------------------------------------

   +-- Xe 1 --------------------------------------
   | Hoan thanh: 391.16 phut
   | Route: 0(D) -> 10(D) -> 0(D) -> 2(D) -> 0(D) -> 4(D) -> 0(D) -> 7(D) -> 0(D) -> 1(D) -> 0(D)
   | Timeline:
   |    0. Node  0 ( D): Den=   0.0' Roi=   0.0'
   |    1. Node 10 ( D): Den= 102.9' Roi= 105.9'
   |    2. Node  0 ( D): Den= 117.9' Roi= 122.9'
   |    3. Node  2 ( D): Den= 244.9' Roi= 247.9'
   |    4. Node  0 ( D): Den= 267.8' Roi= 272.8'
   |    5. Node  4 ( D): Den= 279.5' Roi= 282.5'
   |    6. Node  0 ( D): Den= 289.3' Roi= 294.3'
   |    7. Node  7 ( D): Den= 317.0' Roi= 320.0'
   |    8. Node  0 ( D): Den= 342.6' Roi= 347.6'
   |    9. Node  1 ( D): Den= 367.9' Roi= 370.9'
   |   10. Node  0 ( D): Den= 391.2' Roi= 391.2'
   +-----------------------------------------------------

CHI TIET DRONE RESUPPLY (WITH CONSOLIDATION):

   +-- Resupply Trip #1 ----------------------------------
   | Drone: Drone 0 | Xe: Xe 0
   | So khach hang: 1 customers
   | Customers: Node 6
   | Total flight time: 24.3 phut
   | Timeline:
   |   - Drone roi depot:      352.0 phut
   |   [Customer 6]
   |     - Drone den:         361.7 phut
   |     - Xe den:            356.0 phut
   |     - Bat dau resupply:  361.7 phut
   |     - Ket thuc:          369.7 phut
   |   - Drone ve depot:       379.3 phut
   +-----------------------------------------------------

 THOI GIAN HOAN THANH CAC DRONE:
   Drone 0: 379.33 phut
   Drone 1: 0.00 phut

=============================================================

=========================================
SUMMARY:
  Cost before Local Search: 395.54 minutes
  Cost after Local Search: 395.54 minutes
  Total Penalty: 0.00
  Feasible: YES
  Resupply Events: 1
=========================================
