
+========================================================+
|     PDP SOLVER - GA + TABU SEARCH                  |
+========================================================+

Reading instance: U_10_1.0_Num_7_pd.txt
Reading: U_10_1.0_Num_7_pd.txt
Truck (Manhattan) and Drone (Euclidean) distance matrices built.
Loaded 11 nodes, 10 customers.

Instance details:
  Customers: 10
  Trucks: 2
  Drones: 2
  Drone endurance: 90 minutes

=========================================
  GENETIC ALGORITHM + TABU SEARCH (PDP)
=========================================
Population size: 50
Max generations: 50
Base mutation rate: 0.1 (adaptive)
Tabu threshold: 10% of max gen without improvement
Adaptive operators: ENABLED

[1] Initializing population...
PDP Population distribution (NO SEPARATOR):
   Random: 5
   Greedy Time: 15
   Sweep: 15
   Nearest Neighbor: 15
Generated 50 PDP individuals (sequence only, no separators)
Initial best cost: 264.72 (penalty: 0.00)
Gen 0: New best = 220.88 (penalty: 0.00, mut_rate: 0.100)
Gen 2: New best = 202.52 (penalty: 0.00, mut_rate: 0.100)

[TABU] No improvement for 2 generations. Applying Tabu Search...
  Tabu iter 50: best=190.751 current=190.751
[TABU] After Tabu Search: 190.75 (penalty: 0.00)

[TABU] No improvement for 2 generations. Applying Tabu Search...
[TABU] After Tabu Search: 190.75 (penalty: 0.00)

[TABU] No improvement for 2 generations. Applying Tabu Search...
[TABU] After Tabu Search: 190.75 (penalty: 0.00)
[ADAPT] Gen 10 - Crossover rates: 0.31 0.48 0.10 0.31 , Mutation rate: 0.120

[TABU] No improvement for 2 generations. Applying Tabu Search...
[TABU] After Tabu Search: 190.75 (penalty: 0.00)

[TABU] No improvement for 2 generations. Applying Tabu Search...
[TABU] After Tabu Search: 190.75 (penalty: 0.00)

[TABU] No improvement for 2 generations. Applying Tabu Search...
[TABU] After Tabu Search: 190.75 (penalty: 0.00)

[TABU] No improvement for 2 generations. Applying Tabu Search...
[TABU] After Tabu Search: 190.75 (penalty: 0.00)

[TABU] No improvement for 2 generations. Applying Tabu Search...
[TABU] After Tabu Search: 190.75 (penalty: 0.00)
[ADAPT] Gen 20 - Crossover rates: 0.31 0.45 0.10 0.33 , Mutation rate: 0.173

[TABU] No improvement for 2 generations. Applying Tabu Search...
[TABU] After Tabu Search: 190.75 (penalty: 0.00)

[TABU] No improvement for 2 generations. Applying Tabu Search...
[TABU] After Tabu Search: 190.75 (penalty: 0.00)

[TABU] No improvement for 2 generations. Applying Tabu Search...
[TABU] After Tabu Search: 190.75 (penalty: 0.00)

[TABU] No improvement for 2 generations. Applying Tabu Search...
[TABU] After Tabu Search: 190.75 (penalty: 0.00)

[TABU] No improvement for 2 generations. Applying Tabu Search...
[TABU] After Tabu Search: 190.75 (penalty: 0.00)
[ADAPT] Gen 30 - Crossover rates: 0.31 0.46 0.10 0.33 , Mutation rate: 0.249

[TABU] No improvement for 2 generations. Applying Tabu Search...
[TABU] After Tabu Search: 190.75 (penalty: 0.00)

[TABU] No improvement for 2 generations. Applying Tabu Search...
[TABU] After Tabu Search: 190.75 (penalty: 0.00)

[TABU] No improvement for 2 generations. Applying Tabu Search...
[TABU] After Tabu Search: 190.75 (penalty: 0.00)

[TABU] No improvement for 2 generations. Applying Tabu Search...
[TABU] After Tabu Search: 190.75 (penalty: 0.00)

[TABU] No improvement for 2 generations. Applying Tabu Search...
[TABU] After Tabu Search: 190.75 (penalty: 0.00)
[ADAPT] Gen 40 - Crossover rates: 0.32 0.45 0.10 0.33 , Mutation rate: 0.358

[TABU] No improvement for 2 generations. Applying Tabu Search...
[TABU] After Tabu Search: 190.75 (penalty: 0.00)

[TABU] No improvement for 2 generations. Applying Tabu Search...
[TABU] After Tabu Search: 190.75 (penalty: 0.00)

[TABU] No improvement for 2 generations. Applying Tabu Search...
[TABU] After Tabu Search: 190.75 (penalty: 0.00)

[TABU] No improvement for 2 generations. Applying Tabu Search...
[TABU] After Tabu Search: 190.75 (penalty: 0.00)

[TABU] No improvement for 2 generations. Applying Tabu Search...
[TABU] After Tabu Search: 190.75 (penalty: 0.00)

=========================================
  GA + TABU COMPLETED
=========================================
Final best cost: 190.75 (penalty: 0.00)

[ADAPTIVE STATS]
Final mutation rate: 0.430
Crossover success rates: [0]:0.00 [1]:0.01 [2]:0.00 [3]:0.00 
Mutation success rates: [0]:0.01 [1]:0.00 [2]:0.00 [3]:0.01 [4]:0.03 

+========================================================+
|     INTEGRATED LOCAL SEARCH (Truck + Drone)         |
+========================================================+

[ADAPTIVE LS] Starting Adaptive Local Search with 11 operators...
[ADAPTIVE LS] Initial C_max: 190.75 minutes
[ADAPTIVE LS] Truck routes: 2
[ADAPTIVE LS] Drone trips: 4
[ADAPTIVE LS] Perturbation #1 (diversification)
[ADAPTIVE LS] Perturbation #2 (diversification)

[ADAPTIVE LS] ====== FINAL RESULTS ======
[ADAPTIVE LS] Completed after 50 iterations
[ADAPTIVE LS] Final C_max: 190.75 minutes
[ADAPTIVE LS] Improvements: Truck=0, Drone=0
[ADAPTIVE LS] Perturbations used: 2
[ADAPTIVE LS] No improvement found (solution may be near optimal)

[ADAPTIVE] Operator Performance Statistics:
-------------------------------------------------------------
              Operator  Attempts   Success     Rate(%)    AvgImprv    Weight
-------------------------------------------------------------
            Truck-2Opt        50        10       20.0%        8.67      1.82
            Truck-Swap        50         9       18.0%        8.67      1.57
        Truck-Relocate        50         6       12.0%        8.67      1.47
   Truck-CrossExchange        50         0        0.0%        0.00      0.50
         Drone-Reorder        50         0        0.0%        0.00      0.50
            Drone-Swap        50         6       12.0%        5.61      1.31
            Drone-Move        50        12       24.0%       28.87      3.89
           Drone-Merge        50         0        0.0%        0.00      0.50
           Drone-Split        50        25       50.0%       36.91      4.54
        Drone-Reassign        50         1        2.0%       48.47      0.50
  Drone-InsertIntoTrip        50         0        0.0%        0.00      0.50
-------------------------------------------------------------

+========================================================+
|               FINAL SOLUTION                       |
+========================================================+

+=============================================================+
|              SOLUTION DETAILS (Thoi gian thuc te)          |
+=============================================================+

 TONG QUAN:
   Total Cost (C_max): 190.75 phut
   Feasible: YES

CHI TIET CAC XE TAI:

   +-- Xe 0 --------------------------------------
   | Hoan thanh: 190.75 phut
   | Route: 0(D) -> 7(P) -> 2(DL) -> 0(D) -> 5(D) -> 3(D) -> 9(D) -> 10(D) -> 0(D)
   | Timeline:
   |    0. Node  0 ( D): Den=   0.0' Roi=   0.0'
   |    1. Node  7 ( P): Den=  17.9' Roi=  20.9'
   |    2. Node  2 (DL): Den=  44.3' Roi=  47.3'
   |    3. Node  0 ( D): Den=  62.0' Roi=  67.0'
   |    4. Node  5 ( D): Den=  74.6' Roi=  77.6'
   |    5. Node  3 ( D): Den=  90.3' Roi=  98.3'
   |    6. Node  9 ( D): Den= 106.5' Roi= 118.2'
   |    7. Node 10 ( D): Den= 144.9' Roi= 152.9'
   |    8. Node  0 ( D): Den= 190.8' Roi= 190.8'
   +-----------------------------------------------------

   +-- Xe 1 --------------------------------------
   | Hoan thanh: 188.29 phut
   | Route: 0(D) -> 6(D) -> 0(D) -> 8(D) -> 1(D) -> 4(D) -> 0(D)
   | Timeline:
   |    0. Node  0 ( D): Den=   0.0' Roi=   0.0'
   |    1. Node  6 ( D): Den=  32.1' Roi=  35.1'
   |    2. Node  0 ( D): Den=  55.1' Roi=  60.1'
   |    3. Node  8 ( D): Den= 135.9' Roi= 138.9'
   |    4. Node  1 ( D): Den= 147.4' Roi= 155.4'
   |    5. Node  4 ( D): Den= 158.3' Roi= 169.8'
   |    6. Node  0 ( D): Den= 188.3' Roi= 188.3'
   +-----------------------------------------------------

CHI TIET DRONE RESUPPLY (WITH CONSOLIDATION):

   +-- Resupply Trip #1 ----------------------------------
   | Drone: Drone 0 | Xe: Xe 0
   | So khach hang: 1 customers
   | Customers: Node 3
   | Total flight time: 89.9 phut
   | Timeline:
   |   - Drone roi depot:       11.0 phut
   |   [Customer 3]
   |     - Drone den:          16.7 phut
   |     - Xe den:             90.3 phut
   |     - Bat dau resupply:   90.3 phut
   |     - Ket thuc:           98.3 phut
   |   - Drone ve depot:       103.9 phut
   +-----------------------------------------------------

   +-- Resupply Trip #2 ----------------------------------
   | Drone: Drone 1 | Xe: Xe 0
   | So khach hang: 1 customers
   | Customers: Node 9
   | Total flight time: 23.4 phut
   | Timeline:
   |   - Drone roi depot:      101.0 phut
   |   [Customer 9]
   |     - Drone den:         110.2 phut
   |     - Xe den:            106.5 phut
   |     - Bat dau resupply:  110.2 phut
   |     - Ket thuc:          118.2 phut
   |   - Drone ve depot:       127.4 phut
   +-----------------------------------------------------

   +-- Resupply Trip #3 ----------------------------------
   | Drone: Drone 0 | Xe: Xe 0
   | So khach hang: 1 customers
   | Customers: Node 10
   | Total flight time: 53.3 phut
   | Timeline:
   |   - Drone roi depot:      110.0 phut
   |   [Customer 10]
   |     - Drone den:         123.4 phut
   |     - Xe den:            144.9 phut
   |     - Bat dau resupply:  144.9 phut
   |     - Ket thuc:          152.9 phut
   |   - Drone ve depot:       166.3 phut
   +-----------------------------------------------------

   +-- Resupply Trip #4 ----------------------------------
   | Drone: Drone 1 | Xe: Xe 1
   | So khach hang: 2 customers
   | Customers: Node 1, Node 4
   | Total flight time: 38.2 phut
   | Timeline:
   |   - Drone roi depot:      132.4 phut
   |   [Customer 1]
   |     - Drone den:         143.6 phut
   |     - Xe den:            147.4 phut
   |     - Bat dau resupply:  147.4 phut
   |     - Ket thuc:          155.4 phut
   |   [Customer 4]
   |     - Drone den:         161.8 phut
   |     - Xe den:            158.3 phut
   |     - Bat dau resupply:  161.8 phut
   |     - Ket thuc:          169.8 phut
   |   - Drone ve depot:       176.6 phut
   +-----------------------------------------------------

 THOI GIAN HOAN THANH CAC DRONE:
   Drone 0: 166.25 phut
   Drone 1: 176.55 phut

=============================================================

=========================================
SUMMARY:
  Cost before Local Search: 190.75 minutes
  Cost after Local Search: 190.75 minutes
  Total Penalty: 0.00
  Feasible: YES
  Resupply Events: 4
=========================================
