
+========================================================+
|     PDP SOLVER - GA + TABU SEARCH                  |
+========================================================+

Reading instance: U_10_2.0_Num_9_pd.txt
Reading: U_10_2.0_Num_9_pd.txt
Truck (Manhattan) and Drone (Euclidean) distance matrices built.
Loaded 11 nodes, 10 customers.

Instance details:
  Customers: 10
  Trucks: 2
  Drones: 2
  Drone endurance: 90 minutes

=========================================
  GENETIC ALGORITHM + TABU SEARCH (PDP)
=========================================
Population size: 50
Max generations: 50
Base mutation rate: 0.1 (adaptive)
Tabu threshold: 10% of max gen without improvement
Adaptive operators: ENABLED

[1] Initializing population...
PDP Population distribution (NO SEPARATOR):
   Random: 5
   Greedy Time: 15
   Sweep: 15
   Nearest Neighbor: 15
Generated 50 PDP individuals (sequence only, no separators)
Initial best cost: 366.48 (penalty: 0.00)

[TABU] No improvement for 2 generations. Applying Tabu Search...
[TABU] After Tabu Search: 366.48 (penalty: 0.00)

[TABU] No improvement for 2 generations. Applying Tabu Search...
  Tabu iter 50: best=356.36 current=356.36
[TABU] After Tabu Search: 356.36 (penalty: 0.00)

[TABU] No improvement for 2 generations. Applying Tabu Search...
[TABU] After Tabu Search: 356.36 (penalty: 0.00)

[TABU] No improvement for 2 generations. Applying Tabu Search...
[TABU] After Tabu Search: 356.36 (penalty: 0.00)

[TABU] No improvement for 2 generations. Applying Tabu Search...
[TABU] After Tabu Search: 356.36 (penalty: 0.00)
[ADAPT] Gen 10 - Crossover rates: 0.47 0.10 0.10 0.53 , Mutation rate: 0.144

[TABU] No improvement for 2 generations. Applying Tabu Search...
[TABU] After Tabu Search: 356.36 (penalty: 0.00)

[TABU] No improvement for 2 generations. Applying Tabu Search...
[TABU] After Tabu Search: 356.36 (penalty: 0.00)

[TABU] No improvement for 2 generations. Applying Tabu Search...
[TABU] After Tabu Search: 356.36 (penalty: 0.00)

[TABU] No improvement for 2 generations. Applying Tabu Search...
[TABU] After Tabu Search: 356.36 (penalty: 0.00)

[TABU] No improvement for 2 generations. Applying Tabu Search...
[TABU] After Tabu Search: 356.36 (penalty: 0.00)
[ADAPT] Gen 20 - Crossover rates: 0.50 0.10 0.10 0.50 , Mutation rate: 0.207

[TABU] No improvement for 2 generations. Applying Tabu Search...
[TABU] After Tabu Search: 356.36 (penalty: 0.00)

[TABU] No improvement for 2 generations. Applying Tabu Search...
[TABU] After Tabu Search: 356.36 (penalty: 0.00)

[TABU] No improvement for 2 generations. Applying Tabu Search...
[TABU] After Tabu Search: 356.36 (penalty: 0.00)

[TABU] No improvement for 2 generations. Applying Tabu Search...
[TABU] After Tabu Search: 356.36 (penalty: 0.00)

[TABU] No improvement for 2 generations. Applying Tabu Search...
[TABU] After Tabu Search: 356.36 (penalty: 0.00)
[ADAPT] Gen 30 - Crossover rates: 0.50 0.10 0.10 0.50 , Mutation rate: 0.299

[TABU] No improvement for 2 generations. Applying Tabu Search...
[TABU] After Tabu Search: 356.36 (penalty: 0.00)

[TABU] No improvement for 2 generations. Applying Tabu Search...
[TABU] After Tabu Search: 356.36 (penalty: 0.00)

[TABU] No improvement for 2 generations. Applying Tabu Search...
[TABU] After Tabu Search: 356.36 (penalty: 0.00)

[TABU] No improvement for 2 generations. Applying Tabu Search...
[TABU] After Tabu Search: 356.36 (penalty: 0.00)

[TABU] No improvement for 2 generations. Applying Tabu Search...
[TABU] After Tabu Search: 356.36 (penalty: 0.00)
[ADAPT] Gen 40 - Crossover rates: 0.50 0.10 0.10 0.50 , Mutation rate: 0.430

[TABU] No improvement for 2 generations. Applying Tabu Search...
[TABU] After Tabu Search: 356.36 (penalty: 0.00)

[TABU] No improvement for 2 generations. Applying Tabu Search...
[TABU] After Tabu Search: 356.36 (penalty: 0.00)

[TABU] No improvement for 2 generations. Applying Tabu Search...
[TABU] After Tabu Search: 356.36 (penalty: 0.00)

[TABU] No improvement for 2 generations. Applying Tabu Search...
[TABU] After Tabu Search: 356.36 (penalty: 0.00)

[TABU] No improvement for 2 generations. Applying Tabu Search...
[TABU] After Tabu Search: 356.36 (penalty: 0.00)

=========================================
  GA + TABU COMPLETED
=========================================
Final best cost: 356.36 (penalty: 0.00)

[ADAPTIVE STATS]
Final mutation rate: 0.500
Crossover success rates: [0]:0.00 [1]:0.00 [2]:0.00 [3]:0.00 
Mutation success rates: [0]:0.04 [1]:0.00 [2]:0.02 [3]:0.04 [4]:0.03 

+========================================================+
|     INTEGRATED LOCAL SEARCH (Truck + Drone)         |
+========================================================+

[ADAPTIVE LS] Starting Adaptive Local Search with 11 operators...
[ADAPTIVE LS] Initial C_max: 356.36 minutes
[ADAPTIVE LS] Truck routes: 2
[ADAPTIVE LS] Drone trips: 1
[ADAPTIVE LS] Perturbation #1 (diversification)
[ADAPTIVE LS] Perturbation #2 (diversification)

[ADAPTIVE LS] ====== FINAL RESULTS ======
[ADAPTIVE LS] Completed after 50 iterations
[ADAPTIVE LS] Final C_max: 356.36 minutes
[ADAPTIVE LS] Improvements: Truck=0, Drone=0
[ADAPTIVE LS] Perturbations used: 2
[ADAPTIVE LS] No improvement found (solution may be near optimal)

[ADAPTIVE] Operator Performance Statistics:
-------------------------------------------------------------
              Operator  Attempts   Success     Rate(%)    AvgImprv    Weight
-------------------------------------------------------------
            Truck-2Opt        50         0        0.0%        0.00      0.50
            Truck-Swap        50         0        0.0%        0.00      0.50
        Truck-Relocate        50         0        0.0%        0.00      0.50
   Truck-CrossExchange        50         0        0.0%        0.00      0.50
         Drone-Reorder        50         0        0.0%        0.00      0.50
            Drone-Swap        50         0        0.0%        0.00      0.50
            Drone-Move        50         0        0.0%        0.00      0.50
           Drone-Merge        50         0        0.0%        0.00      0.50
           Drone-Split        50         0        0.0%        0.00      0.50
        Drone-Reassign        50         0        0.0%        0.00      0.50
  Drone-InsertIntoTrip        50         0        0.0%        0.00      0.50
-------------------------------------------------------------

+========================================================+
|               FINAL SOLUTION                       |
+========================================================+

+=============================================================+
|              SOLUTION DETAILS (Thoi gian thuc te)          |
+=============================================================+

 TONG QUAN:
   Total Cost (C_max): 356.36 phut
   Feasible: YES

CHI TIET CAC XE TAI:

   +-- Xe 0 --------------------------------------
   | Hoan thanh: 334.24 phut
   | Route: 0(D) -> 10(D) -> 0(D) -> 8(D) -> 0(D) -> 4(D) -> 0(D) -> 3(D) -> 0(D)
   | Timeline:
   |    0. Node  0 ( D): Den=   0.0' Roi=   0.0'
   |    1. Node 10 ( D): Den= 192.2' Roi= 195.2'
   |    2. Node  0 ( D): Den= 224.4' Roi= 229.4'
   |    3. Node  8 ( D): Den= 237.6' Roi= 240.6'
   |    4. Node  0 ( D): Den= 248.7' Roi= 253.7'
   |    5. Node  4 ( D): Den= 265.3' Roi= 268.3'
   |    6. Node  0 ( D): Den= 279.9' Roi= 284.9'
   |    7. Node  3 ( D): Den= 308.1' Roi= 311.1'
   |    8. Node  0 ( D): Den= 334.2' Roi= 334.2'
   +-----------------------------------------------------

   +-- Xe 1 --------------------------------------
   | Hoan thanh: 356.36 phut
   | Route: 0(D) -> 6(D) -> 0(D) -> 1(D) -> 5(P) -> 9(DL) -> 0(D) -> 2(D) -> 7(D) -> 0(D)
   | Timeline:
   |    0. Node  0 ( D): Den=   0.0' Roi=   0.0'
   |    1. Node  6 ( D): Den=  84.9' Roi=  87.9'
   |    2. Node  0 ( D): Den=  95.8' Roi= 100.8'
   |    3. Node  1 ( D): Den= 203.8' Roi= 206.8'
   |    4. Node  5 ( P): Den= 218.0' Roi= 221.0'
   |    5. Node  9 (DL): Den= 241.9' Roi= 244.9'
   |    6. Node  0 ( D): Den= 254.4' Roi= 259.4'
   |    7. Node  2 ( D): Den= 277.7' Roi= 280.7'
   |    8. Node  7 ( D): Den= 302.7' Roi= 325.1'
   |    9. Node  0 ( D): Den= 356.4' Roi= 356.4'
   +-----------------------------------------------------

CHI TIET DRONE RESUPPLY (WITH CONSOLIDATION):

   +-- Resupply Trip #1 ----------------------------------
   | Drone: Drone 0 | Xe: Xe 1
   | So khach hang: 1 customers
   | Customers: Node 7
   | Total flight time: 27.2 phut
   | Timeline:
   |   - Drone roi depot:      306.0 phut
   |   [Customer 7]
   |     - Drone den:         317.1 phut
   |     - Xe den:            302.7 phut
   |     - Bat dau resupply:  317.1 phut
   |     - Ket thuc:          325.1 phut
   |   - Drone ve depot:       336.2 phut
   +-----------------------------------------------------

 THOI GIAN HOAN THANH CAC DRONE:
   Drone 0: 336.24 phut
   Drone 1: 0.00 phut

=============================================================

=========================================
SUMMARY:
  Cost before Local Search: 356.36 minutes
  Cost after Local Search: 356.36 minutes
  Total Penalty: 0.00
  Feasible: YES
  Resupply Events: 1
=========================================
