
+========================================================+
|     PDP SOLVER - GA + TABU SEARCH                  |
+========================================================+

Reading instance: U_10_0.5_Num_2_pd.txt
Reading: U_10_0.5_Num_2_pd.txt
Truck (Manhattan) and Drone (Euclidean) distance matrices built.
Loaded 11 nodes, 10 customers.

Instance details:
  Customers: 10
  Trucks: 2
  Drones: 2
  Drone endurance: 90 minutes

=========================================
  GENETIC ALGORITHM + TABU SEARCH (PDP)
=========================================
Population size: 50
Max generations: 50
Base mutation rate: 0.1 (adaptive)
Tabu threshold: 10% of max gen without improvement
Adaptive operators: ENABLED

[1] Initializing population...
PDP Population distribution (NO SEPARATOR):
   Random: 5
   Greedy Time: 15
   Sweep: 15
   Nearest Neighbor: 15
Generated 50 PDP individuals (sequence only, no separators)
Initial best cost: 247.20 (penalty: 0.00)
Gen 0: New best = 220.60 (penalty: 0.00, mut_rate: 0.100)
Gen 2: New best = 202.12 (penalty: 0.00, mut_rate: 0.100)

[TABU] No improvement for 2 generations. Applying Tabu Search...
  Tabu iter 50: best=176.760 current=176.760
[TABU] After Tabu Search: 176.76 (penalty: 0.00)

[TABU] No improvement for 2 generations. Applying Tabu Search...
[TABU] After Tabu Search: 176.76 (penalty: 0.00)

[TABU] No improvement for 2 generations. Applying Tabu Search...
[TABU] After Tabu Search: 176.76 (penalty: 0.00)
[ADAPT] Gen 10 - Crossover rates: 0.27 0.37 0.25 0.31 , Mutation rate: 0.120

[TABU] No improvement for 2 generations. Applying Tabu Search...
[TABU] After Tabu Search: 176.76 (penalty: 0.00)

[TABU] No improvement for 2 generations. Applying Tabu Search...
[TABU] After Tabu Search: 176.76 (penalty: 0.00)

[TABU] No improvement for 2 generations. Applying Tabu Search...
[TABU] After Tabu Search: 176.76 (penalty: 0.00)

[TABU] No improvement for 2 generations. Applying Tabu Search...
[TABU] After Tabu Search: 176.76 (penalty: 0.00)

[TABU] No improvement for 2 generations. Applying Tabu Search...
  Tabu iter 50: best=172.61 current=187.25
[TABU] After Tabu Search: 172.61 (penalty: 0.00)
[ADAPT] Gen 20 - Crossover rates: 0.28 0.36 0.25 0.31 , Mutation rate: 0.173

[TABU] No improvement for 2 generations. Applying Tabu Search...
  Tabu iter 50: best=164.314 current=164.314
[TABU] After Tabu Search: 164.31 (penalty: 0.00)

[TABU] No improvement for 2 generations. Applying Tabu Search...
[TABU] After Tabu Search: 164.31 (penalty: 0.00)

[TABU] No improvement for 2 generations. Applying Tabu Search...
[TABU] After Tabu Search: 164.31 (penalty: 0.00)

[TABU] No improvement for 2 generations. Applying Tabu Search...
[TABU] After Tabu Search: 164.31 (penalty: 0.00)

[TABU] No improvement for 2 generations. Applying Tabu Search...
[TABU] After Tabu Search: 164.31 (penalty: 0.00)
[ADAPT] Gen 30 - Crossover rates: 0.27 0.36 0.25 0.31 , Mutation rate: 0.249

[TABU] No improvement for 2 generations. Applying Tabu Search...
[TABU] After Tabu Search: 164.31 (penalty: 0.00)

[TABU] No improvement for 2 generations. Applying Tabu Search...
[TABU] After Tabu Search: 164.31 (penalty: 0.00)

[TABU] No improvement for 2 generations. Applying Tabu Search...
[TABU] After Tabu Search: 164.31 (penalty: 0.00)

[TABU] No improvement for 2 generations. Applying Tabu Search...
[TABU] After Tabu Search: 164.31 (penalty: 0.00)

[TABU] No improvement for 2 generations. Applying Tabu Search...
[TABU] After Tabu Search: 164.31 (penalty: 0.00)
[ADAPT] Gen 40 - Crossover rates: 0.28 0.36 0.25 0.31 , Mutation rate: 0.358

[TABU] No improvement for 2 generations. Applying Tabu Search...
[TABU] After Tabu Search: 164.31 (penalty: 0.00)

[TABU] No improvement for 2 generations. Applying Tabu Search...
[TABU] After Tabu Search: 164.31 (penalty: 0.00)

[TABU] No improvement for 2 generations. Applying Tabu Search...
[TABU] After Tabu Search: 164.31 (penalty: 0.00)

[TABU] No improvement for 2 generations. Applying Tabu Search...
[TABU] After Tabu Search: 164.31 (penalty: 0.00)

[TABU] No improvement for 2 generations. Applying Tabu Search...
[TABU] After Tabu Search: 164.31 (penalty: 0.00)

=========================================
  GA + TABU COMPLETED
=========================================
Final best cost: 164.31 (penalty: 0.00)

[ADAPTIVE STATS]
Final mutation rate: 0.430
Crossover success rates: [0]:0.01 [1]:0.01 [2]:0.01 [3]:0.01 
Mutation success rates: [0]:0.00 [1]:0.05 [2]:0.04 [3]:0.06 [4]:0.03 

+========================================================+
|     INTEGRATED LOCAL SEARCH (Truck + Drone)         |
+========================================================+

[ADAPTIVE LS] Starting Adaptive Local Search with 11 operators...
[ADAPTIVE LS] Initial C_max: 164.31 minutes
[ADAPTIVE LS] Truck routes: 2
[ADAPTIVE LS] Drone trips: 5
[ADAPTIVE LS] Perturbation #1 (diversification)
[ADAPTIVE LS] Perturbation #2 (diversification)

[ADAPTIVE LS] ====== FINAL RESULTS ======
[ADAPTIVE LS] Completed after 50 iterations
[ADAPTIVE LS] Final C_max: 164.31 minutes
[ADAPTIVE LS] Improvements: Truck=0, Drone=0
[ADAPTIVE LS] Perturbations used: 2
[ADAPTIVE LS] No improvement found (solution may be near optimal)

[ADAPTIVE] Operator Performance Statistics:
-------------------------------------------------------------
              Operator  Attempts   Success     Rate(%)    AvgImprv    Weight
-------------------------------------------------------------
            Truck-2Opt        50         0        0.0%        0.00      0.50
            Truck-Swap        50         0        0.0%        0.00      0.50
        Truck-Relocate        50        25       50.0%        6.70      1.92
   Truck-CrossExchange        50         0        0.0%        0.00      0.50
         Drone-Reorder        50         0        0.0%        0.00      0.50
            Drone-Swap        50        25       50.0%       17.58      3.01
            Drone-Move        50         0        0.0%        0.00      0.50
           Drone-Merge        50         0        0.0%        0.00      0.50
           Drone-Split        50         0        0.0%        0.00      0.50
        Drone-Reassign        50         0        0.0%        0.00      0.50
  Drone-InsertIntoTrip        50         0        0.0%        0.00      0.50
-------------------------------------------------------------

+========================================================+
|               FINAL SOLUTION                       |
+========================================================+

+=============================================================+
|              SOLUTION DETAILS (Thoi gian thuc te)          |
+=============================================================+

 TONG QUAN:
   Total Cost (C_max): 164.31 phut
   Feasible: YES

CHI TIET CAC XE TAI:

   +-- Xe 0 --------------------------------------
   | Hoan thanh: 164.31 phut
   | Route: 0(D) -> 4(D) -> 6(D) -> 2(D) -> 1(D) -> 5(D) -> 0(D)
   | Timeline:
   |    0. Node  0 ( D): Den=   0.0' Roi=   0.0'
   |    1. Node  4 ( D): Den=  44.5' Roi=  47.5'
   |    2. Node  6 ( D): Den=  66.3' Roi=  85.9'
   |    3. Node  2 ( D): Den=  61.3' Roi= 102.5'
   |    4. Node  1 ( D): Den= 124.0' Roi= 133.4'
   |    5. Node  5 ( D): Den= 124.6' Roi= 147.5'
   |    6. Node  0 ( D): Den= 164.3' Roi= 164.3'
   +-----------------------------------------------------

   +-- Xe 1 --------------------------------------
   | Hoan thanh: 159.68 phut
   | Route: 0(D) -> 8(P) -> 3(DL) -> 9(D) -> 10(D) -> 7(D) -> 0(D)
   | Timeline:
   |    0. Node  0 ( D): Den=   0.0' Roi=   0.0'
   |    1. Node  8 ( P): Den=  10.9' Roi=  13.9'
   |    2. Node  3 (DL): Den=  40.3' Roi=  43.3'
   |    3. Node  9 ( D): Den=  71.0' Roi=  79.0'
   |    4. Node 10 ( D): Den=  85.1' Roi= 107.0'
   |    5. Node  7 ( D): Den= 134.2' Roi= 142.2'
   |    6. Node  0 ( D): Den= 159.7' Roi= 159.7'
   +-----------------------------------------------------

CHI TIET DRONE RESUPPLY (WITH CONSOLIDATION):

   +-- Resupply Trip #1 ----------------------------------
   | Drone: Drone 0 | Xe: Xe 1
   | So khach hang: 1 customers
   | Customers: Node 9
   | Total flight time: 64.6 phut
   | Timeline:
   |   - Drone roi depot:       20.0 phut
   |   [Customer 9]
   |     - Drone den:          28.5 phut
   |     - Xe den:             71.0 phut
   |     - Bat dau resupply:   71.0 phut
   |     - Ket thuc:           79.0 phut
   |   - Drone ve depot:        87.6 phut
   +-----------------------------------------------------

   +-- Resupply Trip #2 ----------------------------------
   | Drone: Drone 1 | Xe: Xe 0
   | So khach hang: 2 customers
   | Customers: Node 6, Node 2
   | Total flight time: 38.2 phut
   | Timeline:
   |   - Drone roi depot:       65.0 phut
   |   [Customer 6]
   |     - Drone den:          77.9 phut
   |     - Xe den:             66.3 phut
   |     - Bat dau resupply:   77.9 phut
   |     - Ket thuc:           85.9 phut
   |   [Customer 2]
   |     - Drone den:          94.5 phut
   |     - Xe den:             61.3 phut
   |     - Bat dau resupply:   94.5 phut
   |     - Ket thuc:          102.5 phut
   |   - Drone ve depot:       109.2 phut
   +-----------------------------------------------------

   +-- Resupply Trip #3 ----------------------------------
   | Drone: Drone 0 | Xe: Xe 1
   | So khach hang: 1 customers
   | Customers: Node 10
   | Total flight time: 17.8 phut
   | Timeline:
   |   - Drone roi depot:       92.6 phut
   |   [Customer 10]
   |     - Drone den:          99.0 phut
   |     - Xe den:             85.1 phut
   |     - Bat dau resupply:   99.0 phut
   |     - Ket thuc:          107.0 phut
   |   - Drone ve depot:       113.4 phut
   +-----------------------------------------------------

   +-- Resupply Trip #4 ----------------------------------
   | Drone: Drone 1 | Xe: Xe 0
   | So khach hang: 2 customers
   | Customers: Node 1, Node 5
   | Total flight time: 33.7 phut
   | Timeline:
   |   - Drone roi depot:      114.2 phut
   |   [Customer 1]
   |     - Drone den:         125.4 phut
   |     - Xe den:            124.0 phut
   |     - Bat dau resupply:  125.4 phut
   |     - Ket thuc:          133.4 phut
   |   [Customer 5]
   |     - Drone den:         139.5 phut
   |     - Xe den:            124.6 phut
   |     - Bat dau resupply:  139.5 phut
   |     - Ket thuc:          147.5 phut
   |   - Drone ve depot:       153.9 phut
   +-----------------------------------------------------

   +-- Resupply Trip #5 ----------------------------------
   | Drone: Drone 0 | Xe: Xe 1
   | So khach hang: 1 customers
   | Customers: Node 7
   | Total flight time: 27.8 phut
   | Timeline:
   |   - Drone roi depot:      118.4 phut
   |   [Customer 7]
   |     - Drone den:         125.4 phut
   |     - Xe den:            134.2 phut
   |     - Bat dau resupply:  134.2 phut
   |     - Ket thuc:          142.2 phut
   |   - Drone ve depot:       149.2 phut
   +-----------------------------------------------------

 THOI GIAN HOAN THANH CAC DRONE:
   Drone 0: 149.17 phut
   Drone 1: 153.87 phut

=============================================================

=========================================
SUMMARY:
  Cost before Local Search: 164.31 minutes
  Cost after Local Search: 164.31 minutes
  Total Penalty: 0.00
  Feasible: YES
  Resupply Events: 5
=========================================
