
+========================================================+
|     PDP SOLVER - GA + TABU SEARCH                  |
+========================================================+

Reading instance: U_10_0.5_Num_7_pd.txt
Reading: U_10_0.5_Num_7_pd.txt
Truck (Manhattan) and Drone (Euclidean) distance matrices built.
Loaded 11 nodes, 10 customers.

Instance details:
  Customers: 10
  Trucks: 2
  Drones: 2
  Drone endurance: 90 minutes

=========================================
  GENETIC ALGORITHM + TABU SEARCH (PDP)
=========================================
Population size: 50
Max generations: 50
Base mutation rate: 0.1 (adaptive)
Tabu threshold: 10% of max gen without improvement
Adaptive operators: ENABLED

[1] Initializing population...
PDP Population distribution (NO SEPARATOR):
   Random: 5
   Greedy Time: 15
   Sweep: 15
   Nearest Neighbor: 15
Generated 50 PDP individuals (sequence only, no separators)
Initial best cost: 178.08 (penalty: 0.00)
Gen 0: New best = 176.08 (penalty: 0.00, mut_rate: 0.100)

[TABU] No improvement for 2 generations. Applying Tabu Search...
  Tabu iter 50: best=157.630 current=170.130
[TABU] After Tabu Search: 157.63 (penalty: 0.00)

[TABU] No improvement for 2 generations. Applying Tabu Search...
  Tabu iter 50: best=145.97 current=149.07
[TABU] After Tabu Search: 145.97 (penalty: 0.00)

[TABU] No improvement for 2 generations. Applying Tabu Search...
[TABU] After Tabu Search: 145.97 (penalty: 0.00)

[TABU] No improvement for 2 generations. Applying Tabu Search...
[TABU] After Tabu Search: 145.97 (penalty: 0.00)
[ADAPT] Gen 10 - Crossover rates: 0.10 0.51 0.10 0.49 , Mutation rate: 0.120

[TABU] No improvement for 2 generations. Applying Tabu Search...
[TABU] After Tabu Search: 145.97 (penalty: 0.00)

[TABU] No improvement for 2 generations. Applying Tabu Search...
[TABU] After Tabu Search: 145.97 (penalty: 0.00)

[TABU] No improvement for 2 generations. Applying Tabu Search...
[TABU] After Tabu Search: 145.97 (penalty: 0.00)

[TABU] No improvement for 2 generations. Applying Tabu Search...
[TABU] After Tabu Search: 145.97 (penalty: 0.00)

[TABU] No improvement for 2 generations. Applying Tabu Search...
[TABU] After Tabu Search: 145.97 (penalty: 0.00)
[ADAPT] Gen 20 - Crossover rates: 0.10 0.51 0.10 0.49 , Mutation rate: 0.173

[TABU] No improvement for 2 generations. Applying Tabu Search...
[TABU] After Tabu Search: 145.97 (penalty: 0.00)

[TABU] No improvement for 2 generations. Applying Tabu Search...
[TABU] After Tabu Search: 145.97 (penalty: 0.00)

[TABU] No improvement for 2 generations. Applying Tabu Search...
[TABU] After Tabu Search: 145.97 (penalty: 0.00)

[TABU] No improvement for 2 generations. Applying Tabu Search...
[TABU] After Tabu Search: 145.97 (penalty: 0.00)

[TABU] No improvement for 2 generations. Applying Tabu Search...
[TABU] After Tabu Search: 145.97 (penalty: 0.00)
[ADAPT] Gen 30 - Crossover rates: 0.10 0.50 0.10 0.50 , Mutation rate: 0.249

[TABU] No improvement for 2 generations. Applying Tabu Search...
[TABU] After Tabu Search: 145.97 (penalty: 0.00)

[TABU] No improvement for 2 generations. Applying Tabu Search...
[TABU] After Tabu Search: 145.97 (penalty: 0.00)

[TABU] No improvement for 2 generations. Applying Tabu Search...
[TABU] After Tabu Search: 145.97 (penalty: 0.00)

[TABU] No improvement for 2 generations. Applying Tabu Search...
[TABU] After Tabu Search: 145.97 (penalty: 0.00)

[TABU] No improvement for 2 generations. Applying Tabu Search...
[TABU] After Tabu Search: 145.97 (penalty: 0.00)
[ADAPT] Gen 40 - Crossover rates: 0.10 0.50 0.10 0.50 , Mutation rate: 0.358

[TABU] No improvement for 2 generations. Applying Tabu Search...
[TABU] After Tabu Search: 145.97 (penalty: 0.00)

[TABU] No improvement for 2 generations. Applying Tabu Search...
[TABU] After Tabu Search: 145.97 (penalty: 0.00)

[TABU] No improvement for 2 generations. Applying Tabu Search...
[TABU] After Tabu Search: 145.97 (penalty: 0.00)

[TABU] No improvement for 2 generations. Applying Tabu Search...
[TABU] After Tabu Search: 145.97 (penalty: 0.00)

[TABU] No improvement for 2 generations. Applying Tabu Search...
[TABU] After Tabu Search: 145.97 (penalty: 0.00)

=========================================
  GA + TABU COMPLETED
=========================================
Final best cost: 145.97 (penalty: 0.00)

[ADAPTIVE STATS]
Final mutation rate: 0.430
Crossover success rates: [0]:0.00 [1]:0.00 [2]:0.00 [3]:0.00 
Mutation success rates: [0]:0.05 [1]:0.04 [2]:0.04 [3]:0.00 [4]:0.06 

+========================================================+
|     INTEGRATED LOCAL SEARCH (Truck + Drone)         |
+========================================================+

[ADAPTIVE LS] Starting Adaptive Local Search with 11 operators...
[ADAPTIVE LS] Initial C_max: 145.97 minutes
[ADAPTIVE LS] Truck routes: 2
[ADAPTIVE LS] Drone trips: 5
[ADAPTIVE LS] Perturbation #1 (diversification)
[ADAPTIVE LS] Perturbation #2 (diversification)

[ADAPTIVE LS] ====== FINAL RESULTS ======
[ADAPTIVE LS] Completed after 50 iterations
[ADAPTIVE LS] Final C_max: 145.97 minutes
[ADAPTIVE LS] Improvements: Truck=0, Drone=0
[ADAPTIVE LS] Perturbations used: 2
[ADAPTIVE LS] No improvement found (solution may be near optimal)

[ADAPTIVE] Operator Performance Statistics:
-------------------------------------------------------------
              Operator  Attempts   Success     Rate(%)    AvgImprv    Weight
-------------------------------------------------------------
            Truck-2Opt        50        16       32.0%       35.44      4.62
            Truck-Swap        50         3        6.0%       16.15      2.17
        Truck-Relocate        50        25       50.0%       63.93      5.00
   Truck-CrossExchange        50         0        0.0%        0.00      0.50
         Drone-Reorder        50         0        0.0%        0.00      0.50
            Drone-Swap        50        25       50.0%       11.55      2.59
            Drone-Move        50         0        0.0%        0.00      0.50
           Drone-Merge        50         0        0.0%        0.00      0.50
           Drone-Split        50         0        0.0%        0.00      0.50
        Drone-Reassign        50         7       14.0%       12.43      1.84
  Drone-InsertIntoTrip        50         0        0.0%        0.00      0.50
-------------------------------------------------------------

+========================================================+
|               FINAL SOLUTION                       |
+========================================================+

+=============================================================+
|              SOLUTION DETAILS (Thoi gian thuc te)          |
+=============================================================+

 TONG QUAN:
   Total Cost (C_max): 145.97 phut
   Feasible: YES

CHI TIET CAC XE TAI:

   +-- Xe 0 --------------------------------------
   | Hoan thanh: 141.99 phut
   | Route: 0(D) -> 2(D) -> 6(D) -> 5(D) -> 9(D) -> 3(D) -> 0(D)
   | Timeline:
   |    0. Node  0 ( D): Den=   0.0' Roi=   0.0'
   |    1. Node  2 ( D): Den=  32.7' Roi=  35.7'
   |    2. Node  6 ( D): Den=  50.3' Roi=  58.3'
   |    3. Node  5 ( D): Den=  58.0' Roi=  72.0'
   |    4. Node  9 ( D): Den=  90.9' Roi=  98.9'
   |    5. Node  3 ( D): Den= 107.1' Roi= 126.8'
   |    6. Node  0 ( D): Den= 142.0' Roi= 142.0'
   +-----------------------------------------------------

   +-- Xe 1 --------------------------------------
   | Hoan thanh: 145.97 phut
   | Route: 0(D) -> 10(P) -> 1(D) -> 8(D) -> 4(D) -> 7(DL) -> 0(D)
   | Timeline:
   |    0. Node  0 ( D): Den=   0.0' Roi=   0.0'
   |    1. Node 10 ( P): Den=  37.9' Roi=  40.9'
   |    2. Node  1 ( D): Den=  70.5' Roi=  80.2'
   |    3. Node  8 ( D): Den=  63.9' Roi=  91.9'
   |    4. Node  4 ( D): Den= 111.4' Roi= 121.0'
   |    5. Node  7 (DL): Den= 125.1' Roi= 128.1'
   |    6. Node  0 ( D): Den= 146.0' Roi= 146.0'
   +-----------------------------------------------------

CHI TIET DRONE RESUPPLY (WITH CONSOLIDATION):

   +-- Resupply Trip #1 ----------------------------------
   | Drone: Drone 0 | Xe: Xe 0
   | So khach hang: 2 customers
   | Customers: Node 6, Node 5
   | Total flight time: 35.4 phut
   | Timeline:
   |   - Drone roi depot:       34.0 phut
   |   [Customer 6]
   |     - Drone den:          41.1 phut
   |     - Xe den:             50.3 phut
   |     - Bat dau resupply:   50.3 phut
   |     - Ket thuc:           58.3 phut
   |   [Customer 5]
   |     - Drone den:          64.0 phut
   |     - Xe den:             58.0 phut
   |     - Bat dau resupply:   64.0 phut
   |     - Ket thuc:           72.0 phut
   |   - Drone ve depot:        75.4 phut
   +-----------------------------------------------------

   +-- Resupply Trip #2 ----------------------------------
   | Drone: Drone 1 | Xe: Xe 1
   | So khach hang: 2 customers
   | Customers: Node 1, Node 8
   | Total flight time: 34.3 phut
   | Timeline:
   |   - Drone roi depot:       61.0 phut
   |   [Customer 1]
   |     - Drone den:          72.2 phut
   |     - Xe den:             70.5 phut
   |     - Bat dau resupply:   72.2 phut
   |     - Ket thuc:           80.2 phut
   |   [Customer 8]
   |     - Drone den:          83.9 phut
   |     - Xe den:             63.9 phut
   |     - Bat dau resupply:   83.9 phut
   |     - Ket thuc:           91.9 phut
   |   - Drone ve depot:       101.3 phut
   +-----------------------------------------------------

   +-- Resupply Trip #3 ----------------------------------
   | Drone: Drone 0 | Xe: Xe 0
   | So khach hang: 1 customers
   | Customers: Node 9
   | Total flight time: 24.7 phut
   | Timeline:
   |   - Drone roi depot:       80.4 phut
   |   [Customer 9]
   |     - Drone den:          89.6 phut
   |     - Xe den:             90.9 phut
   |     - Bat dau resupply:   90.9 phut
   |     - Ket thuc:           98.9 phut
   |   - Drone ve depot:       108.1 phut
   +-----------------------------------------------------

   +-- Resupply Trip #4 ----------------------------------
   | Drone: Drone 1 | Xe: Xe 1
   | So khach hang: 1 customers
   | Customers: Node 4
   | Total flight time: 18.4 phut
   | Timeline:
   |   - Drone roi depot:      106.3 phut
   |   [Customer 4]
   |     - Drone den:         113.0 phut
   |     - Xe den:            111.4 phut
   |     - Bat dau resupply:  113.0 phut
   |     - Ket thuc:          121.0 phut
   |   - Drone ve depot:       127.7 phut
   +-----------------------------------------------------

   +-- Resupply Trip #5 ----------------------------------
   | Drone: Drone 0 | Xe: Xe 0
   | So khach hang: 1 customers
   | Customers: Node 3
   | Total flight time: 16.3 phut
   | Timeline:
   |   - Drone roi depot:      113.1 phut
   |   [Customer 3]
   |     - Drone den:         118.8 phut
   |     - Xe den:            107.1 phut
   |     - Bat dau resupply:  118.8 phut
   |     - Ket thuc:          126.8 phut
   |   - Drone ve depot:       132.4 phut
   +-----------------------------------------------------

 THOI GIAN HOAN THANH CAC DRONE:
   Drone 0: 132.44 phut
   Drone 1: 127.72 phut

=============================================================

=========================================
SUMMARY:
  Cost before Local Search: 145.97 minutes
  Cost after Local Search: 145.97 minutes
  Total Penalty: 0.00
  Feasible: YES
  Resupply Events: 5
=========================================
