
+========================================================+
|     PDP SOLVER - GA + TABU SEARCH                  |
+========================================================+

Reading instance: U_10_1.5_Num_4_pd.txt
Reading: U_10_1.5_Num_4_pd.txt
Truck (Manhattan) and Drone (Euclidean) distance matrices built.
Loaded 11 nodes, 10 customers.

Instance details:
  Customers: 10
  Trucks: 2
  Drones: 2
  Drone endurance: 90 minutes

=========================================
  GENETIC ALGORITHM + TABU SEARCH (PDP)
=========================================
Population size: 50
Max generations: 50
Base mutation rate: 0.1 (adaptive)
Tabu threshold: 10% of max gen without improvement
Adaptive operators: ENABLED

[1] Initializing population...
PDP Population distribution (NO SEPARATOR):
   Random: 5
   Greedy Time: 15
   Sweep: 15
   Nearest Neighbor: 15
Generated 50 PDP individuals (sequence only, no separators)
Initial best cost: 546.82 (penalty: 0.00)
Gen 0: New best = 366.40 (penalty: 0.00, mut_rate: 0.100)

[TABU] No improvement for 2 generations. Applying Tabu Search...
  Tabu iter 50: best=328.714 current=340.880
[TABU] After Tabu Search: 328.71 (penalty: 0.00)

[TABU] No improvement for 2 generations. Applying Tabu Search...
[TABU] After Tabu Search: 328.71 (penalty: 0.00)

[TABU] No improvement for 2 generations. Applying Tabu Search...
[TABU] After Tabu Search: 328.71 (penalty: 0.00)

[TABU] No improvement for 2 generations. Applying Tabu Search...
[TABU] After Tabu Search: 328.71 (penalty: 0.00)
[ADAPT] Gen 10 - Crossover rates: 0.41 0.31 0.15 0.33 , Mutation rate: 0.120

[TABU] No improvement for 2 generations. Applying Tabu Search...
[TABU] After Tabu Search: 328.71 (penalty: 0.00)

[TABU] No improvement for 2 generations. Applying Tabu Search...
[TABU] After Tabu Search: 328.71 (penalty: 0.00)

[TABU] No improvement for 2 generations. Applying Tabu Search...
[TABU] After Tabu Search: 328.71 (penalty: 0.00)

[TABU] No improvement for 2 generations. Applying Tabu Search...
[TABU] After Tabu Search: 328.71 (penalty: 0.00)

[TABU] No improvement for 2 generations. Applying Tabu Search...
[TABU] After Tabu Search: 328.71 (penalty: 0.00)
[ADAPT] Gen 20 - Crossover rates: 0.39 0.32 0.17 0.33 , Mutation rate: 0.173

[TABU] No improvement for 2 generations. Applying Tabu Search...
[TABU] After Tabu Search: 328.71 (penalty: 0.00)

[TABU] No improvement for 2 generations. Applying Tabu Search...
[TABU] After Tabu Search: 328.71 (penalty: 0.00)

[TABU] No improvement for 2 generations. Applying Tabu Search...
[TABU] After Tabu Search: 328.71 (penalty: 0.00)

[TABU] No improvement for 2 generations. Applying Tabu Search...
[TABU] After Tabu Search: 328.71 (penalty: 0.00)

[TABU] No improvement for 2 generations. Applying Tabu Search...
[TABU] After Tabu Search: 328.71 (penalty: 0.00)
[ADAPT] Gen 30 - Crossover rates: 0.39 0.31 0.17 0.33 , Mutation rate: 0.249

[TABU] No improvement for 2 generations. Applying Tabu Search...
[TABU] After Tabu Search: 328.71 (penalty: 0.00)

[TABU] No improvement for 2 generations. Applying Tabu Search...
[TABU] After Tabu Search: 328.71 (penalty: 0.00)

[TABU] No improvement for 2 generations. Applying Tabu Search...
[TABU] After Tabu Search: 328.71 (penalty: 0.00)

[TABU] No improvement for 2 generations. Applying Tabu Search...
[TABU] After Tabu Search: 328.71 (penalty: 0.00)

[TABU] No improvement for 2 generations. Applying Tabu Search...
[TABU] After Tabu Search: 328.71 (penalty: 0.00)
[ADAPT] Gen 40 - Crossover rates: 0.39 0.30 0.17 0.34 , Mutation rate: 0.358

[TABU] No improvement for 2 generations. Applying Tabu Search...
[TABU] After Tabu Search: 328.71 (penalty: 0.00)

[TABU] No improvement for 2 generations. Applying Tabu Search...
[TABU] After Tabu Search: 328.71 (penalty: 0.00)

[TABU] No improvement for 2 generations. Applying Tabu Search...
[TABU] After Tabu Search: 328.71 (penalty: 0.00)

[TABU] No improvement for 2 generations. Applying Tabu Search...
[TABU] After Tabu Search: 328.71 (penalty: 0.00)

[TABU] No improvement for 2 generations. Applying Tabu Search...
[TABU] After Tabu Search: 328.71 (penalty: 0.00)

=========================================
  GA + TABU COMPLETED
=========================================
Final best cost: 328.71 (penalty: 0.00)

[ADAPTIVE STATS]
Final mutation rate: 0.430
Crossover success rates: [0]:0.01 [1]:0.01 [2]:0.00 [3]:0.01 
Mutation success rates: [0]:0.06 [1]:0.05 [2]:0.04 [3]:0.06 [4]:0.03 

+========================================================+
|     INTEGRATED LOCAL SEARCH (Truck + Drone)         |
+========================================================+

[ADAPTIVE LS] Starting Adaptive Local Search with 11 operators...
[ADAPTIVE LS] Initial C_max: 328.71 minutes
[ADAPTIVE LS] Truck routes: 2
[ADAPTIVE LS] Drone trips: 5
[ADAPTIVE LS] Perturbation #1 (diversification)
[ADAPTIVE LS] Perturbation #2 (diversification)

[ADAPTIVE LS] ====== FINAL RESULTS ======
[ADAPTIVE LS] Completed after 50 iterations
[ADAPTIVE LS] Final C_max: 328.71 minutes
[ADAPTIVE LS] Improvements: Truck=0, Drone=0
[ADAPTIVE LS] Perturbations used: 2
[ADAPTIVE LS] No improvement found (solution may be near optimal)

[ADAPTIVE] Operator Performance Statistics:
-------------------------------------------------------------
              Operator  Attempts   Success     Rate(%)    AvgImprv    Weight
-------------------------------------------------------------
            Truck-2Opt        50        23       46.0%       50.11      5.00
            Truck-Swap        50         8       16.0%       33.72      4.02
        Truck-Relocate        50        25       50.0%        6.27      2.21
   Truck-CrossExchange        50         0        0.0%        0.00      0.50
         Drone-Reorder        50         0        0.0%        0.00      0.50
            Drone-Swap        50        19       38.0%       14.24      2.52
            Drone-Move        50         0        0.0%        0.00      0.50
           Drone-Merge        50         0        0.0%        0.00      0.50
           Drone-Split        50         0        0.0%        0.00      0.50
        Drone-Reassign        50        25       50.0%       12.91      2.48
  Drone-InsertIntoTrip        50         0        0.0%        0.00      0.50
-------------------------------------------------------------

+========================================================+
|               FINAL SOLUTION                       |
+========================================================+

+=============================================================+
|              SOLUTION DETAILS (Thoi gian thuc te)          |
+=============================================================+

 TONG QUAN:
   Total Cost (C_max): 328.71 phut
   Feasible: YES

CHI TIET CAC XE TAI:

   +-- Xe 0 --------------------------------------
   | Hoan thanh: 328.71 phut
   | Route: 0(D) -> 4(D) -> 7(P) -> 5(D) -> 9(DL) -> 1(D) -> 6(D) -> 0(D)
   | Timeline:
   |    0. Node  0 ( D): Den=   0.0' Roi=   0.0'
   |    1. Node  4 ( D): Den= 126.2' Roi= 129.2'
   |    2. Node  7 ( P): Den= 145.6' Roi= 148.6'
   |    3. Node  5 ( D): Den= 189.8' Roi= 197.8'
   |    4. Node  9 (DL): Den= 218.8' Roi= 221.8'
   |    5. Node  1 ( D): Den= 251.9' Roi= 268.2'
   |    6. Node  6 ( D): Den= 294.6' Roi= 302.6'
   |    7. Node  0 ( D): Den= 328.7' Roi= 328.7'
   +-----------------------------------------------------

   +-- Xe 1 --------------------------------------
   | Hoan thanh: 321.48 phut
   | Route: 0(D) -> 3(D) -> 10(D) -> 0(D) -> 8(D) -> 2(D) -> 0(D)
   | Timeline:
   |    0. Node  0 ( D): Den=   0.0' Roi=   0.0'
   |    1. Node  3 ( D): Den= 171.7' Roi= 174.7'
   |    2. Node 10 ( D): Den= 186.0' Roi= 203.1'
   |    3. Node  0 ( D): Den= 228.8' Roi= 233.8'
   |    4. Node  8 ( D): Den= 273.1' Roi= 276.1'
   |    5. Node  2 ( D): Den= 299.7' Roi= 307.7'
   |    6. Node  0 ( D): Den= 321.5' Roi= 321.5'
   +-----------------------------------------------------

CHI TIET DRONE RESUPPLY (WITH CONSOLIDATION):

   +-- Resupply Trip #1 ----------------------------------
   | Drone: Drone 0 | Xe: Xe 0
   | So khach hang: 1 customers
   | Customers: Node 5
   | Total flight time: 27.1 phut
   | Timeline:
   |   - Drone roi depot:      178.0 phut
   |   [Customer 5]
   |     - Drone den:         188.2 phut
   |     - Xe den:            189.8 phut
   |     - Bat dau resupply:  189.8 phut
   |     - Ket thuc:          197.8 phut
   |   - Drone ve depot:       208.1 phut
   +-----------------------------------------------------

   +-- Resupply Trip #2 ----------------------------------
   | Drone: Drone 1 | Xe: Xe 1
   | So khach hang: 1 customers
   | Customers: Node 10
   | Total flight time: 23.2 phut
   | Timeline:
   |   - Drone roi depot:      186.0 phut
   |   [Customer 10]
   |     - Drone den:         195.1 phut
   |     - Xe den:            186.0 phut
   |     - Bat dau resupply:  195.1 phut
   |     - Ket thuc:          203.1 phut
   |   - Drone ve depot:       212.2 phut
   +-----------------------------------------------------

   +-- Resupply Trip #3 ----------------------------------
   | Drone: Drone 0 | Xe: Xe 0
   | So khach hang: 1 customers
   | Customers: Node 1
   | Total flight time: 29.4 phut
   | Timeline:
   |   - Drone roi depot:      248.0 phut
   |   [Customer 1]
   |     - Drone den:         260.2 phut
   |     - Xe den:            251.9 phut
   |     - Bat dau resupply:  260.2 phut
   |     - Ket thuc:          268.2 phut
   |   - Drone ve depot:       280.4 phut
   +-----------------------------------------------------

   +-- Resupply Trip #4 ----------------------------------
   | Drone: Drone 1 | Xe: Xe 0
   | So khach hang: 1 customers
   | Customers: Node 6
   | Total flight time: 43.3 phut
   | Timeline:
   |   - Drone roi depot:      266.0 phut
   |   [Customer 6]
   |     - Drone den:         275.6 phut
   |     - Xe den:            294.6 phut
   |     - Bat dau resupply:  294.6 phut
   |     - Ket thuc:          302.6 phut
   |   - Drone ve depot:       312.3 phut
   +-----------------------------------------------------

   +-- Resupply Trip #5 ----------------------------------
   | Drone: Drone 0 | Xe: Xe 1
   | So khach hang: 1 customers
   | Customers: Node 2
   | Total flight time: 24.7 phut
   | Timeline:
   |   - Drone roi depot:      285.4 phut
   |   [Customer 2]
   |     - Drone den:         290.8 phut
   |     - Xe den:            299.7 phut
   |     - Bat dau resupply:  299.7 phut
   |     - Ket thuc:          307.7 phut
   |   - Drone ve depot:       313.1 phut
   +-----------------------------------------------------

 THOI GIAN HOAN THANH CAC DRONE:
   Drone 0: 313.10 phut
   Drone 1: 312.26 phut

=============================================================

=========================================
SUMMARY:
  Cost before Local Search: 328.71 minutes
  Cost after Local Search: 328.71 minutes
  Total Penalty: 0.00
  Feasible: YES
  Resupply Events: 5
=========================================
