
+========================================================+
|     PDP SOLVER - GA + TABU SEARCH                  |
+========================================================+

Reading instance: U_10_0.5_Num_5_pd.txt
Reading: U_10_0.5_Num_5_pd.txt
Truck (Manhattan) and Drone (Euclidean) distance matrices built.
Loaded 11 nodes, 10 customers.

Instance details:
  Customers: 10
  Trucks: 2
  Drones: 2
  Drone endurance: 90 minutes

=========================================
  GENETIC ALGORITHM + TABU SEARCH (PDP)
=========================================
Population size: 50
Max generations: 50
Base mutation rate: 0.1 (adaptive)
Tabu threshold: 10% of max gen without improvement
Adaptive operators: ENABLED

[1] Initializing population...
PDP Population distribution (NO SEPARATOR):
   Random: 5
   Greedy Time: 15
   Sweep: 15
   Nearest Neighbor: 15
Generated 50 PDP individuals (sequence only, no separators)
Initial best cost: 175.04 (penalty: 0.00)
Gen 0: New best = 171.50 (penalty: 0.00, mut_rate: 0.100)

[TABU] No improvement for 2 generations. Applying Tabu Search...
  Tabu iter 50: best=139.156 current=163.174
[TABU] After Tabu Search: 139.16 (penalty: 0.00)

[TABU] No improvement for 2 generations. Applying Tabu Search...
  Tabu iter 50: best=131.88 current=131.88
[TABU] After Tabu Search: 131.88 (penalty: 0.00)

[TABU] No improvement for 2 generations. Applying Tabu Search...
[TABU] After Tabu Search: 131.88 (penalty: 0.00)

[TABU] No improvement for 2 generations. Applying Tabu Search...
[TABU] After Tabu Search: 131.88 (penalty: 0.00)
[ADAPT] Gen 10 - Crossover rates: 0.58 0.42 0.10 0.10 , Mutation rate: 0.120

[TABU] No improvement for 2 generations. Applying Tabu Search...
[TABU] After Tabu Search: 131.88 (penalty: 0.00)

[TABU] No improvement for 2 generations. Applying Tabu Search...
[TABU] After Tabu Search: 131.88 (penalty: 0.00)

[TABU] No improvement for 2 generations. Applying Tabu Search...
[TABU] After Tabu Search: 131.88 (penalty: 0.00)

[TABU] No improvement for 2 generations. Applying Tabu Search...
[TABU] After Tabu Search: 131.88 (penalty: 0.00)

[TABU] No improvement for 2 generations. Applying Tabu Search...
[TABU] After Tabu Search: 131.88 (penalty: 0.00)
[ADAPT] Gen 20 - Crossover rates: 0.58 0.42 0.10 0.10 , Mutation rate: 0.173

[TABU] No improvement for 2 generations. Applying Tabu Search...
[TABU] After Tabu Search: 131.88 (penalty: 0.00)

[TABU] No improvement for 2 generations. Applying Tabu Search...
[TABU] After Tabu Search: 131.88 (penalty: 0.00)

[TABU] No improvement for 2 generations. Applying Tabu Search...
[TABU] After Tabu Search: 131.88 (penalty: 0.00)

[TABU] No improvement for 2 generations. Applying Tabu Search...
[TABU] After Tabu Search: 131.88 (penalty: 0.00)

[TABU] No improvement for 2 generations. Applying Tabu Search...
[TABU] After Tabu Search: 131.88 (penalty: 0.00)
[ADAPT] Gen 30 - Crossover rates: 0.58 0.42 0.10 0.10 , Mutation rate: 0.249

[TABU] No improvement for 2 generations. Applying Tabu Search...
[TABU] After Tabu Search: 131.88 (penalty: 0.00)

[TABU] No improvement for 2 generations. Applying Tabu Search...
[TABU] After Tabu Search: 131.88 (penalty: 0.00)

[TABU] No improvement for 2 generations. Applying Tabu Search...
[TABU] After Tabu Search: 131.88 (penalty: 0.00)

[TABU] No improvement for 2 generations. Applying Tabu Search...
[TABU] After Tabu Search: 131.88 (penalty: 0.00)

[TABU] No improvement for 2 generations. Applying Tabu Search...
[TABU] After Tabu Search: 131.88 (penalty: 0.00)
[ADAPT] Gen 40 - Crossover rates: 0.58 0.42 0.10 0.10 , Mutation rate: 0.358

[TABU] No improvement for 2 generations. Applying Tabu Search...
[TABU] After Tabu Search: 131.88 (penalty: 0.00)

[TABU] No improvement for 2 generations. Applying Tabu Search...
[TABU] After Tabu Search: 131.88 (penalty: 0.00)

[TABU] No improvement for 2 generations. Applying Tabu Search...
[TABU] After Tabu Search: 131.88 (penalty: 0.00)

[TABU] No improvement for 2 generations. Applying Tabu Search...
[TABU] After Tabu Search: 131.88 (penalty: 0.00)

[TABU] No improvement for 2 generations. Applying Tabu Search...
[TABU] After Tabu Search: 131.88 (penalty: 0.00)

=========================================
  GA + TABU COMPLETED
=========================================
Final best cost: 131.88 (penalty: 0.00)

[ADAPTIVE STATS]
Final mutation rate: 0.430
Crossover success rates: [0]:0.01 [1]:0.00 [2]:0.00 [3]:0.00 
Mutation success rates: [0]:0.02 [1]:0.05 [2]:0.04 [3]:0.05 [4]:0.03 

+========================================================+
|     INTEGRATED LOCAL SEARCH (Truck + Drone)         |
+========================================================+

[ADAPTIVE LS] Starting Adaptive Local Search with 11 operators...
[ADAPTIVE LS] Initial C_max: 131.88 minutes
[ADAPTIVE LS] Truck routes: 2
[ADAPTIVE LS] Drone trips: 3
[ADAPTIVE LS] Perturbation #1 (diversification)
[ADAPTIVE LS] Perturbation #2 (diversification)

[ADAPTIVE LS] ====== FINAL RESULTS ======
[ADAPTIVE LS] Completed after 50 iterations
[ADAPTIVE LS] Final C_max: 131.88 minutes
[ADAPTIVE LS] Improvements: Truck=0, Drone=0
[ADAPTIVE LS] Perturbations used: 2
[ADAPTIVE LS] No improvement found (solution may be near optimal)

[ADAPTIVE] Operator Performance Statistics:
-------------------------------------------------------------
              Operator  Attempts   Success     Rate(%)    AvgImprv    Weight
-------------------------------------------------------------
            Truck-2Opt        50        16       32.0%       68.96      5.00
            Truck-Swap        50         4        8.0%       18.14      2.36
        Truck-Relocate        50        25       50.0%       45.64      5.00
   Truck-CrossExchange        50         7       14.0%       24.89      3.19
         Drone-Reorder        50        25       50.0%      106.20      5.00
            Drone-Swap        50         0        0.0%        0.00      0.50
            Drone-Move        50         0        0.0%        0.00      0.50
           Drone-Merge        50         0        0.0%        0.00      0.50
           Drone-Split        50         0        0.0%        0.00      0.50
        Drone-Reassign        50         0        0.0%        0.00      0.50
  Drone-InsertIntoTrip        50         0        0.0%        0.00      0.50
-------------------------------------------------------------

+========================================================+
|               FINAL SOLUTION                       |
+========================================================+

+=============================================================+
|              SOLUTION DETAILS (Thoi gian thuc te)          |
+=============================================================+

 TONG QUAN:
   Total Cost (C_max): 131.88 phut
   Feasible: YES

CHI TIET CAC XE TAI:

   +-- Xe 0 --------------------------------------
   | Hoan thanh: 131.88 phut
   | Route: 0(D) -> 3(D) -> 7(D) -> 6(D) -> 10(D) -> 1(D) -> 0(D)
   | Timeline:
   |    0. Node  0 ( D): Den=   0.0' Roi=   0.0'
   |    1. Node  3 ( D): Den=  32.5' Roi=  35.5'
   |    2. Node  7 ( D): Den=  44.0' Roi=  53.6'
   |    3. Node  6 ( D): Den=  45.7' Roi=  63.9'
   |    4. Node 10 ( D): Den=  90.3' Roi=  98.3'
   |    5. Node  1 ( D): Den=  70.3' Roi= 114.6'
   |    6. Node  0 ( D): Den= 131.9' Roi= 131.9'
   +-----------------------------------------------------

   +-- Xe 1 --------------------------------------
   | Hoan thanh: 127.58 phut
   | Route: 0(D) -> 9(D) -> 5(P) -> 4(DL) -> 8(D) -> 2(D) -> 0(D)
   | Timeline:
   |    0. Node  0 ( D): Den=   0.0' Roi=   0.0'
   |    1. Node  9 ( D): Den=  20.3' Roi=  23.3'
   |    2. Node  5 ( P): Den=  40.0' Roi=  43.0'
   |    3. Node  4 (DL): Den=  64.5' Roi=  67.5'
   |    4. Node  8 ( D): Den=  80.7' Roi=  88.7'
   |    5. Node  2 ( D): Den=  79.7' Roi= 105.5'
   |    6. Node  0 ( D): Den= 127.6' Roi= 127.6'
   +-----------------------------------------------------

CHI TIET DRONE RESUPPLY (WITH CONSOLIDATION):

   +-- Resupply Trip #1 ----------------------------------
   | Drone: Drone 0 | Xe: Xe 0
   | So khach hang: 2 customers
   | Customers: Node 7, Node 6
   | Total flight time: 28.3 phut
   | Timeline:
   |   - Drone roi depot:       38.0 phut
   |   [Customer 7]
   |     - Drone den:          45.6 phut
   |     - Xe den:             44.0 phut
   |     - Bat dau resupply:   45.6 phut
   |     - Ket thuc:           53.6 phut
   |   [Customer 6]
   |     - Drone den:          55.9 phut
   |     - Xe den:             45.7 phut
   |     - Bat dau resupply:   55.9 phut
   |     - Ket thuc:           63.9 phut
   |   - Drone ve depot:        72.3 phut
   +-----------------------------------------------------

   +-- Resupply Trip #2 ----------------------------------
   | Drone: Drone 0 | Xe: Xe 0
   | So khach hang: 2 customers
   | Customers: Node 10, Node 1
   | Total flight time: 38.0 phut
   | Timeline:
   |   - Drone roi depot:       77.3 phut
   |   [Customer 10]
   |     - Drone den:          88.3 phut
   |     - Xe den:             90.3 phut
   |     - Bat dau resupply:   90.3 phut
   |     - Ket thuc:           98.3 phut
   |   [Customer 1]
   |     - Drone den:         106.6 phut
   |     - Xe den:             70.3 phut
   |     - Bat dau resupply:  106.6 phut
   |     - Ket thuc:          114.6 phut
   |   - Drone ve depot:       121.3 phut
   +-----------------------------------------------------

   +-- Resupply Trip #3 ----------------------------------
   | Drone: Drone 1 | Xe: Xe 1
   | So khach hang: 2 customers
   | Customers: Node 8, Node 2
   | Total flight time: 56.1 phut
   | Timeline:
   |   - Drone roi depot:       53.0 phut
   |   [Customer 8]
   |     - Drone den:          64.4 phut
   |     - Xe den:             80.7 phut
   |     - Bat dau resupply:   80.7 phut
   |     - Ket thuc:           88.7 phut
   |   [Customer 2]
   |     - Drone den:          97.5 phut
   |     - Xe den:             79.7 phut
   |     - Bat dau resupply:   97.5 phut
   |     - Ket thuc:          105.5 phut
   |   - Drone ve depot:       115.1 phut
   +-----------------------------------------------------

 THOI GIAN HOAN THANH CAC DRONE:
   Drone 0: 121.34 phut
   Drone 1: 115.05 phut

=============================================================

=========================================
SUMMARY:
  Cost before Local Search: 131.88 minutes
  Cost after Local Search: 131.88 minutes
  Total Penalty: 0.00
  Feasible: YES
  Resupply Events: 3
=========================================
