
+========================================================+
|     PDP SOLVER - GA + TABU SEARCH                  |
+========================================================+

Reading instance: U_10_1.0_Num_3_pd.txt
Reading: U_10_1.0_Num_3_pd.txt
Truck (Manhattan) and Drone (Euclidean) distance matrices built.
Loaded 11 nodes, 10 customers.

Instance details:
  Customers: 10
  Trucks: 2
  Drones: 2
  Drone endurance: 90 minutes

=========================================
  GENETIC ALGORITHM + TABU SEARCH (PDP)
=========================================
Population size: 50
Max generations: 50
Base mutation rate: 0.1 (adaptive)
Tabu threshold: 10% of max gen without improvement
Adaptive operators: ENABLED

[1] Initializing population...
PDP Population distribution (NO SEPARATOR):
   Random: 5
   Greedy Time: 15
   Sweep: 15
   Nearest Neighbor: 15
Generated 50 PDP individuals (sequence only, no separators)
Initial best cost: 227.56 (penalty: 0.00)
Gen 0: New best = 224.00 (penalty: 0.00, mut_rate: 0.100)
Gen 1: New best = 204.76 (penalty: 0.00, mut_rate: 0.100)

[TABU] No improvement for 2 generations. Applying Tabu Search...
  Tabu iter 50: best=171.620 current=171.620
[TABU] After Tabu Search: 171.62 (penalty: 0.00)

[TABU] No improvement for 2 generations. Applying Tabu Search...
[TABU] After Tabu Search: 171.62 (penalty: 0.00)

[TABU] No improvement for 2 generations. Applying Tabu Search...
[TABU] After Tabu Search: 171.62 (penalty: 0.00)

[TABU] No improvement for 2 generations. Applying Tabu Search...
[TABU] After Tabu Search: 171.62 (penalty: 0.00)
[ADAPT] Gen 10 - Crossover rates: 0.35 0.33 0.19 0.33 , Mutation rate: 0.120

[TABU] No improvement for 2 generations. Applying Tabu Search...
[TABU] After Tabu Search: 171.62 (penalty: 0.00)

[TABU] No improvement for 2 generations. Applying Tabu Search...
[TABU] After Tabu Search: 171.62 (penalty: 0.00)

[TABU] No improvement for 2 generations. Applying Tabu Search...
[TABU] After Tabu Search: 171.62 (penalty: 0.00)

[TABU] No improvement for 2 generations. Applying Tabu Search...
[TABU] After Tabu Search: 171.62 (penalty: 0.00)

[TABU] No improvement for 2 generations. Applying Tabu Search...
[TABU] After Tabu Search: 171.62 (penalty: 0.00)
[ADAPT] Gen 20 - Crossover rates: 0.35 0.32 0.20 0.33 , Mutation rate: 0.173

[TABU] No improvement for 2 generations. Applying Tabu Search...
[TABU] After Tabu Search: 171.62 (penalty: 0.00)

[TABU] No improvement for 2 generations. Applying Tabu Search...
[TABU] After Tabu Search: 171.62 (penalty: 0.00)

[TABU] No improvement for 2 generations. Applying Tabu Search...
[TABU] After Tabu Search: 171.62 (penalty: 0.00)

[TABU] No improvement for 2 generations. Applying Tabu Search...
[TABU] After Tabu Search: 171.62 (penalty: 0.00)

[TABU] No improvement for 2 generations. Applying Tabu Search...
[TABU] After Tabu Search: 171.62 (penalty: 0.00)
[ADAPT] Gen 30 - Crossover rates: 0.35 0.32 0.21 0.32 , Mutation rate: 0.249

[TABU] No improvement for 2 generations. Applying Tabu Search...
[TABU] After Tabu Search: 171.62 (penalty: 0.00)

[TABU] No improvement for 2 generations. Applying Tabu Search...
[TABU] After Tabu Search: 171.62 (penalty: 0.00)

[TABU] No improvement for 2 generations. Applying Tabu Search...
[TABU] After Tabu Search: 171.62 (penalty: 0.00)

[TABU] No improvement for 2 generations. Applying Tabu Search...
[TABU] After Tabu Search: 171.62 (penalty: 0.00)

[TABU] No improvement for 2 generations. Applying Tabu Search...
[TABU] After Tabu Search: 171.62 (penalty: 0.00)
[ADAPT] Gen 40 - Crossover rates: 0.35 0.32 0.21 0.32 , Mutation rate: 0.358

[TABU] No improvement for 2 generations. Applying Tabu Search...
[TABU] After Tabu Search: 171.62 (penalty: 0.00)

[TABU] No improvement for 2 generations. Applying Tabu Search...
[TABU] After Tabu Search: 171.62 (penalty: 0.00)

[TABU] No improvement for 2 generations. Applying Tabu Search...
[TABU] After Tabu Search: 171.62 (penalty: 0.00)

[TABU] No improvement for 2 generations. Applying Tabu Search...
[TABU] After Tabu Search: 171.62 (penalty: 0.00)

[TABU] No improvement for 2 generations. Applying Tabu Search...
[TABU] After Tabu Search: 171.62 (penalty: 0.00)

=========================================
  GA + TABU COMPLETED
=========================================
Final best cost: 171.62 (penalty: 0.00)

[ADAPTIVE STATS]
Final mutation rate: 0.430
Crossover success rates: [0]:0.01 [1]:0.00 [2]:0.00 [3]:0.00 
Mutation success rates: [0]:0.00 [1]:0.04 [2]:0.04 [3]:0.00 [4]:0.02 

+========================================================+
|     INTEGRATED LOCAL SEARCH (Truck + Drone)         |
+========================================================+

[ADAPTIVE LS] Starting Adaptive Local Search with 11 operators...
[ADAPTIVE LS] Initial C_max: 171.62 minutes
[ADAPTIVE LS] Truck routes: 2
[ADAPTIVE LS] Drone trips: 5
[ADAPTIVE LS] Perturbation #1 (diversification)
[ADAPTIVE LS] Perturbation #2 (diversification)

[ADAPTIVE LS] ====== FINAL RESULTS ======
[ADAPTIVE LS] Completed after 50 iterations
[ADAPTIVE LS] Final C_max: 171.62 minutes
[ADAPTIVE LS] Improvements: Truck=0, Drone=0
[ADAPTIVE LS] Perturbations used: 2
[ADAPTIVE LS] No improvement found (solution may be near optimal)

[ADAPTIVE] Operator Performance Statistics:
-------------------------------------------------------------
              Operator  Attempts   Success     Rate(%)    AvgImprv    Weight
-------------------------------------------------------------
            Truck-2Opt        50         0        0.0%        0.00      0.50
            Truck-Swap        50        18       36.0%        9.48      2.05
        Truck-Relocate        50        25       50.0%       14.84      2.66
   Truck-CrossExchange        50         0        0.0%        0.00      0.50
         Drone-Reorder        50         0        0.0%        0.00      0.50
            Drone-Swap        50        25       50.0%       22.02      3.70
            Drone-Move        50         0        0.0%        0.00      0.50
           Drone-Merge        50         9       18.0%       21.28      2.88
           Drone-Split        50         0        0.0%        0.00      0.50
        Drone-Reassign        50         0        0.0%        0.00      0.50
  Drone-InsertIntoTrip        50         4        8.0%       20.81      2.63
-------------------------------------------------------------

+========================================================+
|               FINAL SOLUTION                       |
+========================================================+

+=============================================================+
|              SOLUTION DETAILS (Thoi gian thuc te)          |
+=============================================================+

 TONG QUAN:
   Total Cost (C_max): 171.62 phut
   Feasible: YES

CHI TIET CAC XE TAI:

   +-- Xe 0 --------------------------------------
   | Hoan thanh: 170.89 phut
   | Route: 0(D) -> 2(P) -> 6(DL) -> 9(D) -> 5(D) -> 3(D) -> 0(D)
   | Timeline:
   |    0. Node  0 ( D): Den=   0.0' Roi=   0.0'
   |    1. Node  2 ( P): Den=  26.6' Roi=  29.6'
   |    2. Node  6 (DL): Den=  38.8' Roi=  41.8'
   |    3. Node  9 ( D): Den=  69.9' Roi=  80.8'
   |    4. Node  5 ( D): Den=  86.1' Roi= 112.2'
   |    5. Node  3 ( D): Den= 131.5' Roi= 144.1'
   |    6. Node  0 ( D): Den= 170.9' Roi= 170.9'
   +-----------------------------------------------------

   +-- Xe 1 --------------------------------------
   | Hoan thanh: 171.62 phut
   | Route: 0(D) -> 8(D) -> 0(D) -> 7(D) -> 10(D) -> 1(D) -> 0(D) -> 4(D) -> 0(D)
   | Timeline:
   |    0. Node  0 ( D): Den=   0.0' Roi=   0.0'
   |    1. Node  8 ( D): Den=  28.7' Roi=  31.7'
   |    2. Node  0 ( D): Den=  37.4' Roi=  42.4'
   |    3. Node  7 ( D): Den=  64.3' Roi=  67.3'
   |    4. Node 10 ( D): Den=  91.8' Roi= 102.4'
   |    5. Node  1 ( D): Den= 123.6' Roi= 131.9'
   |    6. Node  0 ( D): Den= 142.7' Roi= 147.7'
   |    7. Node  4 ( D): Den= 158.2' Roi= 161.2'
   |    8. Node  0 ( D): Den= 171.6' Roi= 171.6'
   +-----------------------------------------------------

CHI TIET DRONE RESUPPLY (WITH CONSOLIDATION):

   +-- Resupply Trip #1 ----------------------------------
   | Drone: Drone 0 | Xe: Xe 0
   | So khach hang: 1 customers
   | Customers: Node 9
   | Total flight time: 24.7 phut
   | Timeline:
   |   - Drone roi depot:       63.0 phut
   |   [Customer 9]
   |     - Drone den:          72.8 phut
   |     - Xe den:             69.9 phut
   |     - Bat dau resupply:   72.8 phut
   |     - Ket thuc:           80.8 phut
   |   - Drone ve depot:        90.7 phut
   +-----------------------------------------------------

   +-- Resupply Trip #2 ----------------------------------
   | Drone: Drone 1 | Xe: Xe 1
   | So khach hang: 1 customers
   | Customers: Node 10
   | Total flight time: 27.7 phut
   | Timeline:
   |   - Drone roi depot:       83.0 phut
   |   [Customer 10]
   |     - Drone den:          94.4 phut
   |     - Xe den:             91.8 phut
   |     - Bat dau resupply:   94.4 phut
   |     - Ket thuc:          102.4 phut
   |   - Drone ve depot:       113.7 phut
   +-----------------------------------------------------

   +-- Resupply Trip #3 ----------------------------------
   | Drone: Drone 0 | Xe: Xe 0
   | So khach hang: 1 customers
   | Customers: Node 5
   | Total flight time: 22.0 phut
   | Timeline:
   |   - Drone roi depot:       95.7 phut
   |   [Customer 5]
   |     - Drone den:         104.2 phut
   |     - Xe den:             86.1 phut
   |     - Bat dau resupply:  104.2 phut
   |     - Ket thuc:          112.2 phut
   |   - Drone ve depot:       120.7 phut
   +-----------------------------------------------------

   +-- Resupply Trip #4 ----------------------------------
   | Drone: Drone 1 | Xe: Xe 1
   | So khach hang: 1 customers
   | Customers: Node 1
   | Total flight time: 15.4 phut
   | Timeline:
   |   - Drone roi depot:      118.7 phut
   |   [Customer 1]
   |     - Drone den:         123.9 phut
   |     - Xe den:            123.6 phut
   |     - Bat dau resupply:  123.9 phut
   |     - Ket thuc:          131.9 phut
   |   - Drone ve depot:       137.1 phut
   +-----------------------------------------------------

   +-- Resupply Trip #5 ----------------------------------
   | Drone: Drone 0 | Xe: Xe 0
   | So khach hang: 1 customers
   | Customers: Node 3
   | Total flight time: 25.8 phut
   | Timeline:
   |   - Drone roi depot:      125.7 phut
   |   [Customer 3]
   |     - Drone den:         136.1 phut
   |     - Xe den:            131.5 phut
   |     - Bat dau resupply:  136.1 phut
   |     - Ket thuc:          144.1 phut
   |   - Drone ve depot:       154.5 phut
   +-----------------------------------------------------

 THOI GIAN HOAN THANH CAC DRONE:
   Drone 0: 154.50 phut
   Drone 1: 137.09 phut

=============================================================

=========================================
SUMMARY:
  Cost before Local Search: 171.62 minutes
  Cost after Local Search: 171.62 minutes
  Total Penalty: 0.00
  Feasible: YES
  Resupply Events: 5
=========================================
