
+========================================================+
|     PDP SOLVER - GA + TABU SEARCH                  |
+========================================================+

Reading instance: U_10_3.0_Num_5_pd.txt
Reading: U_10_3.0_Num_5_pd.txt
Truck (Manhattan) and Drone (Euclidean) distance matrices built.
Loaded 11 nodes, 10 customers.

Instance details:
  Customers: 10
  Trucks: 2
  Drones: 2
  Drone endurance: 90 minutes

=========================================
  GENETIC ALGORITHM + TABU SEARCH (PDP)
=========================================
Population size: 50
Max generations: 50
Base mutation rate: 0.1 (adaptive)
Tabu threshold: 10% of max gen without improvement
Adaptive operators: ENABLED

[1] Initializing population...
PDP Population distribution (NO SEPARATOR):
   Random: 5
   Greedy Time: 15
   Sweep: 15
   Nearest Neighbor: 15
Generated 50 PDP individuals (sequence only, no separators)
Initial best cost: 399.12 (penalty: 0.00)
Gen 1: New best = 394.60 (penalty: 0.00, mut_rate: 0.100)
Gen 3: New best = 389.85 (penalty: 0.00, mut_rate: 0.100)

[TABU] No improvement for 2 generations. Applying Tabu Search...
[TABU] After Tabu Search: 389.85 (penalty: 0.00)

[TABU] No improvement for 2 generations. Applying Tabu Search...
[TABU] After Tabu Search: 389.85 (penalty: 0.00)

[TABU] No improvement for 2 generations. Applying Tabu Search...
[TABU] After Tabu Search: 389.85 (penalty: 0.00)
[ADAPT] Gen 10 - Crossover rates: 0.39 0.32 0.10 0.40 , Mutation rate: 0.120

[TABU] No improvement for 2 generations. Applying Tabu Search...
[TABU] After Tabu Search: 389.85 (penalty: 0.00)

[TABU] No improvement for 2 generations. Applying Tabu Search...
[TABU] After Tabu Search: 389.85 (penalty: 0.00)

[TABU] No improvement for 2 generations. Applying Tabu Search...
[TABU] After Tabu Search: 389.85 (penalty: 0.00)

[TABU] No improvement for 2 generations. Applying Tabu Search...
[TABU] After Tabu Search: 389.85 (penalty: 0.00)

[TABU] No improvement for 2 generations. Applying Tabu Search...
[TABU] After Tabu Search: 389.85 (penalty: 0.00)
[ADAPT] Gen 20 - Crossover rates: 0.39 0.34 0.10 0.37 , Mutation rate: 0.173

[TABU] No improvement for 2 generations. Applying Tabu Search...
[TABU] After Tabu Search: 389.85 (penalty: 0.00)

[TABU] No improvement for 2 generations. Applying Tabu Search...
[TABU] After Tabu Search: 389.85 (penalty: 0.00)

[TABU] No improvement for 2 generations. Applying Tabu Search...
[TABU] After Tabu Search: 389.85 (penalty: 0.00)

[TABU] No improvement for 2 generations. Applying Tabu Search...
[TABU] After Tabu Search: 389.85 (penalty: 0.00)

[TABU] No improvement for 2 generations. Applying Tabu Search...
[TABU] After Tabu Search: 389.85 (penalty: 0.00)
[ADAPT] Gen 30 - Crossover rates: 0.37 0.34 0.10 0.39 , Mutation rate: 0.249

[TABU] No improvement for 2 generations. Applying Tabu Search...
[TABU] After Tabu Search: 389.85 (penalty: 0.00)

[TABU] No improvement for 2 generations. Applying Tabu Search...
[TABU] After Tabu Search: 389.85 (penalty: 0.00)

[TABU] No improvement for 2 generations. Applying Tabu Search...
[TABU] After Tabu Search: 389.85 (penalty: 0.00)

[TABU] No improvement for 2 generations. Applying Tabu Search...
[TABU] After Tabu Search: 389.85 (penalty: 0.00)

[TABU] No improvement for 2 generations. Applying Tabu Search...
[TABU] After Tabu Search: 389.85 (penalty: 0.00)
[ADAPT] Gen 40 - Crossover rates: 0.37 0.34 0.10 0.39 , Mutation rate: 0.358

[TABU] No improvement for 2 generations. Applying Tabu Search...
[TABU] After Tabu Search: 389.85 (penalty: 0.00)

[TABU] No improvement for 2 generations. Applying Tabu Search...
[TABU] After Tabu Search: 389.85 (penalty: 0.00)

[TABU] No improvement for 2 generations. Applying Tabu Search...
[TABU] After Tabu Search: 389.85 (penalty: 0.00)

[TABU] No improvement for 2 generations. Applying Tabu Search...
[TABU] After Tabu Search: 389.85 (penalty: 0.00)

[TABU] No improvement for 2 generations. Applying Tabu Search...
[TABU] After Tabu Search: 389.85 (penalty: 0.00)

=========================================
  GA + TABU COMPLETED
=========================================
Final best cost: 389.85 (penalty: 0.00)

[ADAPTIVE STATS]
Final mutation rate: 0.430
Crossover success rates: [0]:0.01 [1]:0.01 [2]:0.00 [3]:0.01 
Mutation success rates: [0]:0.04 [1]:0.00 [2]:0.01 [3]:0.01 [4]:0.03 

+========================================================+
|     INTEGRATED LOCAL SEARCH (Truck + Drone)         |
+========================================================+

[ADAPTIVE LS] Starting Adaptive Local Search with 11 operators...
[ADAPTIVE LS] Initial C_max: 389.85 minutes
[ADAPTIVE LS] Truck routes: 2
[ADAPTIVE LS] Drone trips: 3
[ADAPTIVE LS] Perturbation #1 (diversification)
[ADAPTIVE LS] Iter 25: Drone improved to 370.95 min

[ADAPTIVE LS] ====== FINAL RESULTS ======
[ADAPTIVE LS] Completed after 50 iterations
[ADAPTIVE LS] Final C_max: 370.95 minutes
[ADAPTIVE LS] Improvements: Truck=0, Drone=1
[ADAPTIVE LS] Perturbations used: 1
[ADAPTIVE LS] Total improvement: 18.91 minutes (4.8%)

[ADAPTIVE] Operator Performance Statistics:
-------------------------------------------------------------
              Operator  Attempts   Success     Rate(%)    AvgImprv    Weight
-------------------------------------------------------------
            Truck-2Opt        50         0        0.0%        0.00      0.50
            Truck-Swap        50         0        0.0%        0.00      0.50
        Truck-Relocate        50         1        2.0%       71.88      5.00
   Truck-CrossExchange        50         0        0.0%        0.00      0.50
         Drone-Reorder        50         0        0.0%        0.00      0.50
            Drone-Swap        50         1        2.0%      110.94      5.00
            Drone-Move        50         0        0.0%        0.00      0.50
           Drone-Merge        50         0        0.0%        0.00      0.50
           Drone-Split        50         0        0.0%        0.00      0.50
        Drone-Reassign        50         1        2.0%       22.53      2.80
  Drone-InsertIntoTrip        50         0        0.0%        0.00      0.50
-------------------------------------------------------------

+========================================================+
|               FINAL SOLUTION                       |
+========================================================+

+=============================================================+
|              SOLUTION DETAILS (Thoi gian thuc te)          |
+=============================================================+

 TONG QUAN:
   Total Cost (C_max): 370.95 phut
   Feasible: YES

CHI TIET CAC XE TAI:

   +-- Xe 0 --------------------------------------
   | Hoan thanh: 229.76 phut
   | Route: 0(D) -> 4(D) -> 3(D) -> 8(D) -> 0(D) -> 0(D) -> 7(D) -> 9(D) -> 0(D)
   | Timeline:
   |    0. Node  0 ( D): Den=   0.0' Roi=   0.0'
   |    1. Node  4 ( D): Den=  19.0' Roi=  22.0'
   |    2. Node  3 ( D): Den=  45.3' Roi=  48.3'
   |    3. Node  8 ( D): Den=  80.5' Roi= 120.7'
   |    4. Node  0 ( D): Den= 152.9' Roi= 157.9'
   |    5. Node  0 ( D): Den= 157.9' Roi= 162.9'
   |    6. Node  7 ( D): Den= 182.7' Roi= 185.7'
   |    7. Node  9 ( D): Den= 202.5' Roi= 205.5'
   |    8. Node  0 ( D): Den= 224.8' Roi= 229.8'
   +-----------------------------------------------------

   +-- Xe 1 --------------------------------------
   | Hoan thanh: 192.32 phut
   | Route: 0(D) -> 6(D) -> 2(P) -> 5(DL) -> 0(D) -> 1(D) -> 10(D) -> 0(D)
   | Timeline:
   |    0. Node  0 ( D): Den=   0.0' Roi=   0.0'
   |    1. Node  6 ( D): Den=  23.7' Roi=  26.7'
   |    2. Node  2 ( P): Den=  72.5' Roi=  75.5'
   |    3. Node  5 (DL): Den=  93.6' Roi=  96.6'
   |    4. Node  0 ( D): Den= 107.4' Roi= 112.4'
   |    5. Node  1 ( D): Den= 129.7' Roi= 132.7'
   |    6. Node 10 ( D): Den= 154.4' Roi= 157.4'
   |    7. Node  0 ( D): Den= 187.3' Roi= 192.3'
   +-----------------------------------------------------

CHI TIET DRONE RESUPPLY (WITH CONSOLIDATION):

   +-- Resupply Trip #1 ----------------------------------
   | Drone: Drone 1 | Xe: Xe 0
   | So khach hang: 1 customers
   | Customers: Node 10
   | Total flight time: 26.9 phut
   | Timeline:
   |   - Drone roi depot:      341.0 phut
   |   [Customer 10]
   |     - Drone den:         352.0 phut
   |     - Xe den:             29.9 phut
   |     - Bat dau resupply:  352.0 phut
   |     - Ket thuc:          360.0 phut
   |   - Drone ve depot:       370.9 phut
   +-----------------------------------------------------

   +-- Resupply Trip #2 ----------------------------------
   | Drone: Drone 0 | Xe: Xe 0
   | So khach hang: 1 customers
   | Customers: Node 8
   | Total flight time: 75.2 phut
   | Timeline:
   |   - Drone roi depot:       54.0 phut
   |   [Customer 8]
   |     - Drone den:          65.4 phut
   |     - Xe den:            112.7 phut
   |     - Bat dau resupply:  112.7 phut
   |     - Ket thuc:          120.7 phut
   |   - Drone ve depot:       132.2 phut
   +-----------------------------------------------------

   +-- Resupply Trip #3 ----------------------------------
   | Drone: Drone 0 | Xe: Xe 1
   | So khach hang: 1 customers
   | Customers: Node 3
   | Total flight time: 14.5 phut
   | Timeline:
   |   - Drone roi depot:      137.2 phut
   |   [Customer 3]
   |     - Drone den:         141.9 phut
   |     - Xe den:             13.5 phut
   |     - Bat dau resupply:  141.9 phut
   |     - Ket thuc:          149.9 phut
   |   - Drone ve depot:       154.7 phut
   +-----------------------------------------------------

 THOI GIAN HOAN THANH CAC DRONE:
   Drone 0: 370.95 phut
   Drone 1: 0.00 phut

=============================================================

=========================================
SUMMARY:
  Cost before Local Search: 389.85 minutes
  Cost after Local Search: 370.95 minutes
  Improvement by LS: 18.91 minutes (4.8%)
  Total Penalty: 0.0
  Feasible: YES
  Resupply Events: 3
=========================================
