
+========================================================+
|     PDP SOLVER - GA + TABU SEARCH                  |
+========================================================+

Reading instance: U_10_1.5_Num_2_pd.txt
Reading: U_10_1.5_Num_2_pd.txt
Truck (Manhattan) and Drone (Euclidean) distance matrices built.
Loaded 11 nodes, 10 customers.

Instance details:
  Customers: 10
  Trucks: 2
  Drones: 2
  Drone endurance: 90 minutes

=========================================
  GENETIC ALGORITHM + TABU SEARCH (PDP)
=========================================
Population size: 50
Max generations: 50
Base mutation rate: 0.1 (adaptive)
Tabu threshold: 10% of max gen without improvement
Adaptive operators: ENABLED

[1] Initializing population...
PDP Population distribution (NO SEPARATOR):
   Random: 5
   Greedy Time: 15
   Sweep: 15
   Nearest Neighbor: 15
Generated 50 PDP individuals (sequence only, no separators)
Initial best cost: 214.68 (penalty: 0.00)
Gen 0: New best = 210.04 (penalty: 0.00, mut_rate: 0.100)
Gen 1: New best = 198.48 (penalty: 0.00, mut_rate: 0.100)
Gen 3: New best = 187.44 (penalty: 0.00, mut_rate: 0.100)

[TABU] No improvement for 2 generations. Applying Tabu Search...
  Tabu iter 50: best=157.479 current=161.412
[TABU] After Tabu Search: 157.48 (penalty: 0.00)

[TABU] No improvement for 2 generations. Applying Tabu Search...
[TABU] After Tabu Search: 157.48 (penalty: 0.00)

[TABU] No improvement for 2 generations. Applying Tabu Search...
[TABU] After Tabu Search: 157.48 (penalty: 0.00)
[ADAPT] Gen 10 - Crossover rates: 0.32 0.39 0.10 0.40 , Mutation rate: 0.120

[TABU] No improvement for 2 generations. Applying Tabu Search...
[TABU] After Tabu Search: 157.48 (penalty: 0.00)

[TABU] No improvement for 2 generations. Applying Tabu Search...
[TABU] After Tabu Search: 157.48 (penalty: 0.00)

[TABU] No improvement for 2 generations. Applying Tabu Search...
[TABU] After Tabu Search: 157.48 (penalty: 0.00)

[TABU] No improvement for 2 generations. Applying Tabu Search...
[TABU] After Tabu Search: 157.48 (penalty: 0.00)

[TABU] No improvement for 2 generations. Applying Tabu Search...
[TABU] After Tabu Search: 157.48 (penalty: 0.00)
[ADAPT] Gen 20 - Crossover rates: 0.33 0.39 0.10 0.38 , Mutation rate: 0.173

[TABU] No improvement for 2 generations. Applying Tabu Search...
[TABU] After Tabu Search: 157.48 (penalty: 0.00)

[TABU] No improvement for 2 generations. Applying Tabu Search...
[TABU] After Tabu Search: 157.48 (penalty: 0.00)

[TABU] No improvement for 2 generations. Applying Tabu Search...
[TABU] After Tabu Search: 157.48 (penalty: 0.00)

[TABU] No improvement for 2 generations. Applying Tabu Search...
[TABU] After Tabu Search: 157.48 (penalty: 0.00)

[TABU] No improvement for 2 generations. Applying Tabu Search...
[TABU] After Tabu Search: 157.48 (penalty: 0.00)
[ADAPT] Gen 30 - Crossover rates: 0.32 0.39 0.10 0.40 , Mutation rate: 0.249

[TABU] No improvement for 2 generations. Applying Tabu Search...
[TABU] After Tabu Search: 157.48 (penalty: 0.00)

[TABU] No improvement for 2 generations. Applying Tabu Search...
[TABU] After Tabu Search: 157.48 (penalty: 0.00)

[TABU] No improvement for 2 generations. Applying Tabu Search...
[TABU] After Tabu Search: 157.48 (penalty: 0.00)

[TABU] No improvement for 2 generations. Applying Tabu Search...
[TABU] After Tabu Search: 157.48 (penalty: 0.00)

[TABU] No improvement for 2 generations. Applying Tabu Search...
[TABU] After Tabu Search: 157.48 (penalty: 0.00)
[ADAPT] Gen 40 - Crossover rates: 0.32 0.38 0.10 0.39 , Mutation rate: 0.358

[TABU] No improvement for 2 generations. Applying Tabu Search...
[TABU] After Tabu Search: 157.48 (penalty: 0.00)

[TABU] No improvement for 2 generations. Applying Tabu Search...
[TABU] After Tabu Search: 157.48 (penalty: 0.00)

[TABU] No improvement for 2 generations. Applying Tabu Search...
[TABU] After Tabu Search: 157.48 (penalty: 0.00)

[TABU] No improvement for 2 generations. Applying Tabu Search...
[TABU] After Tabu Search: 157.48 (penalty: 0.00)

[TABU] No improvement for 2 generations. Applying Tabu Search...
[TABU] After Tabu Search: 157.48 (penalty: 0.00)

=========================================
  GA + TABU COMPLETED
=========================================
Final best cost: 157.48 (penalty: 0.00)

[ADAPTIVE STATS]
Final mutation rate: 0.430
Crossover success rates: [0]:0.00 [1]:0.00 [2]:0.00 [3]:0.00 
Mutation success rates: [0]:0.00 [1]:0.02 [2]:0.03 [3]:0.04 [4]:0.00 

+========================================================+
|     INTEGRATED LOCAL SEARCH (Truck + Drone)         |
+========================================================+

[ADAPTIVE LS] Starting Adaptive Local Search with 11 operators...
[ADAPTIVE LS] Initial C_max: 157.48 minutes
[ADAPTIVE LS] Truck routes: 2
[ADAPTIVE LS] Drone trips: 5
[ADAPTIVE LS] Perturbation #1 (diversification)
[ADAPTIVE LS] Perturbation #2 (diversification)

[ADAPTIVE LS] ====== FINAL RESULTS ======
[ADAPTIVE LS] Completed after 50 iterations
[ADAPTIVE LS] Final C_max: 157.48 minutes
[ADAPTIVE LS] Improvements: Truck=0, Drone=0
[ADAPTIVE LS] Perturbations used: 2
[ADAPTIVE LS] No improvement found (solution may be near optimal)

[ADAPTIVE] Operator Performance Statistics:
-------------------------------------------------------------
              Operator  Attempts   Success     Rate(%)    AvgImprv    Weight
-------------------------------------------------------------
            Truck-2Opt        50         0        0.0%        0.00      0.50
            Truck-Swap        50         0        0.0%        0.00      0.50
        Truck-Relocate        50         0        0.0%        0.00      0.50
   Truck-CrossExchange        50         0        0.0%        0.00      0.50
         Drone-Reorder        50         0        0.0%        0.00      0.50
            Drone-Swap        50        25       50.0%        3.96      1.65
            Drone-Move        50         0        0.0%        0.00      0.50
           Drone-Merge        50         0        0.0%        0.00      0.50
           Drone-Split        50         0        0.0%        0.00      0.50
        Drone-Reassign        50         0        0.0%        0.00      0.50
  Drone-InsertIntoTrip        50         0        0.0%        0.00      0.50
-------------------------------------------------------------

+========================================================+
|               FINAL SOLUTION                       |
+========================================================+

+=============================================================+
|              SOLUTION DETAILS (Thoi gian thuc te)          |
+=============================================================+

 TONG QUAN:
   Total Cost (C_max): 157.48 phut
   Feasible: YES

CHI TIET CAC XE TAI:

   +-- Xe 0 --------------------------------------
   | Hoan thanh: 157.48 phut
   | Route: 0(D) -> 3(D) -> 9(D) -> 10(D) -> 6(D) -> 0(D)
   | Timeline:
   |    0. Node  0 ( D): Den=   0.0' Roi=   0.0'
   |    1. Node  3 ( D): Den=  29.2' Roi=  32.2'
   |    2. Node  9 ( D): Den=  59.9' Roi=  67.9'
   |    3. Node 10 ( D): Den=  59.5' Roi=  78.1'
   |    4. Node  6 ( D): Den= 113.2' Roi= 121.2'
   |    5. Node  0 ( D): Den= 157.5' Roi= 157.5'
   +-----------------------------------------------------

   +-- Xe 1 --------------------------------------
   | Hoan thanh: 156.15 phut
   | Route: 0(D) -> 8(P) -> 4(DL) -> 5(D) -> 7(D) -> 1(D) -> 2(D) -> 0(D)
   | Timeline:
   |    0. Node  0 ( D): Den=   0.0' Roi=   0.0'
   |    1. Node  8 ( P): Den=  10.9' Roi=  13.9'
   |    2. Node  4 (DL): Den=  31.1' Roi=  34.1'
   |    3. Node  5 ( D): Den=  57.9' Roi=  65.9'
   |    4. Node  7 ( D): Den=  77.1' Roi=  92.2'
   |    5. Node  1 ( D): Den= 114.8' Roi= 123.4'
   |    6. Node  2 ( D): Den= 125.4' Roi= 140.4'
   |    7. Node  0 ( D): Den= 156.1' Roi= 156.1'
   +-----------------------------------------------------

CHI TIET DRONE RESUPPLY (WITH CONSOLIDATION):

   +-- Resupply Trip #1 ----------------------------------
   | Drone: Drone 0 | Xe: Xe 0
   | So khach hang: 2 customers
   | Customers: Node 9, Node 10
   | Total flight time: 39.6 phut
   | Timeline:
   |   - Drone roi depot:       39.0 phut
   |   [Customer 9]
   |     - Drone den:          47.5 phut
   |     - Xe den:             59.9 phut
   |     - Bat dau resupply:   59.9 phut
   |     - Ket thuc:           67.9 phut
   |   [Customer 10]
   |     - Drone den:          70.1 phut
   |     - Xe den:             59.5 phut
   |     - Bat dau resupply:   70.1 phut
   |     - Ket thuc:           78.1 phut
   |   - Drone ve depot:        84.6 phut
   +-----------------------------------------------------

   +-- Resupply Trip #2 ----------------------------------
   | Drone: Drone 1 | Xe: Xe 1
   | So khach hang: 1 customers
   | Customers: Node 5
   | Total flight time: 27.2 phut
   | Timeline:
   |   - Drone roi depot:       42.0 phut
   |   [Customer 5]
   |     - Drone den:          48.3 phut
   |     - Xe den:             57.9 phut
   |     - Bat dau resupply:   57.9 phut
   |     - Ket thuc:           65.9 phut
   |   - Drone ve depot:        72.2 phut
   +-----------------------------------------------------

   +-- Resupply Trip #3 ----------------------------------
   | Drone: Drone 1 | Xe: Xe 1
   | So khach hang: 1 customers
   | Customers: Node 7
   | Total flight time: 18.9 phut
   | Timeline:
   |   - Drone roi depot:       77.2 phut
   |   [Customer 7]
   |     - Drone den:          84.2 phut
   |     - Xe den:             77.1 phut
   |     - Bat dau resupply:   84.2 phut
   |     - Ket thuc:           92.2 phut
   |   - Drone ve depot:        99.2 phut
   +-----------------------------------------------------

   +-- Resupply Trip #4 ----------------------------------
   | Drone: Drone 0 | Xe: Xe 0
   | So khach hang: 1 customers
   | Customers: Node 6
   | Total flight time: 41.5 phut
   | Timeline:
   |   - Drone roi depot:       89.6 phut
   |   [Customer 6]
   |     - Drone den:         102.4 phut
   |     - Xe den:            113.2 phut
   |     - Bat dau resupply:  113.2 phut
   |     - Ket thuc:          121.2 phut
   |   - Drone ve depot:       134.1 phut
   +-----------------------------------------------------

   +-- Resupply Trip #5 ----------------------------------
   | Drone: Drone 1 | Xe: Xe 1
   | So khach hang: 2 customers
   | Customers: Node 1, Node 2
   | Total flight time: 36.9 phut
   | Timeline:
   |   - Drone roi depot:      104.2 phut
   |   [Customer 1]
   |     - Drone den:         115.4 phut
   |     - Xe den:            114.8 phut
   |     - Bat dau resupply:  115.4 phut
   |     - Ket thuc:          123.4 phut
   |   [Customer 2]
   |     - Drone den:         132.4 phut
   |     - Xe den:            125.4 phut
   |     - Bat dau resupply:  132.4 phut
   |     - Ket thuc:          140.4 phut
   |   - Drone ve depot:       147.0 phut
   +-----------------------------------------------------

 THOI GIAN HOAN THANH CAC DRONE:
   Drone 0: 134.07 phut
   Drone 1: 147.05 phut

=============================================================

=========================================
SUMMARY:
  Cost before Local Search: 157.48 minutes
  Cost after Local Search: 157.48 minutes
  Total Penalty: 0.00
  Feasible: YES
  Resupply Events: 5
=========================================
