
+========================================================+
|     PDP SOLVER - GA + TABU SEARCH                  |
+========================================================+

Reading instance: U_10_2.5_Num_6_pd.txt
Reading: U_10_2.5_Num_6_pd.txt
Truck (Manhattan) and Drone (Euclidean) distance matrices built.
Loaded 11 nodes, 10 customers.

Instance details:
  Customers: 10
  Trucks: 2
  Drones: 2
  Drone endurance: 90 minutes

=========================================
  GENETIC ALGORITHM + TABU SEARCH (PDP)
=========================================
Population size: 50
Max generations: 50
Base mutation rate: 0.1 (adaptive)
Tabu threshold: 10% of max gen without improvement
Adaptive operators: ENABLED

[1] Initializing population...
PDP Population distribution (NO SEPARATOR):
   Random: 5
   Greedy Time: 15
   Sweep: 15
   Nearest Neighbor: 15
Generated 50 PDP individuals (sequence only, no separators)
Initial best cost: 510.72 (penalty: 0.00)
Gen 0: New best = 486.66 (penalty: 0.00, mut_rate: 0.100)

[TABU] No improvement for 2 generations. Applying Tabu Search...
[TABU] After Tabu Search: 479.64 (penalty: 0.00)

[TABU] No improvement for 2 generations. Applying Tabu Search...
[TABU] After Tabu Search: 479.64 (penalty: 0.00)

[TABU] No improvement for 2 generations. Applying Tabu Search...
[TABU] After Tabu Search: 479.64 (penalty: 0.00)

[TABU] No improvement for 2 generations. Applying Tabu Search...
[TABU] After Tabu Search: 479.64 (penalty: 0.00)
[ADAPT] Gen 10 - Crossover rates: 0.40 0.41 0.10 0.29 , Mutation rate: 0.120

[TABU] No improvement for 2 generations. Applying Tabu Search...
[TABU] After Tabu Search: 479.64 (penalty: 0.00)

[TABU] No improvement for 2 generations. Applying Tabu Search...
[TABU] After Tabu Search: 479.64 (penalty: 0.00)

[TABU] No improvement for 2 generations. Applying Tabu Search...
  Tabu iter 50: best=479.29 current=482.76
[TABU] After Tabu Search: 479.29 (penalty: 0.00)

[TABU] No improvement for 2 generations. Applying Tabu Search...
[TABU] After Tabu Search: 479.29 (penalty: 0.00)

[TABU] No improvement for 2 generations. Applying Tabu Search...
[TABU] After Tabu Search: 479.29 (penalty: 0.00)
[ADAPT] Gen 20 - Crossover rates: 0.40 0.40 0.10 0.30 , Mutation rate: 0.173

[TABU] No improvement for 2 generations. Applying Tabu Search...
[TABU] After Tabu Search: 479.29 (penalty: 0.00)

[TABU] No improvement for 2 generations. Applying Tabu Search...
[TABU] After Tabu Search: 479.29 (penalty: 0.00)

[TABU] No improvement for 2 generations. Applying Tabu Search...
[TABU] After Tabu Search: 479.29 (penalty: 0.00)

[TABU] No improvement for 2 generations. Applying Tabu Search...
[TABU] After Tabu Search: 479.29 (penalty: 0.00)

[TABU] No improvement for 2 generations. Applying Tabu Search...
[TABU] After Tabu Search: 479.29 (penalty: 0.00)
[ADAPT] Gen 30 - Crossover rates: 0.40 0.40 0.10 0.30 , Mutation rate: 0.249

[TABU] No improvement for 2 generations. Applying Tabu Search...
[TABU] After Tabu Search: 479.29 (penalty: 0.00)

[TABU] No improvement for 2 generations. Applying Tabu Search...
[TABU] After Tabu Search: 479.29 (penalty: 0.00)

[TABU] No improvement for 2 generations. Applying Tabu Search...
[TABU] After Tabu Search: 479.29 (penalty: 0.00)

[TABU] No improvement for 2 generations. Applying Tabu Search...
[TABU] After Tabu Search: 479.29 (penalty: 0.00)

[TABU] No improvement for 2 generations. Applying Tabu Search...
[TABU] After Tabu Search: 479.29 (penalty: 0.00)
[ADAPT] Gen 40 - Crossover rates: 0.40 0.40 0.10 0.30 , Mutation rate: 0.358

[TABU] No improvement for 2 generations. Applying Tabu Search...
[TABU] After Tabu Search: 479.29 (penalty: 0.00)

[TABU] No improvement for 2 generations. Applying Tabu Search...
[TABU] After Tabu Search: 479.29 (penalty: 0.00)

[TABU] No improvement for 2 generations. Applying Tabu Search...
[TABU] After Tabu Search: 479.29 (penalty: 0.00)

[TABU] No improvement for 2 generations. Applying Tabu Search...
[TABU] After Tabu Search: 479.29 (penalty: 0.00)

[TABU] No improvement for 2 generations. Applying Tabu Search...
[TABU] After Tabu Search: 479.29 (penalty: 0.00)

=========================================
  GA + TABU COMPLETED
=========================================
Final best cost: 479.29 (penalty: 0.00)

[ADAPTIVE STATS]
Final mutation rate: 0.430
Crossover success rates: [0]:0.00 [1]:0.00 [2]:0.00 [3]:0.00 
Mutation success rates: [0]:0.03 [1]:0.00 [2]:0.00 [3]:0.03 [4]:0.07 

+========================================================+
|     INTEGRATED LOCAL SEARCH (Truck + Drone)         |
+========================================================+

[ADAPTIVE LS] Starting Adaptive Local Search with 11 operators...
[ADAPTIVE LS] Initial C_max: 479.29 minutes
[ADAPTIVE LS] Truck routes: 2
[ADAPTIVE LS] Drone trips: 1
[ADAPTIVE LS] Perturbation #1 (diversification)
[ADAPTIVE LS] Perturbation #2 (diversification)

[ADAPTIVE LS] ====== FINAL RESULTS ======
[ADAPTIVE LS] Completed after 50 iterations
[ADAPTIVE LS] Final C_max: 479.29 minutes
[ADAPTIVE LS] Improvements: Truck=0, Drone=0
[ADAPTIVE LS] Perturbations used: 2
[ADAPTIVE LS] No improvement found (solution may be near optimal)

[ADAPTIVE] Operator Performance Statistics:
-------------------------------------------------------------
              Operator  Attempts   Success     Rate(%)    AvgImprv    Weight
-------------------------------------------------------------
            Truck-2Opt        50         0        0.0%        0.00      0.50
            Truck-Swap        50         0        0.0%        0.00      0.50
        Truck-Relocate        50         0        0.0%        0.00      0.50
   Truck-CrossExchange        50         0        0.0%        0.00      0.50
         Drone-Reorder        50         0        0.0%        0.00      0.50
            Drone-Swap        50         0        0.0%        0.00      0.50
            Drone-Move        50         0        0.0%        0.00      0.50
           Drone-Merge        50         0        0.0%        0.00      0.50
           Drone-Split        50         0        0.0%        0.00      0.50
        Drone-Reassign        50         0        0.0%        0.00      0.50
  Drone-InsertIntoTrip        50         0        0.0%        0.00      0.50
-------------------------------------------------------------

+========================================================+
|               FINAL SOLUTION                       |
+========================================================+

+=============================================================+
|              SOLUTION DETAILS (Thoi gian thuc te)          |
+=============================================================+

 TONG QUAN:
   Total Cost (C_max): 479.29 phut
   Feasible: YES

CHI TIET CAC XE TAI:

   +-- Xe 0 --------------------------------------
   | Hoan thanh: 463.12 phut
   | Route: 0(D) -> 3(D) -> 0(D) -> 9(D) -> 0(D) -> 8(D) -> 0(D)
   | Timeline:
   |    0. Node  0 ( D): Den=   0.0' Roi=   0.0'
   |    1. Node  3 ( D): Den= 324.8' Roi= 327.8'
   |    2. Node  0 ( D): Den= 354.5' Roi= 359.5'
   |    3. Node  9 ( D): Den= 393.1' Roi= 396.1'
   |    4. Node  0 ( D): Den= 428.2' Roi= 433.2'
   |    5. Node  8 ( D): Den= 446.6' Roi= 449.6'
   |    6. Node  0 ( D): Den= 463.1' Roi= 463.1'
   +-----------------------------------------------------

   +-- Xe 1 --------------------------------------
   | Hoan thanh: 479.29 phut
   | Route: 0(D) -> 6(D) -> 0(D) -> 7(D) -> 1(P) -> 2(DL) -> 0(D) -> 10(D) -> 5(D) -> 4(D) -> 0(D)
   | Timeline:
   |    0. Node  0 ( D): Den=   0.0' Roi=   0.0'
   |    1. Node  6 ( D): Den= 259.0' Roi= 262.0'
   |    2. Node  0 ( D): Den= 285.9' Roi= 290.9'
   |    3. Node  7 ( D): Den= 327.0' Roi= 330.0'
   |    4. Node  1 ( P): Den= 353.0' Roi= 356.0'
   |    5. Node  2 (DL): Den= 357.8' Roi= 360.8'
   |    6. Node  0 ( D): Den= 379.3' Roi= 384.3'
   |    7. Node 10 ( D): Den= 409.7' Roi= 412.7'
   |    8. Node  5 ( D): Den= 416.5' Roi= 450.5'
   |    9. Node  4 ( D): Den= 431.9' Roi= 468.3'
   |   10. Node  0 ( D): Den= 479.3' Roi= 479.3'
   +-----------------------------------------------------

CHI TIET DRONE RESUPPLY (WITH CONSOLIDATION):

   +-- Resupply Trip #1 ----------------------------------
   | Drone: Drone 0 | Xe: Xe 1
   | So khach hang: 2 customers
   | Customers: Node 5, Node 4
   | Total flight time: 34.8 phut
   | Timeline:
   |   - Drone roi depot:      432.0 phut
   |   [Customer 5]
   |     - Drone den:         442.5 phut
   |     - Xe den:            416.5 phut
   |     - Bat dau resupply:  442.5 phut
   |     - Ket thuc:          450.5 phut
   |   [Customer 4]
   |     - Drone den:         460.3 phut
   |     - Xe den:            431.9 phut
   |     - Bat dau resupply:  460.3 phut
   |     - Ket thuc:          468.3 phut
   |   - Drone ve depot:       472.8 phut
   +-----------------------------------------------------

 THOI GIAN HOAN THANH CAC DRONE:
   Drone 0: 472.78 phut
   Drone 1: 0.00 phut

=============================================================

=========================================
SUMMARY:
  Cost before Local Search: 479.29 minutes
  Cost after Local Search: 479.29 minutes
  Total Penalty: 0.00
  Feasible: YES
  Resupply Events: 1
=========================================
