
+========================================================+
|     PDP SOLVER - GA + TABU SEARCH                  |
+========================================================+

Reading instance: U_10_1.0_Num_1_pd.txt
Reading: U_10_1.0_Num_1_pd.txt
Truck (Manhattan) and Drone (Euclidean) distance matrices built.
Loaded 11 nodes, 9 customers.

Instance details:
  Customers: 9
  Trucks: 2
  Drones: 2
  Drone endurance: 90 minutes

=========================================
  GENETIC ALGORITHM + TABU SEARCH (PDP)
=========================================
Population size: 50
Max generations: 50
Base mutation rate: 0.1 (adaptive)
Tabu threshold: 10% of max gen without improvement
Adaptive operators: ENABLED

[1] Initializing population...
PDP Population distribution (NO SEPARATOR):
   Random: 5
   Greedy Time: 15
   Sweep: 15
   Nearest Neighbor: 15
Generated 50 PDP individuals (sequence only, no separators)
Initial best cost: 243.28 (penalty: 0.00)
Gen 0: New best = 204.26 (penalty: 0.00, mut_rate: 0.100)

[TABU] No improvement for 2 generations. Applying Tabu Search...
  Tabu iter 50: best=194.589 current=196.653
[TABU] After Tabu Search: 194.59 (penalty: 0.00)

[TABU] No improvement for 2 generations. Applying Tabu Search...
  Tabu iter 50: best=175.06 current=175.06
[TABU] After Tabu Search: 153.95 (penalty: 0.00)

[TABU] No improvement for 2 generations. Applying Tabu Search...
[TABU] After Tabu Search: 153.95 (penalty: 0.00)

[TABU] No improvement for 2 generations. Applying Tabu Search...
[TABU] After Tabu Search: 153.95 (penalty: 0.00)
[ADAPT] Gen 10 - Crossover rates: 0.42 0.10 0.44 0.24 , Mutation rate: 0.120

[TABU] No improvement for 2 generations. Applying Tabu Search...
[TABU] After Tabu Search: 153.95 (penalty: 0.00)

[TABU] No improvement for 2 generations. Applying Tabu Search...
[TABU] After Tabu Search: 153.95 (penalty: 0.00)

[TABU] No improvement for 2 generations. Applying Tabu Search...
[TABU] After Tabu Search: 153.95 (penalty: 0.00)

[TABU] No improvement for 2 generations. Applying Tabu Search...
[TABU] After Tabu Search: 153.95 (penalty: 0.00)

[TABU] No improvement for 2 generations. Applying Tabu Search...
[TABU] After Tabu Search: 153.95 (penalty: 0.00)
[ADAPT] Gen 20 - Crossover rates: 0.41 0.10 0.42 0.26 , Mutation rate: 0.173

[TABU] No improvement for 2 generations. Applying Tabu Search...
[TABU] After Tabu Search: 153.95 (penalty: 0.00)

[TABU] No improvement for 2 generations. Applying Tabu Search...
[TABU] After Tabu Search: 153.95 (penalty: 0.00)

[TABU] No improvement for 2 generations. Applying Tabu Search...
[TABU] After Tabu Search: 153.95 (penalty: 0.00)

[TABU] No improvement for 2 generations. Applying Tabu Search...
[TABU] After Tabu Search: 153.95 (penalty: 0.00)

[TABU] No improvement for 2 generations. Applying Tabu Search...
[TABU] After Tabu Search: 153.95 (penalty: 0.00)
[ADAPT] Gen 30 - Crossover rates: 0.42 0.10 0.42 0.26 , Mutation rate: 0.249

[TABU] No improvement for 2 generations. Applying Tabu Search...
[TABU] After Tabu Search: 153.95 (penalty: 0.00)

[TABU] No improvement for 2 generations. Applying Tabu Search...
[TABU] After Tabu Search: 153.95 (penalty: 0.00)

[TABU] No improvement for 2 generations. Applying Tabu Search...
[TABU] After Tabu Search: 153.95 (penalty: 0.00)

[TABU] No improvement for 2 generations. Applying Tabu Search...
[TABU] After Tabu Search: 153.95 (penalty: 0.00)

[TABU] No improvement for 2 generations. Applying Tabu Search...
[TABU] After Tabu Search: 153.95 (penalty: 0.00)
[ADAPT] Gen 40 - Crossover rates: 0.42 0.10 0.41 0.26 , Mutation rate: 0.358

[TABU] No improvement for 2 generations. Applying Tabu Search...
[TABU] After Tabu Search: 153.95 (penalty: 0.00)

[TABU] No improvement for 2 generations. Applying Tabu Search...
[TABU] After Tabu Search: 153.95 (penalty: 0.00)

[TABU] No improvement for 2 generations. Applying Tabu Search...
[TABU] After Tabu Search: 153.95 (penalty: 0.00)

[TABU] No improvement for 2 generations. Applying Tabu Search...
[TABU] After Tabu Search: 153.95 (penalty: 0.00)

[TABU] No improvement for 2 generations. Applying Tabu Search...
[TABU] After Tabu Search: 153.95 (penalty: 0.00)

=========================================
  GA + TABU COMPLETED
=========================================
Final best cost: 153.95 (penalty: 0.00)

[ADAPTIVE STATS]
Final mutation rate: 0.430
Crossover success rates: [0]:0.00 [1]:0.00 [2]:0.00 [3]:0.00 
Mutation success rates: [0]:0.03 [1]:0.03 [2]:0.02 [3]:0.00 [4]:0.04 

+========================================================+
|     INTEGRATED LOCAL SEARCH (Truck + Drone)         |
+========================================================+

[ADAPTIVE LS] Starting Adaptive Local Search with 11 operators...
[ADAPTIVE LS] Initial C_max: 153.95 minutes
[ADAPTIVE LS] Truck routes: 2
[ADAPTIVE LS] Drone trips: 5
[ADAPTIVE LS] Perturbation #1 (diversification)
[ADAPTIVE LS] Perturbation #2 (diversification)

[ADAPTIVE LS] ====== FINAL RESULTS ======
[ADAPTIVE LS] Completed after 50 iterations
[ADAPTIVE LS] Final C_max: 153.95 minutes
[ADAPTIVE LS] Improvements: Truck=0, Drone=0
[ADAPTIVE LS] Perturbations used: 2
[ADAPTIVE LS] No improvement found (solution may be near optimal)

[ADAPTIVE] Operator Performance Statistics:
-------------------------------------------------------------
              Operator  Attempts   Success     Rate(%)    AvgImprv    Weight
-------------------------------------------------------------
            Truck-2Opt        50        18       36.0%       27.57      3.91
            Truck-Swap        50        21       42.0%        7.53      1.51
        Truck-Relocate        50        25       50.0%       10.47      2.21
   Truck-CrossExchange        50         0        0.0%        0.00      0.50
         Drone-Reorder        50         0        0.0%        0.00      0.50
            Drone-Swap        50        25       50.0%       10.90      2.35
            Drone-Move        50         0        0.0%        0.00      0.50
           Drone-Merge        50         8       16.0%       16.60      2.41
           Drone-Split        50         0        0.0%        0.00      0.50
        Drone-Reassign        50         6       12.0%        8.39      1.49
  Drone-InsertIntoTrip        50         0        0.0%        0.00      0.50
-------------------------------------------------------------

+========================================================+
|               FINAL SOLUTION                       |
+========================================================+

+=============================================================+
|              SOLUTION DETAILS (Thoi gian thuc te)          |
+=============================================================+

 TONG QUAN:
   Total Cost (C_max): 153.95 phut
   Feasible: YES

CHI TIET CAC XE TAI:

   +-- Xe 0 --------------------------------------
   | Hoan thanh: 153.69 phut
   | Route: 0(D) -> 8(D) -> 3(D) -> 10(D) -> 5(D) -> 7(D) -> 0(D)
   | Timeline:
   |    0. Node  0 ( D): Den=   0.0' Roi=   0.0'
   |    1. Node  8 ( D): Den=  40.0' Roi=  43.0'
   |    2. Node  3 ( D): Den=  67.5' Roi=  80.6'
   |    3. Node 10 ( D): Den=  93.8' Roi= 113.4'
   |    4. Node  5 ( D): Den= 118.4' Roi= 126.4'
   |    5. Node  7 ( D): Den= 134.9' Roi= 142.9'
   |    6. Node  0 ( D): Den= 153.7' Roi= 153.7'
   +-----------------------------------------------------

   +-- Xe 1 --------------------------------------
   | Hoan thanh: 153.95 phut
   | Route: 0(D) -> 9(P) -> 1(DL) -> 2(D) -> 0(D) -> 4(D) -> 0(D)
   | Timeline:
   |    0. Node  0 ( D): Den=   0.0' Roi=   0.0'
   |    1. Node  9 ( P): Den=  16.6' Roi=  19.6'
   |    2. Node  1 (DL): Den=  65.9' Roi=  68.9'
   |    3. Node  2 ( D): Den=  84.8' Roi=  94.0'
   |    4. Node  0 ( D): Den= 111.6' Roi= 116.6'
   |    5. Node  4 ( D): Den= 133.8' Roi= 136.8'
   |    6. Node  0 ( D): Den= 154.0' Roi= 154.0'
   +-----------------------------------------------------

CHI TIET DRONE RESUPPLY (WITH CONSOLIDATION):

   +-- Resupply Trip #1 ----------------------------------
   | Drone: Drone 0 | Xe: Xe 0
   | So khach hang: 1 customers
   | Customers: Node 3
   | Total flight time: 26.2 phut
   | Timeline:
   |   - Drone roi depot:       62.0 phut
   |   [Customer 3]
   |     - Drone den:          72.6 phut
   |     - Xe den:             67.5 phut
   |     - Bat dau resupply:   72.6 phut
   |     - Ket thuc:           80.6 phut
   |   - Drone ve depot:        91.2 phut
   +-----------------------------------------------------

   +-- Resupply Trip #2 ----------------------------------
   | Drone: Drone 1 | Xe: Xe 1
   | So khach hang: 1 customers
   | Customers: Node 2
   | Total flight time: 20.9 phut
   | Timeline:
   |   - Drone roi depot:       78.0 phut
   |   [Customer 2]
   |     - Drone den:          86.0 phut
   |     - Xe den:             84.8 phut
   |     - Bat dau resupply:   86.0 phut
   |     - Ket thuc:           94.0 phut
   |   - Drone ve depot:       101.9 phut
   +-----------------------------------------------------

   +-- Resupply Trip #3 ----------------------------------
   | Drone: Drone 0 | Xe: Xe 0
   | So khach hang: 1 customers
   | Customers: Node 10
   | Total flight time: 17.8 phut
   | Timeline:
   |   - Drone roi depot:       99.0 phut
   |   [Customer 10]
   |     - Drone den:         105.4 phut
   |     - Xe den:             93.8 phut
   |     - Bat dau resupply:  105.4 phut
   |     - Ket thuc:          113.4 phut
   |   - Drone ve depot:       119.8 phut
   +-----------------------------------------------------

   +-- Resupply Trip #4 ----------------------------------
   | Drone: Drone 1 | Xe: Xe 0
   | So khach hang: 1 customers
   | Customers: Node 5
   | Total flight time: 20.3 phut
   | Timeline:
   |   - Drone roi depot:      110.0 phut
   |   [Customer 5]
   |     - Drone den:         116.9 phut
   |     - Xe den:            118.4 phut
   |     - Bat dau resupply:  118.4 phut
   |     - Ket thuc:          126.4 phut
   |   - Drone ve depot:       133.3 phut
   +-----------------------------------------------------

   +-- Resupply Trip #5 ----------------------------------
   | Drone: Drone 0 | Xe: Xe 0
   | So khach hang: 1 customers
   | Customers: Node 7
   | Total flight time: 20.4 phut
   | Timeline:
   |   - Drone roi depot:      124.8 phut
   |   [Customer 7]
   |     - Drone den:         130.2 phut
   |     - Xe den:            134.9 phut
   |     - Bat dau resupply:  134.9 phut
   |     - Ket thuc:          142.9 phut
   |   - Drone ve depot:       148.2 phut
   +-----------------------------------------------------

 THOI GIAN HOAN THANH CAC DRONE:
   Drone 0: 148.24 phut
   Drone 1: 133.33 phut

=============================================================

=========================================
SUMMARY:
  Cost before Local Search: 153.95 minutes
  Cost after Local Search: 153.95 minutes
  Total Penalty: 0.00
  Feasible: YES
  Resupply Events: 5
=========================================
