
+========================================================+
|     PDP SOLVER - GA + TABU SEARCH                  |
+========================================================+

Reading instance: U_10_2.5_Num_1_pd.txt
Reading: U_10_2.5_Num_1_pd.txt
Truck (Manhattan) and Drone (Euclidean) distance matrices built.
Loaded 11 nodes, 10 customers.

Instance details:
  Customers: 10
  Trucks: 2
  Drones: 2
  Drone endurance: 90 minutes

=========================================
  GENETIC ALGORITHM + TABU SEARCH (PDP)
=========================================
Population size: 50
Max generations: 50
Base mutation rate: 0.1 (adaptive)
Tabu threshold: 10% of max gen without improvement
Adaptive operators: ENABLED

[1] Initializing population...
PDP Population distribution (NO SEPARATOR):
   Random: 5
   Greedy Time: 15
   Sweep: 15
   Nearest Neighbor: 15
Generated 50 PDP individuals (sequence only, no separators)
Initial best cost: 335.04 (penalty: 0.00)

[TABU] No improvement for 2 generations. Applying Tabu Search...
  Tabu iter 50: best=297.88 current=297.88
[TABU] After Tabu Search: 297.88 (penalty: 0.00)

[TABU] No improvement for 2 generations. Applying Tabu Search...
[TABU] After Tabu Search: 297.88 (penalty: 0.00)

[TABU] No improvement for 2 generations. Applying Tabu Search...
[TABU] After Tabu Search: 297.88 (penalty: 0.00)

[TABU] No improvement for 2 generations. Applying Tabu Search...
[TABU] After Tabu Search: 297.88 (penalty: 0.00)

[TABU] No improvement for 2 generations. Applying Tabu Search...
  Tabu iter 50: best=297.71 current=297.88
[TABU] After Tabu Search: 297.71 (penalty: 0.00)
[ADAPT] Gen 10 - Crossover rates: 0.25 0.33 0.10 0.53 , Mutation rate: 0.144

[TABU] No improvement for 2 generations. Applying Tabu Search...
[TABU] After Tabu Search: 297.71 (penalty: 0.00)

[TABU] No improvement for 2 generations. Applying Tabu Search...
[TABU] After Tabu Search: 297.71 (penalty: 0.00)

[TABU] No improvement for 2 generations. Applying Tabu Search...
[TABU] After Tabu Search: 297.71 (penalty: 0.00)

[TABU] No improvement for 2 generations. Applying Tabu Search...
[TABU] After Tabu Search: 297.71 (penalty: 0.00)

[TABU] No improvement for 2 generations. Applying Tabu Search...
[TABU] After Tabu Search: 297.71 (penalty: 0.00)
[ADAPT] Gen 20 - Crossover rates: 0.25 0.34 0.10 0.51 , Mutation rate: 0.207

[TABU] No improvement for 2 generations. Applying Tabu Search...
[TABU] After Tabu Search: 297.71 (penalty: 0.00)

[TABU] No improvement for 2 generations. Applying Tabu Search...
[TABU] After Tabu Search: 297.71 (penalty: 0.00)

[TABU] No improvement for 2 generations. Applying Tabu Search...
[TABU] After Tabu Search: 297.71 (penalty: 0.00)

[TABU] No improvement for 2 generations. Applying Tabu Search...
[TABU] After Tabu Search: 297.71 (penalty: 0.00)

[TABU] No improvement for 2 generations. Applying Tabu Search...
[TABU] After Tabu Search: 297.71 (penalty: 0.00)
[ADAPT] Gen 30 - Crossover rates: 0.25 0.35 0.10 0.50 , Mutation rate: 0.299

[TABU] No improvement for 2 generations. Applying Tabu Search...
[TABU] After Tabu Search: 297.71 (penalty: 0.00)

[TABU] No improvement for 2 generations. Applying Tabu Search...
[TABU] After Tabu Search: 297.71 (penalty: 0.00)

[TABU] No improvement for 2 generations. Applying Tabu Search...
[TABU] After Tabu Search: 297.71 (penalty: 0.00)

[TABU] No improvement for 2 generations. Applying Tabu Search...
[TABU] After Tabu Search: 297.71 (penalty: 0.00)

[TABU] No improvement for 2 generations. Applying Tabu Search...
[TABU] After Tabu Search: 297.71 (penalty: 0.00)
[ADAPT] Gen 40 - Crossover rates: 0.25 0.35 0.10 0.50 , Mutation rate: 0.430

[TABU] No improvement for 2 generations. Applying Tabu Search...
[TABU] After Tabu Search: 297.71 (penalty: 0.00)

[TABU] No improvement for 2 generations. Applying Tabu Search...
[TABU] After Tabu Search: 297.71 (penalty: 0.00)

[TABU] No improvement for 2 generations. Applying Tabu Search...
[TABU] After Tabu Search: 297.71 (penalty: 0.00)

[TABU] No improvement for 2 generations. Applying Tabu Search...
[TABU] After Tabu Search: 297.71 (penalty: 0.00)

[TABU] No improvement for 2 generations. Applying Tabu Search...
[TABU] After Tabu Search: 297.71 (penalty: 0.00)

=========================================
  GA + TABU COMPLETED
=========================================
Final best cost: 297.71 (penalty: 0.00)

[ADAPTIVE STATS]
Final mutation rate: 0.500
Crossover success rates: [0]:0.00 [1]:0.00 [2]:0.00 [3]:0.00 
Mutation success rates: [0]:0.02 [1]:0.05 [2]:0.05 [3]:0.03 [4]:0.03 

+========================================================+
|     INTEGRATED LOCAL SEARCH (Truck + Drone)         |
+========================================================+

[ADAPTIVE LS] Starting Adaptive Local Search with 11 operators...
[ADAPTIVE LS] Initial C_max: 297.71 minutes
[ADAPTIVE LS] Truck routes: 2
[ADAPTIVE LS] Drone trips: 4
[ADAPTIVE LS] Perturbation #1 (diversification)
[ADAPTIVE LS] Perturbation #2 (diversification)

[ADAPTIVE LS] ====== FINAL RESULTS ======
[ADAPTIVE LS] Completed after 50 iterations
[ADAPTIVE LS] Final C_max: 297.71 minutes
[ADAPTIVE LS] Improvements: Truck=0, Drone=0
[ADAPTIVE LS] Perturbations used: 2
[ADAPTIVE LS] No improvement found (solution may be near optimal)

[ADAPTIVE] Operator Performance Statistics:
-------------------------------------------------------------
              Operator  Attempts   Success     Rate(%)    AvgImprv    Weight
-------------------------------------------------------------
            Truck-2Opt        50         0        0.0%        0.00      0.50
            Truck-Swap        50         0        0.0%        0.00      0.50
        Truck-Relocate        50         0        0.0%        0.00      0.50
   Truck-CrossExchange        50         0        0.0%        0.00      0.50
         Drone-Reorder        50         0        0.0%        0.00      0.50
            Drone-Swap        50         0        0.0%        0.00      0.50
            Drone-Move        50         0        0.0%        0.00      0.50
           Drone-Merge        50         0        0.0%        0.00      0.50
           Drone-Split        50         0        0.0%        0.00      0.50
        Drone-Reassign        50         0        0.0%        0.00      0.50
  Drone-InsertIntoTrip        50         0        0.0%        0.00      0.50
-------------------------------------------------------------

+========================================================+
|               FINAL SOLUTION                       |
+========================================================+

+=============================================================+
|              SOLUTION DETAILS (Thoi gian thuc te)          |
+=============================================================+

 TONG QUAN:
   Total Cost (C_max): 297.71 phut
   Feasible: YES

CHI TIET CAC XE TAI:

   +-- Xe 0 --------------------------------------
   | Hoan thanh: 289.28 phut
   | Route: 0(D) -> 3(P) -> 4(DL) -> 9(D) -> 0(D) -> 5(D) -> 0(D)
   | Timeline:
   |    0. Node  0 ( D): Den=   0.0' Roi=   0.0'
   |    1. Node  3 ( P): Den=  27.3' Roi=  30.3'
   |    2. Node  4 (DL): Den=  63.5' Roi=  66.5'
   |    3. Node  9 ( D): Den=  79.6' Roi=  87.6'
   |    4. Node  0 ( D): Den= 104.2' Roi= 109.2'
   |    5. Node  5 ( D): Den= 267.1' Roi= 270.1'
   |    6. Node  0 ( D): Den= 289.3' Roi= 289.3'
   +-----------------------------------------------------

   +-- Xe 1 --------------------------------------
   | Hoan thanh: 297.71 phut
   | Route: 0(D) -> 7(D) -> 10(D) -> 8(D) -> 0(D) -> 2(D) -> 1(D) -> 6(D) -> 0(D)
   | Timeline:
   |    0. Node  0 ( D): Den=   0.0' Roi=   0.0'
   |    1. Node  7 ( D): Den= 143.8' Roi= 146.8'
   |    2. Node 10 ( D): Den= 158.3' Roi= 166.3'
   |    3. Node  8 ( D): Den= 184.0' Roi= 192.0'
   |    4. Node  0 ( D): Den= 209.0' Roi= 214.0'
   |    5. Node  2 ( D): Den= 231.6' Roi= 234.6'
   |    6. Node  1 ( D): Den= 250.5' Roi= 264.7'
   |    7. Node  6 ( D): Den= 267.7' Roi= 282.3'
   |    8. Node  0 ( D): Den= 297.7' Roi= 297.7'
   +-----------------------------------------------------

CHI TIET DRONE RESUPPLY (WITH CONSOLIDATION):

   +-- Resupply Trip #1 ----------------------------------
   | Drone: Drone 0 | Xe: Xe 0
   | So khach hang: 1 customers
   | Customers: Node 9
   | Total flight time: 76.0 phut
   | Timeline:
   |   - Drone roi depot:       15.0 phut
   |   [Customer 9]
   |     - Drone den:          21.4 phut
   |     - Xe den:             79.6 phut
   |     - Bat dau resupply:   79.6 phut
   |     - Ket thuc:           87.6 phut
   |   - Drone ve depot:        94.0 phut
   +-----------------------------------------------------

   +-- Resupply Trip #2 ----------------------------------
   | Drone: Drone 0 | Xe: Xe 1
   | So khach hang: 1 customers
   | Customers: Node 10
   | Total flight time: 70.8 phut
   | Timeline:
   |   - Drone roi depot:       99.0 phut
   |   [Customer 10]
   |     - Drone den:         105.4 phut
   |     - Xe den:            158.3 phut
   |     - Bat dau resupply:  158.3 phut
   |     - Ket thuc:          166.3 phut
   |   - Drone ve depot:       172.7 phut
   +-----------------------------------------------------

   +-- Resupply Trip #3 ----------------------------------
   | Drone: Drone 0 | Xe: Xe 1
   | So khach hang: 1 customers
   | Customers: Node 8
   | Total flight time: 17.4 phut
   | Timeline:
   |   - Drone roi depot:      177.7 phut
   |   [Customer 8]
   |     - Drone den:         183.8 phut
   |     - Xe den:            184.0 phut
   |     - Bat dau resupply:  184.0 phut
   |     - Ket thuc:          192.0 phut
   |   - Drone ve depot:       198.1 phut
   +-----------------------------------------------------

   +-- Resupply Trip #4 ----------------------------------
   | Drone: Drone 0 | Xe: Xe 1
   | So khach hang: 2 customers
   | Customers: Node 1, Node 6
   | Total flight time: 37.4 phut
   | Timeline:
   |   - Drone roi depot:      246.0 phut
   |   [Customer 1]
   |     - Drone den:         256.7 phut
   |     - Xe den:            250.5 phut
   |     - Bat dau resupply:  256.7 phut
   |     - Ket thuc:          264.7 phut
   |   [Customer 6]
   |     - Drone den:         274.3 phut
   |     - Xe den:            267.7 phut
   |     - Bat dau resupply:  274.3 phut
   |     - Ket thuc:          282.3 phut
   |   - Drone ve depot:       289.4 phut
   +-----------------------------------------------------

 THOI GIAN HOAN THANH CAC DRONE:
   Drone 0: 289.40 phut
   Drone 1: 0.00 phut

=============================================================

=========================================
SUMMARY:
  Cost before Local Search: 297.71 minutes
  Cost after Local Search: 297.71 minutes
  Total Penalty: 0.00
  Feasible: YES
  Resupply Events: 4
=========================================
