
+========================================================+
|     PDP SOLVER - GA + TABU SEARCH                  |
+========================================================+

Reading instance: U_10_3.0_Num_2_pd.txt
Reading: U_10_3.0_Num_2_pd.txt
Truck (Manhattan) and Drone (Euclidean) distance matrices built.
Loaded 11 nodes, 10 customers.

Instance details:
  Customers: 10
  Trucks: 2
  Drones: 2
  Drone endurance: 90 minutes

=========================================
  GENETIC ALGORITHM + TABU SEARCH (PDP)
=========================================
Population size: 50
Max generations: 50
Base mutation rate: 0.1 (adaptive)
Tabu threshold: 10% of max gen without improvement
Adaptive operators: ENABLED

[1] Initializing population...
PDP Population distribution (NO SEPARATOR):
   Random: 5
   Greedy Time: 15
   Sweep: 15
   Nearest Neighbor: 15
Generated 50 PDP individuals (sequence only, no separators)
Initial best cost: 632.27 (penalty: 0.00)
Gen 0: New best = 538.00 (penalty: 0.00, mut_rate: 0.100)

[TABU] No improvement for 2 generations. Applying Tabu Search...
  Tabu iter 50: best=536.810 current=536.810
[TABU] After Tabu Search: 536.81 (penalty: 0.00)

[TABU] No improvement for 2 generations. Applying Tabu Search...
[TABU] After Tabu Search: 536.81 (penalty: 0.00)

[TABU] No improvement for 2 generations. Applying Tabu Search...
[TABU] After Tabu Search: 536.81 (penalty: 0.00)

[TABU] No improvement for 2 generations. Applying Tabu Search...
[TABU] After Tabu Search: 536.81 (penalty: 0.00)
[ADAPT] Gen 10 - Crossover rates: 0.36 0.35 0.18 0.31 , Mutation rate: 0.120

[TABU] No improvement for 2 generations. Applying Tabu Search...
[TABU] After Tabu Search: 536.81 (penalty: 0.00)

[TABU] No improvement for 2 generations. Applying Tabu Search...
[TABU] After Tabu Search: 536.81 (penalty: 0.00)

[TABU] No improvement for 2 generations. Applying Tabu Search...
[TABU] After Tabu Search: 536.81 (penalty: 0.00)

[TABU] No improvement for 2 generations. Applying Tabu Search...
[TABU] After Tabu Search: 536.81 (penalty: 0.00)

[TABU] No improvement for 2 generations. Applying Tabu Search...
[TABU] After Tabu Search: 536.81 (penalty: 0.00)
[ADAPT] Gen 20 - Crossover rates: 0.37 0.33 0.19 0.31 , Mutation rate: 0.173

[TABU] No improvement for 2 generations. Applying Tabu Search...
[TABU] After Tabu Search: 536.81 (penalty: 0.00)

[TABU] No improvement for 2 generations. Applying Tabu Search...
[TABU] After Tabu Search: 536.81 (penalty: 0.00)

[TABU] No improvement for 2 generations. Applying Tabu Search...
[TABU] After Tabu Search: 536.81 (penalty: 0.00)

[TABU] No improvement for 2 generations. Applying Tabu Search...
[TABU] After Tabu Search: 536.81 (penalty: 0.00)

[TABU] No improvement for 2 generations. Applying Tabu Search...
[TABU] After Tabu Search: 536.81 (penalty: 0.00)
[ADAPT] Gen 30 - Crossover rates: 0.37 0.34 0.19 0.30 , Mutation rate: 0.249

[TABU] No improvement for 2 generations. Applying Tabu Search...
[TABU] After Tabu Search: 536.81 (penalty: 0.00)

[TABU] No improvement for 2 generations. Applying Tabu Search...
[TABU] After Tabu Search: 536.81 (penalty: 0.00)

[TABU] No improvement for 2 generations. Applying Tabu Search...
[TABU] After Tabu Search: 536.81 (penalty: 0.00)

[TABU] No improvement for 2 generations. Applying Tabu Search...
[TABU] After Tabu Search: 536.81 (penalty: 0.00)

[TABU] No improvement for 2 generations. Applying Tabu Search...
[TABU] After Tabu Search: 536.81 (penalty: 0.00)
[ADAPT] Gen 40 - Crossover rates: 0.37 0.34 0.19 0.30 , Mutation rate: 0.358

[TABU] No improvement for 2 generations. Applying Tabu Search...
[TABU] After Tabu Search: 536.81 (penalty: 0.00)

[TABU] No improvement for 2 generations. Applying Tabu Search...
[TABU] After Tabu Search: 536.81 (penalty: 0.00)

[TABU] No improvement for 2 generations. Applying Tabu Search...
[TABU] After Tabu Search: 536.81 (penalty: 0.00)

[TABU] No improvement for 2 generations. Applying Tabu Search...
[TABU] After Tabu Search: 536.81 (penalty: 0.00)

[TABU] No improvement for 2 generations. Applying Tabu Search...
[TABU] After Tabu Search: 536.81 (penalty: 0.00)

=========================================
  GA + TABU COMPLETED
=========================================
Final best cost: 536.81 (penalty: 0.00)

[ADAPTIVE STATS]
Final mutation rate: 0.430
Crossover success rates: [0]:0.01 [1]:0.01 [2]:0.00 [3]:0.00 
Mutation success rates: [0]:0.06 [1]:0.00 [2]:0.04 [3]:0.04 [4]:0.06 

+========================================================+
|     INTEGRATED LOCAL SEARCH (Truck + Drone)         |
+========================================================+

[ADAPTIVE LS] Starting Adaptive Local Search with 11 operators...
[ADAPTIVE LS] Initial C_max: 536.81 minutes
[ADAPTIVE LS] Truck routes: 2
[ADAPTIVE LS] Drone trips: 3
[ADAPTIVE LS] Perturbation #1 (diversification)
[ADAPTIVE LS] Perturbation #2 (diversification)

[ADAPTIVE LS] ====== FINAL RESULTS ======
[ADAPTIVE LS] Completed after 50 iterations
[ADAPTIVE LS] Final C_max: 536.81 minutes
[ADAPTIVE LS] Improvements: Truck=0, Drone=0
[ADAPTIVE LS] Perturbations used: 2
[ADAPTIVE LS] No improvement found (solution may be near optimal)

[ADAPTIVE] Operator Performance Statistics:
-------------------------------------------------------------
              Operator  Attempts   Success     Rate(%)    AvgImprv    Weight
-------------------------------------------------------------
            Truck-2Opt        50         0        0.0%        0.00      0.50
            Truck-Swap        50         0        0.0%        0.00      0.50
        Truck-Relocate        50         0        0.0%        0.00      0.50
   Truck-CrossExchange        50         0        0.0%        0.00      0.50
         Drone-Reorder        50         0        0.0%        0.00      0.50
            Drone-Swap        50         0        0.0%        0.00      0.50
            Drone-Move        50         0        0.0%        0.00      0.50
           Drone-Merge        50         0        0.0%        0.00      0.50
           Drone-Split        50         0        0.0%        0.00      0.50
        Drone-Reassign        50         0        0.0%        0.00      0.50
  Drone-InsertIntoTrip        50         0        0.0%        0.00      0.50
-------------------------------------------------------------

+========================================================+
|               FINAL SOLUTION                       |
+========================================================+

+=============================================================+
|              SOLUTION DETAILS (Thoi gian thuc te)          |
+=============================================================+

 TONG QUAN:
   Total Cost (C_max): 536.81 phut
   Feasible: YES

CHI TIET CAC XE TAI:

   +-- Xe 0 --------------------------------------
   | Hoan thanh: 515.72 phut
   | Route: 0(D) -> 9(P) -> 8(DL) -> 0(D) -> 10(D) -> 0(D) -> 5(D) -> 0(D) -> 7(D) -> 0(D)
   | Timeline:
   |    0. Node  0 ( D): Den=   0.0' Roi=   0.0'
   |    1. Node  9 ( P): Den=  24.1' Roi=  27.1'
   |    2. Node  8 (DL): Den=  62.1' Roi=  65.1'
   |    3. Node  0 ( D): Den=  76.0' Roi=  81.0'
   |    4. Node 10 ( D): Den= 410.1' Roi= 413.1'
   |    5. Node  0 ( D): Den= 431.2' Roi= 436.2'
   |    6. Node  5 ( D): Den= 453.0' Roi= 456.0'
   |    7. Node  0 ( D): Den= 472.8' Roi= 477.8'
   |    8. Node  7 ( D): Den= 495.2' Roi= 498.2'
   |    9. Node  0 ( D): Den= 515.7' Roi= 515.7'
   +-----------------------------------------------------

   +-- Xe 1 --------------------------------------
   | Hoan thanh: 536.81 phut
   | Route: 0(D) -> 3(D) -> 6(D) -> 1(D) -> 2(D) -> 4(D) -> 0(D)
   | Timeline:
   |    0. Node  0 ( D): Den=   0.0' Roi=   0.0'
   |    1. Node  3 ( D): Den= 121.2' Roi= 124.2'
   |    2. Node  6 ( D): Den= 186.6' Roi= 432.9'
   |    3. Node  1 ( D): Den= 467.7' Roi= 475.7'
   |    4. Node  2 ( D): Den= 453.4' Roi= 492.7'
   |    5. Node  4 ( D): Den= 506.5' Roi= 519.3'
   |    6. Node  0 ( D): Den= 536.8' Roi= 536.8'
   +-----------------------------------------------------

CHI TIET DRONE RESUPPLY (WITH CONSOLIDATION):

   +-- Resupply Trip #1 ----------------------------------
   | Drone: Drone 0 | Xe: Xe 1
   | So khach hang: 1 customers
   | Customers: Node 6
   | Total flight time: 30.7 phut
   | Timeline:
   |   - Drone roi depot:      412.0 phut
   |   [Customer 6]
   |     - Drone den:         424.9 phut
   |     - Xe den:            186.6 phut
   |     - Bat dau resupply:  424.9 phut
   |     - Ket thuc:          432.9 phut
   |   - Drone ve depot:       445.7 phut
   +-----------------------------------------------------

   +-- Resupply Trip #2 ----------------------------------
   | Drone: Drone 0 | Xe: Xe 1
   | So khach hang: 2 customers
   | Customers: Node 1, Node 2
   | Total flight time: 42.6 phut
   | Timeline:
   |   - Drone roi depot:      450.7 phut
   |   [Customer 1]
   |     - Drone den:         462.0 phut
   |     - Xe den:            467.7 phut
   |     - Bat dau resupply:  467.7 phut
   |     - Ket thuc:          475.7 phut
   |   [Customer 2]
   |     - Drone den:         484.7 phut
   |     - Xe den:            453.4 phut
   |     - Bat dau resupply:  484.7 phut
   |     - Ket thuc:          492.7 phut
   |   - Drone ve depot:       499.3 phut
   +-----------------------------------------------------

   +-- Resupply Trip #3 ----------------------------------
   | Drone: Drone 0 | Xe: Xe 1
   | So khach hang: 1 customers
   | Customers: Node 4
   | Total flight time: 17.6 phut
   | Timeline:
   |   - Drone roi depot:      505.0 phut
   |   [Customer 4]
   |     - Drone den:         511.3 phut
   |     - Xe den:            506.5 phut
   |     - Bat dau resupply:  511.3 phut
   |     - Ket thuc:          519.3 phut
   |   - Drone ve depot:       525.6 phut
   +-----------------------------------------------------

 THOI GIAN HOAN THANH CAC DRONE:
   Drone 0: 525.62 phut
   Drone 1: 0.00 phut

=============================================================

=========================================
SUMMARY:
  Cost before Local Search: 536.81 minutes
  Cost after Local Search: 536.81 minutes
  Total Penalty: 0.00
  Feasible: YES
  Resupply Events: 3
=========================================
