
+========================================================+
|     PDP SOLVER - GA + TABU SEARCH                  |
+========================================================+

Reading instance: U_10_0.5_Num_10_pd.txt
Reading: U_10_0.5_Num_10_pd.txt
Truck (Manhattan) and Drone (Euclidean) distance matrices built.
Loaded 11 nodes, 10 customers.

Instance details:
  Customers: 10
  Trucks: 2
  Drones: 2
  Drone endurance: 90 minutes

=========================================
  GENETIC ALGORITHM + TABU SEARCH (PDP)
=========================================
Population size: 50
Max generations: 50
Base mutation rate: 0.1 (adaptive)
Tabu threshold: 10% of max gen without improvement
Adaptive operators: ENABLED

[1] Initializing population...
PDP Population distribution (NO SEPARATOR):
   Random: 5
   Greedy Time: 15
   Sweep: 15
   Nearest Neighbor: 15
Generated 50 PDP individuals (sequence only, no separators)
Initial best cost: 215.28 (penalty: 0.00)
Gen 1: New best = 214.88 (penalty: 0.00, mut_rate: 0.100)
Gen 2: New best = 175.84 (penalty: 0.00, mut_rate: 0.100)
Gen 3: New best = 167.72 (penalty: 0.00, mut_rate: 0.100)
Gen 4: New best = 165.00 (penalty: 0.00, mut_rate: 0.100)

[TABU] No improvement for 2 generations. Applying Tabu Search...
  Tabu iter 50: best=149.028 current=149.028
[TABU] After Tabu Search: 149.03 (penalty: 0.00)

[TABU] No improvement for 2 generations. Applying Tabu Search...
[TABU] After Tabu Search: 149.03 (penalty: 0.00)
[ADAPT] Gen 10 - Crossover rates: 0.27 0.32 0.26 0.35 , Mutation rate: 0.108

[TABU] No improvement for 2 generations. Applying Tabu Search...
[TABU] After Tabu Search: 149.03 (penalty: 0.00)

[TABU] No improvement for 2 generations. Applying Tabu Search...
[TABU] After Tabu Search: 149.03 (penalty: 0.00)

[TABU] No improvement for 2 generations. Applying Tabu Search...
[TABU] After Tabu Search: 149.03 (penalty: 0.00)

[TABU] No improvement for 2 generations. Applying Tabu Search...
[TABU] After Tabu Search: 149.03 (penalty: 0.00)

[TABU] No improvement for 2 generations. Applying Tabu Search...
[TABU] After Tabu Search: 149.03 (penalty: 0.00)
[ADAPT] Gen 20 - Crossover rates: 0.27 0.34 0.27 0.32 , Mutation rate: 0.156

[TABU] No improvement for 2 generations. Applying Tabu Search...
[TABU] After Tabu Search: 149.03 (penalty: 0.00)

[TABU] No improvement for 2 generations. Applying Tabu Search...
[TABU] After Tabu Search: 149.03 (penalty: 0.00)

[TABU] No improvement for 2 generations. Applying Tabu Search...
[TABU] After Tabu Search: 149.03 (penalty: 0.00)

[TABU] No improvement for 2 generations. Applying Tabu Search...
[TABU] After Tabu Search: 149.03 (penalty: 0.00)

[TABU] No improvement for 2 generations. Applying Tabu Search...
[TABU] After Tabu Search: 149.03 (penalty: 0.00)
[ADAPT] Gen 30 - Crossover rates: 0.29 0.32 0.27 0.32 , Mutation rate: 0.224

[TABU] No improvement for 2 generations. Applying Tabu Search...
[TABU] After Tabu Search: 149.03 (penalty: 0.00)

[TABU] No improvement for 2 generations. Applying Tabu Search...
[TABU] After Tabu Search: 149.03 (penalty: 0.00)

[TABU] No improvement for 2 generations. Applying Tabu Search...
[TABU] After Tabu Search: 149.03 (penalty: 0.00)

[TABU] No improvement for 2 generations. Applying Tabu Search...
[TABU] After Tabu Search: 149.03 (penalty: 0.00)

[TABU] No improvement for 2 generations. Applying Tabu Search...
[TABU] After Tabu Search: 149.03 (penalty: 0.00)
[ADAPT] Gen 40 - Crossover rates: 0.28 0.33 0.28 0.32 , Mutation rate: 0.322

[TABU] No improvement for 2 generations. Applying Tabu Search...
[TABU] After Tabu Search: 149.03 (penalty: 0.00)

[TABU] No improvement for 2 generations. Applying Tabu Search...
[TABU] After Tabu Search: 149.03 (penalty: 0.00)

[TABU] No improvement for 2 generations. Applying Tabu Search...
[TABU] After Tabu Search: 149.03 (penalty: 0.00)

[TABU] No improvement for 2 generations. Applying Tabu Search...
[TABU] After Tabu Search: 149.03 (penalty: 0.00)

[TABU] No improvement for 2 generations. Applying Tabu Search...
[TABU] After Tabu Search: 149.03 (penalty: 0.00)

=========================================
  GA + TABU COMPLETED
=========================================
Final best cost: 149.03 (penalty: 0.00)

[ADAPTIVE STATS]
Final mutation rate: 0.387
Crossover success rates: [0]:0.00 [1]:0.00 [2]:0.00 [3]:0.00 
Mutation success rates: [0]:0.01 [1]:0.01 [2]:0.04 [3]:0.04 [4]:0.04 

+========================================================+
|     INTEGRATED LOCAL SEARCH (Truck + Drone)         |
+========================================================+

[ADAPTIVE LS] Starting Adaptive Local Search with 11 operators...
[ADAPTIVE LS] Initial C_max: 149.03 minutes
[ADAPTIVE LS] Truck routes: 2
[ADAPTIVE LS] Drone trips: 4
[ADAPTIVE LS] Perturbation #1 (diversification)
[ADAPTIVE LS] Perturbation #2 (diversification)

[ADAPTIVE LS] ====== FINAL RESULTS ======
[ADAPTIVE LS] Completed after 50 iterations
[ADAPTIVE LS] Final C_max: 149.03 minutes
[ADAPTIVE LS] Improvements: Truck=0, Drone=0
[ADAPTIVE LS] Perturbations used: 2
[ADAPTIVE LS] No improvement found (solution may be near optimal)

[ADAPTIVE] Operator Performance Statistics:
-------------------------------------------------------------
              Operator  Attempts   Success     Rate(%)    AvgImprv    Weight
-------------------------------------------------------------
            Truck-2Opt        50        10       20.0%        8.73      1.72
            Truck-Swap        50         9       18.0%        8.73      1.72
        Truck-Relocate        50         6       12.0%        8.73      1.42
   Truck-CrossExchange        50         0        0.0%        0.00      0.50
         Drone-Reorder        50         0        0.0%        0.00      0.50
            Drone-Swap        50         0        0.0%        0.00      0.50
            Drone-Move        50         0        0.0%        0.00      0.50
           Drone-Merge        50         0        0.0%        0.00      0.50
           Drone-Split        50         0        0.0%        0.00      0.50
        Drone-Reassign        50        25       50.0%        4.79      1.73
  Drone-InsertIntoTrip        50         0        0.0%        0.00      0.50
-------------------------------------------------------------

+========================================================+
|               FINAL SOLUTION                       |
+========================================================+

+=============================================================+
|              SOLUTION DETAILS (Thoi gian thuc te)          |
+=============================================================+

 TONG QUAN:
   Total Cost (C_max): 149.03 phut
   Feasible: YES

CHI TIET CAC XE TAI:

   +-- Xe 0 --------------------------------------
   | Hoan thanh: 136.36 phut
   | Route: 0(D) -> 6(P) -> 7(DL) -> 5(D) -> 4(D) -> 0(D) -> 8(D) -> 0(D)
   | Timeline:
   |    0. Node  0 ( D): Den=   0.0' Roi=   0.0'
   |    1. Node  6 ( P): Den=  25.9' Roi=  28.9'
   |    2. Node  7 (DL): Den=  47.7' Roi=  50.7'
   |    3. Node  5 ( D): Den=  59.1' Roi=  67.1'
   |    4. Node  4 ( D): Den=  74.4' Roi=  83.0'
   |    5. Node  0 ( D): Den=  89.8' Roi=  94.8'
   |    6. Node  8 ( D): Den= 114.1' Roi= 117.1'
   |    7. Node  0 ( D): Den= 136.4' Roi= 136.4'
   +-----------------------------------------------------

   +-- Xe 1 --------------------------------------
   | Hoan thanh: 149.03 phut
   | Route: 0(D) -> 9(D) -> 3(D) -> 1(D) -> 2(D) -> 10(D) -> 0(D)
   | Timeline:
   |    0. Node  0 ( D): Den=   0.0' Roi=   0.0'
   |    1. Node  9 ( D): Den=  43.3' Roi=  46.3'
   |    2. Node  3 ( D): Den=  53.5' Roi=  70.4'
   |    3. Node  1 ( D): Den=  91.0' Roi= 104.6'
   |    4. Node  2 ( D): Den= 118.2' Roi= 126.2'
   |    5. Node 10 ( D): Den= 116.6' Roi= 137.1'
   |    6. Node  0 ( D): Den= 149.0' Roi= 149.0'
   +-----------------------------------------------------

CHI TIET DRONE RESUPPLY (WITH CONSOLIDATION):

   +-- Resupply Trip #1 ----------------------------------
   | Drone: Drone 0 | Xe: Xe 1
   | So khach hang: 1 customers
   | Customers: Node 3
   | Total flight time: 29.8 phut
   | Timeline:
   |   - Drone roi depot:       50.0 phut
   |   [Customer 3]
   |     - Drone den:          62.4 phut
   |     - Xe den:             53.5 phut
   |     - Bat dau resupply:   62.4 phut
   |     - Ket thuc:           70.4 phut
   |   - Drone ve depot:        82.8 phut
   +-----------------------------------------------------

   +-- Resupply Trip #2 ----------------------------------
   | Drone: Drone 1 | Xe: Xe 0
   | So khach hang: 2 customers
   | Customers: Node 5, Node 4
   | Total flight time: 53.4 phut
   | Timeline:
   |   - Drone roi depot:       26.0 phut
   |   [Customer 5]
   |     - Drone den:          34.9 phut
   |     - Xe den:             59.1 phut
   |     - Bat dau resupply:   59.1 phut
   |     - Ket thuc:           67.1 phut
   |   [Customer 4]
   |     - Drone den:          75.0 phut
   |     - Xe den:             74.4 phut
   |     - Bat dau resupply:   75.0 phut
   |     - Ket thuc:           83.0 phut
   |   - Drone ve depot:        85.4 phut
   +-----------------------------------------------------

   +-- Resupply Trip #3 ----------------------------------
   | Drone: Drone 0 | Xe: Xe 1
   | So khach hang: 1 customers
   | Customers: Node 1
   | Total flight time: 22.7 phut
   | Timeline:
   |   - Drone roi depot:       87.8 phut
   |   [Customer 1]
   |     - Drone den:          96.6 phut
   |     - Xe den:             91.0 phut
   |     - Bat dau resupply:   96.6 phut
   |     - Ket thuc:          104.6 phut
   |   - Drone ve depot:       113.4 phut
   +-----------------------------------------------------

   +-- Resupply Trip #4 ----------------------------------
   | Drone: Drone 1 | Xe: Xe 1
   | So khach hang: 2 customers
   | Customers: Node 2, Node 10
   | Total flight time: 45.0 phut
   | Timeline:
   |   - Drone roi depot:       90.4 phut
   |   [Customer 2]
   |     - Drone den:          97.5 phut
   |     - Xe den:            118.2 phut
   |     - Bat dau resupply:  118.2 phut
   |     - Ket thuc:          126.2 phut
   |   [Customer 10]
   |     - Drone den:         129.1 phut
   |     - Xe den:            116.6 phut
   |     - Bat dau resupply:  129.1 phut
   |     - Ket thuc:          137.1 phut
   |   - Drone ve depot:       141.4 phut
   +-----------------------------------------------------

 THOI GIAN HOAN THANH CAC DRONE:
   Drone 0: 113.45 phut
   Drone 1: 141.41 phut

=============================================================

=========================================
SUMMARY:
  Cost before Local Search: 149.03 minutes
  Cost after Local Search: 149.03 minutes
  Total Penalty: 0.00
  Feasible: YES
  Resupply Events: 4
=========================================
