
+========================================================+
|     PDP SOLVER - GA + TABU SEARCH                  |
+========================================================+

Reading instance: U_10_1.0_Num_10_pd.txt
Reading: U_10_1.0_Num_10_pd.txt
Truck (Manhattan) and Drone (Euclidean) distance matrices built.
Loaded 11 nodes, 10 customers.

Instance details:
  Customers: 10
  Trucks: 2
  Drones: 2
  Drone endurance: 90 minutes

=========================================
  GENETIC ALGORITHM + TABU SEARCH (PDP)
=========================================
Population size: 50
Max generations: 50
Base mutation rate: 0.1 (adaptive)
Tabu threshold: 10% of max gen without improvement
Adaptive operators: ENABLED

[1] Initializing population...
PDP Population distribution (NO SEPARATOR):
   Random: 5
   Greedy Time: 15
   Sweep: 15
   Nearest Neighbor: 15
Generated 50 PDP individuals (sequence only, no separators)
Initial best cost: 234.24 (penalty: 0.00)
Gen 0: New best = 226.36 (penalty: 0.00, mut_rate: 0.100)

[TABU] No improvement for 2 generations. Applying Tabu Search...
  Tabu iter 50: best=203.102 current=203.102
[TABU] After Tabu Search: 203.10 (penalty: 0.00)

[TABU] No improvement for 2 generations. Applying Tabu Search...
[TABU] After Tabu Search: 203.10 (penalty: 0.00)

[TABU] No improvement for 2 generations. Applying Tabu Search...
[TABU] After Tabu Search: 203.10 (penalty: 0.00)

[TABU] No improvement for 2 generations. Applying Tabu Search...
[TABU] After Tabu Search: 203.10 (penalty: 0.00)
[ADAPT] Gen 10 - Crossover rates: 0.36 0.64 0.10 0.10 , Mutation rate: 0.120

[TABU] No improvement for 2 generations. Applying Tabu Search...
[TABU] After Tabu Search: 203.10 (penalty: 0.00)

[TABU] No improvement for 2 generations. Applying Tabu Search...
[TABU] After Tabu Search: 203.10 (penalty: 0.00)

[TABU] No improvement for 2 generations. Applying Tabu Search...
[TABU] After Tabu Search: 203.10 (penalty: 0.00)

[TABU] No improvement for 2 generations. Applying Tabu Search...
[TABU] After Tabu Search: 203.10 (penalty: 0.00)

[TABU] No improvement for 2 generations. Applying Tabu Search...
[TABU] After Tabu Search: 203.10 (penalty: 0.00)
[ADAPT] Gen 20 - Crossover rates: 0.39 0.61 0.10 0.10 , Mutation rate: 0.173

[TABU] No improvement for 2 generations. Applying Tabu Search...
[TABU] After Tabu Search: 203.10 (penalty: 0.00)

[TABU] No improvement for 2 generations. Applying Tabu Search...
[TABU] After Tabu Search: 203.10 (penalty: 0.00)

[TABU] No improvement for 2 generations. Applying Tabu Search...
[TABU] After Tabu Search: 203.10 (penalty: 0.00)

[TABU] No improvement for 2 generations. Applying Tabu Search...
[TABU] After Tabu Search: 203.10 (penalty: 0.00)

[TABU] No improvement for 2 generations. Applying Tabu Search...
[TABU] After Tabu Search: 203.10 (penalty: 0.00)
[ADAPT] Gen 30 - Crossover rates: 0.39 0.61 0.10 0.10 , Mutation rate: 0.249

[TABU] No improvement for 2 generations. Applying Tabu Search...
[TABU] After Tabu Search: 203.10 (penalty: 0.00)

[TABU] No improvement for 2 generations. Applying Tabu Search...
[TABU] After Tabu Search: 203.10 (penalty: 0.00)

[TABU] No improvement for 2 generations. Applying Tabu Search...
[TABU] After Tabu Search: 203.10 (penalty: 0.00)

[TABU] No improvement for 2 generations. Applying Tabu Search...
[TABU] After Tabu Search: 203.10 (penalty: 0.00)

[TABU] No improvement for 2 generations. Applying Tabu Search...
[TABU] After Tabu Search: 203.10 (penalty: 0.00)
[ADAPT] Gen 40 - Crossover rates: 0.39 0.61 0.10 0.10 , Mutation rate: 0.358

[TABU] No improvement for 2 generations. Applying Tabu Search...
[TABU] After Tabu Search: 203.10 (penalty: 0.00)

[TABU] No improvement for 2 generations. Applying Tabu Search...
[TABU] After Tabu Search: 203.10 (penalty: 0.00)

[TABU] No improvement for 2 generations. Applying Tabu Search...
[TABU] After Tabu Search: 203.10 (penalty: 0.00)

[TABU] No improvement for 2 generations. Applying Tabu Search...
[TABU] After Tabu Search: 203.10 (penalty: 0.00)

[TABU] No improvement for 2 generations. Applying Tabu Search...
[TABU] After Tabu Search: 203.10 (penalty: 0.00)

=========================================
  GA + TABU COMPLETED
=========================================
Final best cost: 203.10 (penalty: 0.00)

[ADAPTIVE STATS]
Final mutation rate: 0.430
Crossover success rates: [0]:0.00 [1]:0.00 [2]:0.00 [3]:0.00 
Mutation success rates: [0]:0.03 [1]:0.00 [2]:0.04 [3]:0.03 [4]:0.02 

+========================================================+
|     INTEGRATED LOCAL SEARCH (Truck + Drone)         |
+========================================================+

[ADAPTIVE LS] Starting Adaptive Local Search with 11 operators...
[ADAPTIVE LS] Initial C_max: 203.10 minutes
[ADAPTIVE LS] Truck routes: 2
[ADAPTIVE LS] Drone trips: 5
[ADAPTIVE LS] Perturbation #1 (diversification)
[ADAPTIVE LS] Perturbation #2 (diversification)

[ADAPTIVE LS] ====== FINAL RESULTS ======
[ADAPTIVE LS] Completed after 50 iterations
[ADAPTIVE LS] Final C_max: 203.10 minutes
[ADAPTIVE LS] Improvements: Truck=0, Drone=0
[ADAPTIVE LS] Perturbations used: 2
[ADAPTIVE LS] No improvement found (solution may be near optimal)

[ADAPTIVE] Operator Performance Statistics:
-------------------------------------------------------------
              Operator  Attempts   Success     Rate(%)    AvgImprv    Weight
-------------------------------------------------------------
            Truck-2Opt        50         7       14.0%        4.80      1.18
            Truck-Swap        50        25       50.0%      217.00      5.00
        Truck-Relocate        50         8       16.0%       73.20      5.00
   Truck-CrossExchange        50         0        0.0%        0.00      0.50
         Drone-Reorder        50         0        0.0%        0.00      0.50
            Drone-Swap        50        13       26.0%       60.60      5.00
            Drone-Move        50         0        0.0%        0.00      0.50
           Drone-Merge        50         0        0.0%        0.00      0.50
           Drone-Split        50         0        0.0%        0.00      0.50
        Drone-Reassign        50        25       50.0%       49.20      5.00
  Drone-InsertIntoTrip        50         0        0.0%        0.00      0.50
-------------------------------------------------------------

+========================================================+
|               FINAL SOLUTION                       |
+========================================================+

+=============================================================+
|              SOLUTION DETAILS (Thoi gian thuc te)          |
+=============================================================+

 TONG QUAN:
   Total Cost (C_max): 203.10 phut
   Feasible: YES

CHI TIET CAC XE TAI:

   +-- Xe 0 --------------------------------------
   | Hoan thanh: 203.10 phut
   | Route: 0(D) -> 4(P) -> 7(DL) -> 10(D) -> 9(D) -> 3(D) -> 1(D) -> 0(D)
   | Timeline:
   |    0. Node  0 ( D): Den=   0.0' Roi=   0.0'
   |    1. Node  4 ( P): Den=   6.8' Roi=   9.8'
   |    2. Node  7 (DL): Den=  33.4' Roi=  36.4'
   |    3. Node 10 ( D): Den=  61.7' Roi=  69.7'
   |    4. Node  9 ( D): Den=  98.4' Roi= 106.4'
   |    5. Node  3 ( D): Den= 113.5' Roi= 148.4'
   |    6. Node  1 ( D): Den= 169.0' Roi= 182.8'
   |    7. Node  0 ( D): Den= 203.1' Roi= 203.1'
   +-----------------------------------------------------

   +-- Xe 1 --------------------------------------
   | Hoan thanh: 195.76 phut
   | Route: 0(D) -> 8(D) -> 0(D) -> 5(D) -> 6(D) -> 0(D) -> 2(D) -> 0(D)
   | Timeline:
   |    0. Node  0 ( D): Den=   0.0' Roi=   0.0'
   |    1. Node  8 ( D): Den=  30.3' Roi=  33.3'
   |    2. Node  0 ( D): Den=  52.6' Roi=  57.6'
   |    3. Node  5 ( D): Den=  95.8' Roi=  98.8'
   |    4. Node  6 ( D): Den= 109.8' Roi= 117.8'
   |    5. Node  0 ( D): Den= 143.6' Roi= 148.6'
   |    6. Node  2 ( D): Den= 172.9' Roi= 175.9'
   |    7. Node  0 ( D): Den= 195.8' Roi= 195.8'
   +-----------------------------------------------------

CHI TIET DRONE RESUPPLY (WITH CONSOLIDATION):

   +-- Resupply Trip #1 ----------------------------------
   | Drone: Drone 0 | Xe: Xe 0
   | So khach hang: 1 customers
   | Customers: Node 10
   | Total flight time: 14.0 phut
   | Timeline:
   |   - Drone roi depot:       57.0 phut
   |   [Customer 10]
   |     - Drone den:          61.3 phut
   |     - Xe den:             61.7 phut
   |     - Bat dau resupply:   61.7 phut
   |     - Ket thuc:           69.7 phut
   |   - Drone ve depot:        74.0 phut
   +-----------------------------------------------------

   +-- Resupply Trip #2 ----------------------------------
   | Drone: Drone 0 | Xe: Xe 0
   | So khach hang: 1 customers
   | Customers: Node 9
   | Total flight time: 35.7 phut
   | Timeline:
   |   - Drone roi depot:       79.0 phut
   |   [Customer 9]
   |     - Drone den:          90.4 phut
   |     - Xe den:             98.4 phut
   |     - Bat dau resupply:   98.4 phut
   |     - Ket thuc:          106.4 phut
   |   - Drone ve depot:       117.8 phut
   +-----------------------------------------------------

   +-- Resupply Trip #3 ----------------------------------
   | Drone: Drone 1 | Xe: Xe 1
   | So khach hang: 1 customers
   | Customers: Node 6
   | Total flight time: 33.4 phut
   | Timeline:
   |   - Drone roi depot:       91.0 phut
   |   [Customer 6]
   |     - Drone den:         100.7 phut
   |     - Xe den:            109.8 phut
   |     - Bat dau resupply:  109.8 phut
   |     - Ket thuc:          117.8 phut
   |   - Drone ve depot:       127.4 phut
   +-----------------------------------------------------

   +-- Resupply Trip #4 ----------------------------------
   | Drone: Drone 0 | Xe: Xe 0
   | So khach hang: 1 customers
   | Customers: Node 3
   | Total flight time: 29.8 phut
   | Timeline:
   |   - Drone roi depot:      128.0 phut
   |   [Customer 3]
   |     - Drone den:         140.4 phut
   |     - Xe den:            113.5 phut
   |     - Bat dau resupply:  140.4 phut
   |     - Ket thuc:          148.4 phut
   |   - Drone ve depot:       160.8 phut
   +-----------------------------------------------------

   +-- Resupply Trip #5 ----------------------------------
   | Drone: Drone 0 | Xe: Xe 0
   | So khach hang: 1 customers
   | Customers: Node 1
   | Total flight time: 22.7 phut
   | Timeline:
   |   - Drone roi depot:      166.0 phut
   |   [Customer 1]
   |     - Drone den:         174.8 phut
   |     - Xe den:            169.0 phut
   |     - Bat dau resupply:  174.8 phut
   |     - Ket thuc:          182.8 phut
   |   - Drone ve depot:       191.7 phut
   +-----------------------------------------------------

 THOI GIAN HOAN THANH CAC DRONE:
   Drone 0: 191.68 phut
   Drone 1: 127.42 phut

=============================================================

=========================================
SUMMARY:
  Cost before Local Search: 203.10 minutes
  Cost after Local Search: 203.10 minutes
  Total Penalty: 0.00
  Feasible: YES
  Resupply Events: 5
=========================================
