
+========================================================+
|     PDP SOLVER - GA + TABU SEARCH                  |
+========================================================+

Reading instance: U_10_0.5_Num_4_pd.txt
Reading: U_10_0.5_Num_4_pd.txt
Truck (Manhattan) and Drone (Euclidean) distance matrices built.
Loaded 11 nodes, 10 customers.

Instance details:
  Customers: 10
  Trucks: 2
  Drones: 2
  Drone endurance: 90 minutes

=========================================
  GENETIC ALGORITHM + TABU SEARCH (PDP)
=========================================
Population size: 50
Max generations: 50
Base mutation rate: 0.1 (adaptive)
Tabu threshold: 10% of max gen without improvement
Adaptive operators: ENABLED

[1] Initializing population...
PDP Population distribution (NO SEPARATOR):
   Random: 5
   Greedy Time: 15
   Sweep: 15
   Nearest Neighbor: 15
Generated 50 PDP individuals (sequence only, no separators)
Initial best cost: 202.14 (penalty: 0.00)
Gen 0: New best = 201.72 (penalty: 0.00, mut_rate: 0.100)

[TABU] No improvement for 2 generations. Applying Tabu Search...
  Tabu iter 50: best=182.916 current=182.916
[TABU] After Tabu Search: 182.92 (penalty: 0.00)

[TABU] No improvement for 2 generations. Applying Tabu Search...
[TABU] After Tabu Search: 182.92 (penalty: 0.00)

[TABU] No improvement for 2 generations. Applying Tabu Search...
[TABU] After Tabu Search: 182.92 (penalty: 0.00)

[TABU] No improvement for 2 generations. Applying Tabu Search...
  Tabu iter 50: best=181.61 current=181.61
[TABU] After Tabu Search: 178.96 (penalty: 0.00)
[ADAPT] Gen 10 - Crossover rates: 0.43 0.30 0.10 0.37 , Mutation rate: 0.120

[TABU] No improvement for 2 generations. Applying Tabu Search...
  Tabu iter 50: best=177.960 current=177.960
[TABU] After Tabu Search: 177.96 (penalty: 0.00)

[TABU] No improvement for 2 generations. Applying Tabu Search...
[TABU] After Tabu Search: 177.96 (penalty: 0.00)

[TABU] No improvement for 2 generations. Applying Tabu Search...
[TABU] After Tabu Search: 177.96 (penalty: 0.00)

[TABU] No improvement for 2 generations. Applying Tabu Search...
[TABU] After Tabu Search: 177.96 (penalty: 0.00)

[TABU] No improvement for 2 generations. Applying Tabu Search...
[TABU] After Tabu Search: 177.96 (penalty: 0.00)
[ADAPT] Gen 20 - Crossover rates: 0.42 0.31 0.10 0.37 , Mutation rate: 0.173

[TABU] No improvement for 2 generations. Applying Tabu Search...
[TABU] After Tabu Search: 177.96 (penalty: 0.00)

[TABU] No improvement for 2 generations. Applying Tabu Search...
[TABU] After Tabu Search: 177.96 (penalty: 0.00)

[TABU] No improvement for 2 generations. Applying Tabu Search...
[TABU] After Tabu Search: 177.96 (penalty: 0.00)

[TABU] No improvement for 2 generations. Applying Tabu Search...
[TABU] After Tabu Search: 177.96 (penalty: 0.00)

[TABU] No improvement for 2 generations. Applying Tabu Search...
[TABU] After Tabu Search: 177.96 (penalty: 0.00)
[ADAPT] Gen 30 - Crossover rates: 0.42 0.32 0.10 0.36 , Mutation rate: 0.249

[TABU] No improvement for 2 generations. Applying Tabu Search...
[TABU] After Tabu Search: 177.96 (penalty: 0.00)

[TABU] No improvement for 2 generations. Applying Tabu Search...
[TABU] After Tabu Search: 177.96 (penalty: 0.00)

[TABU] No improvement for 2 generations. Applying Tabu Search...
[TABU] After Tabu Search: 177.96 (penalty: 0.00)

[TABU] No improvement for 2 generations. Applying Tabu Search...
[TABU] After Tabu Search: 177.96 (penalty: 0.00)

[TABU] No improvement for 2 generations. Applying Tabu Search...
[TABU] After Tabu Search: 177.96 (penalty: 0.00)
[ADAPT] Gen 40 - Crossover rates: 0.42 0.32 0.10 0.36 , Mutation rate: 0.358

[TABU] No improvement for 2 generations. Applying Tabu Search...
[TABU] After Tabu Search: 177.96 (penalty: 0.00)

[TABU] No improvement for 2 generations. Applying Tabu Search...
[TABU] After Tabu Search: 177.96 (penalty: 0.00)

[TABU] No improvement for 2 generations. Applying Tabu Search...
[TABU] After Tabu Search: 177.96 (penalty: 0.00)

[TABU] No improvement for 2 generations. Applying Tabu Search...
[TABU] After Tabu Search: 177.96 (penalty: 0.00)

[TABU] No improvement for 2 generations. Applying Tabu Search...
[TABU] After Tabu Search: 177.96 (penalty: 0.00)

=========================================
  GA + TABU COMPLETED
=========================================
Final best cost: 177.96 (penalty: 0.00)

[ADAPTIVE STATS]
Final mutation rate: 0.430
Crossover success rates: [0]:0.00 [1]:0.00 [2]:0.00 [3]:0.00 
Mutation success rates: [0]:0.02 [1]:0.05 [2]:0.05 [3]:0.07 [4]:0.06 

+========================================================+
|     INTEGRATED LOCAL SEARCH (Truck + Drone)         |
+========================================================+

[ADAPTIVE LS] Starting Adaptive Local Search with 11 operators...
[ADAPTIVE LS] Initial C_max: 177.96 minutes
[ADAPTIVE LS] Truck routes: 2
[ADAPTIVE LS] Drone trips: 5
[ADAPTIVE LS] Perturbation #1 (diversification)
[ADAPTIVE LS] Perturbation #2 (diversification)

[ADAPTIVE LS] ====== FINAL RESULTS ======
[ADAPTIVE LS] Completed after 50 iterations
[ADAPTIVE LS] Final C_max: 177.96 minutes
[ADAPTIVE LS] Improvements: Truck=0, Drone=0
[ADAPTIVE LS] Perturbations used: 2
[ADAPTIVE LS] No improvement found (solution may be near optimal)

[ADAPTIVE] Operator Performance Statistics:
-------------------------------------------------------------
              Operator  Attempts   Success     Rate(%)    AvgImprv    Weight
-------------------------------------------------------------
            Truck-2Opt        50         9       18.0%       46.28      5.00
            Truck-Swap        50        10       20.0%       46.28      5.00
        Truck-Relocate        50        25       50.0%       16.40      2.70
   Truck-CrossExchange        50         0        0.0%        0.00      0.50
         Drone-Reorder        50         0        0.0%        0.00      0.50
            Drone-Swap        50         0        0.0%        0.00      0.50
            Drone-Move        50         0        0.0%        0.00      0.50
           Drone-Merge        50         0        0.0%        0.00      0.50
           Drone-Split        50         0        0.0%        0.00      0.50
        Drone-Reassign        50        25       50.0%       25.65      3.81
  Drone-InsertIntoTrip        50         0        0.0%        0.00      0.50
-------------------------------------------------------------

+========================================================+
|               FINAL SOLUTION                       |
+========================================================+

+=============================================================+
|              SOLUTION DETAILS (Thoi gian thuc te)          |
+=============================================================+

 TONG QUAN:
   Total Cost (C_max): 177.96 phut
   Feasible: YES

CHI TIET CAC XE TAI:

   +-- Xe 0 --------------------------------------
   | Hoan thanh: 175.56 phut
   | Route: 0(D) -> 5(P) -> 7(DL) -> 4(D) -> 6(D) -> 1(D) -> 0(D)
   | Timeline:
   |    0. Node  0 ( D): Den=   0.0' Roi=   0.0'
   |    1. Node  5 ( P): Den=  25.3' Roi=  28.3'
   |    2. Node  7 (DL): Den=  69.5' Roi=  72.5'
   |    3. Node  4 ( D): Den=  88.9' Roi=  96.9'
   |    4. Node  6 ( D): Den=  92.1' Roi= 106.8'
   |    5. Node  1 ( D): Den= 133.2' Roi= 141.2'
   |    6. Node  0 ( D): Den= 175.6' Roi= 175.6'
   +-----------------------------------------------------

   +-- Xe 1 --------------------------------------
   | Hoan thanh: 177.96 phut
   | Route: 0(D) -> 8(D) -> 9(D) -> 2(D) -> 0(D) -> 3(D) -> 10(D) -> 0(D)
   | Timeline:
   |    0. Node  0 ( D): Den=   0.0' Roi=   0.0'
   |    1. Node  8 ( D): Den=  38.1' Roi=  41.1'
   |    2. Node  9 ( D): Den=  53.8' Roi=  61.8'
   |    3. Node  2 ( D): Den=  79.5' Roi=  87.5'
   |    4. Node  0 ( D): Den= 101.2' Roi= 106.2'
   |    5. Node  3 ( D): Den= 130.0' Roi= 133.0'
   |    6. Node 10 ( D): Den= 144.2' Roi= 152.2'
   |    7. Node  0 ( D): Den= 178.0' Roi= 178.0'
   +-----------------------------------------------------

CHI TIET DRONE RESUPPLY (WITH CONSOLIDATION):

   +-- Resupply Trip #1 ----------------------------------
   | Drone: Drone 0 | Xe: Xe 1
   | So khach hang: 1 customers
   | Customers: Node 9
   | Total flight time: 32.5 phut
   | Timeline:
   |   - Drone roi depot:       35.0 phut
   |   [Customer 9]
   |     - Drone den:          43.7 phut
   |     - Xe den:             53.8 phut
   |     - Bat dau resupply:   53.8 phut
   |     - Ket thuc:           61.8 phut
   |   - Drone ve depot:        70.5 phut
   +-----------------------------------------------------

   +-- Resupply Trip #2 ----------------------------------
   | Drone: Drone 1 | Xe: Xe 1
   | So khach hang: 1 customers
   | Customers: Node 2
   | Total flight time: 40.9 phut
   | Timeline:
   |   - Drone roi depot:       49.0 phut
   |   [Customer 2]
   |     - Drone den:          54.4 phut
   |     - Xe den:             79.5 phut
   |     - Bat dau resupply:   79.5 phut
   |     - Ket thuc:           87.5 phut
   |   - Drone ve depot:        92.9 phut
   +-----------------------------------------------------

   +-- Resupply Trip #3 ----------------------------------
   | Drone: Drone 0 | Xe: Xe 0
   | So khach hang: 2 customers
   | Customers: Node 4, Node 6
   | Total flight time: 34.9 phut
   | Timeline:
   |   - Drone roi depot:       75.5 phut
   |   [Customer 4]
   |     - Drone den:          86.3 phut
   |     - Xe den:             88.9 phut
   |     - Bat dau resupply:   88.9 phut
   |     - Ket thuc:           96.9 phut
   |   [Customer 6]
   |     - Drone den:          98.8 phut
   |     - Xe den:             92.1 phut
   |     - Bat dau resupply:   98.8 phut
   |     - Ket thuc:          106.8 phut
   |   - Drone ve depot:       116.4 phut
   +-----------------------------------------------------

   +-- Resupply Trip #4 ----------------------------------
   | Drone: Drone 1 | Xe: Xe 0
   | So khach hang: 1 customers
   | Customers: Node 1
   | Total flight time: 52.5 phut
   | Timeline:
   |   - Drone roi depot:       97.9 phut
   |   [Customer 1]
   |     - Drone den:         110.1 phut
   |     - Xe den:            133.2 phut
   |     - Bat dau resupply:  133.2 phut
   |     - Ket thuc:          141.2 phut
   |   - Drone ve depot:       153.4 phut
   +-----------------------------------------------------

   +-- Resupply Trip #5 ----------------------------------
   | Drone: Drone 0 | Xe: Xe 1
   | So khach hang: 1 customers
   | Customers: Node 10
   | Total flight time: 36.9 phut
   | Timeline:
   |   - Drone roi depot:      121.4 phut
   |   [Customer 10]
   |     - Drone den:         130.5 phut
   |     - Xe den:            144.2 phut
   |     - Bat dau resupply:  144.2 phut
   |     - Ket thuc:          152.2 phut
   |   - Drone ve depot:       161.3 phut
   +-----------------------------------------------------

 THOI GIAN HOAN THANH CAC DRONE:
   Drone 0: 161.33 phut
   Drone 1: 153.39 phut

=============================================================

=========================================
SUMMARY:
  Cost before Local Search: 177.96 minutes
  Cost after Local Search: 177.96 minutes
  Total Penalty: 0.00
  Feasible: YES
  Resupply Events: 5
=========================================
