
+========================================================+
|     PDP SOLVER - GA + TABU SEARCH                  |
+========================================================+

Reading instance: U_10_0.5_Num_9_pd.txt
Reading: U_10_0.5_Num_9_pd.txt
Truck (Manhattan) and Drone (Euclidean) distance matrices built.
Loaded 11 nodes, 10 customers.

Instance details:
  Customers: 10
  Trucks: 2
  Drones: 2
  Drone endurance: 90 minutes

=========================================
  GENETIC ALGORITHM + TABU SEARCH (PDP)
=========================================
Population size: 50
Max generations: 50
Base mutation rate: 0.1 (adaptive)
Tabu threshold: 10% of max gen without improvement
Adaptive operators: ENABLED

[1] Initializing population...
PDP Population distribution (NO SEPARATOR):
   Random: 5
   Greedy Time: 15
   Sweep: 15
   Nearest Neighbor: 15
Generated 50 PDP individuals (sequence only, no separators)
Initial best cost: 139.36 (penalty: 0.00)

[TABU] No improvement for 2 generations. Applying Tabu Search...
[TABU] After Tabu Search: 139.36 (penalty: 0.00)

[TABU] No improvement for 2 generations. Applying Tabu Search...
[TABU] After Tabu Search: 139.36 (penalty: 0.00)

[TABU] No improvement for 2 generations. Applying Tabu Search...
[TABU] After Tabu Search: 139.36 (penalty: 0.00)

[TABU] No improvement for 2 generations. Applying Tabu Search...
[TABU] After Tabu Search: 139.36 (penalty: 0.00)

[TABU] No improvement for 2 generations. Applying Tabu Search...
[TABU] After Tabu Search: 139.36 (penalty: 0.00)
[ADAPT] Gen 10 - Crossover rates: 0.28 0.39 0.10 0.42 , Mutation rate: 0.144

[TABU] No improvement for 2 generations. Applying Tabu Search...
[TABU] After Tabu Search: 139.36 (penalty: 0.00)

[TABU] No improvement for 2 generations. Applying Tabu Search...
[TABU] After Tabu Search: 139.36 (penalty: 0.00)

[TABU] No improvement for 2 generations. Applying Tabu Search...
[TABU] After Tabu Search: 139.36 (penalty: 0.00)

[TABU] No improvement for 2 generations. Applying Tabu Search...
[TABU] After Tabu Search: 139.36 (penalty: 0.00)

[TABU] No improvement for 2 generations. Applying Tabu Search...
[TABU] After Tabu Search: 139.36 (penalty: 0.00)
[ADAPT] Gen 20 - Crossover rates: 0.28 0.39 0.10 0.42 , Mutation rate: 0.207

[TABU] No improvement for 2 generations. Applying Tabu Search...
[TABU] After Tabu Search: 139.36 (penalty: 0.00)

[TABU] No improvement for 2 generations. Applying Tabu Search...
[TABU] After Tabu Search: 139.36 (penalty: 0.00)

[TABU] No improvement for 2 generations. Applying Tabu Search...
[TABU] After Tabu Search: 139.36 (penalty: 0.00)

[TABU] No improvement for 2 generations. Applying Tabu Search...
[TABU] After Tabu Search: 139.36 (penalty: 0.00)

[TABU] No improvement for 2 generations. Applying Tabu Search...
[TABU] After Tabu Search: 139.36 (penalty: 0.00)
[ADAPT] Gen 30 - Crossover rates: 0.29 0.38 0.10 0.43 , Mutation rate: 0.299

[TABU] No improvement for 2 generations. Applying Tabu Search...
[TABU] After Tabu Search: 139.36 (penalty: 0.00)

[TABU] No improvement for 2 generations. Applying Tabu Search...
[TABU] After Tabu Search: 139.36 (penalty: 0.00)

[TABU] No improvement for 2 generations. Applying Tabu Search...
[TABU] After Tabu Search: 139.36 (penalty: 0.00)

[TABU] No improvement for 2 generations. Applying Tabu Search...
[TABU] After Tabu Search: 139.36 (penalty: 0.00)

[TABU] No improvement for 2 generations. Applying Tabu Search...
[TABU] After Tabu Search: 139.36 (penalty: 0.00)
[ADAPT] Gen 40 - Crossover rates: 0.30 0.37 0.10 0.43 , Mutation rate: 0.430

[TABU] No improvement for 2 generations. Applying Tabu Search...
[TABU] After Tabu Search: 139.36 (penalty: 0.00)

[TABU] No improvement for 2 generations. Applying Tabu Search...
[TABU] After Tabu Search: 139.36 (penalty: 0.00)

[TABU] No improvement for 2 generations. Applying Tabu Search...
[TABU] After Tabu Search: 139.36 (penalty: 0.00)

[TABU] No improvement for 2 generations. Applying Tabu Search...
[TABU] After Tabu Search: 139.36 (penalty: 0.00)

[TABU] No improvement for 2 generations. Applying Tabu Search...
[TABU] After Tabu Search: 139.36 (penalty: 0.00)

=========================================
  GA + TABU COMPLETED
=========================================
Final best cost: 139.36 (penalty: 0.00)

[ADAPTIVE STATS]
Final mutation rate: 0.500
Crossover success rates: [0]:0.00 [1]:0.00 [2]:0.00 [3]:0.01 
Mutation success rates: [0]:0.06 [1]:0.05 [2]:0.00 [3]:0.05 [4]:0.04 

+========================================================+
|     INTEGRATED LOCAL SEARCH (Truck + Drone)         |
+========================================================+

[ADAPTIVE LS] Starting Adaptive Local Search with 11 operators...
[ADAPTIVE LS] Initial C_max: 139.36 minutes
[ADAPTIVE LS] Truck routes: 2
[ADAPTIVE LS] Drone trips: 3
[ADAPTIVE LS] Perturbation #1 (diversification)
[ADAPTIVE LS] Perturbation #2 (diversification)

[ADAPTIVE LS] ====== FINAL RESULTS ======
[ADAPTIVE LS] Completed after 50 iterations
[ADAPTIVE LS] Final C_max: 139.36 minutes
[ADAPTIVE LS] Improvements: Truck=0, Drone=0
[ADAPTIVE LS] Perturbations used: 2
[ADAPTIVE LS] No improvement found (solution may be near optimal)

[ADAPTIVE] Operator Performance Statistics:
-------------------------------------------------------------
              Operator  Attempts   Success     Rate(%)    AvgImprv    Weight
-------------------------------------------------------------
            Truck-2Opt        50        11       22.0%       23.36      3.24
            Truck-Swap        50         9       18.0%       23.36      3.09
        Truck-Relocate        50         5       10.0%       23.36      2.94
   Truck-CrossExchange        50         0        0.0%        0.00      0.50
         Drone-Reorder        50         0        0.0%        0.00      0.50
            Drone-Swap        50         0        0.0%        0.00      0.50
            Drone-Move        50         0        0.0%        0.00      0.50
           Drone-Merge        50         0        0.0%        0.00      0.50
           Drone-Split        50         0        0.0%        0.00      0.50
        Drone-Reassign        50         0        0.0%        0.00      0.50
  Drone-InsertIntoTrip        50         0        0.0%        0.00      0.50
-------------------------------------------------------------

+========================================================+
|               FINAL SOLUTION                       |
+========================================================+

+=============================================================+
|              SOLUTION DETAILS (Thoi gian thuc te)          |
+=============================================================+

 TONG QUAN:
   Total Cost (C_max): 139.36 phut
   Feasible: YES

CHI TIET CAC XE TAI:

   +-- Xe 0 --------------------------------------
   | Hoan thanh: 139.36 phut
   | Route: 0(D) -> 10(P) -> 2(DL) -> 7(D) -> 4(D) -> 0(D)
   | Timeline:
   |    0. Node  0 ( D): Den=   0.0' Roi=   0.0'
   |    1. Node 10 ( P): Den=  29.2' Roi=  32.2'
   |    2. Node  2 (DL): Den=  79.8' Roi=  82.8'
   |    3. Node  7 ( D): Den= 104.7' Roi= 112.7'
   |    4. Node  4 ( D): Den= 108.2' Roi= 127.8'
   |    5. Node  0 ( D): Den= 139.4' Roi= 139.4'
   +-----------------------------------------------------

   +-- Xe 1 --------------------------------------
   | Hoan thanh: 135.75 phut
   | Route: 0(D) -> 3(D) -> 1(D) -> 9(D) -> 0(D) -> 6(D) -> 0(D) -> 8(D) -> 5(D) -> 0(D)
   | Timeline:
   |    0. Node  0 ( D): Den=   0.0' Roi=   0.0'
   |    1. Node  3 ( D): Den=  27.2' Roi=  30.2'
   |    2. Node  1 ( D): Den=  43.5' Roi=  51.5'
   |    3. Node  9 ( D): Den=  49.4' Roi=  63.6'
   |    4. Node  0 ( D): Den=  73.0' Roi=  78.0'
   |    5. Node  6 ( D): Den=  86.0' Roi=  89.0'
   |    6. Node  0 ( D): Den=  96.9' Roi= 101.9'
   |    7. Node  8 ( D): Den= 110.0' Roi= 113.0'
   |    8. Node  5 ( D): Den= 116.3' Roi= 124.3'
   |    9. Node  0 ( D): Den= 135.8' Roi= 135.8'
   +-----------------------------------------------------

CHI TIET DRONE RESUPPLY (WITH CONSOLIDATION):

   +-- Resupply Trip #1 ----------------------------------
   | Drone: Drone 0 | Xe: Xe 1
   | So khach hang: 2 customers
   | Customers: Node 1, Node 9
   | Total flight time: 45.2 phut
   | Timeline:
   |   - Drone roi depot:       16.0 phut
   |   [Customer 1]
   |     - Drone den:          19.5 phut
   |     - Xe den:             43.5 phut
   |     - Bat dau resupply:   43.5 phut
   |     - Ket thuc:           51.5 phut
   |   [Customer 9]
   |     - Drone den:          55.6 phut
   |     - Xe den:             49.4 phut
   |     - Bat dau resupply:   55.6 phut
   |     - Ket thuc:           63.6 phut
   |   - Drone ve depot:        67.2 phut
   +-----------------------------------------------------

   +-- Resupply Trip #2 ----------------------------------
   | Drone: Drone 0 | Xe: Xe 0
   | So khach hang: 2 customers
   | Customers: Node 7, Node 4
   | Total flight time: 45.6 phut
   | Timeline:
   |   - Drone roi depot:       81.0 phut
   |   [Customer 7]
   |     - Drone den:          92.1 phut
   |     - Xe den:            104.7 phut
   |     - Bat dau resupply:  104.7 phut
   |     - Ket thuc:          112.7 phut
   |   [Customer 4]
   |     - Drone den:         119.8 phut
   |     - Xe den:            108.2 phut
   |     - Bat dau resupply:  119.8 phut
   |     - Ket thuc:          127.8 phut
   |   - Drone ve depot:       132.6 phut
   +-----------------------------------------------------

   +-- Resupply Trip #3 ----------------------------------
   | Drone: Drone 1 | Xe: Xe 1
   | So khach hang: 1 customers
   | Customers: Node 5
   | Total flight time: 49.4 phut
   | Timeline:
   |   - Drone roi depot:       76.0 phut
   |   [Customer 5]
   |     - Drone den:          80.1 phut
   |     - Xe den:            116.3 phut
   |     - Bat dau resupply:  116.3 phut
   |     - Ket thuc:          124.3 phut
   |   - Drone ve depot:       128.4 phut
   +-----------------------------------------------------

 THOI GIAN HOAN THANH CAC DRONE:
   Drone 0: 132.58 phut
   Drone 1: 128.38 phut

=============================================================

=========================================
SUMMARY:
  Cost before Local Search: 139.36 minutes
  Cost after Local Search: 139.36 minutes
  Total Penalty: 0.00
  Feasible: YES
  Resupply Events: 3
=========================================
