
+========================================================+
|     PDP SOLVER - GA + TABU SEARCH                  |
+========================================================+

Reading instance: U_10_2.5_Num_9_pd.txt
Reading: U_10_2.5_Num_9_pd.txt
Truck (Manhattan) and Drone (Euclidean) distance matrices built.
Loaded 11 nodes, 10 customers.

Instance details:
  Customers: 10
  Trucks: 2
  Drones: 2
  Drone endurance: 90 minutes

=========================================
  GENETIC ALGORITHM + TABU SEARCH (PDP)
=========================================
Population size: 50
Max generations: 50
Base mutation rate: 0.1 (adaptive)
Tabu threshold: 10% of max gen without improvement
Adaptive operators: ENABLED

[1] Initializing population...
PDP Population distribution (NO SEPARATOR):
   Random: 5
   Greedy Time: 15
   Sweep: 15
   Nearest Neighbor: 15
Generated 50 PDP individuals (sequence only, no separators)
Initial best cost: 449.52 (penalty: 0.00)
Gen 1: New best = 446.36 (penalty: 0.00, mut_rate: 0.100)

[TABU] No improvement for 2 generations. Applying Tabu Search...
  Tabu iter 50: best=438.030 current=439.914
[TABU] After Tabu Search: 438.03 (penalty: 0.00)

[TABU] No improvement for 2 generations. Applying Tabu Search...
[TABU] After Tabu Search: 438.03 (penalty: 0.00)

[TABU] No improvement for 2 generations. Applying Tabu Search...
[TABU] After Tabu Search: 438.03 (penalty: 0.00)

[TABU] No improvement for 2 generations. Applying Tabu Search...
[TABU] After Tabu Search: 438.03 (penalty: 0.00)
[ADAPT] Gen 10 - Crossover rates: 0.66 0.34 0.10 0.10 , Mutation rate: 0.120

[TABU] No improvement for 2 generations. Applying Tabu Search...
[TABU] After Tabu Search: 438.03 (penalty: 0.00)

[TABU] No improvement for 2 generations. Applying Tabu Search...
[TABU] After Tabu Search: 438.03 (penalty: 0.00)

[TABU] No improvement for 2 generations. Applying Tabu Search...
[TABU] After Tabu Search: 438.03 (penalty: 0.00)

[TABU] No improvement for 2 generations. Applying Tabu Search...
[TABU] After Tabu Search: 438.03 (penalty: 0.00)

[TABU] No improvement for 2 generations. Applying Tabu Search...
[TABU] After Tabu Search: 438.03 (penalty: 0.00)
[ADAPT] Gen 20 - Crossover rates: 0.54 0.46 0.10 0.10 , Mutation rate: 0.173

[TABU] No improvement for 2 generations. Applying Tabu Search...
[TABU] After Tabu Search: 438.03 (penalty: 0.00)

[TABU] No improvement for 2 generations. Applying Tabu Search...
[TABU] After Tabu Search: 438.03 (penalty: 0.00)

[TABU] No improvement for 2 generations. Applying Tabu Search...
[TABU] After Tabu Search: 438.03 (penalty: 0.00)

[TABU] No improvement for 2 generations. Applying Tabu Search...
[TABU] After Tabu Search: 438.03 (penalty: 0.00)

[TABU] No improvement for 2 generations. Applying Tabu Search...
[TABU] After Tabu Search: 438.03 (penalty: 0.00)
[ADAPT] Gen 30 - Crossover rates: 0.51 0.49 0.10 0.10 , Mutation rate: 0.249

[TABU] No improvement for 2 generations. Applying Tabu Search...
[TABU] After Tabu Search: 438.03 (penalty: 0.00)

[TABU] No improvement for 2 generations. Applying Tabu Search...
[TABU] After Tabu Search: 438.03 (penalty: 0.00)

[TABU] No improvement for 2 generations. Applying Tabu Search...
[TABU] After Tabu Search: 438.03 (penalty: 0.00)

[TABU] No improvement for 2 generations. Applying Tabu Search...
[TABU] After Tabu Search: 438.03 (penalty: 0.00)

[TABU] No improvement for 2 generations. Applying Tabu Search...
[TABU] After Tabu Search: 438.03 (penalty: 0.00)
[ADAPT] Gen 40 - Crossover rates: 0.51 0.49 0.10 0.10 , Mutation rate: 0.358

[TABU] No improvement for 2 generations. Applying Tabu Search...
[TABU] After Tabu Search: 438.03 (penalty: 0.00)

[TABU] No improvement for 2 generations. Applying Tabu Search...
[TABU] After Tabu Search: 438.03 (penalty: 0.00)

[TABU] No improvement for 2 generations. Applying Tabu Search...
[TABU] After Tabu Search: 438.03 (penalty: 0.00)

[TABU] No improvement for 2 generations. Applying Tabu Search...
[TABU] After Tabu Search: 438.03 (penalty: 0.00)

[TABU] No improvement for 2 generations. Applying Tabu Search...
[TABU] After Tabu Search: 438.03 (penalty: 0.00)

=========================================
  GA + TABU COMPLETED
=========================================
Final best cost: 438.03 (penalty: 0.00)

[ADAPTIVE STATS]
Final mutation rate: 0.430
Crossover success rates: [0]:0.00 [1]:0.00 [2]:0.00 [3]:0.00 
Mutation success rates: [0]:0.00 [1]:0.04 [2]:0.00 [3]:0.05 [4]:0.03 

+========================================================+
|     INTEGRATED LOCAL SEARCH (Truck + Drone)         |
+========================================================+

[ADAPTIVE LS] Starting Adaptive Local Search with 11 operators...
[ADAPTIVE LS] Initial C_max: 438.03 minutes
[ADAPTIVE LS] Truck routes: 2
[ADAPTIVE LS] Drone trips: 4
[ADAPTIVE LS] Perturbation #1 (diversification)
[ADAPTIVE LS] Perturbation #2 (diversification)

[ADAPTIVE LS] ====== FINAL RESULTS ======
[ADAPTIVE LS] Completed after 50 iterations
[ADAPTIVE LS] Final C_max: 438.03 minutes
[ADAPTIVE LS] Improvements: Truck=0, Drone=0
[ADAPTIVE LS] Perturbations used: 2
[ADAPTIVE LS] No improvement found (solution may be near optimal)

[ADAPTIVE] Operator Performance Statistics:
-------------------------------------------------------------
              Operator  Attempts   Success     Rate(%)    AvgImprv    Weight
-------------------------------------------------------------
            Truck-2Opt        50         0        0.0%        0.00      0.50
            Truck-Swap        50         0        0.0%        0.00      0.50
        Truck-Relocate        50         0        0.0%        0.00      0.50
   Truck-CrossExchange        50         0        0.0%        0.00      0.50
         Drone-Reorder        50         0        0.0%        0.00      0.50
            Drone-Swap        50        25       50.0%       41.49      5.00
            Drone-Move        50         0        0.0%        0.00      0.50
           Drone-Merge        50         0        0.0%        0.00      0.50
           Drone-Split        50         0        0.0%        0.00      0.50
        Drone-Reassign        50         0        0.0%        0.00      0.50
  Drone-InsertIntoTrip        50         0        0.0%        0.00      0.50
-------------------------------------------------------------

+========================================================+
|               FINAL SOLUTION                       |
+========================================================+

+=============================================================+
|              SOLUTION DETAILS (Thoi gian thuc te)          |
+=============================================================+

 TONG QUAN:
   Total Cost (C_max): 438.03 phut
   Feasible: YES

CHI TIET CAC XE TAI:

   +-- Xe 0 --------------------------------------
   | Hoan thanh: 422.56 phut
   | Route: 0(D) -> 6(P) -> 1(DL) -> 0(D) -> 7(D) -> 5(D) -> 0(D)
   | Timeline:
   |    0. Node  0 ( D): Den=   0.0' Roi=   0.0'
   |    1. Node  6 ( P): Den=   7.9' Roi=  10.9'
   |    2. Node  1 (DL): Den=  28.7' Roi=  31.7'
   |    3. Node  0 ( D): Den=  41.5' Roi=  46.5'
   |    4. Node  7 ( D): Den= 370.2' Roi= 373.2'
   |    5. Node  5 ( D): Den= 403.1' Roi= 411.1'
   |    6. Node  0 ( D): Den= 422.6' Roi= 422.6'
   +-----------------------------------------------------

   +-- Xe 1 --------------------------------------
   | Hoan thanh: 438.03 phut
   | Route: 0(D) -> 4(D) -> 0(D) -> 2(D) -> 9(D) -> 3(D) -> 10(D) -> 8(D) -> 0(D)
   | Timeline:
   |    0. Node  0 ( D): Den=   0.0' Roi=   0.0'
   |    1. Node  4 ( D): Den= 282.6' Roi= 285.6'
   |    2. Node  0 ( D): Den= 297.2' Roi= 302.2'
   |    3. Node  2 ( D): Den= 320.5' Roi= 323.5'
   |    4. Node  9 ( D): Den= 339.6' Roi= 347.6'
   |    5. Node  3 ( D): Den= 366.9' Roi= 374.9'
   |    6. Node 10 ( D): Den= 402.9' Roi= 413.7'
   |    7. Node  8 ( D): Den= 399.9' Roi= 429.9'
   |    8. Node  0 ( D): Den= 438.0' Roi= 438.0'
   +-----------------------------------------------------

CHI TIET DRONE RESUPPLY (WITH CONSOLIDATION):

   +-- Resupply Trip #1 ----------------------------------
   | Drone: Drone 0 | Xe: Xe 1
   | So khach hang: 1 customers
   | Customers: Node 9
   | Total flight time: 15.2 phut
   | Timeline:
   |   - Drone roi depot:      333.0 phut
   |   [Customer 9]
   |     - Drone den:         336.6 phut
   |     - Xe den:            339.6 phut
   |     - Bat dau resupply:  339.6 phut
   |     - Ket thuc:          347.6 phut
   |   - Drone ve depot:       351.2 phut
   +-----------------------------------------------------

   +-- Resupply Trip #2 ----------------------------------
   | Drone: Drone 0 | Xe: Xe 1
   | So khach hang: 1 customers
   | Customers: Node 3
   | Total flight time: 23.8 phut
   | Timeline:
   |   - Drone roi depot:      356.2 phut
   |   [Customer 3]
   |     - Drone den:         364.4 phut
   |     - Xe den:            366.9 phut
   |     - Bat dau resupply:  366.9 phut
   |     - Ket thuc:          374.9 phut
   |   - Drone ve depot:       383.1 phut
   +-----------------------------------------------------

   +-- Resupply Trip #3 ----------------------------------
   | Drone: Drone 0 | Xe: Xe 0
   | So khach hang: 1 customers
   | Customers: Node 5
   | Total flight time: 24.1 phut
   | Timeline:
   |   - Drone roi depot:      388.1 phut
   |   [Customer 5]
   |     - Drone den:         392.1 phut
   |     - Xe den:            403.1 phut
   |     - Bat dau resupply:  403.1 phut
   |     - Ket thuc:          411.1 phut
   |   - Drone ve depot:       415.2 phut
   +-----------------------------------------------------

   +-- Resupply Trip #4 ----------------------------------
   | Drone: Drone 1 | Xe: Xe 1
   | So khach hang: 2 customers
   | Customers: Node 10, Node 8
   | Total flight time: 31.8 phut
   | Timeline:
   |   - Drone roi depot:      395.0 phut
   |   [Customer 10]
   |     - Drone den:         405.7 phut
   |     - Xe den:            402.9 phut
   |     - Bat dau resupply:  405.7 phut
   |     - Ket thuc:          413.7 phut
   |   [Customer 8]
   |     - Drone den:         421.9 phut
   |     - Xe den:            399.9 phut
   |     - Bat dau resupply:  421.9 phut
   |     - Ket thuc:          429.9 phut
   |   - Drone ve depot:       432.8 phut
   +-----------------------------------------------------

 THOI GIAN HOAN THANH CAC DRONE:
   Drone 0: 415.19 phut
   Drone 1: 432.84 phut

=============================================================

=========================================
SUMMARY:
  Cost before Local Search: 438.03 minutes
  Cost after Local Search: 438.03 minutes
  Total Penalty: 0.00
  Feasible: YES
  Resupply Events: 4
=========================================
