
+========================================================+
|     PDP SOLVER - GA + TABU SEARCH                  |
+========================================================+

Reading instance: U_10_1.0_Num_6_pd.txt
Reading: U_10_1.0_Num_6_pd.txt
Truck (Manhattan) and Drone (Euclidean) distance matrices built.
Loaded 11 nodes, 10 customers.

Instance details:
  Customers: 10
  Trucks: 2
  Drones: 2
  Drone endurance: 90 minutes

=========================================
  GENETIC ALGORITHM + TABU SEARCH (PDP)
=========================================
Population size: 50
Max generations: 50
Base mutation rate: 0.1 (adaptive)
Tabu threshold: 10% of max gen without improvement
Adaptive operators: ENABLED

[1] Initializing population...
PDP Population distribution (NO SEPARATOR):
   Random: 5
   Greedy Time: 15
   Sweep: 15
   Nearest Neighbor: 15
Generated 50 PDP individuals (sequence only, no separators)
Initial best cost: 234.89 (penalty: 0.00)

[TABU] No improvement for 2 generations. Applying Tabu Search...
  Tabu iter 50: best=220.81 current=220.81
[TABU] After Tabu Search: 220.81 (penalty: 0.00)

[TABU] No improvement for 2 generations. Applying Tabu Search...
[TABU] After Tabu Search: 220.81 (penalty: 0.00)

[TABU] No improvement for 2 generations. Applying Tabu Search...
[TABU] After Tabu Search: 220.81 (penalty: 0.00)

[TABU] No improvement for 2 generations. Applying Tabu Search...
[TABU] After Tabu Search: 220.81 (penalty: 0.00)

[TABU] No improvement for 2 generations. Applying Tabu Search...
[TABU] After Tabu Search: 220.81 (penalty: 0.00)
[ADAPT] Gen 10 - Crossover rates: 0.25 0.25 0.25 0.25 , Mutation rate: 0.144

[TABU] No improvement for 2 generations. Applying Tabu Search...
[TABU] After Tabu Search: 220.81 (penalty: 0.00)

[TABU] No improvement for 2 generations. Applying Tabu Search...
[TABU] After Tabu Search: 220.81 (penalty: 0.00)

[TABU] No improvement for 2 generations. Applying Tabu Search...
[TABU] After Tabu Search: 220.81 (penalty: 0.00)

[TABU] No improvement for 2 generations. Applying Tabu Search...
[TABU] After Tabu Search: 220.81 (penalty: 0.00)

[TABU] No improvement for 2 generations. Applying Tabu Search...
[TABU] After Tabu Search: 220.81 (penalty: 0.00)
[ADAPT] Gen 20 - Crossover rates: 0.25 0.25 0.25 0.25 , Mutation rate: 0.207

[TABU] No improvement for 2 generations. Applying Tabu Search...
[TABU] After Tabu Search: 220.81 (penalty: 0.00)

[TABU] No improvement for 2 generations. Applying Tabu Search...
[TABU] After Tabu Search: 220.81 (penalty: 0.00)

[TABU] No improvement for 2 generations. Applying Tabu Search...
[TABU] After Tabu Search: 220.81 (penalty: 0.00)

[TABU] No improvement for 2 generations. Applying Tabu Search...
[TABU] After Tabu Search: 220.81 (penalty: 0.00)

[TABU] No improvement for 2 generations. Applying Tabu Search...
[TABU] After Tabu Search: 220.81 (penalty: 0.00)
[ADAPT] Gen 30 - Crossover rates: 0.25 0.25 0.25 0.25 , Mutation rate: 0.299

[TABU] No improvement for 2 generations. Applying Tabu Search...
[TABU] After Tabu Search: 220.81 (penalty: 0.00)

[TABU] No improvement for 2 generations. Applying Tabu Search...
[TABU] After Tabu Search: 220.81 (penalty: 0.00)

[TABU] No improvement for 2 generations. Applying Tabu Search...
[TABU] After Tabu Search: 220.81 (penalty: 0.00)

[TABU] No improvement for 2 generations. Applying Tabu Search...
[TABU] After Tabu Search: 220.81 (penalty: 0.00)

[TABU] No improvement for 2 generations. Applying Tabu Search...
[TABU] After Tabu Search: 220.81 (penalty: 0.00)
[ADAPT] Gen 40 - Crossover rates: 0.25 0.25 0.25 0.25 , Mutation rate: 0.430

[TABU] No improvement for 2 generations. Applying Tabu Search...
[TABU] After Tabu Search: 220.81 (penalty: 0.00)

[TABU] No improvement for 2 generations. Applying Tabu Search...
[TABU] After Tabu Search: 220.81 (penalty: 0.00)

[TABU] No improvement for 2 generations. Applying Tabu Search...
[TABU] After Tabu Search: 220.81 (penalty: 0.00)

[TABU] No improvement for 2 generations. Applying Tabu Search...
[TABU] After Tabu Search: 220.81 (penalty: 0.00)

[TABU] No improvement for 2 generations. Applying Tabu Search...
[TABU] After Tabu Search: 220.81 (penalty: 0.00)

=========================================
  GA + TABU COMPLETED
=========================================
Final best cost: 220.81 (penalty: 0.00)

[ADAPTIVE STATS]
Final mutation rate: 0.500
Crossover success rates: [0]:0.00 [1]:0.00 [2]:0.00 [3]:0.00 
Mutation success rates: [0]:0.03 [1]:0.03 [2]:0.00 [3]:0.05 [4]:0.04 

+========================================================+
|     INTEGRATED LOCAL SEARCH (Truck + Drone)         |
+========================================================+

[ADAPTIVE LS] Starting Adaptive Local Search with 11 operators...
[ADAPTIVE LS] Initial C_max: 220.81 minutes
[ADAPTIVE LS] Truck routes: 2
[ADAPTIVE LS] Drone trips: 5
[ADAPTIVE LS] Perturbation #1 (diversification)
[ADAPTIVE LS] Perturbation #2 (diversification)

[ADAPTIVE LS] ====== FINAL RESULTS ======
[ADAPTIVE LS] Completed after 50 iterations
[ADAPTIVE LS] Final C_max: 220.81 minutes
[ADAPTIVE LS] Improvements: Truck=0, Drone=0
[ADAPTIVE LS] Perturbations used: 2
[ADAPTIVE LS] No improvement found (solution may be near optimal)

[ADAPTIVE] Operator Performance Statistics:
-------------------------------------------------------------
              Operator  Attempts   Success     Rate(%)    AvgImprv    Weight
-------------------------------------------------------------
            Truck-2Opt        50        18       36.0%        4.05      1.42
            Truck-Swap        50        11       22.0%        9.80      1.78
        Truck-Relocate        50         7       14.0%       10.04      1.75
   Truck-CrossExchange        50         0        0.0%        0.00      0.50
         Drone-Reorder        50         0        0.0%        0.00      0.50
            Drone-Swap        50        25       50.0%       10.04      2.25
            Drone-Move        50         0        0.0%        0.00      0.50
           Drone-Merge        50         0        0.0%        0.00      0.50
           Drone-Split        50         0        0.0%        0.00      0.50
        Drone-Reassign        50         0        0.0%        0.00      0.50
  Drone-InsertIntoTrip        50         0        0.0%        0.00      0.50
-------------------------------------------------------------

+========================================================+
|               FINAL SOLUTION                       |
+========================================================+

+=============================================================+
|              SOLUTION DETAILS (Thoi gian thuc te)          |
+=============================================================+

 TONG QUAN:
   Total Cost (C_max): 220.81 phut
   Feasible: YES

CHI TIET CAC XE TAI:

   +-- Xe 0 --------------------------------------
   | Hoan thanh: 213.20 phut
   | Route: 0(D) -> 10(P) -> 9(DL) -> 5(D) -> 4(D) -> 0(D) -> 1(D) -> 0(D)
   | Timeline:
   |    0. Node  0 ( D): Den=   0.0' Roi=   0.0'
   |    1. Node 10 ( P): Den=  25.4' Roi=  28.4'
   |    2. Node  9 (DL): Den=  66.1' Roi=  69.1'
   |    3. Node  5 ( D): Den= 106.1' Roi= 118.5'
   |    4. Node  4 ( D): Den= 141.5' Roi= 149.5'
   |    5. Node  0 ( D): Den= 160.4' Roi= 165.4'
   |    6. Node  1 ( D): Den= 191.1' Roi= 194.1'
   |    7. Node  0 ( D): Den= 213.2' Roi= 213.2'
   +-----------------------------------------------------

   +-- Xe 1 --------------------------------------
   | Hoan thanh: 220.81 phut
   | Route: 0(D) -> 6(D) -> 8(D) -> 3(D) -> 2(D) -> 7(D) -> 0(D)
   | Timeline:
   |    0. Node  0 ( D): Den=   0.0' Roi=   0.0'
   |    1. Node  6 ( D): Den=  42.0' Roi=  45.0'
   |    2. Node  8 ( D): Den=  72.2' Roi=  80.2'
   |    3. Node  3 ( D): Den=  94.4' Roi= 102.4'
   |    4. Node  2 ( D): Den= 104.9' Roi= 118.2'
   |    5. Node  7 ( D): Den= 143.1' Roi= 184.8'
   |    6. Node  0 ( D): Den= 220.8' Roi= 220.8'
   +-----------------------------------------------------

CHI TIET DRONE RESUPPLY (WITH CONSOLIDATION):

   +-- Resupply Trip #1 ----------------------------------
   | Drone: Drone 0 | Xe: Xe 1
   | So khach hang: 1 customers
   | Customers: Node 8
   | Total flight time: 67.7 phut
   | Timeline:
   |   - Drone roi depot:       16.0 phut
   |   [Customer 8]
   |     - Drone den:          22.5 phut
   |     - Xe den:             72.2 phut
   |     - Bat dau resupply:   72.2 phut
   |     - Ket thuc:           80.2 phut
   |   - Drone ve depot:        86.7 phut
   +-----------------------------------------------------

   +-- Resupply Trip #2 ----------------------------------
   | Drone: Drone 0 | Xe: Xe 0
   | So khach hang: 1 customers
   | Customers: Node 5
   | Total flight time: 25.9 phut
   | Timeline:
   |   - Drone roi depot:      100.0 phut
   |   [Customer 5]
   |     - Drone den:         110.5 phut
   |     - Xe den:            106.1 phut
   |     - Bat dau resupply:  110.5 phut
   |     - Ket thuc:          118.5 phut
   |   - Drone ve depot:       128.9 phut
   +-----------------------------------------------------

   +-- Resupply Trip #3 ----------------------------------
   | Drone: Drone 1 | Xe: Xe 1
   | So khach hang: 2 customers
   | Customers: Node 3, Node 2
   | Total flight time: 87.8 phut
   | Timeline:
   |   - Drone roi depot:       32.0 phut
   |   [Customer 3]
   |     - Drone den:          42.0 phut
   |     - Xe den:             94.4 phut
   |     - Bat dau resupply:   94.4 phut
   |     - Ket thuc:          102.4 phut
   |   [Customer 2]
   |     - Drone den:         110.2 phut
   |     - Xe den:            104.9 phut
   |     - Bat dau resupply:  110.2 phut
   |     - Ket thuc:          118.2 phut
   |   - Drone ve depot:       125.8 phut
   +-----------------------------------------------------

   +-- Resupply Trip #4 ----------------------------------
   | Drone: Drone 0 | Xe: Xe 1
   | So khach hang: 1 customers
   | Customers: Node 7
   | Total flight time: 30.5 phut
   | Timeline:
   |   - Drone roi depot:      164.0 phut
   |   [Customer 7]
   |     - Drone den:         176.8 phut
   |     - Xe den:            143.1 phut
   |     - Bat dau resupply:  176.8 phut
   |     - Ket thuc:          184.8 phut
   |   - Drone ve depot:       197.5 phut
   +-----------------------------------------------------

   +-- Resupply Trip #5 ----------------------------------
   | Drone: Drone 1 | Xe: Xe 0
   | So khach hang: 1 customers
   | Customers: Node 4
   | Total flight time: 20.1 phut
   | Timeline:
   |   - Drone roi depot:      130.8 phut
   |   [Customer 4]
   |     - Drone den:         135.3 phut
   |     - Xe den:            141.5 phut
   |     - Bat dau resupply:  141.5 phut
   |     - Ket thuc:          149.5 phut
   |   - Drone ve depot:       153.9 phut
   +-----------------------------------------------------

 THOI GIAN HOAN THANH CAC DRONE:
   Drone 0: 197.55 phut
   Drone 1: 153.94 phut

=============================================================

=========================================
SUMMARY:
  Cost before Local Search: 220.81 minutes
  Cost after Local Search: 220.81 minutes
  Total Penalty: 0.00
  Feasible: YES
  Resupply Events: 5
=========================================
