
+========================================================+
|     PDP SOLVER - GA + TABU SEARCH                  |
+========================================================+

Reading instance: U_10_1.5_Num_1_pd.txt
Reading: U_10_1.5_Num_1_pd.txt
Truck (Manhattan) and Drone (Euclidean) distance matrices built.
Loaded 11 nodes, 10 customers.

Instance details:
  Customers: 10
  Trucks: 2
  Drones: 2
  Drone endurance: 90 minutes

=========================================
  GENETIC ALGORITHM + TABU SEARCH (PDP)
=========================================
Population size: 50
Max generations: 50
Base mutation rate: 0.1 (adaptive)
Tabu threshold: 10% of max gen without improvement
Adaptive operators: ENABLED

[1] Initializing population...
PDP Population distribution (NO SEPARATOR):
   Random: 5
   Greedy Time: 15
   Sweep: 15
   Nearest Neighbor: 15
Generated 50 PDP individuals (sequence only, no separators)
Initial best cost: 234.60 (penalty: 0.00)
Gen 0: New best = 230.22 (penalty: 0.00, mut_rate: 0.100)
Gen 1: New best = 222.72 (penalty: 0.00, mut_rate: 0.100)

[TABU] No improvement for 2 generations. Applying Tabu Search...
  Tabu iter 50: best=211.531 current=211.531
[TABU] After Tabu Search: 211.53 (penalty: 0.00)

[TABU] No improvement for 2 generations. Applying Tabu Search...
[TABU] After Tabu Search: 211.53 (penalty: 0.00)

[TABU] No improvement for 2 generations. Applying Tabu Search...
[TABU] After Tabu Search: 211.53 (penalty: 0.00)

[TABU] No improvement for 2 generations. Applying Tabu Search...
[TABU] After Tabu Search: 211.53 (penalty: 0.00)
[ADAPT] Gen 10 - Crossover rates: 0.20 0.48 0.10 0.42 , Mutation rate: 0.120

[TABU] No improvement for 2 generations. Applying Tabu Search...
[TABU] After Tabu Search: 211.53 (penalty: 0.00)

[TABU] No improvement for 2 generations. Applying Tabu Search...
[TABU] After Tabu Search: 211.53 (penalty: 0.00)

[TABU] No improvement for 2 generations. Applying Tabu Search...
[TABU] After Tabu Search: 211.53 (penalty: 0.00)

[TABU] No improvement for 2 generations. Applying Tabu Search...
[TABU] After Tabu Search: 211.53 (penalty: 0.00)

[TABU] No improvement for 2 generations. Applying Tabu Search...
[TABU] After Tabu Search: 211.53 (penalty: 0.00)
[ADAPT] Gen 20 - Crossover rates: 0.20 0.50 0.10 0.40 , Mutation rate: 0.173

[TABU] No improvement for 2 generations. Applying Tabu Search...
[TABU] After Tabu Search: 211.53 (penalty: 0.00)

[TABU] No improvement for 2 generations. Applying Tabu Search...
[TABU] After Tabu Search: 211.53 (penalty: 0.00)

[TABU] No improvement for 2 generations. Applying Tabu Search...
[TABU] After Tabu Search: 211.53 (penalty: 0.00)

[TABU] No improvement for 2 generations. Applying Tabu Search...
[TABU] After Tabu Search: 211.53 (penalty: 0.00)

[TABU] No improvement for 2 generations. Applying Tabu Search...
[TABU] After Tabu Search: 211.53 (penalty: 0.00)
[ADAPT] Gen 30 - Crossover rates: 0.20 0.49 0.10 0.40 , Mutation rate: 0.249

[TABU] No improvement for 2 generations. Applying Tabu Search...
[TABU] After Tabu Search: 211.53 (penalty: 0.00)

[TABU] No improvement for 2 generations. Applying Tabu Search...
[TABU] After Tabu Search: 211.53 (penalty: 0.00)

[TABU] No improvement for 2 generations. Applying Tabu Search...
[TABU] After Tabu Search: 211.53 (penalty: 0.00)

[TABU] No improvement for 2 generations. Applying Tabu Search...
[TABU] After Tabu Search: 211.53 (penalty: 0.00)

[TABU] No improvement for 2 generations. Applying Tabu Search...
[TABU] After Tabu Search: 211.53 (penalty: 0.00)
[ADAPT] Gen 40 - Crossover rates: 0.21 0.49 0.10 0.41 , Mutation rate: 0.358

[TABU] No improvement for 2 generations. Applying Tabu Search...
[TABU] After Tabu Search: 211.53 (penalty: 0.00)

[TABU] No improvement for 2 generations. Applying Tabu Search...
[TABU] After Tabu Search: 211.53 (penalty: 0.00)

[TABU] No improvement for 2 generations. Applying Tabu Search...
[TABU] After Tabu Search: 211.53 (penalty: 0.00)

[TABU] No improvement for 2 generations. Applying Tabu Search...
[TABU] After Tabu Search: 211.53 (penalty: 0.00)

[TABU] No improvement for 2 generations. Applying Tabu Search...
[TABU] After Tabu Search: 211.53 (penalty: 0.00)

=========================================
  GA + TABU COMPLETED
=========================================
Final best cost: 211.53 (penalty: 0.00)

[ADAPTIVE STATS]
Final mutation rate: 0.430
Crossover success rates: [0]:0.00 [1]:0.01 [2]:0.00 [3]:0.01 
Mutation success rates: [0]:0.05 [1]:0.00 [2]:0.00 [3]:0.04 [4]:0.02 

+========================================================+
|     INTEGRATED LOCAL SEARCH (Truck + Drone)         |
+========================================================+

[ADAPTIVE LS] Starting Adaptive Local Search with 11 operators...
[ADAPTIVE LS] Initial C_max: 211.53 minutes
[ADAPTIVE LS] Truck routes: 2
[ADAPTIVE LS] Drone trips: 6
[ADAPTIVE LS] Perturbation #1 (diversification)
[ADAPTIVE LS] Perturbation #2 (diversification)

[ADAPTIVE LS] ====== FINAL RESULTS ======
[ADAPTIVE LS] Completed after 50 iterations
[ADAPTIVE LS] Final C_max: 211.53 minutes
[ADAPTIVE LS] Improvements: Truck=0, Drone=0
[ADAPTIVE LS] Perturbations used: 2
[ADAPTIVE LS] No improvement found (solution may be near optimal)

[ADAPTIVE] Operator Performance Statistics:
-------------------------------------------------------------
              Operator  Attempts   Success     Rate(%)    AvgImprv    Weight
-------------------------------------------------------------
            Truck-2Opt        50        11       22.0%       21.65      3.06
            Truck-Swap        50        14       28.0%       21.65      3.01
        Truck-Relocate        50         0        0.0%        0.00      0.50
   Truck-CrossExchange        50         0        0.0%        0.00      0.50
         Drone-Reorder        50         0        0.0%        0.00      0.50
            Drone-Swap        50        12       24.0%        6.06      1.41
            Drone-Move        50         0        0.0%        0.00      0.50
           Drone-Merge        50        21       42.0%        3.72      1.52
           Drone-Split        50         0        0.0%        0.00      0.50
        Drone-Reassign        50         2        4.0%        6.06      1.16
  Drone-InsertIntoTrip        50        25       50.0%       17.98      3.08
-------------------------------------------------------------

+========================================================+
|               FINAL SOLUTION                       |
+========================================================+

+=============================================================+
|              SOLUTION DETAILS (Thoi gian thuc te)          |
+=============================================================+

 TONG QUAN:
   Total Cost (C_max): 211.53 phut
   Feasible: YES

CHI TIET CAC XE TAI:

   +-- Xe 0 --------------------------------------
   | Hoan thanh: 202.93 phut
   | Route: 0(D) -> 7(D) -> 0(D) -> 4(D) -> 9(D) -> 0(D)
   | Timeline:
   |    0. Node  0 ( D): Den=   0.0' Roi=   0.0'
   |    1. Node  7 ( D): Den=  16.8' Roi=  19.8'
   |    2. Node  0 ( D): Den=  30.6' Roi=  35.6'
   |    3. Node  4 ( D): Den= 159.2' Roi= 162.2'
   |    4. Node  9 ( D): Den= 175.3' Roi= 186.4'
   |    5. Node  0 ( D): Den= 202.9' Roi= 202.9'
   +-----------------------------------------------------

   +-- Xe 1 --------------------------------------
   | Hoan thanh: 211.53 phut
   | Route: 0(D) -> 1(P) -> 2(D) -> 6(DL) -> 5(D) -> 3(D) -> 8(D) -> 10(D) -> 0(D)
   | Timeline:
   |    0. Node  0 ( D): Den=   0.0' Roi=   0.0'
   |    1. Node  1 ( P): Den=  29.8' Roi=  32.8'
   |    2. Node  2 ( D): Den=  48.6' Roi=  56.6'
   |    3. Node  6 (DL): Den=  89.7' Roi=  92.7'
   |    4. Node  5 ( D): Den= 110.0' Roi= 118.0'
   |    5. Node  3 ( D): Den= 126.3' Roi= 134.3'
   |    6. Node  8 ( D): Den= 158.8' Roi= 166.8'
   |    7. Node 10 ( D): Den= 184.4' Roi= 193.4'
   |    8. Node  0 ( D): Den= 211.5' Roi= 211.5'
   +-----------------------------------------------------

CHI TIET DRONE RESUPPLY (WITH CONSOLIDATION):

   +-- Resupply Trip #1 ----------------------------------
   | Drone: Drone 0 | Xe: Xe 1
   | So khach hang: 1 customers
   | Customers: Node 2
   | Total flight time: 33.6 phut
   | Timeline:
   |   - Drone roi depot:       28.0 phut
   |   [Customer 2]
   |     - Drone den:          36.0 phut
   |     - Xe den:             48.6 phut
   |     - Bat dau resupply:   48.6 phut
   |     - Ket thuc:           56.6 phut
   |   - Drone ve depot:        64.6 phut
   +-----------------------------------------------------

   +-- Resupply Trip #2 ----------------------------------
   | Drone: Drone 0 | Xe: Xe 1
   | So khach hang: 1 customers
   | Customers: Node 5
   | Total flight time: 33.0 phut
   | Timeline:
   |   - Drone roi depot:       89.0 phut
   |   [Customer 5]
   |     - Drone den:          95.9 phut
   |     - Xe den:            110.0 phut
   |     - Bat dau resupply:  110.0 phut
   |     - Ket thuc:          118.0 phut
   |   - Drone ve depot:       125.0 phut
   +-----------------------------------------------------

   +-- Resupply Trip #3 ----------------------------------
   | Drone: Drone 1 | Xe: Xe 1
   | So khach hang: 1 customers
   | Customers: Node 3
   | Total flight time: 30.9 phut
   | Timeline:
   |   - Drone roi depot:      111.0 phut
   |   [Customer 3]
   |     - Drone den:         121.6 phut
   |     - Xe den:            126.3 phut
   |     - Bat dau resupply:  126.3 phut
   |     - Ket thuc:          134.3 phut
   |   - Drone ve depot:       144.9 phut
   +-----------------------------------------------------

   +-- Resupply Trip #4 ----------------------------------
   | Drone: Drone 0 | Xe: Xe 1
   | So khach hang: 1 customers
   | Customers: Node 8
   | Total flight time: 20.8 phut
   | Timeline:
   |   - Drone roi depot:      149.0 phut
   |   [Customer 8]
   |     - Drone den:         155.1 phut
   |     - Xe den:            158.8 phut
   |     - Bat dau resupply:  158.8 phut
   |     - Ket thuc:          166.8 phut
   |   - Drone ve depot:       172.8 phut
   +-----------------------------------------------------

   +-- Resupply Trip #5 ----------------------------------
   | Drone: Drone 1 | Xe: Xe 0
   | So khach hang: 1 customers
   | Customers: Node 9
   | Total flight time: 17.7 phut
   | Timeline:
   |   - Drone roi depot:      172.0 phut
   |   [Customer 9]
   |     - Drone den:         178.4 phut
   |     - Xe den:            175.3 phut
   |     - Bat dau resupply:  178.4 phut
   |     - Ket thuc:          186.4 phut
   |   - Drone ve depot:       192.7 phut
   +-----------------------------------------------------

   +-- Resupply Trip #6 ----------------------------------
   | Drone: Drone 0 | Xe: Xe 1
   | So khach hang: 1 customers
   | Customers: Node 10
   | Total flight time: 17.8 phut
   | Timeline:
   |   - Drone roi depot:      179.0 phut
   |   [Customer 10]
   |     - Drone den:         185.4 phut
   |     - Xe den:            184.4 phut
   |     - Bat dau resupply:  185.4 phut
   |     - Ket thuc:          193.4 phut
   |   - Drone ve depot:       199.8 phut
   +-----------------------------------------------------

 THOI GIAN HOAN THANH CAC DRONE:
   Drone 0: 199.82 phut
   Drone 1: 192.75 phut

=============================================================

=========================================
SUMMARY:
  Cost before Local Search: 211.53 minutes
  Cost after Local Search: 211.53 minutes
  Total Penalty: 0.00
  Feasible: YES
  Resupply Events: 6
=========================================
