
+========================================================+
|     PDP SOLVER - GA + TABU SEARCH                  |
+========================================================+

Reading instance: U_10_2.0_Num_8_pd.txt
Reading: U_10_2.0_Num_8_pd.txt
Truck (Manhattan) and Drone (Euclidean) distance matrices built.
Loaded 11 nodes, 10 customers.

Instance details:
  Customers: 10
  Trucks: 2
  Drones: 2
  Drone endurance: 90 minutes

=========================================
  GENETIC ALGORITHM + TABU SEARCH (PDP)
=========================================
Population size: 50
Max generations: 50
Base mutation rate: 0.1 (adaptive)
Tabu threshold: 10% of max gen without improvement
Adaptive operators: ENABLED

[1] Initializing population...
PDP Population distribution (NO SEPARATOR):
   Random: 5
   Greedy Time: 15
   Sweep: 15
   Nearest Neighbor: 15
Generated 50 PDP individuals (sequence only, no separators)
Initial best cost: 288.48 (penalty: 0.00)
Gen 0: New best = 269.84 (penalty: 0.00, mut_rate: 0.100)

[TABU] No improvement for 2 generations. Applying Tabu Search...
  Tabu iter 50: best=267.581 current=267.581
[TABU] After Tabu Search: 267.58 (penalty: 0.00)

[TABU] No improvement for 2 generations. Applying Tabu Search...
[TABU] After Tabu Search: 267.58 (penalty: 0.00)

[TABU] No improvement for 2 generations. Applying Tabu Search...
[TABU] After Tabu Search: 267.58 (penalty: 0.00)

[TABU] No improvement for 2 generations. Applying Tabu Search...
[TABU] After Tabu Search: 267.58 (penalty: 0.00)
[ADAPT] Gen 10 - Crossover rates: 0.41 0.39 0.10 0.29 , Mutation rate: 0.120

[TABU] No improvement for 2 generations. Applying Tabu Search...
[TABU] After Tabu Search: 267.58 (penalty: 0.00)

[TABU] No improvement for 2 generations. Applying Tabu Search...
[TABU] After Tabu Search: 267.58 (penalty: 0.00)

[TABU] No improvement for 2 generations. Applying Tabu Search...
[TABU] After Tabu Search: 267.58 (penalty: 0.00)

[TABU] No improvement for 2 generations. Applying Tabu Search...
[TABU] After Tabu Search: 267.58 (penalty: 0.00)

[TABU] No improvement for 2 generations. Applying Tabu Search...
[TABU] After Tabu Search: 267.58 (penalty: 0.00)
[ADAPT] Gen 20 - Crossover rates: 0.41 0.39 0.10 0.30 , Mutation rate: 0.173

[TABU] No improvement for 2 generations. Applying Tabu Search...
[TABU] After Tabu Search: 267.58 (penalty: 0.00)

[TABU] No improvement for 2 generations. Applying Tabu Search...
[TABU] After Tabu Search: 267.58 (penalty: 0.00)

[TABU] No improvement for 2 generations. Applying Tabu Search...
[TABU] After Tabu Search: 267.58 (penalty: 0.00)

[TABU] No improvement for 2 generations. Applying Tabu Search...
[TABU] After Tabu Search: 267.58 (penalty: 0.00)

[TABU] No improvement for 2 generations. Applying Tabu Search...
[TABU] After Tabu Search: 267.58 (penalty: 0.00)
[ADAPT] Gen 30 - Crossover rates: 0.40 0.40 0.10 0.30 , Mutation rate: 0.249

[TABU] No improvement for 2 generations. Applying Tabu Search...
[TABU] After Tabu Search: 267.58 (penalty: 0.00)

[TABU] No improvement for 2 generations. Applying Tabu Search...
[TABU] After Tabu Search: 267.58 (penalty: 0.00)

[TABU] No improvement for 2 generations. Applying Tabu Search...
[TABU] After Tabu Search: 267.58 (penalty: 0.00)

[TABU] No improvement for 2 generations. Applying Tabu Search...
[TABU] After Tabu Search: 267.58 (penalty: 0.00)

[TABU] No improvement for 2 generations. Applying Tabu Search...
[TABU] After Tabu Search: 267.58 (penalty: 0.00)
[ADAPT] Gen 40 - Crossover rates: 0.39 0.40 0.10 0.30 , Mutation rate: 0.358

[TABU] No improvement for 2 generations. Applying Tabu Search...
[TABU] After Tabu Search: 267.58 (penalty: 0.00)

[TABU] No improvement for 2 generations. Applying Tabu Search...
[TABU] After Tabu Search: 267.58 (penalty: 0.00)

[TABU] No improvement for 2 generations. Applying Tabu Search...
[TABU] After Tabu Search: 267.58 (penalty: 0.00)

[TABU] No improvement for 2 generations. Applying Tabu Search...
[TABU] After Tabu Search: 267.58 (penalty: 0.00)

[TABU] No improvement for 2 generations. Applying Tabu Search...
[TABU] After Tabu Search: 267.58 (penalty: 0.00)

=========================================
  GA + TABU COMPLETED
=========================================
Final best cost: 267.58 (penalty: 0.00)

[ADAPTIVE STATS]
Final mutation rate: 0.430
Crossover success rates: [0]:0.00 [1]:0.00 [2]:0.00 [3]:0.00 
Mutation success rates: [0]:0.00 [1]:0.00 [2]:0.00 [3]:0.02 [4]:0.04 

+========================================================+
|     INTEGRATED LOCAL SEARCH (Truck + Drone)         |
+========================================================+

[ADAPTIVE LS] Starting Adaptive Local Search with 11 operators...
[ADAPTIVE LS] Initial C_max: 267.58 minutes
[ADAPTIVE LS] Truck routes: 2
[ADAPTIVE LS] Drone trips: 3
[ADAPTIVE LS] Iter 0: Drone improved to 264.14 min
[ADAPTIVE LS] Iter 1: Truck improved to 255.32 min
[ADAPTIVE LS] Perturbation #1 (diversification)

[ADAPTIVE LS] ====== FINAL RESULTS ======
[ADAPTIVE LS] Completed after 50 iterations
[ADAPTIVE LS] Final C_max: 255.32 minutes
[ADAPTIVE LS] Improvements: Truck=1, Drone=1
[ADAPTIVE LS] Perturbations used: 1
[ADAPTIVE LS] Total improvement: 12.26 minutes (4.6%)

[ADAPTIVE] Operator Performance Statistics:
-------------------------------------------------------------
              Operator  Attempts   Success     Rate(%)    AvgImprv    Weight
-------------------------------------------------------------
            Truck-2Opt        50         1        2.0%        7.98      1.35
            Truck-Swap        50         0        0.0%        0.00      0.50
        Truck-Relocate        50         1        2.0%        0.84      0.63
   Truck-CrossExchange        50         0        0.0%        0.00      0.50
         Drone-Reorder        50         0        0.0%        0.00      0.50
            Drone-Swap        50        24       48.0%       16.68      2.83
            Drone-Move        50         0        0.0%        0.00      0.50
           Drone-Merge        50         0        0.0%        0.00      0.50
           Drone-Split        50         0        0.0%        0.00      0.50
        Drone-Reassign        50         0        0.0%        0.00      0.50
  Drone-InsertIntoTrip        50         0        0.0%        0.00      0.50
-------------------------------------------------------------

+========================================================+
|               FINAL SOLUTION                       |
+========================================================+

+=============================================================+
|              SOLUTION DETAILS (Thoi gian thuc te)          |
+=============================================================+

 TONG QUAN:
   Total Cost (C_max): 255.32 phut
   Feasible: YES

CHI TIET CAC XE TAI:

   +-- Xe 0 --------------------------------------
   | Hoan thanh: 79.28 phut
   | Route: 0(D) -> 6(D) -> 0(D) -> 7(D) -> 4(D) -> 0(D)
   | Timeline:
   |    0. Node  0 ( D): Den=   0.0' Roi=   0.0'
   |    1. Node  6 ( D): Den=   5.2' Roi=   8.2'
   |    2. Node  0 ( D): Den=  13.3' Roi=  18.3'
   |    3. Node  7 ( D): Den=  31.2' Roi=  34.2'
   |    4. Node  4 ( D): Den=  52.0' Roi=  55.0'
   |    5. Node  0 ( D): Den=  74.3' Roi=  79.3'
   +-----------------------------------------------------

   +-- Xe 1 --------------------------------------
   | Hoan thanh: 241.06 phut
   | Route: 0(D) -> 9(D) -> 0(D) -> 0(D) -> 8(P) -> 5(DL) -> 1(D) -> 3(D) -> 2(D) -> 0(D)
   | Timeline:
   |    0. Node  0 ( D): Den=   0.0' Roi=   0.0'
   |    1. Node  9 ( D): Den=  16.3' Roi=  19.3'
   |    2. Node  0 ( D): Den=  35.7' Roi=  40.7'
   |    3. Node  0 ( D): Den=  40.7' Roi=  45.7'
   |    4. Node  8 ( P): Den=  62.1' Roi=  65.1'
   |    5. Node  5 (DL): Den=  81.3' Roi=  84.3'
   |    6. Node  1 ( D): Den=  92.1' Roi= 138.8'
   |    7. Node  3 ( D): Den= 184.2' Roi= 187.2'
   |    8. Node  2 ( D): Den= 211.6' Roi= 214.6'
   |    9. Node  0 ( D): Den= 236.1' Roi= 241.1'
   +-----------------------------------------------------

CHI TIET DRONE RESUPPLY (WITH CONSOLIDATION):

   +-- Resupply Trip #1 ----------------------------------
   | Drone: Drone 0 | Xe: Xe 1
   | So khach hang: 2 customers
   | Customers: Node 1, Node 10
   | Total flight time: 34.4 phut
   | Timeline:
   |   - Drone roi depot:      124.0 phut
   |   [Customer 1]
   |     - Drone den:         130.8 phut
   |     - Xe den:             99.9 phut
   |     - Bat dau resupply:  130.8 phut
   |     - Ket thuc:          138.8 phut
   |   [Customer 10]
   |     - Drone den:         141.9 phut
   |     - Xe den:            147.5 phut
   |     - Bat dau resupply:  147.5 phut
   |     - Ket thuc:          155.5 phut
   |   - Drone ve depot:       164.4 phut
   +-----------------------------------------------------

   +-- Resupply Trip #2 ----------------------------------
   | Drone: Drone 0 | Xe: Xe 0
   | So khach hang: 1 customers
   | Customers: Node 2
   | Total flight time: 23.3 phut
   | Timeline:
   |   - Drone roi depot:      229.0 phut
   |   [Customer 2]
   |     - Drone den:         238.2 phut
   |     - Xe den:             21.4 phut
   |     - Bat dau resupply:  238.2 phut
   |     - Ket thuc:          246.2 phut
   |   - Drone ve depot:       255.3 phut
   +-----------------------------------------------------

   +-- Resupply Trip #3 ----------------------------------
   | Drone: Drone 1 | Xe: Xe 1
   | So khach hang: 1 customers
   | Customers: Node 4
   | Total flight time: 18.9 phut
   | Timeline:
   |   - Drone roi depot:      201.0 phut
   |   [Customer 4]
   |     - Drone den:         208.0 phut
   |     - Xe den:             19.3 phut
   |     - Bat dau resupply:  208.0 phut
   |     - Ket thuc:          216.0 phut
   |   - Drone ve depot:       222.9 phut
   +-----------------------------------------------------

 THOI GIAN HOAN THANH CAC DRONE:
   Drone 0: 234.61 phut
   Drone 1: 255.32 phut

=============================================================

=========================================
SUMMARY:
  Cost before Local Search: 267.58 minutes
  Cost after Local Search: 255.32 minutes
  Improvement by LS: 12.26 minutes (4.6%)
  Total Penalty: 0.0
  Feasible: YES
  Resupply Events: 3
=========================================
