
+========================================================+
|     PDP SOLVER - GA + TABU SEARCH                  |
+========================================================+

Reading instance: U_10_2.5_Num_2_pd.txt
Reading: U_10_2.5_Num_2_pd.txt
Truck (Manhattan) and Drone (Euclidean) distance matrices built.
Loaded 11 nodes, 10 customers.

Instance details:
  Customers: 10
  Trucks: 2
  Drones: 2
  Drone endurance: 90 minutes

=========================================
  GENETIC ALGORITHM + TABU SEARCH (PDP)
=========================================
Population size: 50
Max generations: 50
Base mutation rate: 0.1 (adaptive)
Tabu threshold: 10% of max gen without improvement
Adaptive operators: ENABLED

[1] Initializing population...
PDP Population distribution (NO SEPARATOR):
   Random: 5
   Greedy Time: 15
   Sweep: 15
   Nearest Neighbor: 15
Generated 50 PDP individuals (sequence only, no separators)
Initial best cost: 311.12 (penalty: 0.00)

[TABU] No improvement for 2 generations. Applying Tabu Search...
[TABU] After Tabu Search: 311.12 (penalty: 0.00)

[TABU] No improvement for 2 generations. Applying Tabu Search...
[TABU] After Tabu Search: 311.12 (penalty: 0.00)

[TABU] No improvement for 2 generations. Applying Tabu Search...
[TABU] After Tabu Search: 311.12 (penalty: 0.00)

[TABU] No improvement for 2 generations. Applying Tabu Search...
[TABU] After Tabu Search: 311.12 (penalty: 0.00)

[TABU] No improvement for 2 generations. Applying Tabu Search...
[TABU] After Tabu Search: 311.12 (penalty: 0.00)
[ADAPT] Gen 10 - Crossover rates: 0.25 0.25 0.25 0.25 , Mutation rate: 0.144

[TABU] No improvement for 2 generations. Applying Tabu Search...
[TABU] After Tabu Search: 311.12 (penalty: 0.00)

[TABU] No improvement for 2 generations. Applying Tabu Search...
[TABU] After Tabu Search: 311.12 (penalty: 0.00)

[TABU] No improvement for 2 generations. Applying Tabu Search...
[TABU] After Tabu Search: 311.12 (penalty: 0.00)

[TABU] No improvement for 2 generations. Applying Tabu Search...
[TABU] After Tabu Search: 311.12 (penalty: 0.00)

[TABU] No improvement for 2 generations. Applying Tabu Search...
[TABU] After Tabu Search: 311.12 (penalty: 0.00)
[ADAPT] Gen 20 - Crossover rates: 0.25 0.25 0.25 0.25 , Mutation rate: 0.207

[TABU] No improvement for 2 generations. Applying Tabu Search...
[TABU] After Tabu Search: 311.12 (penalty: 0.00)

[TABU] No improvement for 2 generations. Applying Tabu Search...
[TABU] After Tabu Search: 311.12 (penalty: 0.00)

[TABU] No improvement for 2 generations. Applying Tabu Search...
[TABU] After Tabu Search: 311.12 (penalty: 0.00)

[TABU] No improvement for 2 generations. Applying Tabu Search...
[TABU] After Tabu Search: 311.12 (penalty: 0.00)

[TABU] No improvement for 2 generations. Applying Tabu Search...
[TABU] After Tabu Search: 311.12 (penalty: 0.00)
[ADAPT] Gen 30 - Crossover rates: 0.25 0.25 0.25 0.25 , Mutation rate: 0.299

[TABU] No improvement for 2 generations. Applying Tabu Search...
[TABU] After Tabu Search: 311.12 (penalty: 0.00)

[TABU] No improvement for 2 generations. Applying Tabu Search...
[TABU] After Tabu Search: 311.12 (penalty: 0.00)

[TABU] No improvement for 2 generations. Applying Tabu Search...
[TABU] After Tabu Search: 311.12 (penalty: 0.00)

[TABU] No improvement for 2 generations. Applying Tabu Search...
[TABU] After Tabu Search: 311.12 (penalty: 0.00)

[TABU] No improvement for 2 generations. Applying Tabu Search...
[TABU] After Tabu Search: 311.12 (penalty: 0.00)
[ADAPT] Gen 40 - Crossover rates: 0.25 0.25 0.25 0.25 , Mutation rate: 0.430

[TABU] No improvement for 2 generations. Applying Tabu Search...
[TABU] After Tabu Search: 311.12 (penalty: 0.00)

[TABU] No improvement for 2 generations. Applying Tabu Search...
[TABU] After Tabu Search: 311.12 (penalty: 0.00)

[TABU] No improvement for 2 generations. Applying Tabu Search...
[TABU] After Tabu Search: 311.12 (penalty: 0.00)

[TABU] No improvement for 2 generations. Applying Tabu Search...
[TABU] After Tabu Search: 311.12 (penalty: 0.00)

[TABU] No improvement for 2 generations. Applying Tabu Search...
[TABU] After Tabu Search: 311.12 (penalty: 0.00)

=========================================
  GA + TABU COMPLETED
=========================================
Final best cost: 311.12 (penalty: 0.00)

[ADAPTIVE STATS]
Final mutation rate: 0.500
Crossover success rates: [0]:0.00 [1]:0.00 [2]:0.00 [3]:0.00 
Mutation success rates: [0]:0.00 [1]:0.06 [2]:0.01 [3]:0.00 [4]:0.05 

+========================================================+
|     INTEGRATED LOCAL SEARCH (Truck + Drone)         |
+========================================================+

[ADAPTIVE LS] Starting Adaptive Local Search with 11 operators...
[ADAPTIVE LS] Initial C_max: 311.12 minutes
[ADAPTIVE LS] Truck routes: 2
[ADAPTIVE LS] Drone trips: 2
[ADAPTIVE LS] Perturbation #1 (diversification)
[ADAPTIVE LS] Perturbation #2 (diversification)

[ADAPTIVE LS] ====== FINAL RESULTS ======
[ADAPTIVE LS] Completed after 50 iterations
[ADAPTIVE LS] Final C_max: 311.12 minutes
[ADAPTIVE LS] Improvements: Truck=0, Drone=0
[ADAPTIVE LS] Perturbations used: 2
[ADAPTIVE LS] No improvement found (solution may be near optimal)

[ADAPTIVE] Operator Performance Statistics:
-------------------------------------------------------------
              Operator  Attempts   Success     Rate(%)    AvgImprv    Weight
-------------------------------------------------------------
            Truck-2Opt        50         0        0.0%        0.00      0.50
            Truck-Swap        50         0        0.0%        0.00      0.50
        Truck-Relocate        50         0        0.0%        0.00      0.50
   Truck-CrossExchange        50         0        0.0%        0.00      0.50
         Drone-Reorder        50         0        0.0%        0.00      0.50
            Drone-Swap        50         0        0.0%        0.00      0.50
            Drone-Move        50         0        0.0%        0.00      0.50
           Drone-Merge        50         0        0.0%        0.00      0.50
           Drone-Split        50         0        0.0%        0.00      0.50
        Drone-Reassign        50         0        0.0%        0.00      0.50
  Drone-InsertIntoTrip        50         0        0.0%        0.00      0.50
-------------------------------------------------------------

+========================================================+
|               FINAL SOLUTION                       |
+========================================================+

+=============================================================+
|              SOLUTION DETAILS (Thoi gian thuc te)          |
+=============================================================+

 TONG QUAN:
   Total Cost (C_max): 311.12 phut
   Feasible: YES

CHI TIET CAC XE TAI:

   +-- Xe 0 --------------------------------------
   | Hoan thanh: 297.72 phut
   | Route: 0(D) -> 7(P) -> 3(DL) -> 0(D) -> 4(D) -> 6(D) -> 0(D) -> 8(D) -> 0(D)
   | Timeline:
   |    0. Node  0 ( D): Den=   0.0' Roi=   0.0'
   |    1. Node  7 ( P): Den=  17.5' Roi=  20.5'
   |    2. Node  3 (DL): Den=  29.2' Roi=  32.2'
   |    3. Node  0 ( D): Den=  58.3' Roi=  63.3'
   |    4. Node  4 ( D): Den= 110.5' Roi= 113.5'
   |    5. Node  6 ( D): Den= 132.3' Roi= 199.9'
   |    6. Node  0 ( D): Den= 236.2' Roi= 241.2'
   |    7. Node  8 ( D): Den= 283.9' Roi= 286.9'
   |    8. Node  0 ( D): Den= 297.7' Roi= 297.7'
   +-----------------------------------------------------

   +-- Xe 1 --------------------------------------
   | Hoan thanh: 311.12 phut
   | Route: 0(D) -> 10(D) -> 0(D) -> 9(D) -> 0(D) -> 2(D) -> 0(D) -> 1(D) -> 5(D) -> 0(D)
   | Timeline:
   |    0. Node  0 ( D): Den=   0.0' Roi=   0.0'
   |    1. Node 10 ( D): Den=  27.1' Roi=  30.1'
   |    2. Node  0 ( D): Den=  48.2' Roi=  53.2'
   |    3. Node  9 ( D): Den=  84.1' Roi=  87.1'
   |    4. Node  0 ( D): Den= 111.2' Roi= 116.2'
   |    5. Node  2 ( D): Den= 136.8' Roi= 139.8'
   |    6. Node  0 ( D): Den= 155.5' Roi= 160.5'
   |    7. Node  1 ( D): Den= 267.7' Roi= 270.7'
   |    8. Node  5 ( D): Den= 285.7' Roi= 294.3'
   |    9. Node  0 ( D): Den= 311.1' Roi= 311.1'
   +-----------------------------------------------------

CHI TIET DRONE RESUPPLY (WITH CONSOLIDATION):

   +-- Resupply Trip #1 ----------------------------------
   | Drone: Drone 0 | Xe: Xe 0
   | So khach hang: 1 customers
   | Customers: Node 6
   | Total flight time: 30.7 phut
   | Timeline:
   |   - Drone roi depot:      179.0 phut
   |   [Customer 6]
   |     - Drone den:         191.9 phut
   |     - Xe den:            132.3 phut
   |     - Bat dau resupply:  191.9 phut
   |     - Ket thuc:          199.9 phut
   |   - Drone ve depot:       212.7 phut
   +-----------------------------------------------------

   +-- Resupply Trip #2 ----------------------------------
   | Drone: Drone 0 | Xe: Xe 1
   | So khach hang: 1 customers
   | Customers: Node 5
   | Total flight time: 17.7 phut
   | Timeline:
   |   - Drone roi depot:      280.0 phut
   |   [Customer 5]
   |     - Drone den:         286.3 phut
   |     - Xe den:            285.7 phut
   |     - Bat dau resupply:  286.3 phut
   |     - Ket thuc:          294.3 phut
   |   - Drone ve depot:       300.7 phut
   +-----------------------------------------------------

 THOI GIAN HOAN THANH CAC DRONE:
   Drone 0: 300.67 phut
   Drone 1: 0.00 phut

=============================================================

=========================================
SUMMARY:
  Cost before Local Search: 311.12 minutes
  Cost after Local Search: 311.12 minutes
  Total Penalty: 0.00
  Feasible: YES
  Resupply Events: 2
=========================================
