[GA] start pop=50 gen=300 mut=0.2 customers=10 trucks=2 drones=2
[GA] gen=-1 feasible=50/50 bestFitness=193 bestCmax=193 bestPenalty=0 avgFitness=226.46
[GA] gen=0 feasible=39/50 bestFitness=188 bestCmax=188 bestPenalty=0 avgFitness=16607.8 children=49 twoPoint=25 mutCustomer=12 mutDrone=13 globalBestCmax=188 globalBestPenalty=0 globalBestFeasible=1
[GA] gen=1 feasible=38/50 bestFitness=187 bestCmax=187 bestPenalty=0 avgFitness=8608.48 children=49 twoPoint=25 mutCustomer=11 mutDrone=18 globalBestCmax=187 globalBestPenalty=0 globalBestFeasible=1
[GA] gen=2 feasible=36/50 bestFitness=178 bestCmax=178 bestPenalty=0 avgFitness=12003.6 children=49 twoPoint=24 mutCustomer=9 mutDrone=17 globalBestCmax=178 globalBestPenalty=0 globalBestFeasible=1
[GA] gen=3 feasible=41/50 bestFitness=178 bestCmax=178 bestPenalty=0 avgFitness=14395.1 children=49 twoPoint=20 mutCustomer=9 mutDrone=15 globalBestCmax=178 globalBestPenalty=0 globalBestFeasible=1
[GA] gen=4 feasible=42/50 bestFitness=172 bestCmax=172 bestPenalty=0 avgFitness=11987.4 children=49 twoPoint=28 mutCustomer=8 mutDrone=10 globalBestCmax=172 globalBestPenalty=0 globalBestFeasible=1
[GA] gen=5 feasible=35/50 bestFitness=172 bestCmax=172 bestPenalty=0 avgFitness=20374.8 children=49 twoPoint=25 mutCustomer=14 mutDrone=8 globalBestCmax=172 globalBestPenalty=0 globalBestFeasible=1
[GA] gen=6 feasible=45/50 bestFitness=172 bestCmax=172 bestPenalty=0 avgFitness=2778.5 children=49 twoPoint=24 mutCustomer=4 mutDrone=9 globalBestCmax=172 globalBestPenalty=0 globalBestFeasible=1
[GA] gen=7 feasible=45/50 bestFitness=172 bestCmax=172 bestPenalty=0 avgFitness=4576.68 children=49 twoPoint=21 mutCustomer=8 mutDrone=11 globalBestCmax=172 globalBestPenalty=0 globalBestFeasible=1
[GA] gen=8 feasible=41/50 bestFitness=172 bestCmax=172 bestPenalty=0 avgFitness=12574.9 children=49 twoPoint=22 mutCustomer=13 mutDrone=14 globalBestCmax=172 globalBestPenalty=0 globalBestFeasible=1
[GA] gen=9 feasible=42/50 bestFitness=172 bestCmax=172 bestPenalty=0 avgFitness=11973.2 children=49 twoPoint=31 mutCustomer=10 mutDrone=10 globalBestCmax=172 globalBestPenalty=0 globalBestFeasible=1
[GA] gen=10 feasible=42/50 bestFitness=172 bestCmax=172 bestPenalty=0 avgFitness=12571.9 children=49 twoPoint=30 mutCustomer=7 mutDrone=9 globalBestCmax=172 globalBestPenalty=0 globalBestFeasible=1
[GA] gen=11 feasible=39/50 bestFitness=172 bestCmax=172 bestPenalty=0 avgFitness=15771.6 children=49 twoPoint=26 mutCustomer=11 mutDrone=14 globalBestCmax=172 globalBestPenalty=0 globalBestFeasible=1
[GA] gen=12 feasible=41/50 bestFitness=172 bestCmax=172 bestPenalty=0 avgFitness=12571 children=49 twoPoint=21 mutCustomer=8 mutDrone=15 globalBestCmax=172 globalBestPenalty=0 globalBestFeasible=1
[GA] gen=13 feasible=45/50 bestFitness=172 bestCmax=172 bestPenalty=0 avgFitness=10173.6 children=49 twoPoint=27 mutCustomer=7 mutDrone=9 globalBestCmax=172 globalBestPenalty=0 globalBestFeasible=1
[GA] gen=14 feasible=42/50 bestFitness=171 bestCmax=171 bestPenalty=0 avgFitness=14772.6 children=49 twoPoint=27 mutCustomer=14 mutDrone=14 globalBestCmax=171 globalBestPenalty=0 globalBestFeasible=1
[GA] gen=15 feasible=40/50 bestFitness=171 bestCmax=171 bestPenalty=0 avgFitness=13174.6 children=49 twoPoint=21 mutCustomer=14 mutDrone=13 globalBestCmax=171 globalBestPenalty=0 globalBestFeasible=1
[GA] gen=16 feasible=43/50 bestFitness=171 bestCmax=171 bestPenalty=0 avgFitness=9972.78 children=49 twoPoint=25 mutCustomer=12 mutDrone=16 globalBestCmax=171 globalBestPenalty=0 globalBestFeasible=1
[GA] gen=17 feasible=45/50 bestFitness=171 bestCmax=171 bestPenalty=0 avgFitness=8772.74 children=49 twoPoint=27 mutCustomer=7 mutDrone=12 globalBestCmax=171 globalBestPenalty=0 globalBestFeasible=1
[GA] gen=18 feasible=44/50 bestFitness=171 bestCmax=171 bestPenalty=0 avgFitness=6573.24 children=49 twoPoint=29 mutCustomer=10 mutDrone=14 globalBestCmax=171 globalBestPenalty=0 globalBestFeasible=1
[GA] gen=19 feasible=43/50 bestFitness=171 bestCmax=171 bestPenalty=0 avgFitness=7176.56 children=49 twoPoint=22 mutCustomer=12 mutDrone=19 globalBestCmax=171 globalBestPenalty=0 globalBestFeasible=1
[GA] gen=20 feasible=42/50 bestFitness=171 bestCmax=171 bestPenalty=0 avgFitness=10576 children=49 twoPoint=27 mutCustomer=9 mutDrone=15 globalBestCmax=171 globalBestPenalty=0 globalBestFeasible=1
[GA] gen=21 feasible=41/50 bestFitness=171 bestCmax=171 bestPenalty=0 avgFitness=11170.7 children=49 twoPoint=21 mutCustomer=10 mutDrone=10 globalBestCmax=171 globalBestPenalty=0 globalBestFeasible=1
[GA] gen=22 feasible=47/50 bestFitness=171 bestCmax=171 bestPenalty=0 avgFitness=6173.72 children=49 twoPoint=28 mutCustomer=9 mutDrone=11 globalBestCmax=171 globalBestPenalty=0 globalBestFeasible=1
[GA] gen=23 feasible=43/50 bestFitness=171 bestCmax=171 bestPenalty=0 avgFitness=9974.26 children=49 twoPoint=27 mutCustomer=12 mutDrone=16 globalBestCmax=171 globalBestPenalty=0 globalBestFeasible=1
[GA] gen=24 feasible=44/50 bestFitness=171 bestCmax=171 bestPenalty=0 avgFitness=9374.14 children=49 twoPoint=24 mutCustomer=11 mutDrone=17 globalBestCmax=171 globalBestPenalty=0 globalBestFeasible=1
[GA] gen=25 feasible=47/50 bestFitness=171 bestCmax=171 bestPenalty=0 avgFitness=4774.96 children=49 twoPoint=22 mutCustomer=8 mutDrone=12 globalBestCmax=171 globalBestPenalty=0 globalBestFeasible=1
[GA] gen=26 feasible=43/50 bestFitness=171 bestCmax=171 bestPenalty=0 avgFitness=11371.8 children=49 twoPoint=20 mutCustomer=10 mutDrone=12 globalBestCmax=171 globalBestPenalty=0 globalBestFeasible=1
[GA] gen=27 feasible=39/50 bestFitness=169 bestCmax=169 bestPenalty=0 avgFitness=8172.62 children=49 twoPoint=33 mutCustomer=7 mutDrone=16 globalBestCmax=169 globalBestPenalty=0 globalBestFeasible=1
[GA] gen=28 feasible=34/50 bestFitness=169 bestCmax=169 bestPenalty=0 avgFitness=19375.2 children=49 twoPoint=25 mutCustomer=13 mutDrone=18 globalBestCmax=169 globalBestPenalty=0 globalBestFeasible=1
[GA] gen=29 feasible=40/50 bestFitness=169 bestCmax=169 bestPenalty=0 avgFitness=13376.5 children=49 twoPoint=19 mutCustomer=9 mutDrone=15 globalBestCmax=169 globalBestPenalty=0 globalBestFeasible=1
[GA] gen=30 feasible=36/50 bestFitness=169 bestCmax=169 bestPenalty=0 avgFitness=21171.1 children=49 twoPoint=23 mutCustomer=10 mutDrone=10 globalBestCmax=169 globalBestPenalty=0 globalBestFeasible=1
[GA] gen=31 feasible=32/50 bestFitness=169 bestCmax=169 bestPenalty=0 avgFitness=26171.4 children=49 twoPoint=27 mutCustomer=12 mutDrone=15 globalBestCmax=169 globalBestPenalty=0 globalBestFeasible=1
[GA] gen=32 feasible=39/50 bestFitness=169 bestCmax=169 bestPenalty=0 avgFitness=12776.8 children=49 twoPoint=30 mutCustomer=9 mutDrone=18 globalBestCmax=169 globalBestPenalty=0 globalBestFeasible=1
[GA] gen=33 feasible=28/50 bestFitness=169 bestCmax=169 bestPenalty=0 avgFitness=21575.8 children=49 twoPoint=27 mutCustomer=8 mutDrone=15 globalBestCmax=169 globalBestPenalty=0 globalBestFeasible=1
[GA] gen=34 feasible=36/50 bestFitness=169 bestCmax=169 bestPenalty=0 avgFitness=16775.5 children=49 twoPoint=31 mutCustomer=12 mutDrone=12 globalBestCmax=169 globalBestPenalty=0 globalBestFeasible=1
[GA] gen=35 feasible=42/50 bestFitness=169 bestCmax=169 bestPenalty=0 avgFitness=10174.5 children=49 twoPoint=27 mutCustomer=9 mutDrone=11 globalBestCmax=169 globalBestPenalty=0 globalBestFeasible=1
[GA] gen=36 feasible=33/50 bestFitness=169 bestCmax=169 bestPenalty=0 avgFitness=19571.1 children=49 twoPoint=23 mutCustomer=4 mutDrone=9 globalBestCmax=169 globalBestPenalty=0 globalBestFeasible=1
[GA] gen=37 feasible=36/50 bestFitness=169 bestCmax=169 bestPenalty=0 avgFitness=20774.6 children=49 twoPoint=25 mutCustomer=10 mutDrone=17 globalBestCmax=169 globalBestPenalty=0 globalBestFeasible=1
[GA] gen=38 feasible=36/50 bestFitness=169 bestCmax=169 bestPenalty=0 avgFitness=19972 children=49 twoPoint=23 mutCustomer=5 mutDrone=10 globalBestCmax=169 globalBestPenalty=0 globalBestFeasible=1
[GA] gen=39 feasible=35/50 bestFitness=169 bestCmax=169 bestPenalty=0 avgFitness=19173.9 children=49 twoPoint=22 mutCustomer=6 mutDrone=16 globalBestCmax=169 globalBestPenalty=0 globalBestFeasible=1
[GA] gen=40 feasible=35/50 bestFitness=169 bestCmax=169 bestPenalty=0 avgFitness=19373.2 children=49 twoPoint=26 mutCustomer=8 mutDrone=14 globalBestCmax=169 globalBestPenalty=0 globalBestFeasible=1
[GA] gen=41 feasible=35/50 bestFitness=169 bestCmax=169 bestPenalty=0 avgFitness=20573 children=49 twoPoint=23 mutCustomer=11 mutDrone=12 globalBestCmax=169 globalBestPenalty=0 globalBestFeasible=1
[GA] gen=42 feasible=43/50 bestFitness=169 bestCmax=169 bestPenalty=0 avgFitness=10176.8 children=49 twoPoint=27 mutCustomer=7 mutDrone=15 globalBestCmax=169 globalBestPenalty=0 globalBestFeasible=1
[GA] gen=43 feasible=33/50 bestFitness=169 bestCmax=169 bestPenalty=0 avgFitness=20174.6 children=49 twoPoint=26 mutCustomer=11 mutDrone=13 globalBestCmax=169 globalBestPenalty=0 globalBestFeasible=1
[GA] gen=44 feasible=40/50 bestFitness=169 bestCmax=169 bestPenalty=0 avgFitness=14972.6 children=49 twoPoint=23 mutCustomer=9 mutDrone=15 globalBestCmax=169 globalBestPenalty=0 globalBestFeasible=1
[GA] gen=45 feasible=38/50 bestFitness=169 bestCmax=169 bestPenalty=0 avgFitness=20370.6 children=49 twoPoint=23 mutCustomer=12 mutDrone=13 globalBestCmax=169 globalBestPenalty=0 globalBestFeasible=1
[GA] gen=46 feasible=35/50 bestFitness=169 bestCmax=169 bestPenalty=0 avgFitness=20970.5 children=49 twoPoint=22 mutCustomer=7 mutDrone=10 globalBestCmax=169 globalBestPenalty=0 globalBestFeasible=1
[GA] gen=47 feasible=27/50 bestFitness=169 bestCmax=169 bestPenalty=0 avgFitness=24372.2 children=49 twoPoint=28 mutCustomer=7 mutDrone=13 globalBestCmax=169 globalBestPenalty=0 globalBestFeasible=1
[GA] gen=48 feasible=39/50 bestFitness=169 bestCmax=169 bestPenalty=0 avgFitness=15372 children=49 twoPoint=20 mutCustomer=11 mutDrone=13 globalBestCmax=169 globalBestPenalty=0 globalBestFeasible=1
[GA] gen=49 feasible=38/50 bestFitness=169 bestCmax=169 bestPenalty=0 avgFitness=13774.4 children=49 twoPoint=24 mutCustomer=6 mutDrone=16 globalBestCmax=169 globalBestPenalty=0 globalBestFeasible=1
[GA] gen=50 feasible=34/50 bestFitness=169 bestCmax=169 bestPenalty=0 avgFitness=20572.3 children=49 twoPoint=27 mutCustomer=6 mutDrone=9 globalBestCmax=169 globalBestPenalty=0 globalBestFeasible=1
[GA] gen=51 feasible=41/50 bestFitness=169 bestCmax=169 bestPenalty=0 avgFitness=13373.9 children=49 twoPoint=29 mutCustomer=9 mutDrone=12 globalBestCmax=169 globalBestPenalty=0 globalBestFeasible=1
[GA] gen=52 feasible=40/50 bestFitness=169 bestCmax=169 bestPenalty=0 avgFitness=13375.9 children=49 twoPoint=31 mutCustomer=11 mutDrone=14 globalBestCmax=169 globalBestPenalty=0 globalBestFeasible=1
[GA] gen=53 feasible=37/50 bestFitness=169 bestCmax=169 bestPenalty=0 avgFitness=15775.3 children=49 twoPoint=21 mutCustomer=9 mutDrone=13 globalBestCmax=169 globalBestPenalty=0 globalBestFeasible=1
[GA] gen=54 feasible=38/50 bestFitness=169 bestCmax=169 bestPenalty=0 avgFitness=17572.9 children=49 twoPoint=26 mutCustomer=6 mutDrone=11 globalBestCmax=169 globalBestPenalty=0 globalBestFeasible=1
[GA] gen=55 feasible=39/50 bestFitness=169 bestCmax=169 bestPenalty=0 avgFitness=16773.1 children=49 twoPoint=28 mutCustomer=13 mutDrone=11 globalBestCmax=169 globalBestPenalty=0 globalBestFeasible=1
[GA] gen=56 feasible=31/50 bestFitness=169 bestCmax=169 bestPenalty=0 avgFitness=22371.9 children=49 twoPoint=26 mutCustomer=9 mutDrone=10 globalBestCmax=169 globalBestPenalty=0 globalBestFeasible=1
[GA] gen=57 feasible=33/50 bestFitness=169 bestCmax=169 bestPenalty=0 avgFitness=23371.9 children=49 twoPoint=22 mutCustomer=9 mutDrone=12 globalBestCmax=169 globalBestPenalty=0 globalBestFeasible=1
[GA] gen=58 feasible=31/50 bestFitness=169 bestCmax=169 bestPenalty=0 avgFitness=23572.7 children=49 twoPoint=27 mutCustomer=10 mutDrone=17 globalBestCmax=169 globalBestPenalty=0 globalBestFeasible=1
[GA] gen=59 feasible=31/50 bestFitness=169 bestCmax=169 bestPenalty=0 avgFitness=25174.5 children=49 twoPoint=30 mutCustomer=13 mutDrone=13 globalBestCmax=169 globalBestPenalty=0 globalBestFeasible=1
[GA] gen=60 feasible=35/50 bestFitness=169 bestCmax=169 bestPenalty=0 avgFitness=20571.9 children=49 twoPoint=32 mutCustomer=13 mutDrone=11 globalBestCmax=169 globalBestPenalty=0 globalBestFeasible=1
[GA] gen=61 feasible=39/50 bestFitness=169 bestCmax=169 bestPenalty=0 avgFitness=14374.9 children=49 twoPoint=25 mutCustomer=10 mutDrone=18 globalBestCmax=169 globalBestPenalty=0 globalBestFeasible=1
[GA] gen=62 feasible=33/50 bestFitness=169 bestCmax=169 bestPenalty=0 avgFitness=21772.6 children=49 twoPoint=15 mutCustomer=8 mutDrone=13 globalBestCmax=169 globalBestPenalty=0 globalBestFeasible=1
[GA] gen=63 feasible=34/50 bestFitness=169 bestCmax=169 bestPenalty=0 avgFitness=23372.4 children=49 twoPoint=26 mutCustomer=10 mutDrone=10 globalBestCmax=169 globalBestPenalty=0 globalBestFeasible=1
[GA] gen=64 feasible=41/50 bestFitness=169 bestCmax=169 bestPenalty=0 avgFitness=10574.2 children=49 twoPoint=24 mutCustomer=7 mutDrone=13 globalBestCmax=169 globalBestPenalty=0 globalBestFeasible=1
[GA] gen=65 feasible=37/50 bestFitness=169 bestCmax=169 bestPenalty=0 avgFitness=18574.8 children=49 twoPoint=20 mutCustomer=15 mutDrone=19 globalBestCmax=169 globalBestPenalty=0 globalBestFeasible=1
[GA] gen=66 feasible=36/50 bestFitness=169 bestCmax=169 bestPenalty=0 avgFitness=12974.9 children=49 twoPoint=23 mutCustomer=7 mutDrone=14 globalBestCmax=169 globalBestPenalty=0 globalBestFeasible=1
[GA] gen=67 feasible=39/50 bestFitness=169 bestCmax=169 bestPenalty=0 avgFitness=12974.8 children=49 twoPoint=26 mutCustomer=10 mutDrone=20 globalBestCmax=169 globalBestPenalty=0 globalBestFeasible=1
[GA] gen=68 feasible=37/50 bestFitness=169 bestCmax=169 bestPenalty=0 avgFitness=16575.2 children=49 twoPoint=28 mutCustomer=8 mutDrone=10 globalBestCmax=169 globalBestPenalty=0 globalBestFeasible=1
[GA] gen=69 feasible=32/50 bestFitness=169 bestCmax=169 bestPenalty=0 avgFitness=21374.3 children=49 twoPoint=29 mutCustomer=12 mutDrone=10 globalBestCmax=169 globalBestPenalty=0 globalBestFeasible=1
[GA] gen=70 feasible=37/50 bestFitness=169 bestCmax=169 bestPenalty=0 avgFitness=18973.4 children=49 twoPoint=25 mutCustomer=13 mutDrone=11 globalBestCmax=169 globalBestPenalty=0 globalBestFeasible=1
[GA] gen=71 feasible=35/50 bestFitness=169 bestCmax=169 bestPenalty=0 avgFitness=16374.7 children=49 twoPoint=22 mutCustomer=12 mutDrone=19 globalBestCmax=169 globalBestPenalty=0 globalBestFeasible=1
[GA] gen=72 feasible=34/50 bestFitness=169 bestCmax=169 bestPenalty=0 avgFitness=14974.1 children=49 twoPoint=18 mutCustomer=7 mutDrone=12 globalBestCmax=169 globalBestPenalty=0 globalBestFeasible=1
[GA] gen=73 feasible=38/50 bestFitness=169 bestCmax=169 bestPenalty=0 avgFitness=14576.6 children=49 twoPoint=24 mutCustomer=12 mutDrone=12 globalBestCmax=169 globalBestPenalty=0 globalBestFeasible=1
[GA] gen=74 feasible=41/50 bestFitness=169 bestCmax=169 bestPenalty=0 avgFitness=11773.2 children=49 twoPoint=30 mutCustomer=6 mutDrone=12 globalBestCmax=169 globalBestPenalty=0 globalBestFeasible=1
[GA] gen=75 feasible=34/50 bestFitness=169 bestCmax=169 bestPenalty=0 avgFitness=17776.9 children=49 twoPoint=25 mutCustomer=8 mutDrone=19 globalBestCmax=169 globalBestPenalty=0 globalBestFeasible=1
[GA] gen=76 feasible=28/50 bestFitness=169 bestCmax=169 bestPenalty=0 avgFitness=23171.6 children=49 twoPoint=29 mutCustomer=8 mutDrone=10 globalBestCmax=169 globalBestPenalty=0 globalBestFeasible=1
[GA] gen=77 feasible=37/50 bestFitness=169 bestCmax=169 bestPenalty=0 avgFitness=20174.5 children=49 twoPoint=25 mutCustomer=13 mutDrone=15 globalBestCmax=169 globalBestPenalty=0 globalBestFeasible=1
[GA] gen=78 feasible=39/50 bestFitness=169 bestCmax=169 bestPenalty=0 avgFitness=16572.5 children=49 twoPoint=22 mutCustomer=6 mutDrone=15 globalBestCmax=169 globalBestPenalty=0 globalBestFeasible=1
[GA] gen=79 feasible=41/50 bestFitness=169 bestCmax=169 bestPenalty=0 avgFitness=12173.6 children=49 twoPoint=24 mutCustomer=6 mutDrone=12 globalBestCmax=169 globalBestPenalty=0 globalBestFeasible=1
[GA] gen=80 feasible=37/50 bestFitness=169 bestCmax=169 bestPenalty=0 avgFitness=14977.8 children=49 twoPoint=26 mutCustomer=12 mutDrone=16 globalBestCmax=169 globalBestPenalty=0 globalBestFeasible=1
[GA] gen=81 feasible=30/50 bestFitness=169 bestCmax=169 bestPenalty=0 avgFitness=22375 children=49 twoPoint=25 mutCustomer=10 mutDrone=13 globalBestCmax=169 globalBestPenalty=0 globalBestFeasible=1
[GA] gen=82 feasible=31/50 bestFitness=169 bestCmax=169 bestPenalty=0 avgFitness=22375 children=49 twoPoint=20 mutCustomer=10 mutDrone=15 globalBestCmax=169 globalBestPenalty=0 globalBestFeasible=1
[GA] gen=83 feasible=39/50 bestFitness=169 bestCmax=169 bestPenalty=0 avgFitness=13972.5 children=49 twoPoint=21 mutCustomer=8 mutDrone=10 globalBestCmax=169 globalBestPenalty=0 globalBestFeasible=1
[GA] gen=84 feasible=40/50 bestFitness=169 bestCmax=169 bestPenalty=0 avgFitness=14174.6 children=49 twoPoint=23 mutCustomer=12 mutDrone=16 globalBestCmax=169 globalBestPenalty=0 globalBestFeasible=1
[GA] gen=85 feasible=41/50 bestFitness=169 bestCmax=169 bestPenalty=0 avgFitness=12172.9 children=49 twoPoint=29 mutCustomer=8 mutDrone=13 globalBestCmax=169 globalBestPenalty=0 globalBestFeasible=1
[GA] gen=86 feasible=30/50 bestFitness=169 bestCmax=169 bestPenalty=0 avgFitness=29170.7 children=49 twoPoint=25 mutCustomer=9 mutDrone=9 globalBestCmax=169 globalBestPenalty=0 globalBestFeasible=1
[GA] gen=87 feasible=35/50 bestFitness=169 bestCmax=169 bestPenalty=0 avgFitness=23370.4 children=49 twoPoint=22 mutCustomer=11 mutDrone=9 globalBestCmax=169 globalBestPenalty=0 globalBestFeasible=1
[GA] gen=88 feasible=38/50 bestFitness=169 bestCmax=169 bestPenalty=0 avgFitness=18769.8 children=49 twoPoint=23 mutCustomer=9 mutDrone=7 globalBestCmax=169 globalBestPenalty=0 globalBestFeasible=1
[GA] gen=89 feasible=46/50 bestFitness=169 bestCmax=169 bestPenalty=0 avgFitness=5775.28 children=49 twoPoint=24 mutCustomer=5 mutDrone=14 globalBestCmax=169 globalBestPenalty=0 globalBestFeasible=1
[GA] gen=90 feasible=35/50 bestFitness=169 bestCmax=169 bestPenalty=0 avgFitness=21770.6 children=49 twoPoint=22 mutCustomer=11 mutDrone=14 globalBestCmax=169 globalBestPenalty=0 globalBestFeasible=1
[GA] gen=91 feasible=36/50 bestFitness=169 bestCmax=169 bestPenalty=0 avgFitness=18972.8 children=49 twoPoint=29 mutCustomer=9 mutDrone=12 globalBestCmax=169 globalBestPenalty=0 globalBestFeasible=1
[GA] gen=92 feasible=38/50 bestFitness=169 bestCmax=169 bestPenalty=0 avgFitness=17172.4 children=49 twoPoint=25 mutCustomer=10 mutDrone=12 globalBestCmax=169 globalBestPenalty=0 globalBestFeasible=1
[GA] gen=93 feasible=34/50 bestFitness=169 bestCmax=169 bestPenalty=0 avgFitness=22771.4 children=49 twoPoint=22 mutCustomer=8 mutDrone=14 globalBestCmax=169 globalBestPenalty=0 globalBestFeasible=1
[GA] gen=94 feasible=40/50 bestFitness=169 bestCmax=169 bestPenalty=0 avgFitness=10576 children=49 twoPoint=27 mutCustomer=8 mutDrone=17 globalBestCmax=169 globalBestPenalty=0 globalBestFeasible=1
[GA] gen=95 feasible=38/50 bestFitness=169 bestCmax=169 bestPenalty=0 avgFitness=15779 children=49 twoPoint=25 mutCustomer=12 mutDrone=15 globalBestCmax=169 globalBestPenalty=0 globalBestFeasible=1
[GA] gen=96 feasible=34/50 bestFitness=169 bestCmax=169 bestPenalty=0 avgFitness=20375.2 children=49 twoPoint=23 mutCustomer=13 mutDrone=18 globalBestCmax=169 globalBestPenalty=0 globalBestFeasible=1
[GA] gen=97 feasible=35/50 bestFitness=169 bestCmax=169 bestPenalty=0 avgFitness=21371.9 children=49 twoPoint=27 mutCustomer=10 mutDrone=10 globalBestCmax=169 globalBestPenalty=0 globalBestFeasible=1
[GA] gen=98 feasible=37/50 bestFitness=169 bestCmax=169 bestPenalty=0 avgFitness=15975.6 children=49 twoPoint=18 mutCustomer=12 mutDrone=15 globalBestCmax=169 globalBestPenalty=0 globalBestFeasible=1
[GA] gen=99 feasible=38/50 bestFitness=169 bestCmax=169 bestPenalty=0 avgFitness=15772.7 children=49 twoPoint=21 mutCustomer=6 mutDrone=11 globalBestCmax=169 globalBestPenalty=0 globalBestFeasible=1
[GA] gen=100 feasible=39/50 bestFitness=169 bestCmax=169 bestPenalty=0 avgFitness=12976.6 children=49 twoPoint=22 mutCustomer=9 mutDrone=19 globalBestCmax=169 globalBestPenalty=0 globalBestFeasible=1
[GA] gen=101 feasible=34/50 bestFitness=169 bestCmax=169 bestPenalty=0 avgFitness=26768.7 children=49 twoPoint=29 mutCustomer=14 mutDrone=14 globalBestCmax=169 globalBestPenalty=0 globalBestFeasible=1
[GA] gen=102 feasible=41/50 bestFitness=169 bestCmax=169 bestPenalty=0 avgFitness=14171.9 children=49 twoPoint=27 mutCustomer=5 mutDrone=7 globalBestCmax=169 globalBestPenalty=0 globalBestFeasible=1
[GA] gen=103 feasible=35/50 bestFitness=169 bestCmax=169 bestPenalty=0 avgFitness=19774.7 children=49 twoPoint=27 mutCustomer=16 mutDrone=17 globalBestCmax=169 globalBestPenalty=0 globalBestFeasible=1
[GA] gen=104 feasible=40/50 bestFitness=169 bestCmax=169 bestPenalty=0 avgFitness=12574.6 children=49 twoPoint=22 mutCustomer=5 mutDrone=10 globalBestCmax=169 globalBestPenalty=0 globalBestFeasible=1
[GA] gen=105 feasible=42/50 bestFitness=169 bestCmax=169 bestPenalty=0 avgFitness=11575.3 children=49 twoPoint=26 mutCustomer=10 mutDrone=14 globalBestCmax=169 globalBestPenalty=0 globalBestFeasible=1
[GA] gen=106 feasible=30/50 bestFitness=169 bestCmax=169 bestPenalty=0 avgFitness=23971.4 children=49 twoPoint=25 mutCustomer=8 mutDrone=8 globalBestCmax=169 globalBestPenalty=0 globalBestFeasible=1
[GA] gen=107 feasible=34/50 bestFitness=169 bestCmax=169 bestPenalty=0 avgFitness=17374 children=49 twoPoint=24 mutCustomer=8 mutDrone=13 globalBestCmax=169 globalBestPenalty=0 globalBestFeasible=1
[GA] gen=108 feasible=33/50 bestFitness=169 bestCmax=169 bestPenalty=0 avgFitness=24971.8 children=49 twoPoint=21 mutCustomer=10 mutDrone=12 globalBestCmax=169 globalBestPenalty=0 globalBestFeasible=1
[GA] gen=109 feasible=38/50 bestFitness=169 bestCmax=169 bestPenalty=0 avgFitness=15174.1 children=49 twoPoint=27 mutCustomer=8 mutDrone=14 globalBestCmax=169 globalBestPenalty=0 globalBestFeasible=1
[GA] gen=110 feasible=34/50 bestFitness=169 bestCmax=169 bestPenalty=0 avgFitness=21377.5 children=49 twoPoint=22 mutCustomer=15 mutDrone=17 globalBestCmax=169 globalBestPenalty=0 globalBestFeasible=1
[GA] gen=111 feasible=33/50 bestFitness=169 bestCmax=169 bestPenalty=0 avgFitness=21172 children=49 twoPoint=25 mutCustomer=11 mutDrone=14 globalBestCmax=169 globalBestPenalty=0 globalBestFeasible=1
[GA] gen=112 feasible=35/50 bestFitness=169 bestCmax=169 bestPenalty=0 avgFitness=18177.9 children=49 twoPoint=22 mutCustomer=13 mutDrone=21 globalBestCmax=169 globalBestPenalty=0 globalBestFeasible=1
[GA] gen=113 feasible=32/50 bestFitness=169 bestCmax=169 bestPenalty=0 avgFitness=25576.6 children=49 twoPoint=24 mutCustomer=14 mutDrone=13 globalBestCmax=169 globalBestPenalty=0 globalBestFeasible=1
[GA] gen=114 feasible=32/50 bestFitness=169 bestCmax=169 bestPenalty=0 avgFitness=19372 children=49 twoPoint=26 mutCustomer=7 mutDrone=16 globalBestCmax=169 globalBestPenalty=0 globalBestFeasible=1
[GA] gen=115 feasible=36/50 bestFitness=169 bestCmax=169 bestPenalty=0 avgFitness=17771.8 children=49 twoPoint=23 mutCustomer=9 mutDrone=13 globalBestCmax=169 globalBestPenalty=0 globalBestFeasible=1
[GA] gen=116 feasible=35/50 bestFitness=169 bestCmax=169 bestPenalty=0 avgFitness=16574.3 children=49 twoPoint=22 mutCustomer=4 mutDrone=14 globalBestCmax=169 globalBestPenalty=0 globalBestFeasible=1
[GA] gen=117 feasible=41/50 bestFitness=169 bestCmax=169 bestPenalty=0 avgFitness=11773 children=49 twoPoint=18 mutCustomer=3 mutDrone=12 globalBestCmax=169 globalBestPenalty=0 globalBestFeasible=1
[GA] gen=118 feasible=30/50 bestFitness=169 bestCmax=169 bestPenalty=0 avgFitness=22577.5 children=49 twoPoint=26 mutCustomer=13 mutDrone=17 globalBestCmax=169 globalBestPenalty=0 globalBestFeasible=1
[GA] gen=119 feasible=32/50 bestFitness=169 bestCmax=169 bestPenalty=0 avgFitness=22574.1 children=49 twoPoint=24 mutCustomer=11 mutDrone=16 globalBestCmax=169 globalBestPenalty=0 globalBestFeasible=1
[GA] gen=120 feasible=38/50 bestFitness=169 bestCmax=169 bestPenalty=0 avgFitness=18169.4 children=49 twoPoint=23 mutCustomer=7 mutDrone=5 globalBestCmax=169 globalBestPenalty=0 globalBestFeasible=1
[GA] gen=121 feasible=38/50 bestFitness=169 bestCmax=169 bestPenalty=0 avgFitness=17176.7 children=49 twoPoint=22 mutCustomer=9 mutDrone=10 globalBestCmax=169 globalBestPenalty=0 globalBestFeasible=1
[GA] gen=122 feasible=42/50 bestFitness=169 bestCmax=169 bestPenalty=0 avgFitness=10775.9 children=49 twoPoint=28 mutCustomer=7 mutDrone=17 globalBestCmax=169 globalBestPenalty=0 globalBestFeasible=1
[GA] gen=123 feasible=36/50 bestFitness=169 bestCmax=169 bestPenalty=0 avgFitness=19974.1 children=49 twoPoint=27 mutCustomer=14 mutDrone=12 globalBestCmax=169 globalBestPenalty=0 globalBestFeasible=1
[GA] gen=124 feasible=39/50 bestFitness=169 bestCmax=169 bestPenalty=0 avgFitness=14576.5 children=49 twoPoint=21 mutCustomer=8 mutDrone=14 globalBestCmax=169 globalBestPenalty=0 globalBestFeasible=1
[GA] gen=125 feasible=30/50 bestFitness=169 bestCmax=169 bestPenalty=0 avgFitness=25372.9 children=49 twoPoint=25 mutCustomer=12 mutDrone=15 globalBestCmax=169 globalBestPenalty=0 globalBestFeasible=1
[GA] gen=126 feasible=41/50 bestFitness=169 bestCmax=169 bestPenalty=0 avgFitness=12973.2 children=49 twoPoint=23 mutCustomer=10 mutDrone=14 globalBestCmax=169 globalBestPenalty=0 globalBestFeasible=1
[GA] gen=127 feasible=34/50 bestFitness=169 bestCmax=169 bestPenalty=0 avgFitness=19372.7 children=49 twoPoint=18 mutCustomer=7 mutDrone=12 globalBestCmax=169 globalBestPenalty=0 globalBestFeasible=1
[GA] gen=128 feasible=39/50 bestFitness=169 bestCmax=169 bestPenalty=0 avgFitness=14374.2 children=49 twoPoint=25 mutCustomer=7 mutDrone=17 globalBestCmax=169 globalBestPenalty=0 globalBestFeasible=1
[GA] gen=129 feasible=43/50 bestFitness=169 bestCmax=169 bestPenalty=0 avgFitness=11170.3 children=49 twoPoint=28 mutCustomer=5 mutDrone=5 globalBestCmax=169 globalBestPenalty=0 globalBestFeasible=1
[GA] gen=130 feasible=38/50 bestFitness=169 bestCmax=169 bestPenalty=0 avgFitness=17971.7 children=49 twoPoint=30 mutCustomer=8 mutDrone=12 globalBestCmax=169 globalBestPenalty=0 globalBestFeasible=1
[GA] gen=131 feasible=33/50 bestFitness=169 bestCmax=169 bestPenalty=0 avgFitness=22971.7 children=49 twoPoint=23 mutCustomer=7 mutDrone=10 globalBestCmax=169 globalBestPenalty=0 globalBestFeasible=1
[GA] gen=132 feasible=30/50 bestFitness=169 bestCmax=169 bestPenalty=0 avgFitness=29371.4 children=49 twoPoint=22 mutCustomer=13 mutDrone=11 globalBestCmax=169 globalBestPenalty=0 globalBestFeasible=1
[GA] gen=133 feasible=32/50 bestFitness=169 bestCmax=169 bestPenalty=0 avgFitness=17575.3 children=49 twoPoint=25 mutCustomer=3 mutDrone=12 globalBestCmax=169 globalBestPenalty=0 globalBestFeasible=1
[GA] gen=134 feasible=35/50 bestFitness=169 bestCmax=169 bestPenalty=0 avgFitness=22371.4 children=49 twoPoint=27 mutCustomer=9 mutDrone=10 globalBestCmax=169 globalBestPenalty=0 globalBestFeasible=1
[GA] gen=135 feasible=38/50 bestFitness=169 bestCmax=169 bestPenalty=0 avgFitness=17971 children=49 twoPoint=27 mutCustomer=8 mutDrone=10 globalBestCmax=169 globalBestPenalty=0 globalBestFeasible=1
[GA] gen=136 feasible=34/50 bestFitness=169 bestCmax=169 bestPenalty=0 avgFitness=19972 children=49 twoPoint=31 mutCustomer=7 mutDrone=12 globalBestCmax=169 globalBestPenalty=0 globalBestFeasible=1
[GA] gen=137 feasible=34/50 bestFitness=169 bestCmax=169 bestPenalty=0 avgFitness=22771.7 children=49 twoPoint=23 mutCustomer=8 mutDrone=8 globalBestCmax=169 globalBestPenalty=0 globalBestFeasible=1
[GA] gen=138 feasible=35/50 bestFitness=169 bestCmax=169 bestPenalty=0 avgFitness=18773.1 children=49 twoPoint=21 mutCustomer=9 mutDrone=13 globalBestCmax=169 globalBestPenalty=0 globalBestFeasible=1
[GA] gen=139 feasible=40/50 bestFitness=169 bestCmax=169 bestPenalty=0 avgFitness=15575.1 children=49 twoPoint=27 mutCustomer=16 mutDrone=18 globalBestCmax=169 globalBestPenalty=0 globalBestFeasible=1
[GA] gen=140 feasible=38/50 bestFitness=169 bestCmax=169 bestPenalty=0 avgFitness=17971.8 children=49 twoPoint=26 mutCustomer=11 mutDrone=14 globalBestCmax=169 globalBestPenalty=0 globalBestFeasible=1
[GA] gen=141 feasible=34/50 bestFitness=169 bestCmax=169 bestPenalty=0 avgFitness=17775.5 children=49 twoPoint=23 mutCustomer=9 mutDrone=14 globalBestCmax=169 globalBestPenalty=0 globalBestFeasible=1
[GA] gen=142 feasible=33/50 bestFitness=169 bestCmax=169 bestPenalty=0 avgFitness=24970.2 children=49 twoPoint=25 mutCustomer=11 mutDrone=10 globalBestCmax=169 globalBestPenalty=0 globalBestFeasible=1
[GA] gen=143 feasible=38/50 bestFitness=169 bestCmax=169 bestPenalty=0 avgFitness=17169.7 children=49 twoPoint=21 mutCustomer=6 mutDrone=11 globalBestCmax=169 globalBestPenalty=0 globalBestFeasible=1
[GA] gen=144 feasible=37/50 bestFitness=169 bestCmax=169 bestPenalty=0 avgFitness=16574.6 children=49 twoPoint=26 mutCustomer=9 mutDrone=12 globalBestCmax=169 globalBestPenalty=0 globalBestFeasible=1
[GA] gen=145 feasible=32/50 bestFitness=169 bestCmax=169 bestPenalty=0 avgFitness=23374.3 children=49 twoPoint=34 mutCustomer=14 mutDrone=14 globalBestCmax=169 globalBestPenalty=0 globalBestFeasible=1
[GA] gen=146 feasible=38/50 bestFitness=169 bestCmax=169 bestPenalty=0 avgFitness=16176 children=49 twoPoint=29 mutCustomer=7 mutDrone=14 globalBestCmax=169 globalBestPenalty=0 globalBestFeasible=1
[GA] gen=147 feasible=40/50 bestFitness=169 bestCmax=169 bestPenalty=0 avgFitness=13574.5 children=49 twoPoint=22 mutCustomer=5 mutDrone=12 globalBestCmax=169 globalBestPenalty=0 globalBestFeasible=1
[GA] gen=148 feasible=36/50 bestFitness=169 bestCmax=169 bestPenalty=0 avgFitness=20771.6 children=49 twoPoint=29 mutCustomer=11 mutDrone=6 globalBestCmax=169 globalBestPenalty=0 globalBestFeasible=1
[GA] gen=149 feasible=38/50 bestFitness=169 bestCmax=169 bestPenalty=0 avgFitness=19971.4 children=49 twoPoint=26 mutCustomer=8 mutDrone=10 globalBestCmax=169 globalBestPenalty=0 globalBestFeasible=1
[GA] gen=150 feasible=37/50 bestFitness=169 bestCmax=169 bestPenalty=0 avgFitness=17173.6 children=49 twoPoint=30 mutCustomer=11 mutDrone=11 globalBestCmax=169 globalBestPenalty=0 globalBestFeasible=1
[GA] gen=151 feasible=38/50 bestFitness=169 bestCmax=169 bestPenalty=0 avgFitness=14976.8 children=49 twoPoint=26 mutCustomer=9 mutDrone=18 globalBestCmax=169 globalBestPenalty=0 globalBestFeasible=1
[GA] gen=152 feasible=34/50 bestFitness=169 bestCmax=169 bestPenalty=0 avgFitness=18377 children=49 twoPoint=25 mutCustomer=14 mutDrone=16 globalBestCmax=169 globalBestPenalty=0 globalBestFeasible=1
[GA] gen=153 feasible=38/50 bestFitness=169 bestCmax=169 bestPenalty=0 avgFitness=19373.8 children=49 twoPoint=24 mutCustomer=9 mutDrone=14 globalBestCmax=169 globalBestPenalty=0 globalBestFeasible=1
[GA] gen=154 feasible=34/50 bestFitness=169 bestCmax=169 bestPenalty=0 avgFitness=18774 children=49 twoPoint=21 mutCustomer=10 mutDrone=14 globalBestCmax=169 globalBestPenalty=0 globalBestFeasible=1
[GA] gen=155 feasible=39/50 bestFitness=169 bestCmax=169 bestPenalty=0 avgFitness=13175.9 children=49 twoPoint=29 mutCustomer=12 mutDrone=15 globalBestCmax=169 globalBestPenalty=0 globalBestFeasible=1
[GA] gen=156 feasible=33/50 bestFitness=169 bestCmax=169 bestPenalty=0 avgFitness=24172.6 children=49 twoPoint=31 mutCustomer=12 mutDrone=17 globalBestCmax=169 globalBestPenalty=0 globalBestFeasible=1
[GA] gen=157 feasible=34/50 bestFitness=169 bestCmax=169 bestPenalty=0 avgFitness=19971 children=49 twoPoint=33 mutCustomer=6 mutDrone=11 globalBestCmax=169 globalBestPenalty=0 globalBestFeasible=1
[GA] gen=158 feasible=28/50 bestFitness=169 bestCmax=169 bestPenalty=0 avgFitness=30371.8 children=49 twoPoint=24 mutCustomer=10 mutDrone=9 globalBestCmax=169 globalBestPenalty=0 globalBestFeasible=1
[GA] gen=159 feasible=33/50 bestFitness=169 bestCmax=169 bestPenalty=0 avgFitness=20376.5 children=49 twoPoint=26 mutCustomer=11 mutDrone=14 globalBestCmax=169 globalBestPenalty=0 globalBestFeasible=1
[GA] gen=160 feasible=27/50 bestFitness=169 bestCmax=169 bestPenalty=0 avgFitness=27575.1 children=49 twoPoint=24 mutCustomer=10 mutDrone=15 globalBestCmax=169 globalBestPenalty=0 globalBestFeasible=1
[GA] gen=161 feasible=35/50 bestFitness=169 bestCmax=169 bestPenalty=0 avgFitness=17973.2 children=49 twoPoint=23 mutCustomer=7 mutDrone=12 globalBestCmax=169 globalBestPenalty=0 globalBestFeasible=1
[GA] gen=162 feasible=34/50 bestFitness=169 bestCmax=169 bestPenalty=0 avgFitness=22573.1 children=49 twoPoint=22 mutCustomer=6 mutDrone=12 globalBestCmax=169 globalBestPenalty=0 globalBestFeasible=1
[GA] gen=163 feasible=35/50 bestFitness=169 bestCmax=169 bestPenalty=0 avgFitness=22373.7 children=49 twoPoint=25 mutCustomer=13 mutDrone=15 globalBestCmax=169 globalBestPenalty=0 globalBestFeasible=1
[GA] gen=164 feasible=32/50 bestFitness=169 bestCmax=169 bestPenalty=0 avgFitness=25769.5 children=49 twoPoint=23 mutCustomer=11 mutDrone=10 globalBestCmax=169 globalBestPenalty=0 globalBestFeasible=1
[GA] gen=165 feasible=34/50 bestFitness=169 bestCmax=169 bestPenalty=0 avgFitness=20574.9 children=49 twoPoint=21 mutCustomer=11 mutDrone=18 globalBestCmax=169 globalBestPenalty=0 globalBestFeasible=1
[GA] gen=166 feasible=37/50 bestFitness=169 bestCmax=169 bestPenalty=0 avgFitness=12372.9 children=49 twoPoint=21 mutCustomer=6 mutDrone=9 globalBestCmax=169 globalBestPenalty=0 globalBestFeasible=1
[GA] gen=167 feasible=37/50 bestFitness=169 bestCmax=169 bestPenalty=0 avgFitness=15771.9 children=49 twoPoint=20 mutCustomer=6 mutDrone=10 globalBestCmax=169 globalBestPenalty=0 globalBestFeasible=1
[GA] gen=168 feasible=32/50 bestFitness=169 bestCmax=169 bestPenalty=0 avgFitness=19977.4 children=49 twoPoint=29 mutCustomer=14 mutDrone=16 globalBestCmax=169 globalBestPenalty=0 globalBestFeasible=1
[GA] gen=169 feasible=30/50 bestFitness=169 bestCmax=169 bestPenalty=0 avgFitness=21176.2 children=49 twoPoint=31 mutCustomer=11 mutDrone=12 globalBestCmax=169 globalBestPenalty=0 globalBestFeasible=1
[GA] gen=170 feasible=32/50 bestFitness=169 bestCmax=169 bestPenalty=0 avgFitness=20973.2 children=49 twoPoint=19 mutCustomer=7 mutDrone=12 globalBestCmax=169 globalBestPenalty=0 globalBestFeasible=1
[GA] gen=171 feasible=29/50 bestFitness=169 bestCmax=169 bestPenalty=0 avgFitness=21972.1 children=49 twoPoint=31 mutCustomer=11 mutDrone=12 globalBestCmax=169 globalBestPenalty=0 globalBestFeasible=1
[GA] gen=172 feasible=33/50 bestFitness=169 bestCmax=169 bestPenalty=0 avgFitness=22773.2 children=49 twoPoint=16 mutCustomer=8 mutDrone=10 globalBestCmax=169 globalBestPenalty=0 globalBestFeasible=1
[GA] gen=173 feasible=38/50 bestFitness=169 bestCmax=169 bestPenalty=0 avgFitness=16572.6 children=49 twoPoint=19 mutCustomer=9 mutDrone=15 globalBestCmax=169 globalBestPenalty=0 globalBestFeasible=1
[GA] gen=174 feasible=36/50 bestFitness=169 bestCmax=169 bestPenalty=0 avgFitness=18373.9 children=49 twoPoint=28 mutCustomer=11 mutDrone=14 globalBestCmax=169 globalBestPenalty=0 globalBestFeasible=1
[GA] gen=175 feasible=37/50 bestFitness=169 bestCmax=169 bestPenalty=0 avgFitness=11773.4 children=49 twoPoint=27 mutCustomer=6 mutDrone=13 globalBestCmax=169 globalBestPenalty=0 globalBestFeasible=1
[GA] gen=176 feasible=39/50 bestFitness=169 bestCmax=169 bestPenalty=0 avgFitness=13173 children=49 twoPoint=26 mutCustomer=7 mutDrone=10 globalBestCmax=169 globalBestPenalty=0 globalBestFeasible=1
[GA] gen=177 feasible=42/50 bestFitness=169 bestCmax=169 bestPenalty=0 avgFitness=12374.6 children=49 twoPoint=24 mutCustomer=12 mutDrone=12 globalBestCmax=169 globalBestPenalty=0 globalBestFeasible=1
[GA] gen=178 feasible=34/50 bestFitness=169 bestCmax=169 bestPenalty=0 avgFitness=23371.5 children=49 twoPoint=25 mutCustomer=11 mutDrone=11 globalBestCmax=169 globalBestPenalty=0 globalBestFeasible=1
[GA] gen=179 feasible=36/50 bestFitness=169 bestCmax=169 bestPenalty=0 avgFitness=21374.1 children=49 twoPoint=22 mutCustomer=16 mutDrone=15 globalBestCmax=169 globalBestPenalty=0 globalBestFeasible=1
[GA] gen=180 feasible=41/50 bestFitness=169 bestCmax=169 bestPenalty=0 avgFitness=10177.7 children=49 twoPoint=29 mutCustomer=15 mutDrone=16 globalBestCmax=169 globalBestPenalty=0 globalBestFeasible=1
[GA] gen=181 feasible=37/50 bestFitness=169 bestCmax=169 bestPenalty=0 avgFitness=14376.2 children=49 twoPoint=23 mutCustomer=11 mutDrone=16 globalBestCmax=169 globalBestPenalty=0 globalBestFeasible=1
[GA] gen=182 feasible=34/50 bestFitness=169 bestCmax=169 bestPenalty=0 avgFitness=18974.5 children=49 twoPoint=26 mutCustomer=12 mutDrone=16 globalBestCmax=169 globalBestPenalty=0 globalBestFeasible=1
[GA] gen=183 feasible=40/50 bestFitness=169 bestCmax=169 bestPenalty=0 avgFitness=15372.3 children=49 twoPoint=25 mutCustomer=7 mutDrone=9 globalBestCmax=169 globalBestPenalty=0 globalBestFeasible=1
[GA] gen=184 feasible=33/50 bestFitness=169 bestCmax=169 bestPenalty=0 avgFitness=25171.2 children=49 twoPoint=22 mutCustomer=12 mutDrone=9 globalBestCmax=169 globalBestPenalty=0 globalBestFeasible=1
[GA] gen=185 feasible=41/50 bestFitness=169 bestCmax=169 bestPenalty=0 avgFitness=8174.7 children=49 twoPoint=18 mutCustomer=6 mutDrone=14 globalBestCmax=169 globalBestPenalty=0 globalBestFeasible=1
[GA] gen=186 feasible=36/50 bestFitness=169 bestCmax=169 bestPenalty=0 avgFitness=17572.8 children=49 twoPoint=29 mutCustomer=8 mutDrone=10 globalBestCmax=169 globalBestPenalty=0 globalBestFeasible=1
[GA] gen=187 feasible=32/50 bestFitness=169 bestCmax=169 bestPenalty=0 avgFitness=24774.3 children=49 twoPoint=26 mutCustomer=13 mutDrone=15 globalBestCmax=169 globalBestPenalty=0 globalBestFeasible=1
[GA] gen=188 feasible=32/50 bestFitness=169 bestCmax=169 bestPenalty=0 avgFitness=26572.2 children=49 twoPoint=24 mutCustomer=9 mutDrone=12 globalBestCmax=169 globalBestPenalty=0 globalBestFeasible=1
[GA] gen=189 feasible=39/50 bestFitness=169 bestCmax=169 bestPenalty=0 avgFitness=14573.5 children=49 twoPoint=27 mutCustomer=7 mutDrone=9 globalBestCmax=169 globalBestPenalty=0 globalBestFeasible=1
[GA] gen=190 feasible=37/50 bestFitness=169 bestCmax=169 bestPenalty=0 avgFitness=17573.4 children=49 twoPoint=28 mutCustomer=5 mutDrone=13 globalBestCmax=169 globalBestPenalty=0 globalBestFeasible=1
[GA] gen=191 feasible=36/50 bestFitness=169 bestCmax=169 bestPenalty=0 avgFitness=19174.6 children=49 twoPoint=26 mutCustomer=14 mutDrone=15 globalBestCmax=169 globalBestPenalty=0 globalBestFeasible=1
[GA] gen=192 feasible=40/50 bestFitness=169 bestCmax=169 bestPenalty=0 avgFitness=12571.6 children=49 twoPoint=21 mutCustomer=5 mutDrone=13 globalBestCmax=169 globalBestPenalty=0 globalBestFeasible=1
[GA] gen=193 feasible=38/50 bestFitness=169 bestCmax=169 bestPenalty=0 avgFitness=16773.6 children=49 twoPoint=28 mutCustomer=9 mutDrone=20 globalBestCmax=169 globalBestPenalty=0 globalBestFeasible=1
[GA] gen=194 feasible=36/50 bestFitness=169 bestCmax=169 bestPenalty=0 avgFitness=19375.3 children=49 twoPoint=17 mutCustomer=10 mutDrone=18 globalBestCmax=169 globalBestPenalty=0 globalBestFeasible=1
[GA] gen=195 feasible=32/50 bestFitness=169 bestCmax=169 bestPenalty=0 avgFitness=25373 children=49 twoPoint=21 mutCustomer=11 mutDrone=15 globalBestCmax=169 globalBestPenalty=0 globalBestFeasible=1
[GA] gen=196 feasible=35/50 bestFitness=169 bestCmax=169 bestPenalty=0 avgFitness=18972.4 children=49 twoPoint=29 mutCustomer=6 mutDrone=9 globalBestCmax=169 globalBestPenalty=0 globalBestFeasible=1
[GA] gen=197 feasible=42/50 bestFitness=169 bestCmax=169 bestPenalty=0 avgFitness=12371.7 children=49 twoPoint=23 mutCustomer=10 mutDrone=9 globalBestCmax=169 globalBestPenalty=0 globalBestFeasible=1
[GA] gen=198 feasible=33/50 bestFitness=169 bestCmax=169 bestPenalty=0 avgFitness=24975.4 children=49 twoPoint=25 mutCustomer=16 mutDrone=15 globalBestCmax=169 globalBestPenalty=0 globalBestFeasible=1
[GA] gen=199 feasible=32/50 bestFitness=169 bestCmax=169 bestPenalty=0 avgFitness=23975 children=49 twoPoint=26 mutCustomer=11 mutDrone=14 globalBestCmax=169 globalBestPenalty=0 globalBestFeasible=1
[GA] gen=200 feasible=31/50 bestFitness=169 bestCmax=169 bestPenalty=0 avgFitness=28170.5 children=49 twoPoint=23 mutCustomer=10 mutDrone=12 globalBestCmax=169 globalBestPenalty=0 globalBestFeasible=1
[GA] gen=201 feasible=41/50 bestFitness=169 bestCmax=169 bestPenalty=0 avgFitness=14174.5 children=49 twoPoint=27 mutCustomer=11 mutDrone=12 globalBestCmax=169 globalBestPenalty=0 globalBestFeasible=1
[GA] gen=202 feasible=32/50 bestFitness=169 bestCmax=169 bestPenalty=0 avgFitness=23570.1 children=49 twoPoint=32 mutCustomer=10 mutDrone=13 globalBestCmax=169 globalBestPenalty=0 globalBestFeasible=1
[GA] gen=203 feasible=31/50 bestFitness=169 bestCmax=169 bestPenalty=0 avgFitness=25169.5 children=49 twoPoint=19 mutCustomer=12 mutDrone=11 globalBestCmax=169 globalBestPenalty=0 globalBestFeasible=1
[GA] gen=204 feasible=32/50 bestFitness=169 bestCmax=169 bestPenalty=0 avgFitness=24171.1 children=49 twoPoint=18 mutCustomer=10 mutDrone=16 globalBestCmax=169 globalBestPenalty=0 globalBestFeasible=1
[GA] gen=205 feasible=28/50 bestFitness=169 bestCmax=169 bestPenalty=0 avgFitness=30172.1 children=49 twoPoint=22 mutCustomer=12 mutDrone=10 globalBestCmax=169 globalBestPenalty=0 globalBestFeasible=1
[GA] gen=206 feasible=34/50 bestFitness=169 bestCmax=169 bestPenalty=0 avgFitness=17577.8 children=49 twoPoint=25 mutCustomer=13 mutDrone=19 globalBestCmax=169 globalBestPenalty=0 globalBestFeasible=1
[GA] gen=207 feasible=35/50 bestFitness=169 bestCmax=169 bestPenalty=0 avgFitness=21970.8 children=49 twoPoint=24 mutCustomer=11 mutDrone=15 globalBestCmax=169 globalBestPenalty=0 globalBestFeasible=1
[GA] gen=208 feasible=35/50 bestFitness=169 bestCmax=169 bestPenalty=0 avgFitness=18775.8 children=49 twoPoint=26 mutCustomer=10 mutDrone=17 globalBestCmax=169 globalBestPenalty=0 globalBestFeasible=1
[GA] gen=209 feasible=36/50 bestFitness=169 bestCmax=169 bestPenalty=0 avgFitness=14773.1 children=49 twoPoint=27 mutCustomer=3 mutDrone=12 globalBestCmax=169 globalBestPenalty=0 globalBestFeasible=1
[GA] gen=210 feasible=39/50 bestFitness=169 bestCmax=169 bestPenalty=0 avgFitness=11974.8 children=49 twoPoint=19 mutCustomer=10 mutDrone=12 globalBestCmax=169 globalBestPenalty=0 globalBestFeasible=1
[GA] gen=211 feasible=34/50 bestFitness=169 bestCmax=169 bestPenalty=0 avgFitness=21175 children=49 twoPoint=24 mutCustomer=13 mutDrone=15 globalBestCmax=169 globalBestPenalty=0 globalBestFeasible=1
[GA] gen=212 feasible=36/50 bestFitness=169 bestCmax=169 bestPenalty=0 avgFitness=20374.4 children=49 twoPoint=24 mutCustomer=10 mutDrone=14 globalBestCmax=169 globalBestPenalty=0 globalBestFeasible=1
[GA] gen=213 feasible=35/50 bestFitness=169 bestCmax=169 bestPenalty=0 avgFitness=17574.7 children=49 twoPoint=23 mutCustomer=11 mutDrone=10 globalBestCmax=169 globalBestPenalty=0 globalBestFeasible=1
[GA] gen=214 feasible=36/50 bestFitness=169 bestCmax=169 bestPenalty=0 avgFitness=14375.5 children=49 twoPoint=24 mutCustomer=8 mutDrone=10 globalBestCmax=169 globalBestPenalty=0 globalBestFeasible=1
[GA] gen=215 feasible=41/50 bestFitness=169 bestCmax=169 bestPenalty=0 avgFitness=9577.9 children=49 twoPoint=24 mutCustomer=12 mutDrone=18 globalBestCmax=169 globalBestPenalty=0 globalBestFeasible=1
[GA] gen=216 feasible=38/50 bestFitness=169 bestCmax=169 bestPenalty=0 avgFitness=15374.3 children=49 twoPoint=24 mutCustomer=13 mutDrone=14 globalBestCmax=169 globalBestPenalty=0 globalBestFeasible=1
[GA] gen=217 feasible=36/50 bestFitness=169 bestCmax=169 bestPenalty=0 avgFitness=18774.7 children=49 twoPoint=23 mutCustomer=7 mutDrone=14 globalBestCmax=169 globalBestPenalty=0 globalBestFeasible=1
[GA] gen=218 feasible=35/50 bestFitness=169 bestCmax=169 bestPenalty=0 avgFitness=17974.8 children=49 twoPoint=26 mutCustomer=12 mutDrone=15 globalBestCmax=169 globalBestPenalty=0 globalBestFeasible=1
[GA] gen=219 feasible=40/50 bestFitness=169 bestCmax=169 bestPenalty=0 avgFitness=15176.1 children=49 twoPoint=25 mutCustomer=10 mutDrone=13 globalBestCmax=169 globalBestPenalty=0 globalBestFeasible=1
[GA] gen=220 feasible=32/50 bestFitness=169 bestCmax=169 bestPenalty=0 avgFitness=24569.5 children=49 twoPoint=25 mutCustomer=10 mutDrone=12 globalBestCmax=169 globalBestPenalty=0 globalBestFeasible=1
[GA] gen=221 feasible=32/50 bestFitness=169 bestCmax=169 bestPenalty=0 avgFitness=18172.4 children=49 twoPoint=24 mutCustomer=8 mutDrone=13 globalBestCmax=169 globalBestPenalty=0 globalBestFeasible=1
[GA] gen=222 feasible=39/50 bestFitness=169 bestCmax=169 bestPenalty=0 avgFitness=15777.3 children=49 twoPoint=25 mutCustomer=15 mutDrone=18 globalBestCmax=169 globalBestPenalty=0 globalBestFeasible=1
[GA] gen=223 feasible=29/50 bestFitness=169 bestCmax=169 bestPenalty=0 avgFitness=23974.1 children=49 twoPoint=25 mutCustomer=9 mutDrone=14 globalBestCmax=169 globalBestPenalty=0 globalBestFeasible=1
[GA] gen=224 feasible=30/50 bestFitness=169 bestCmax=169 bestPenalty=0 avgFitness=24170.6 children=49 twoPoint=28 mutCustomer=8 mutDrone=10 globalBestCmax=169 globalBestPenalty=0 globalBestFeasible=1
[GA] gen=225 feasible=33/50 bestFitness=169 bestCmax=169 bestPenalty=0 avgFitness=20574.6 children=49 twoPoint=27 mutCustomer=12 mutDrone=16 globalBestCmax=169 globalBestPenalty=0 globalBestFeasible=1
[GA] gen=226 feasible=35/50 bestFitness=169 bestCmax=169 bestPenalty=0 avgFitness=17375.2 children=49 twoPoint=27 mutCustomer=15 mutDrone=15 globalBestCmax=169 globalBestPenalty=0 globalBestFeasible=1
[GA] gen=227 feasible=34/50 bestFitness=169 bestCmax=169 bestPenalty=0 avgFitness=22374.2 children=49 twoPoint=27 mutCustomer=13 mutDrone=12 globalBestCmax=169 globalBestPenalty=0 globalBestFeasible=1
[GA] gen=228 feasible=33/50 bestFitness=169 bestCmax=169 bestPenalty=0 avgFitness=20971.2 children=49 twoPoint=30 mutCustomer=9 mutDrone=8 globalBestCmax=169 globalBestPenalty=0 globalBestFeasible=1
[GA] gen=229 feasible=41/50 bestFitness=169 bestCmax=169 bestPenalty=0 avgFitness=6777.24 children=49 twoPoint=28 mutCustomer=6 mutDrone=17 globalBestCmax=169 globalBestPenalty=0 globalBestFeasible=1
[GA] gen=230 feasible=37/50 bestFitness=169 bestCmax=169 bestPenalty=0 avgFitness=15173.7 children=49 twoPoint=25 mutCustomer=7 mutDrone=6 globalBestCmax=169 globalBestPenalty=0 globalBestFeasible=1
[GA] gen=231 feasible=40/50 bestFitness=169 bestCmax=169 bestPenalty=0 avgFitness=10975.5 children=49 twoPoint=23 mutCustomer=8 mutDrone=12 globalBestCmax=169 globalBestPenalty=0 globalBestFeasible=1
[GA] gen=232 feasible=33/50 bestFitness=169 bestCmax=169 bestPenalty=0 avgFitness=19773.1 children=49 twoPoint=22 mutCustomer=7 mutDrone=12 globalBestCmax=169 globalBestPenalty=0 globalBestFeasible=1
[GA] gen=233 feasible=37/50 bestFitness=169 bestCmax=169 bestPenalty=0 avgFitness=15573.2 children=49 twoPoint=25 mutCustomer=8 mutDrone=10 globalBestCmax=169 globalBestPenalty=0 globalBestFeasible=1
[GA] gen=234 feasible=35/50 bestFitness=169 bestCmax=169 bestPenalty=0 avgFitness=18572.3 children=49 twoPoint=26 mutCustomer=9 mutDrone=16 globalBestCmax=169 globalBestPenalty=0 globalBestFeasible=1
[GA] gen=235 feasible=29/50 bestFitness=169 bestCmax=169 bestPenalty=0 avgFitness=22173.4 children=49 twoPoint=19 mutCustomer=12 mutDrone=11 globalBestCmax=169 globalBestPenalty=0 globalBestFeasible=1
[GA] gen=236 feasible=38/50 bestFitness=169 bestCmax=169 bestPenalty=0 avgFitness=13175.4 children=49 twoPoint=22 mutCustomer=6 mutDrone=14 globalBestCmax=169 globalBestPenalty=0 globalBestFeasible=1
[GA] gen=237 feasible=41/50 bestFitness=169 bestCmax=169 bestPenalty=0 avgFitness=12976.1 children=49 twoPoint=22 mutCustomer=14 mutDrone=19 globalBestCmax=169 globalBestPenalty=0 globalBestFeasible=1
[GA] gen=238 feasible=39/50 bestFitness=169 bestCmax=169 bestPenalty=0 avgFitness=14971.6 children=49 twoPoint=24 mutCustomer=11 mutDrone=9 globalBestCmax=169 globalBestPenalty=0 globalBestFeasible=1
[GA] gen=239 feasible=35/50 bestFitness=169 bestCmax=169 bestPenalty=0 avgFitness=15977.6 children=49 twoPoint=29 mutCustomer=11 mutDrone=14 globalBestCmax=169 globalBestPenalty=0 globalBestFeasible=1
[GA] gen=240 feasible=38/50 bestFitness=169 bestCmax=169 bestPenalty=0 avgFitness=15573.2 children=49 twoPoint=26 mutCustomer=11 mutDrone=10 globalBestCmax=169 globalBestPenalty=0 globalBestFeasible=1
[GA] gen=241 feasible=41/50 bestFitness=169 bestCmax=169 bestPenalty=0 avgFitness=6175.52 children=49 twoPoint=23 mutCustomer=5 mutDrone=13 globalBestCmax=169 globalBestPenalty=0 globalBestFeasible=1
[GA] gen=242 feasible=34/50 bestFitness=169 bestCmax=169 bestPenalty=0 avgFitness=15575.4 children=49 twoPoint=27 mutCustomer=9 mutDrone=10 globalBestCmax=169 globalBestPenalty=0 globalBestFeasible=1
[GA] gen=243 feasible=37/50 bestFitness=169 bestCmax=169 bestPenalty=0 avgFitness=16175.9 children=49 twoPoint=24 mutCustomer=14 mutDrone=21 globalBestCmax=169 globalBestPenalty=0 globalBestFeasible=1
[GA] gen=244 feasible=37/50 bestFitness=169 bestCmax=169 bestPenalty=0 avgFitness=14975.7 children=49 twoPoint=26 mutCustomer=7 mutDrone=13 globalBestCmax=169 globalBestPenalty=0 globalBestFeasible=1
[GA] gen=245 feasible=36/50 bestFitness=169 bestCmax=169 bestPenalty=0 avgFitness=17974.8 children=49 twoPoint=25 mutCustomer=8 mutDrone=11 globalBestCmax=169 globalBestPenalty=0 globalBestFeasible=1
[GA] gen=246 feasible=36/50 bestFitness=169 bestCmax=169 bestPenalty=0 avgFitness=14577.6 children=49 twoPoint=22 mutCustomer=9 mutDrone=14 globalBestCmax=169 globalBestPenalty=0 globalBestFeasible=1
[GA] gen=247 feasible=33/50 bestFitness=169 bestCmax=169 bestPenalty=0 avgFitness=20175.7 children=49 twoPoint=29 mutCustomer=13 mutDrone=15 globalBestCmax=169 globalBestPenalty=0 globalBestFeasible=1
[GA] gen=248 feasible=38/50 bestFitness=169 bestCmax=169 bestPenalty=0 avgFitness=15374.6 children=49 twoPoint=30 mutCustomer=9 mutDrone=13 globalBestCmax=169 globalBestPenalty=0 globalBestFeasible=1
[GA] gen=249 feasible=32/50 bestFitness=169 bestCmax=169 bestPenalty=0 avgFitness=21771.9 children=49 twoPoint=26 mutCustomer=13 mutDrone=10 globalBestCmax=169 globalBestPenalty=0 globalBestFeasible=1
[GA] gen=250 feasible=33/50 bestFitness=169 bestCmax=169 bestPenalty=0 avgFitness=19573.9 children=49 twoPoint=24 mutCustomer=9 mutDrone=15 globalBestCmax=169 globalBestPenalty=0 globalBestFeasible=1
[GA] gen=251 feasible=26/50 bestFitness=169 bestCmax=169 bestPenalty=0 avgFitness=22570.9 children=49 twoPoint=26 mutCustomer=8 mutDrone=9 globalBestCmax=169 globalBestPenalty=0 globalBestFeasible=1
[GA] gen=252 feasible=28/50 bestFitness=169 bestCmax=169 bestPenalty=0 avgFitness=24571.7 children=49 twoPoint=32 mutCustomer=11 mutDrone=13 globalBestCmax=169 globalBestPenalty=0 globalBestFeasible=1
[GA] gen=253 feasible=37/50 bestFitness=169 bestCmax=169 bestPenalty=0 avgFitness=15974.6 children=49 twoPoint=26 mutCustomer=11 mutDrone=11 globalBestCmax=169 globalBestPenalty=0 globalBestFeasible=1
[GA] gen=254 feasible=38/50 bestFitness=169 bestCmax=169 bestPenalty=0 avgFitness=14773.3 children=49 twoPoint=18 mutCustomer=11 mutDrone=10 globalBestCmax=169 globalBestPenalty=0 globalBestFeasible=1
[GA] gen=255 feasible=36/50 bestFitness=169 bestCmax=169 bestPenalty=0 avgFitness=16975.8 children=49 twoPoint=30 mutCustomer=10 mutDrone=14 globalBestCmax=169 globalBestPenalty=0 globalBestFeasible=1
[GA] gen=256 feasible=30/50 bestFitness=169 bestCmax=169 bestPenalty=0 avgFitness=19373.8 children=49 twoPoint=26 mutCustomer=8 mutDrone=9 globalBestCmax=169 globalBestPenalty=0 globalBestFeasible=1
[GA] gen=257 feasible=36/50 bestFitness=169 bestCmax=169 bestPenalty=0 avgFitness=15178.1 children=49 twoPoint=30 mutCustomer=10 mutDrone=11 globalBestCmax=169 globalBestPenalty=0 globalBestFeasible=1
[GA] gen=258 feasible=33/50 bestFitness=169 bestCmax=169 bestPenalty=0 avgFitness=23972.1 children=49 twoPoint=25 mutCustomer=12 mutDrone=13 globalBestCmax=169 globalBestPenalty=0 globalBestFeasible=1
[GA] gen=259 feasible=41/50 bestFitness=169 bestCmax=169 bestPenalty=0 avgFitness=13971.8 children=49 twoPoint=24 mutCustomer=11 mutDrone=11 globalBestCmax=169 globalBestPenalty=0 globalBestFeasible=1
[GA] gen=260 feasible=35/50 bestFitness=169 bestCmax=169 bestPenalty=0 avgFitness=18775 children=49 twoPoint=23 mutCustomer=9 mutDrone=19 globalBestCmax=169 globalBestPenalty=0 globalBestFeasible=1
[GA] gen=261 feasible=34/50 bestFitness=169 bestCmax=169 bestPenalty=0 avgFitness=23173.9 children=49 twoPoint=28 mutCustomer=12 mutDrone=8 globalBestCmax=169 globalBestPenalty=0 globalBestFeasible=1
[GA] gen=262 feasible=35/50 bestFitness=169 bestCmax=169 bestPenalty=0 avgFitness=22972.6 children=49 twoPoint=26 mutCustomer=10 mutDrone=9 globalBestCmax=169 globalBestPenalty=0 globalBestFeasible=1
[GA] gen=263 feasible=39/50 bestFitness=169 bestCmax=169 bestPenalty=0 avgFitness=14973.5 children=49 twoPoint=26 mutCustomer=12 mutDrone=12 globalBestCmax=169 globalBestPenalty=0 globalBestFeasible=1
[GA] gen=264 feasible=36/50 bestFitness=169 bestCmax=169 bestPenalty=0 avgFitness=20776 children=49 twoPoint=20 mutCustomer=19 mutDrone=15 globalBestCmax=169 globalBestPenalty=0 globalBestFeasible=1
[GA] gen=265 feasible=35/50 bestFitness=169 bestCmax=169 bestPenalty=0 avgFitness=14975.4 children=49 twoPoint=25 mutCustomer=7 mutDrone=14 globalBestCmax=169 globalBestPenalty=0 globalBestFeasible=1
[GA] gen=266 feasible=37/50 bestFitness=169 bestCmax=169 bestPenalty=0 avgFitness=13375.6 children=49 twoPoint=28 mutCustomer=8 mutDrone=14 globalBestCmax=169 globalBestPenalty=0 globalBestFeasible=1
[GA] gen=267 feasible=33/50 bestFitness=169 bestCmax=169 bestPenalty=0 avgFitness=17973 children=49 twoPoint=27 mutCustomer=12 mutDrone=11 globalBestCmax=169 globalBestPenalty=0 globalBestFeasible=1
[GA] gen=268 feasible=33/50 bestFitness=169 bestCmax=169 bestPenalty=0 avgFitness=19573.3 children=49 twoPoint=27 mutCustomer=7 mutDrone=11 globalBestCmax=169 globalBestPenalty=0 globalBestFeasible=1
[GA] gen=269 feasible=31/50 bestFitness=169 bestCmax=169 bestPenalty=0 avgFitness=22974.4 children=49 twoPoint=20 mutCustomer=13 mutDrone=12 globalBestCmax=169 globalBestPenalty=0 globalBestFeasible=1
[GA] gen=270 feasible=36/50 bestFitness=169 bestCmax=169 bestPenalty=0 avgFitness=15975.1 children=49 twoPoint=24 mutCustomer=10 mutDrone=16 globalBestCmax=169 globalBestPenalty=0 globalBestFeasible=1
[GA] gen=271 feasible=39/50 bestFitness=169 bestCmax=169 bestPenalty=0 avgFitness=16170.9 children=49 twoPoint=30 mutCustomer=5 mutDrone=13 globalBestCmax=169 globalBestPenalty=0 globalBestFeasible=1
[GA] gen=272 feasible=32/50 bestFitness=169 bestCmax=169 bestPenalty=0 avgFitness=23372.5 children=49 twoPoint=26 mutCustomer=13 mutDrone=17 globalBestCmax=169 globalBestPenalty=0 globalBestFeasible=1
[GA] gen=273 feasible=38/50 bestFitness=169 bestCmax=169 bestPenalty=0 avgFitness=13774.3 children=49 twoPoint=27 mutCustomer=6 mutDrone=11 globalBestCmax=169 globalBestPenalty=0 globalBestFeasible=1
[GA] gen=274 feasible=33/50 bestFitness=169 bestCmax=169 bestPenalty=0 avgFitness=19773.9 children=49 twoPoint=26 mutCustomer=12 mutDrone=16 globalBestCmax=169 globalBestPenalty=0 globalBestFeasible=1
[GA] gen=275 feasible=39/50 bestFitness=169 bestCmax=169 bestPenalty=0 avgFitness=13375.3 children=49 twoPoint=25 mutCustomer=12 mutDrone=15 globalBestCmax=169 globalBestPenalty=0 globalBestFeasible=1
[GA] gen=276 feasible=39/50 bestFitness=169 bestCmax=169 bestPenalty=0 avgFitness=9979.1 children=49 twoPoint=25 mutCustomer=13 mutDrone=11 globalBestCmax=169 globalBestPenalty=0 globalBestFeasible=1
[GA] gen=277 feasible=37/50 bestFitness=169 bestCmax=169 bestPenalty=0 avgFitness=15572.2 children=49 twoPoint=21 mutCustomer=10 mutDrone=9 globalBestCmax=169 globalBestPenalty=0 globalBestFeasible=1
[GA] gen=278 feasible=32/50 bestFitness=169 bestCmax=169 bestPenalty=0 avgFitness=19578.8 children=49 twoPoint=20 mutCustomer=12 mutDrone=14 globalBestCmax=169 globalBestPenalty=0 globalBestFeasible=1
[GA] gen=279 feasible=35/50 bestFitness=169 bestCmax=169 bestPenalty=0 avgFitness=19971.7 children=49 twoPoint=30 mutCustomer=9 mutDrone=10 globalBestCmax=169 globalBestPenalty=0 globalBestFeasible=1
[GA] gen=280 feasible=31/50 bestFitness=169 bestCmax=169 bestPenalty=0 avgFitness=22172.7 children=49 twoPoint=24 mutCustomer=10 mutDrone=10 globalBestCmax=169 globalBestPenalty=0 globalBestFeasible=1
[GA] gen=281 feasible=31/50 bestFitness=169 bestCmax=169 bestPenalty=0 avgFitness=20175.7 children=49 twoPoint=28 mutCustomer=11 mutDrone=12 globalBestCmax=169 globalBestPenalty=0 globalBestFeasible=1
[GA] gen=282 feasible=37/50 bestFitness=169 bestCmax=169 bestPenalty=0 avgFitness=12176.8 children=49 twoPoint=27 mutCustomer=9 mutDrone=16 globalBestCmax=169 globalBestPenalty=0 globalBestFeasible=1
[GA] gen=283 feasible=32/50 bestFitness=169 bestCmax=169 bestPenalty=0 avgFitness=17572.7 children=49 twoPoint=20 mutCustomer=6 mutDrone=12 globalBestCmax=169 globalBestPenalty=0 globalBestFeasible=1
[GA] gen=284 feasible=36/50 bestFitness=169 bestCmax=169 bestPenalty=0 avgFitness=15375.7 children=49 twoPoint=26 mutCustomer=11 mutDrone=16 globalBestCmax=169 globalBestPenalty=0 globalBestFeasible=1
[GA] gen=285 feasible=35/50 bestFitness=169 bestCmax=169 bestPenalty=0 avgFitness=22170.4 children=49 twoPoint=30 mutCustomer=12 mutDrone=12 globalBestCmax=169 globalBestPenalty=0 globalBestFeasible=1
[GA] gen=286 feasible=31/50 bestFitness=169 bestCmax=169 bestPenalty=0 avgFitness=19375.5 children=49 twoPoint=27 mutCustomer=8 mutDrone=15 globalBestCmax=169 globalBestPenalty=0 globalBestFeasible=1
[GA] gen=287 feasible=27/50 bestFitness=169 bestCmax=169 bestPenalty=0 avgFitness=27972.7 children=49 twoPoint=22 mutCustomer=12 mutDrone=8 globalBestCmax=169 globalBestPenalty=0 globalBestFeasible=1
[GA] gen=288 feasible=35/50 bestFitness=169 bestCmax=169 bestPenalty=0 avgFitness=20375 children=49 twoPoint=25 mutCustomer=7 mutDrone=10 globalBestCmax=169 globalBestPenalty=0 globalBestFeasible=1
[GA] gen=289 feasible=34/50 bestFitness=169 bestCmax=169 bestPenalty=0 avgFitness=21173.8 children=49 twoPoint=25 mutCustomer=10 mutDrone=11 globalBestCmax=169 globalBestPenalty=0 globalBestFeasible=1
[GA] gen=290 feasible=32/50 bestFitness=169 bestCmax=169 bestPenalty=0 avgFitness=23372 children=49 twoPoint=25 mutCustomer=9 mutDrone=13 globalBestCmax=169 globalBestPenalty=0 globalBestFeasible=1
[GA] gen=291 feasible=30/50 bestFitness=169 bestCmax=169 bestPenalty=0 avgFitness=19177.4 children=49 twoPoint=26 mutCustomer=8 mutDrone=18 globalBestCmax=169 globalBestPenalty=0 globalBestFeasible=1
[GA] gen=292 feasible=37/50 bestFitness=169 bestCmax=169 bestPenalty=0 avgFitness=16974.6 children=49 twoPoint=25 mutCustomer=9 mutDrone=11 globalBestCmax=169 globalBestPenalty=0 globalBestFeasible=1
[GA] gen=293 feasible=40/50 bestFitness=169 bestCmax=169 bestPenalty=0 avgFitness=11978.1 children=49 twoPoint=25 mutCustomer=9 mutDrone=17 globalBestCmax=169 globalBestPenalty=0 globalBestFeasible=1
[GA] gen=294 feasible=38/50 bestFitness=169 bestCmax=169 bestPenalty=0 avgFitness=14574.2 children=49 twoPoint=25 mutCustomer=7 mutDrone=17 globalBestCmax=169 globalBestPenalty=0 globalBestFeasible=1
[GA] gen=295 feasible=38/50 bestFitness=169 bestCmax=169 bestPenalty=0 avgFitness=18171 children=49 twoPoint=23 mutCustomer=10 mutDrone=11 globalBestCmax=169 globalBestPenalty=0 globalBestFeasible=1
[GA] gen=296 feasible=31/50 bestFitness=169 bestCmax=169 bestPenalty=0 avgFitness=24572 children=49 twoPoint=19 mutCustomer=10 mutDrone=10 globalBestCmax=169 globalBestPenalty=0 globalBestFeasible=1
[GA] gen=297 feasible=33/50 bestFitness=169 bestCmax=169 bestPenalty=0 avgFitness=21770.5 children=49 twoPoint=20 mutCustomer=12 mutDrone=14 globalBestCmax=169 globalBestPenalty=0 globalBestFeasible=1
[GA] gen=298 feasible=31/50 bestFitness=169 bestCmax=169 bestPenalty=0 avgFitness=18575 children=49 twoPoint=25 mutCustomer=7 mutDrone=9 globalBestCmax=169 globalBestPenalty=0 globalBestFeasible=1
[GA] gen=299 feasible=37/50 bestFitness=169 bestCmax=169 bestPenalty=0 avgFitness=13776.5 children=49 twoPoint=20 mutCustomer=7 mutDrone=16 globalBestCmax=169 globalBestPenalty=0 globalBestFeasible=1
